#
# A fatal error has been detected by the Java Runtime Environment:
#
#  EXCEPTION_ACCESS_VIOLATION (0xc0000005) at pc=0x00007fff8c616100, pid=1412, tid=20228
#
# JRE version: OpenJDK Runtime Environment AdoptOpenJDK (11.0.8+10) (build 11.0.8+10)
# Java VM: OpenJDK 64-Bit Server VM AdoptOpenJDK (11.0.8+10, mixed mode, tiered, compressed oops, g1 gc, windows-amd64)
# Problematic frame:
# C  [atio6axx.dll+0xb06100]
#
# No core dump will be written. Minidumps are not enabled by default on client versions of Windows
#
# If you would like to submit a bug report, please visit:
#   https://github.com/AdoptOpenJDK/openjdk-support/issues
# The crash happened outside the Java Virtual Machine in native code.
# See problematic frame for where to report the bug.
#

---------------  S U M M A R Y ------------

Command Line: -javaagent:C:\Program Files\JetBrains\IntelliJ IDEA Community Edition 2020.2.2\lib\idea_rt.jar=57109:C:\Program Files\JetBrains\IntelliJ IDEA Community Edition 2020.2.2\bin -Dfile.encoding=UTF-8 StartCodeMainWindowPP

Host: AMD Ryzen 7 3700U with Radeon Vega Mobile Gfx  , 8 cores, 13G,  Windows 10 , 64 bit Build 18362 (10.0.18362.1110)
Time: Tue Nov 17 12:05:01 2020 Mitteleuropäische Zeit elapsed time: 11 seconds (0d 0h 0m 11s)

---------------  T H R E A D  ---------------

Current thread (0x000002435089b000):  JavaThread "AWT-EventQueue-0" [_thread_in_native, id=20228, stack(0x000000fbdca00000,0x000000fbdcb00000)]

Stack: [0x000000fbdca00000,0x000000fbdcb00000],  sp=0x000000fbdcafaca0,  free space=1003k
Native frames: (J=compiled Java code, j=interpreted, Vv=VM code, C=native code)
C  [atio6axx.dll+0xb06100]

Java frames: (J=compiled Java code, j=interpreted, Vv=VM code)
j  jogamp.opengl.gl4.GL4bcImpl.dispatch_glDeleteVertexArrays1(ILjava/lang/Object;IZJ)V+0
j  jogamp.opengl.gl4.GL4bcImpl.glDeleteVertexArrays(I[II)V+101
j  StartRendererPP.dispose(Lcom/jogamp/opengl/GLAutoDrawable;)V+62
j  jogamp.opengl.GLDrawableHelper.disposeAllGLEventListener(Lcom/jogamp/opengl/GLAutoDrawable;Z)I+155
j  jogamp.opengl.GLDrawableHelper.disposeGL(Lcom/jogamp/opengl/GLAutoDrawable;Lcom/jogamp/opengl/GLContext;Z)V+119
j  com.jogamp.opengl.awt.GLCanvas$8.run()V+170
j  com.jogamp.opengl.Threading.invoke(ZLjava/lang/Runnable;Ljava/lang/Object;)V+27
j  com.jogamp.opengl.awt.GLCanvas.destroyImpl(Z)V+9
j  com.jogamp.opengl.awt.GLCanvas$2.run()V+5
j  com.jogamp.nativewindow.awt.AWTWindowClosingProtocol$WindowClosingAdapter.windowClosing(Ljava/awt/event/WindowEvent;)V+22
j  java.awt.AWTEventMulticaster.windowClosing(Ljava/awt/event/WindowEvent;)V+21 java.desktop@11.0.8
j  java.awt.Window.processWindowEvent(Ljava/awt/event/WindowEvent;)V+68 java.desktop@11.0.8
j  javax.swing.JFrame.processWindowEvent(Ljava/awt/event/WindowEvent;)V+2 java.desktop@11.0.8
j  java.awt.Window.processEvent(Ljava/awt/AWTEvent;)V+69 java.desktop@11.0.8
j  java.awt.Component.dispatchEventImpl(Ljava/awt/AWTEvent;)V+496 java.desktop@11.0.8
j  java.awt.Container.dispatchEventImpl(Ljava/awt/AWTEvent;)V+42 java.desktop@11.0.8
j  java.awt.Window.dispatchEventImpl(Ljava/awt/AWTEvent;)V+19 java.desktop@11.0.8
j  java.awt.Component.dispatchEvent(Ljava/awt/AWTEvent;)V+2 java.desktop@11.0.8
j  java.awt.EventQueue.dispatchEventImpl(Ljava/awt/AWTEvent;Ljava/lang/Object;)V+41 java.desktop@11.0.8
j  java.awt.EventQueue$4.run()Ljava/lang/Void;+32 java.desktop@11.0.8
j  java.awt.EventQueue$4.run()Ljava/lang/Object;+1 java.desktop@11.0.8
v  ~StubRoutines::call_stub
j  java.security.AccessController.doPrivileged(Ljava/security/PrivilegedAction;Ljava/security/AccessControlContext;)Ljava/lang/Object;+0 java.base@11.0.8
j  java.security.ProtectionDomain$JavaSecurityAccessImpl.doIntersectionPrivilege(Ljava/security/PrivilegedAction;Ljava/security/AccessControlContext;Ljava/security/AccessControlContext;)Ljava/lang/Object;+18 java.base@11.0.8
j  java.security.ProtectionDomain$JavaSecurityAccessImpl.doIntersectionPrivilege(Ljava/security/PrivilegedAction;Ljava/security/AccessControlContext;)Ljava/lang/Object;+6 java.base@11.0.8
j  java.awt.EventQueue$5.run()Ljava/lang/Void;+11 java.desktop@11.0.8
j  java.awt.EventQueue$5.run()Ljava/lang/Object;+1 java.desktop@11.0.8
v  ~StubRoutines::call_stub
j  java.security.AccessController.doPrivileged(Ljava/security/PrivilegedAction;Ljava/security/AccessControlContext;)Ljava/lang/Object;+0 java.base@11.0.8
j  java.security.ProtectionDomain$JavaSecurityAccessImpl.doIntersectionPrivilege(Ljava/security/PrivilegedAction;Ljava/security/AccessControlContext;Ljava/security/AccessControlContext;)Ljava/lang/Object;+18 java.base@11.0.8
j  java.awt.EventQueue.dispatchEvent(Ljava/awt/AWTEvent;)V+73 java.desktop@11.0.8
j  java.awt.EventDispatchThread.pumpOneEventForFilters(I)V+78 java.desktop@11.0.8
j  java.awt.EventDispatchThread.pumpEventsForFilter(ILjava/awt/Conditional;Ljava/awt/EventFilter;)V+35 java.desktop@11.0.8
j  java.awt.EventDispatchThread.pumpEventsForHierarchy(ILjava/awt/Conditional;Ljava/awt/Component;)V+11 java.desktop@11.0.8
j  java.awt.EventDispatchThread.pumpEvents(ILjava/awt/Conditional;)V+4 java.desktop@11.0.8
j  java.awt.EventDispatchThread.pumpEvents(Ljava/awt/Conditional;)V+3 java.desktop@11.0.8
j  java.awt.EventDispatchThread.run()V+9 java.desktop@11.0.8
v  ~StubRoutines::call_stub

siginfo: EXCEPTION_ACCESS_VIOLATION (0xc0000005), reading address 0x0000000000000000


Register to memory mapping:

RIP=0x00007fff8c616100 atio6axx.dll
RAX=0x0000000000000001 is an unknown value
RBX=0x000002435b137c80 points into unknown readable memory: 00 02 00 00 01 00 00 00
RCX=0x000002435a7ad700 points into unknown readable memory: 80 ab 78 5a 43 02 00 00
RDX=0x0000000000000001 is an unknown value
RSP=0x000000fbdcafaca0 is pointing into the stack for thread: 0x000002435089b000
RBP=0x0000000000000001 is an unknown value
RSI=0x000002435ace09c0 points into unknown readable memory: 80 d1 22 8e ff 7f 00 00
RDI=0x0 is NULL
R8 =0x0 is NULL
R9 =0x0 is NULL
R10=0x000002433564ef68 is at code_begin+1000 in an Interpreter codelet
method entry point (kind = native)  [0x000002433564eb80, 0x000002433564f620]  2720 bytes
R11=0x0000000000000102 is an unknown value
R12=0x0 is NULL
R13={method} {0x00000243582df920} 'dispatch_glDeleteVertexArrays1' '(ILjava/lang/Object;IZJ)V' in 'jogamp/opengl/gl4/GL4bcImpl'
R14=0x000002435a7ad700 points into unknown readable memory: 80 ab 78 5a 43 02 00 00
R15=0x0000000000000001 is an unknown value


Registers:
RAX=0x0000000000000001, RBX=0x000002435b137c80, RCX=0x000002435a7ad700, RDX=0x0000000000000001
RSP=0x000000fbdcafaca0, RBP=0x0000000000000001, RSI=0x000002435ace09c0, RDI=0x0000000000000000
R8 =0x0000000000000000, R9 =0x0000000000000000, R10=0x000002433564ef68, R11=0x0000000000000102
R12=0x0000000000000000, R13=0x00000243582df918, R14=0x000002435a7ad700, R15=0x0000000000000001
RIP=0x00007fff8c616100, EFLAGS=0x0000000000010202

Top of Stack: (sp=0x000000fbdcafaca0)
0x000000fbdcafaca0:   00000243582df918 00000000000085b5
0x000000fbdcafacb0:   0000024335649da7 000000fbdcafad80
0x000000fbdcafacc0:   000002435089b000 000000fbdcafadd0
0x000000fbdcafacd0:   0000024335649da7 000002433564ef97
0x000000fbdcaface0:   00000243582df918 000002435089b000
0x000000fbdcafacf0:   000000fbdcafad80 00000000000085b5
0x000000fbdcafad00:   0000024300000000 0000024300000000
0x000000fbdcafad10:   00007fff8e5a3190 00000243582df918
0x000000fbdcafad20:   000000fbdcafad80 00000000000085b5
0x000000fbdcafad30:   000002433564ec36 000000fbdcafad38
0x000000fbdcafad40:   00000243582df918 000000fbdcafadd0
0x000000fbdcafad50:   00000243583b0040 0000000000000000
0x000000fbdcafad60:   000000072f135718 00000243582df918
0x000000fbdcafad70:   0000000000000000 000000fbdcafada0
0x000000fbdcafad80:   000000fbdcafae20 0000024335649da7
0x000000fbdcafad90:   0000000000000000 000002433564bf38 

Instructions: (pc=0x00007fff8c616100)
0x00007fff8c616000:   0a 00 00 10 89 4b 58 4c 8b 87 10 03 00 00 49 8b
0x00007fff8c616010:   80 b0 29 00 00 48 0f ba e0 17 73 1b 40 f6 c6 01
0x00007fff8c616020:   74 15 48 83 63 78 fe 48 8b 5c 24 30 48 8b 74 24
0x00007fff8c616030:   38 48 83 c4 20 5f c3 a8 01 74 1f 48 0f ba e6 17
0x00007fff8c616040:   73 18 48 81 63 78 ff ff 7f ff 48 8b 5c 24 30 48
0x00007fff8c616050:   8b 74 24 38 48 83 c4 20 5f c3 48 a9 01 00 80 00
0x00007fff8c616060:   75 11 48 f7 c6 01 00 80 00 74 08 48 81 63 78 fe
0x00007fff8c616070:   ff 7f ff 48 8b 5c 24 30 48 8b 74 24 38 48 83 c4
0x00007fff8c616080:   20 5f c3 cc cc cc cc cc cc cc cc cc cc cc cc cc
0x00007fff8c616090:   48 89 5c 24 08 48 89 6c 24 18 48 89 74 24 20 57
0x00007fff8c6160a0:   41 56 41 57 48 83 ec 20 65 48 8b 04 25 30 00 00
0x00007fff8c6160b0:   00 49 8b f8 48 8b 19 4c 8b f1 44 8b fa 8b 68 48
0x00007fff8c6160c0:   b8 01 00 00 00 48 8b 5b 20 48 8b 73 08 f0 0f c1
0x00007fff8c6160d0:   46 10 ff c0 83 f8 01 7e 14 39 6e 14 74 0f 48 8b
0x00007fff8c6160e0:   4e 20 ba ff ff ff ff ff 15 b3 1f 18 01 ff 46 18
0x00007fff8c6160f0:   89 6e 14 45 85 ff 0f 84 91 00 00 00 49 8b ef 90
0x00007fff8c616100:   44 8b 07 45 85 c0 74 77 49 8b 56 08 41 8b c8 c1
0x00007fff8c616110:   e9 0c 48 8b 82 b8 00 00 00 3b 48 18 73 61 48 8b
0x00007fff8c616120:   40 10 4c 8b 0c c8 4d 85 c9 74 54 41 8b c0 41 2b
0x00007fff8c616130:   01 66 41 83 bc 41 10 80 00 00 00 75 42 45 3b 46
0x00007fff8c616140:   10 75 11 33 d2 49 8b ce e8 13 fe ff ff 49 8b 56
0x00007fff8c616150:   08 44 8b 07 48 8d 4a 48 48 8d b2 88 01 00 00 45
0x00007fff8c616160:   85 c0 74 1b 41 b9 0f 00 00 00 e8 91 a1 ac 00 48
0x00007fff8c616170:   85 c0 74 0b 4c 8b c0 48 8b ce e8 a1 ec ac 00 48
0x00007fff8c616180:   83 c7 04 48 83 ed 01 0f 85 73 ff ff ff 48 8b 4b
0x00007fff8c616190:   08 b8 ff ff ff ff 83 41 18 ff 44 8b 41 18 89 41
0x00007fff8c6161a0:   1c 75 07 c7 41 14 00 00 00 00 f0 0f c1 41 10 83
0x00007fff8c6161b0:   f8 01 74 16 45 85 c0 75 11 48 8b 49 20 45 33 c0
0x00007fff8c6161c0:   41 8d 50 01 ff 15 3e 22 18 01 48 8b 5c 24 40 48
0x00007fff8c6161d0:   8b 6c 24 50 48 8b 74 24 58 48 83 c4 20 41 5f 41
0x00007fff8c6161e0:   5e 5f c3 cc cc cc cc cc cc cc cc cc cc cc cc cc
0x00007fff8c6161f0:   48 89 5c 24 08 48 89 74 24 10 57 48 83 ec 20 48 


Stack slot to memory mapping:
stack at sp + 0 slots: {method} {0x00000243582df920} 'dispatch_glDeleteVertexArrays1' '(ILjava/lang/Object;IZJ)V' in 'jogamp/opengl/gl4/GL4bcImpl'
stack at sp + 1 slots: 0x00000000000085b5 is an unknown value
stack at sp + 2 slots: 0x0000024335649da7 is at code_begin+2343 in an Interpreter codelet
invoke return entry points  [0x0000024335649480, 0x0000024335649e80]  2560 bytes
stack at sp + 3 slots: 0x000000fbdcafad80 is pointing into the stack for thread: 0x000002435089b000
stack at sp + 4 slots: 0x000002435089b000 is a thread
stack at sp + 5 slots: 0x000000fbdcafadd0 is pointing into the stack for thread: 0x000002435089b000
stack at sp + 6 slots: 0x0000024335649da7 is at code_begin+2343 in an Interpreter codelet
invoke return entry points  [0x0000024335649480, 0x0000024335649e80]  2560 bytes
stack at sp + 7 slots: 0x000002433564ef97 is at code_begin+1047 in an Interpreter codelet
method entry point (kind = native)  [0x000002433564eb80, 0x000002433564f620]  2720 bytes


---------------  P R O C E S S  ---------------

Threads class SMR info:
_java_thread_list=0x0000024350b4f380, length=18, elements={
0x000002435016c000, 0x0000024350177800, 0x0000024350167000, 0x0000024350168000,
0x00000243501b9800, 0x00000243501c7000, 0x00000243501d5000, 0x000002434f8ee800,
0x000002435040a800, 0x0000024350492000, 0x0000024350835800, 0x000002435083a800,
0x000002435089b000, 0x000002432cfdb800, 0x00000243571c2000, 0x000002435a8f1800,
0x000002435ac47000, 0x000002435b5ac800
}

Java Threads: ( => current thread )
  0x000002435016c000 JavaThread "Reference Handler" daemon [_thread_blocked, id=17508, stack(0x000000fbdbb00000,0x000000fbdbc00000)]
  0x0000024350177800 JavaThread "Finalizer" daemon [_thread_blocked, id=16200, stack(0x000000fbdbc00000,0x000000fbdbd00000)]
  0x0000024350167000 JavaThread "Signal Dispatcher" daemon [_thread_blocked, id=17012, stack(0x000000fbdbd00000,0x000000fbdbe00000)]
  0x0000024350168000 JavaThread "Attach Listener" daemon [_thread_blocked, id=1096, stack(0x000000fbdbe00000,0x000000fbdbf00000)]
  0x00000243501b9800 JavaThread "C2 CompilerThread0" daemon [_thread_blocked, id=1752, stack(0x000000fbdbf00000,0x000000fbdc000000)]
  0x00000243501c7000 JavaThread "C1 CompilerThread0" daemon [_thread_blocked, id=9988, stack(0x000000fbdc000000,0x000000fbdc100000)]
  0x00000243501d5000 JavaThread "Sweeper thread" daemon [_thread_blocked, id=8712, stack(0x000000fbdc100000,0x000000fbdc200000)]
  0x000002434f8ee800 JavaThread "Common-Cleaner" daemon [_thread_blocked, id=18716, stack(0x000000fbdc200000,0x000000fbdc300000)]
  0x000002435040a800 JavaThread "Monitor Ctrl-Break" daemon [_thread_in_native, id=1916, stack(0x000000fbdc400000,0x000000fbdc500000)]
  0x0000024350492000 JavaThread "Service Thread" daemon [_thread_blocked, id=16180, stack(0x000000fbdc500000,0x000000fbdc600000)]
  0x0000024350835800 JavaThread "Java2D Disposer" daemon [_thread_blocked, id=9508, stack(0x000000fbdc700000,0x000000fbdc800000)]
  0x000002435083a800 JavaThread "AWT-Shutdown" [_thread_blocked, id=18756, stack(0x000000fbdc800000,0x000000fbdc900000)]
=>0x000002435089b000 JavaThread "AWT-EventQueue-0" [_thread_in_native, id=20228, stack(0x000000fbdca00000,0x000000fbdcb00000)]
  0x000002432cfdb800 JavaThread "DestroyJavaVM" [_thread_blocked, id=4128, stack(0x000000fbdb400000,0x000000fbdb500000)]
  0x00000243571c2000 JavaThread "AWT-EventQueue-0-SharedResourceRunner" daemon [_thread_in_native, id=9892, stack(0x000000fbdd700000,0x000000fbdd800000)]
  0x000002435a8f1800 JavaThread "Thread-3" [_thread_blocked, id=14836, stack(0x000000fbde100000,0x000000fbde200000)]
  0x000002435ac47000 JavaThread "ToolkitShutdown" daemon [_thread_in_native, id=1240, stack(0x000000fbde300000,0x000000fbde400000)]
  0x000002435b5ac800 JavaThread "NativeWindowFactory_ShutdownHook" [_thread_blocked, id=9464, stack(0x000000fbde400000,0x000000fbde500000)]

Other Threads:
  0x0000024350157000 VMThread "VM Thread" [stack: 0x000000fbdba00000,0x000000fbdbb00000] [id=2264]
  0x0000024350495000 WatcherThread [stack: 0x000000fbdc600000,0x000000fbdc700000] [id=14552]
  0x000002432cff2800 GCTaskThread "GC Thread#0" [stack: 0x000000fbdb500000,0x000000fbdb600000] [id=7388]
  0x000002435ac91000 GCTaskThread "GC Thread#1" [stack: 0x000000fbdd900000,0x000000fbdda00000] [id=12828]
  0x000002435ac97800 GCTaskThread "GC Thread#2" [stack: 0x000000fbdda00000,0x000000fbddb00000] [id=19996]
  0x000002435ac98000 GCTaskThread "GC Thread#3" [stack: 0x000000fbddb00000,0x000000fbddc00000] [id=12104]
  0x000002435ac9d000 GCTaskThread "GC Thread#4" [stack: 0x000000fbddc00000,0x000000fbddd00000] [id=8540]
  0x000002435ac9d800 GCTaskThread "GC Thread#5" [stack: 0x000000fbddd00000,0x000000fbdde00000] [id=12176]
  0x000002432d047000 ConcurrentGCThread "G1 Main Marker" [stack: 0x000000fbdb600000,0x000000fbdb700000] [id=11292]
  0x000002432d048800 ConcurrentGCThread "G1 Conc#0" [stack: 0x000000fbdb700000,0x000000fbdb800000] [id=2776]
  0x000002435b51e800 ConcurrentGCThread "G1 Conc#1" [stack: 0x000000fbdde00000,0x000000fbddf00000] [id=17976]
  0x000002434f79a000 ConcurrentGCThread "G1 Refine#0" [stack: 0x000000fbdb800000,0x000000fbdb900000] [id=1792]
  0x000002434f79c000 ConcurrentGCThread "G1 Young RemSet Sampling" [stack: 0x000000fbdb900000,0x000000fbdba00000] [id=14280]

Threads with active compile tasks:

VM state:not at safepoint (normal execution)

VM Mutex/Monitor currently owned by a thread: None

Heap address: 0x0000000721e00000, size: 3554 MB, Compressed Oops mode: Zero based, Oop shift amount: 3
Narrow klass base: 0x0000000800000000, Narrow klass shift: 0
Compressed class space size: 1073741824 Address: 0x0000000800000000

Heap:
 garbage-first heap   total 229376K, used 11233K [0x0000000721e00000, 0x0000000800000000)
  region size 1024K, 12 young (12288K), 5 survivors (5120K)
 Metaspace       used 22392K, capacity 23000K, committed 23168K, reserved 1071104K
  class space    used 2175K, capacity 2412K, committed 2432K, reserved 1048576K
Heap Regions: E=young(eden), S=young(survivor), O=old, HS=humongous(starts), HC=humongous(continues), CS=collection set, F=free, A=archive, TAMS=top-at-mark-start (previous, next)
|   0|0x0000000721e00000, 0x0000000721e00000, 0x0000000721f00000|  0%| F|  |TAMS 0x0000000721e00000, 0x0000000721e00000| Untracked 
|   1|0x0000000721f00000, 0x0000000721f5a400, 0x0000000722000000| 35%| O|  |TAMS 0x0000000721f5a400, 0x0000000721f00000| Untracked 
|   2|0x0000000722000000, 0x0000000722000000, 0x0000000722100000|  0%| F|  |TAMS 0x0000000722000000, 0x0000000722000000| Untracked 
|   3|0x0000000722100000, 0x0000000722100000, 0x0000000722200000|  0%| F|  |TAMS 0x0000000722100000, 0x0000000722100000| Untracked 
|   4|0x0000000722200000, 0x0000000722200000, 0x0000000722300000|  0%| F|  |TAMS 0x0000000722200000, 0x0000000722200000| Untracked 
|   5|0x0000000722300000, 0x0000000722300000, 0x0000000722400000|  0%| F|  |TAMS 0x0000000722300000, 0x0000000722300000| Untracked 
|   6|0x0000000722400000, 0x0000000722400000, 0x0000000722500000|  0%| F|  |TAMS 0x0000000722400000, 0x0000000722400000| Untracked 
|   7|0x0000000722500000, 0x0000000722500000, 0x0000000722600000|  0%| F|  |TAMS 0x0000000722500000, 0x0000000722500000| Untracked 
|   8|0x0000000722600000, 0x0000000722600000, 0x0000000722700000|  0%| F|  |TAMS 0x0000000722600000, 0x0000000722600000| Untracked 
|   9|0x0000000722700000, 0x0000000722700000, 0x0000000722800000|  0%| F|  |TAMS 0x0000000722700000, 0x0000000722700000| Untracked 
|  10|0x0000000722800000, 0x0000000722800000, 0x0000000722900000|  0%| F|  |TAMS 0x0000000722800000, 0x0000000722800000| Untracked 
|  11|0x0000000722900000, 0x0000000722900000, 0x0000000722a00000|  0%| F|  |TAMS 0x0000000722900000, 0x0000000722900000| Untracked 
|  12|0x0000000722a00000, 0x0000000722a00000, 0x0000000722b00000|  0%| F|  |TAMS 0x0000000722a00000, 0x0000000722a00000| Untracked 
|  13|0x0000000722b00000, 0x0000000722b00000, 0x0000000722c00000|  0%| F|  |TAMS 0x0000000722b00000, 0x0000000722b00000| Untracked 
|  14|0x0000000722c00000, 0x0000000722c00000, 0x0000000722d00000|  0%| F|  |TAMS 0x0000000722c00000, 0x0000000722c00000| Untracked 
|  15|0x0000000722d00000, 0x0000000722d00000, 0x0000000722e00000|  0%| F|  |TAMS 0x0000000722d00000, 0x0000000722d00000| Untracked 
|  16|0x0000000722e00000, 0x0000000722e00000, 0x0000000722f00000|  0%| F|  |TAMS 0x0000000722e00000, 0x0000000722e00000| Untracked 
|  17|0x0000000722f00000, 0x0000000722f00000, 0x0000000723000000|  0%| F|  |TAMS 0x0000000722f00000, 0x0000000722f00000| Untracked 
|  18|0x0000000723000000, 0x0000000723000000, 0x0000000723100000|  0%| F|  |TAMS 0x0000000723000000, 0x0000000723000000| Untracked 
|  19|0x0000000723100000, 0x0000000723100000, 0x0000000723200000|  0%| F|  |TAMS 0x0000000723100000, 0x0000000723100000| Untracked 
|  20|0x0000000723200000, 0x0000000723200000, 0x0000000723300000|  0%| F|  |TAMS 0x0000000723200000, 0x0000000723200000| Untracked 
|  21|0x0000000723300000, 0x0000000723300000, 0x0000000723400000|  0%| F|  |TAMS 0x0000000723300000, 0x0000000723300000| Untracked 
|  22|0x0000000723400000, 0x0000000723400000, 0x0000000723500000|  0%| F|  |TAMS 0x0000000723400000, 0x0000000723400000| Untracked 
|  23|0x0000000723500000, 0x0000000723500000, 0x0000000723600000|  0%| F|  |TAMS 0x0000000723500000, 0x0000000723500000| Untracked 
|  24|0x0000000723600000, 0x0000000723600000, 0x0000000723700000|  0%| F|  |TAMS 0x0000000723600000, 0x0000000723600000| Untracked 
|  25|0x0000000723700000, 0x0000000723700000, 0x0000000723800000|  0%| F|  |TAMS 0x0000000723700000, 0x0000000723700000| Untracked 
|  26|0x0000000723800000, 0x0000000723800000, 0x0000000723900000|  0%| F|  |TAMS 0x0000000723800000, 0x0000000723800000| Untracked 
|  27|0x0000000723900000, 0x0000000723900000, 0x0000000723a00000|  0%| F|  |TAMS 0x0000000723900000, 0x0000000723900000| Untracked 
|  28|0x0000000723a00000, 0x0000000723a00000, 0x0000000723b00000|  0%| F|  |TAMS 0x0000000723a00000, 0x0000000723a00000| Untracked 
|  29|0x0000000723b00000, 0x0000000723b00000, 0x0000000723c00000|  0%| F|  |TAMS 0x0000000723b00000, 0x0000000723b00000| Untracked 
|  30|0x0000000723c00000, 0x0000000723c00000, 0x0000000723d00000|  0%| F|  |TAMS 0x0000000723c00000, 0x0000000723c00000| Untracked 
|  31|0x0000000723d00000, 0x0000000723d00000, 0x0000000723e00000|  0%| F|  |TAMS 0x0000000723d00000, 0x0000000723d00000| Untracked 
|  32|0x0000000723e00000, 0x0000000723e00000, 0x0000000723f00000|  0%| F|  |TAMS 0x0000000723e00000, 0x0000000723e00000| Untracked 
|  33|0x0000000723f00000, 0x0000000723f00000, 0x0000000724000000|  0%| F|  |TAMS 0x0000000723f00000, 0x0000000723f00000| Untracked 
|  34|0x0000000724000000, 0x0000000724000000, 0x0000000724100000|  0%| F|  |TAMS 0x0000000724000000, 0x0000000724000000| Untracked 
|  35|0x0000000724100000, 0x0000000724100000, 0x0000000724200000|  0%| F|  |TAMS 0x0000000724100000, 0x0000000724100000| Untracked 
|  36|0x0000000724200000, 0x0000000724200000, 0x0000000724300000|  0%| F|  |TAMS 0x0000000724200000, 0x0000000724200000| Untracked 
|  37|0x0000000724300000, 0x0000000724300000, 0x0000000724400000|  0%| F|  |TAMS 0x0000000724300000, 0x0000000724300000| Untracked 
|  38|0x0000000724400000, 0x0000000724400000, 0x0000000724500000|  0%| F|  |TAMS 0x0000000724400000, 0x0000000724400000| Untracked 
|  39|0x0000000724500000, 0x0000000724500000, 0x0000000724600000|  0%| F|  |TAMS 0x0000000724500000, 0x0000000724500000| Untracked 
|  40|0x0000000724600000, 0x0000000724600000, 0x0000000724700000|  0%| F|  |TAMS 0x0000000724600000, 0x0000000724600000| Untracked 
|  41|0x0000000724700000, 0x0000000724700000, 0x0000000724800000|  0%| F|  |TAMS 0x0000000724700000, 0x0000000724700000| Untracked 
|  42|0x0000000724800000, 0x0000000724800000, 0x0000000724900000|  0%| F|  |TAMS 0x0000000724800000, 0x0000000724800000| Untracked 
|  43|0x0000000724900000, 0x0000000724900000, 0x0000000724a00000|  0%| F|  |TAMS 0x0000000724900000, 0x0000000724900000| Untracked 
|  44|0x0000000724a00000, 0x0000000724a00000, 0x0000000724b00000|  0%| F|  |TAMS 0x0000000724a00000, 0x0000000724a00000| Untracked 
|  45|0x0000000724b00000, 0x0000000724b00000, 0x0000000724c00000|  0%| F|  |TAMS 0x0000000724b00000, 0x0000000724b00000| Untracked 
|  46|0x0000000724c00000, 0x0000000724c00000, 0x0000000724d00000|  0%| F|  |TAMS 0x0000000724c00000, 0x0000000724c00000| Untracked 
|  47|0x0000000724d00000, 0x0000000724d00000, 0x0000000724e00000|  0%| F|  |TAMS 0x0000000724d00000, 0x0000000724d00000| Untracked 
|  48|0x0000000724e00000, 0x0000000724e00000, 0x0000000724f00000|  0%| F|  |TAMS 0x0000000724e00000, 0x0000000724e00000| Untracked 
|  49|0x0000000724f00000, 0x0000000724f00000, 0x0000000725000000|  0%| F|  |TAMS 0x0000000724f00000, 0x0000000724f00000| Untracked 
|  50|0x0000000725000000, 0x0000000725000000, 0x0000000725100000|  0%| F|  |TAMS 0x0000000725000000, 0x0000000725000000| Untracked 
|  51|0x0000000725100000, 0x0000000725100000, 0x0000000725200000|  0%| F|  |TAMS 0x0000000725100000, 0x0000000725100000| Untracked 
|  52|0x0000000725200000, 0x0000000725200000, 0x0000000725300000|  0%| F|  |TAMS 0x0000000725200000, 0x0000000725200000| Untracked 
|  53|0x0000000725300000, 0x0000000725300000, 0x0000000725400000|  0%| F|  |TAMS 0x0000000725300000, 0x0000000725300000| Untracked 
|  54|0x0000000725400000, 0x0000000725400000, 0x0000000725500000|  0%| F|  |TAMS 0x0000000725400000, 0x0000000725400000| Untracked 
|  55|0x0000000725500000, 0x0000000725500000, 0x0000000725600000|  0%| F|  |TAMS 0x0000000725500000, 0x0000000725500000| Untracked 
|  56|0x0000000725600000, 0x0000000725600000, 0x0000000725700000|  0%| F|  |TAMS 0x0000000725600000, 0x0000000725600000| Untracked 
|  57|0x0000000725700000, 0x0000000725700000, 0x0000000725800000|  0%| F|  |TAMS 0x0000000725700000, 0x0000000725700000| Untracked 
|  58|0x0000000725800000, 0x0000000725800000, 0x0000000725900000|  0%| F|  |TAMS 0x0000000725800000, 0x0000000725800000| Untracked 
|  59|0x0000000725900000, 0x0000000725900000, 0x0000000725a00000|  0%| F|  |TAMS 0x0000000725900000, 0x0000000725900000| Untracked 
|  60|0x0000000725a00000, 0x0000000725a00000, 0x0000000725b00000|  0%| F|  |TAMS 0x0000000725a00000, 0x0000000725a00000| Untracked 
|  61|0x0000000725b00000, 0x0000000725b00000, 0x0000000725c00000|  0%| F|  |TAMS 0x0000000725b00000, 0x0000000725b00000| Untracked 
|  62|0x0000000725c00000, 0x0000000725c00000, 0x0000000725d00000|  0%| F|  |TAMS 0x0000000725c00000, 0x0000000725c00000| Untracked 
|  63|0x0000000725d00000, 0x0000000725d00000, 0x0000000725e00000|  0%| F|  |TAMS 0x0000000725d00000, 0x0000000725d00000| Untracked 
|  64|0x0000000725e00000, 0x0000000725e00000, 0x0000000725f00000|  0%| F|  |TAMS 0x0000000725e00000, 0x0000000725e00000| Untracked 
|  65|0x0000000725f00000, 0x0000000725f00000, 0x0000000726000000|  0%| F|  |TAMS 0x0000000725f00000, 0x0000000725f00000| Untracked 
|  66|0x0000000726000000, 0x0000000726000000, 0x0000000726100000|  0%| F|  |TAMS 0x0000000726000000, 0x0000000726000000| Untracked 
|  67|0x0000000726100000, 0x0000000726100000, 0x0000000726200000|  0%| F|  |TAMS 0x0000000726100000, 0x0000000726100000| Untracked 
|  68|0x0000000726200000, 0x0000000726200000, 0x0000000726300000|  0%| F|  |TAMS 0x0000000726200000, 0x0000000726200000| Untracked 
|  69|0x0000000726300000, 0x0000000726300000, 0x0000000726400000|  0%| F|  |TAMS 0x0000000726300000, 0x0000000726300000| Untracked 
|  70|0x0000000726400000, 0x0000000726400000, 0x0000000726500000|  0%| F|  |TAMS 0x0000000726400000, 0x0000000726400000| Untracked 
|  71|0x0000000726500000, 0x0000000726500000, 0x0000000726600000|  0%| F|  |TAMS 0x0000000726500000, 0x0000000726500000| Untracked 
|  72|0x0000000726600000, 0x0000000726600000, 0x0000000726700000|  0%| F|  |TAMS 0x0000000726600000, 0x0000000726600000| Untracked 
|  73|0x0000000726700000, 0x0000000726700000, 0x0000000726800000|  0%| F|  |TAMS 0x0000000726700000, 0x0000000726700000| Untracked 
|  74|0x0000000726800000, 0x0000000726800000, 0x0000000726900000|  0%| F|  |TAMS 0x0000000726800000, 0x0000000726800000| Untracked 
|  75|0x0000000726900000, 0x0000000726900000, 0x0000000726a00000|  0%| F|  |TAMS 0x0000000726900000, 0x0000000726900000| Untracked 
|  76|0x0000000726a00000, 0x0000000726a00000, 0x0000000726b00000|  0%| F|  |TAMS 0x0000000726a00000, 0x0000000726a00000| Untracked 
|  77|0x0000000726b00000, 0x0000000726b00000, 0x0000000726c00000|  0%| F|  |TAMS 0x0000000726b00000, 0x0000000726b00000| Untracked 
|  78|0x0000000726c00000, 0x0000000726c00000, 0x0000000726d00000|  0%| F|  |TAMS 0x0000000726c00000, 0x0000000726c00000| Untracked 
|  79|0x0000000726d00000, 0x0000000726d00000, 0x0000000726e00000|  0%| F|  |TAMS 0x0000000726d00000, 0x0000000726d00000| Untracked 
|  80|0x0000000726e00000, 0x0000000726e00000, 0x0000000726f00000|  0%| F|  |TAMS 0x0000000726e00000, 0x0000000726e00000| Untracked 
|  81|0x0000000726f00000, 0x0000000726f00000, 0x0000000727000000|  0%| F|  |TAMS 0x0000000726f00000, 0x0000000726f00000| Untracked 
|  82|0x0000000727000000, 0x0000000727000000, 0x0000000727100000|  0%| F|  |TAMS 0x0000000727000000, 0x0000000727000000| Untracked 
|  83|0x0000000727100000, 0x0000000727100000, 0x0000000727200000|  0%| F|  |TAMS 0x0000000727100000, 0x0000000727100000| Untracked 
|  84|0x0000000727200000, 0x0000000727200000, 0x0000000727300000|  0%| F|  |TAMS 0x0000000727200000, 0x0000000727200000| Untracked 
|  85|0x0000000727300000, 0x0000000727300000, 0x0000000727400000|  0%| F|  |TAMS 0x0000000727300000, 0x0000000727300000| Untracked 
|  86|0x0000000727400000, 0x0000000727400000, 0x0000000727500000|  0%| F|  |TAMS 0x0000000727400000, 0x0000000727400000| Untracked 
|  87|0x0000000727500000, 0x0000000727500000, 0x0000000727600000|  0%| F|  |TAMS 0x0000000727500000, 0x0000000727500000| Untracked 
|  88|0x0000000727600000, 0x0000000727600000, 0x0000000727700000|  0%| F|  |TAMS 0x0000000727600000, 0x0000000727600000| Untracked 
|  89|0x0000000727700000, 0x0000000727700000, 0x0000000727800000|  0%| F|  |TAMS 0x0000000727700000, 0x0000000727700000| Untracked 
|  90|0x0000000727800000, 0x0000000727800000, 0x0000000727900000|  0%| F|  |TAMS 0x0000000727800000, 0x0000000727800000| Untracked 
|  91|0x0000000727900000, 0x0000000727900000, 0x0000000727a00000|  0%| F|  |TAMS 0x0000000727900000, 0x0000000727900000| Untracked 
|  92|0x0000000727a00000, 0x0000000727a00000, 0x0000000727b00000|  0%| F|  |TAMS 0x0000000727a00000, 0x0000000727a00000| Untracked 
|  93|0x0000000727b00000, 0x0000000727b00000, 0x0000000727c00000|  0%| F|  |TAMS 0x0000000727b00000, 0x0000000727b00000| Untracked 
|  94|0x0000000727c00000, 0x0000000727c00000, 0x0000000727d00000|  0%| F|  |TAMS 0x0000000727c00000, 0x0000000727c00000| Untracked 
|  95|0x0000000727d00000, 0x0000000727d00000, 0x0000000727e00000|  0%| F|  |TAMS 0x0000000727d00000, 0x0000000727d00000| Untracked 
|  96|0x0000000727e00000, 0x0000000727e00000, 0x0000000727f00000|  0%| F|  |TAMS 0x0000000727e00000, 0x0000000727e00000| Untracked 
|  97|0x0000000727f00000, 0x0000000727f00000, 0x0000000728000000|  0%| F|  |TAMS 0x0000000727f00000, 0x0000000727f00000| Untracked 
|  98|0x0000000728000000, 0x0000000728000000, 0x0000000728100000|  0%| F|  |TAMS 0x0000000728000000, 0x0000000728000000| Untracked 
|  99|0x0000000728100000, 0x0000000728100000, 0x0000000728200000|  0%| F|  |TAMS 0x0000000728100000, 0x0000000728100000| Untracked 
| 100|0x0000000728200000, 0x0000000728200000, 0x0000000728300000|  0%| F|  |TAMS 0x0000000728200000, 0x0000000728200000| Untracked 
| 101|0x0000000728300000, 0x0000000728300000, 0x0000000728400000|  0%| F|  |TAMS 0x0000000728300000, 0x0000000728300000| Untracked 
| 102|0x0000000728400000, 0x0000000728400000, 0x0000000728500000|  0%| F|  |TAMS 0x0000000728400000, 0x0000000728400000| Untracked 
| 103|0x0000000728500000, 0x0000000728500000, 0x0000000728600000|  0%| F|  |TAMS 0x0000000728500000, 0x0000000728500000| Untracked 
| 104|0x0000000728600000, 0x0000000728600000, 0x0000000728700000|  0%| F|  |TAMS 0x0000000728600000, 0x0000000728600000| Untracked 
| 105|0x0000000728700000, 0x0000000728700000, 0x0000000728800000|  0%| F|  |TAMS 0x0000000728700000, 0x0000000728700000| Untracked 
| 106|0x0000000728800000, 0x0000000728800000, 0x0000000728900000|  0%| F|  |TAMS 0x0000000728800000, 0x0000000728800000| Untracked 
| 107|0x0000000728900000, 0x0000000728900000, 0x0000000728a00000|  0%| F|  |TAMS 0x0000000728900000, 0x0000000728900000| Untracked 
| 108|0x0000000728a00000, 0x0000000728a00000, 0x0000000728b00000|  0%| F|  |TAMS 0x0000000728a00000, 0x0000000728a00000| Untracked 
| 109|0x0000000728b00000, 0x0000000728b00000, 0x0000000728c00000|  0%| F|  |TAMS 0x0000000728b00000, 0x0000000728b00000| Untracked 
| 110|0x0000000728c00000, 0x0000000728c00000, 0x0000000728d00000|  0%| F|  |TAMS 0x0000000728c00000, 0x0000000728c00000| Untracked 
| 111|0x0000000728d00000, 0x0000000728d00000, 0x0000000728e00000|  0%| F|  |TAMS 0x0000000728d00000, 0x0000000728d00000| Untracked 
| 112|0x0000000728e00000, 0x0000000728e00000, 0x0000000728f00000|  0%| F|  |TAMS 0x0000000728e00000, 0x0000000728e00000| Untracked 
| 113|0x0000000728f00000, 0x0000000728f00000, 0x0000000729000000|  0%| F|  |TAMS 0x0000000728f00000, 0x0000000728f00000| Untracked 
| 114|0x0000000729000000, 0x0000000729000000, 0x0000000729100000|  0%| F|  |TAMS 0x0000000729000000, 0x0000000729000000| Untracked 
| 115|0x0000000729100000, 0x0000000729100000, 0x0000000729200000|  0%| F|  |TAMS 0x0000000729100000, 0x0000000729100000| Untracked 
| 116|0x0000000729200000, 0x0000000729200000, 0x0000000729300000|  0%| F|  |TAMS 0x0000000729200000, 0x0000000729200000| Untracked 
| 117|0x0000000729300000, 0x0000000729300000, 0x0000000729400000|  0%| F|  |TAMS 0x0000000729300000, 0x0000000729300000| Untracked 
| 118|0x0000000729400000, 0x0000000729400000, 0x0000000729500000|  0%| F|  |TAMS 0x0000000729400000, 0x0000000729400000| Untracked 
| 119|0x0000000729500000, 0x0000000729500000, 0x0000000729600000|  0%| F|  |TAMS 0x0000000729500000, 0x0000000729500000| Untracked 
| 120|0x0000000729600000, 0x0000000729600000, 0x0000000729700000|  0%| F|  |TAMS 0x0000000729600000, 0x0000000729600000| Untracked 
| 121|0x0000000729700000, 0x0000000729700000, 0x0000000729800000|  0%| F|  |TAMS 0x0000000729700000, 0x0000000729700000| Untracked 
| 122|0x0000000729800000, 0x0000000729800000, 0x0000000729900000|  0%| F|  |TAMS 0x0000000729800000, 0x0000000729800000| Untracked 
| 123|0x0000000729900000, 0x0000000729900000, 0x0000000729a00000|  0%| F|  |TAMS 0x0000000729900000, 0x0000000729900000| Untracked 
| 124|0x0000000729a00000, 0x0000000729a00000, 0x0000000729b00000|  0%| F|  |TAMS 0x0000000729a00000, 0x0000000729a00000| Untracked 
| 125|0x0000000729b00000, 0x0000000729b00000, 0x0000000729c00000|  0%| F|  |TAMS 0x0000000729b00000, 0x0000000729b00000| Untracked 
| 126|0x0000000729c00000, 0x0000000729c00000, 0x0000000729d00000|  0%| F|  |TAMS 0x0000000729c00000, 0x0000000729c00000| Untracked 
| 127|0x0000000729d00000, 0x0000000729d00000, 0x0000000729e00000|  0%| F|  |TAMS 0x0000000729d00000, 0x0000000729d00000| Untracked 
| 128|0x0000000729e00000, 0x0000000729e00000, 0x0000000729f00000|  0%| F|  |TAMS 0x0000000729e00000, 0x0000000729e00000| Untracked 
| 129|0x0000000729f00000, 0x0000000729f00000, 0x000000072a000000|  0%| F|  |TAMS 0x0000000729f00000, 0x0000000729f00000| Untracked 
| 130|0x000000072a000000, 0x000000072a000000, 0x000000072a100000|  0%| F|  |TAMS 0x000000072a000000, 0x000000072a000000| Untracked 
| 131|0x000000072a100000, 0x000000072a100000, 0x000000072a200000|  0%| F|  |TAMS 0x000000072a100000, 0x000000072a100000| Untracked 
| 132|0x000000072a200000, 0x000000072a200000, 0x000000072a300000|  0%| F|  |TAMS 0x000000072a200000, 0x000000072a200000| Untracked 
| 133|0x000000072a300000, 0x000000072a300000, 0x000000072a400000|  0%| F|  |TAMS 0x000000072a300000, 0x000000072a300000| Untracked 
| 134|0x000000072a400000, 0x000000072a400000, 0x000000072a500000|  0%| F|  |TAMS 0x000000072a400000, 0x000000072a400000| Untracked 
| 135|0x000000072a500000, 0x000000072a500000, 0x000000072a600000|  0%| F|  |TAMS 0x000000072a500000, 0x000000072a500000| Untracked 
| 136|0x000000072a600000, 0x000000072a600000, 0x000000072a700000|  0%| F|  |TAMS 0x000000072a600000, 0x000000072a600000| Untracked 
| 137|0x000000072a700000, 0x000000072a700000, 0x000000072a800000|  0%| F|  |TAMS 0x000000072a700000, 0x000000072a700000| Untracked 
| 138|0x000000072a800000, 0x000000072a800000, 0x000000072a900000|  0%| F|  |TAMS 0x000000072a800000, 0x000000072a800000| Untracked 
| 139|0x000000072a900000, 0x000000072a900000, 0x000000072aa00000|  0%| F|  |TAMS 0x000000072a900000, 0x000000072a900000| Untracked 
| 140|0x000000072aa00000, 0x000000072aa00000, 0x000000072ab00000|  0%| F|  |TAMS 0x000000072aa00000, 0x000000072aa00000| Untracked 
| 141|0x000000072ab00000, 0x000000072ab00000, 0x000000072ac00000|  0%| F|  |TAMS 0x000000072ab00000, 0x000000072ab00000| Untracked 
| 142|0x000000072ac00000, 0x000000072ac00000, 0x000000072ad00000|  0%| F|  |TAMS 0x000000072ac00000, 0x000000072ac00000| Untracked 
| 143|0x000000072ad00000, 0x000000072ad00000, 0x000000072ae00000|  0%| F|  |TAMS 0x000000072ad00000, 0x000000072ad00000| Untracked 
| 144|0x000000072ae00000, 0x000000072ae00000, 0x000000072af00000|  0%| F|  |TAMS 0x000000072ae00000, 0x000000072ae00000| Untracked 
| 145|0x000000072af00000, 0x000000072af00000, 0x000000072b000000|  0%| F|  |TAMS 0x000000072af00000, 0x000000072af00000| Untracked 
| 146|0x000000072b000000, 0x000000072b000000, 0x000000072b100000|  0%| F|  |TAMS 0x000000072b000000, 0x000000072b000000| Untracked 
| 147|0x000000072b100000, 0x000000072b100000, 0x000000072b200000|  0%| F|  |TAMS 0x000000072b100000, 0x000000072b100000| Untracked 
| 148|0x000000072b200000, 0x000000072b200000, 0x000000072b300000|  0%| F|  |TAMS 0x000000072b200000, 0x000000072b200000| Untracked 
| 149|0x000000072b300000, 0x000000072b300000, 0x000000072b400000|  0%| F|  |TAMS 0x000000072b300000, 0x000000072b300000| Untracked 
| 150|0x000000072b400000, 0x000000072b400000, 0x000000072b500000|  0%| F|  |TAMS 0x000000072b400000, 0x000000072b400000| Untracked 
| 151|0x000000072b500000, 0x000000072b500000, 0x000000072b600000|  0%| F|  |TAMS 0x000000072b500000, 0x000000072b500000| Untracked 
| 152|0x000000072b600000, 0x000000072b600000, 0x000000072b700000|  0%| F|  |TAMS 0x000000072b600000, 0x000000072b600000| Untracked 
| 153|0x000000072b700000, 0x000000072b700000, 0x000000072b800000|  0%| F|  |TAMS 0x000000072b700000, 0x000000072b700000| Untracked 
| 154|0x000000072b800000, 0x000000072b800000, 0x000000072b900000|  0%| F|  |TAMS 0x000000072b800000, 0x000000072b800000| Untracked 
| 155|0x000000072b900000, 0x000000072b900000, 0x000000072ba00000|  0%| F|  |TAMS 0x000000072b900000, 0x000000072b900000| Untracked 
| 156|0x000000072ba00000, 0x000000072ba00000, 0x000000072bb00000|  0%| F|  |TAMS 0x000000072ba00000, 0x000000072ba00000| Untracked 
| 157|0x000000072bb00000, 0x000000072bb00000, 0x000000072bc00000|  0%| F|  |TAMS 0x000000072bb00000, 0x000000072bb00000| Untracked 
| 158|0x000000072bc00000, 0x000000072bc00000, 0x000000072bd00000|  0%| F|  |TAMS 0x000000072bc00000, 0x000000072bc00000| Untracked 
| 159|0x000000072bd00000, 0x000000072bd00000, 0x000000072be00000|  0%| F|  |TAMS 0x000000072bd00000, 0x000000072bd00000| Untracked 
| 160|0x000000072be00000, 0x000000072be00000, 0x000000072bf00000|  0%| F|  |TAMS 0x000000072be00000, 0x000000072be00000| Untracked 
| 161|0x000000072bf00000, 0x000000072bf00000, 0x000000072c000000|  0%| F|  |TAMS 0x000000072bf00000, 0x000000072bf00000| Untracked 
| 162|0x000000072c000000, 0x000000072c000000, 0x000000072c100000|  0%| F|  |TAMS 0x000000072c000000, 0x000000072c000000| Untracked 
| 163|0x000000072c100000, 0x000000072c100000, 0x000000072c200000|  0%| F|  |TAMS 0x000000072c100000, 0x000000072c100000| Untracked 
| 164|0x000000072c200000, 0x000000072c200000, 0x000000072c300000|  0%| F|  |TAMS 0x000000072c200000, 0x000000072c200000| Untracked 
| 165|0x000000072c300000, 0x000000072c300000, 0x000000072c400000|  0%| F|  |TAMS 0x000000072c300000, 0x000000072c300000| Untracked 
| 166|0x000000072c400000, 0x000000072c400000, 0x000000072c500000|  0%| F|  |TAMS 0x000000072c400000, 0x000000072c400000| Untracked 
| 167|0x000000072c500000, 0x000000072c500000, 0x000000072c600000|  0%| F|  |TAMS 0x000000072c500000, 0x000000072c500000| Untracked 
| 168|0x000000072c600000, 0x000000072c600000, 0x000000072c700000|  0%| F|  |TAMS 0x000000072c600000, 0x000000072c600000| Untracked 
| 169|0x000000072c700000, 0x000000072c700000, 0x000000072c800000|  0%| F|  |TAMS 0x000000072c700000, 0x000000072c700000| Untracked 
| 170|0x000000072c800000, 0x000000072c800000, 0x000000072c900000|  0%| F|  |TAMS 0x000000072c800000, 0x000000072c800000| Untracked 
| 171|0x000000072c900000, 0x000000072c900000, 0x000000072ca00000|  0%| F|  |TAMS 0x000000072c900000, 0x000000072c900000| Untracked 
| 172|0x000000072ca00000, 0x000000072ca00000, 0x000000072cb00000|  0%| F|  |TAMS 0x000000072ca00000, 0x000000072ca00000| Untracked 
| 173|0x000000072cb00000, 0x000000072cb00000, 0x000000072cc00000|  0%| F|  |TAMS 0x000000072cb00000, 0x000000072cb00000| Untracked 
| 174|0x000000072cc00000, 0x000000072cc00000, 0x000000072cd00000|  0%| F|  |TAMS 0x000000072cc00000, 0x000000072cc00000| Untracked 
| 175|0x000000072cd00000, 0x000000072cd00000, 0x000000072ce00000|  0%| F|  |TAMS 0x000000072cd00000, 0x000000072cd00000| Untracked 
| 176|0x000000072ce00000, 0x000000072ce00000, 0x000000072cf00000|  0%| F|  |TAMS 0x000000072ce00000, 0x000000072ce00000| Untracked 
| 177|0x000000072cf00000, 0x000000072cf00000, 0x000000072d000000|  0%| F|  |TAMS 0x000000072cf00000, 0x000000072cf00000| Untracked 
| 178|0x000000072d000000, 0x000000072d000000, 0x000000072d100000|  0%| F|  |TAMS 0x000000072d000000, 0x000000072d000000| Untracked 
| 179|0x000000072d100000, 0x000000072d100000, 0x000000072d200000|  0%| F|  |TAMS 0x000000072d100000, 0x000000072d100000| Untracked 
| 180|0x000000072d200000, 0x000000072d200000, 0x000000072d300000|  0%| F|  |TAMS 0x000000072d200000, 0x000000072d200000| Untracked 
| 181|0x000000072d300000, 0x000000072d300000, 0x000000072d400000|  0%| F|  |TAMS 0x000000072d300000, 0x000000072d300000| Untracked 
| 182|0x000000072d400000, 0x000000072d400000, 0x000000072d500000|  0%| F|  |TAMS 0x000000072d400000, 0x000000072d400000| Untracked 
| 183|0x000000072d500000, 0x000000072d500000, 0x000000072d600000|  0%| F|  |TAMS 0x000000072d500000, 0x000000072d500000| Untracked 
| 184|0x000000072d600000, 0x000000072d600000, 0x000000072d700000|  0%| F|  |TAMS 0x000000072d600000, 0x000000072d600000| Untracked 
| 185|0x000000072d700000, 0x000000072d700000, 0x000000072d800000|  0%| F|  |TAMS 0x000000072d700000, 0x000000072d700000| Untracked 
| 186|0x000000072d800000, 0x000000072d800000, 0x000000072d900000|  0%| F|  |TAMS 0x000000072d800000, 0x000000072d800000| Untracked 
| 187|0x000000072d900000, 0x000000072d900000, 0x000000072da00000|  0%| F|  |TAMS 0x000000072d900000, 0x000000072d900000| Untracked 
| 188|0x000000072da00000, 0x000000072da00000, 0x000000072db00000|  0%| F|  |TAMS 0x000000072da00000, 0x000000072da00000| Untracked 
| 189|0x000000072db00000, 0x000000072db00000, 0x000000072dc00000|  0%| F|  |TAMS 0x000000072db00000, 0x000000072db00000| Untracked 
| 190|0x000000072dc00000, 0x000000072dc00000, 0x000000072dd00000|  0%| F|  |TAMS 0x000000072dc00000, 0x000000072dc00000| Untracked 
| 191|0x000000072dd00000, 0x000000072dd00000, 0x000000072de00000|  0%| F|  |TAMS 0x000000072dd00000, 0x000000072dd00000| Untracked 
| 192|0x000000072de00000, 0x000000072de00000, 0x000000072df00000|  0%| F|  |TAMS 0x000000072de00000, 0x000000072de00000| Untracked 
| 193|0x000000072df00000, 0x000000072df00000, 0x000000072e000000|  0%| F|  |TAMS 0x000000072df00000, 0x000000072df00000| Untracked 
| 194|0x000000072e000000, 0x000000072e000000, 0x000000072e100000|  0%| F|  |TAMS 0x000000072e000000, 0x000000072e000000| Untracked 
| 195|0x000000072e100000, 0x000000072e100000, 0x000000072e200000|  0%| F|  |TAMS 0x000000072e100000, 0x000000072e100000| Untracked 
| 196|0x000000072e200000, 0x000000072e200000, 0x000000072e300000|  0%| F|  |TAMS 0x000000072e200000, 0x000000072e200000| Untracked 
| 197|0x000000072e300000, 0x000000072e300000, 0x000000072e400000|  0%| F|  |TAMS 0x000000072e300000, 0x000000072e300000| Untracked 
| 198|0x000000072e400000, 0x000000072e400000, 0x000000072e500000|  0%| F|  |TAMS 0x000000072e400000, 0x000000072e400000| Untracked 
| 199|0x000000072e500000, 0x000000072e500000, 0x000000072e600000|  0%| F|  |TAMS 0x000000072e500000, 0x000000072e500000| Untracked 
| 200|0x000000072e600000, 0x000000072e600000, 0x000000072e700000|  0%| F|  |TAMS 0x000000072e600000, 0x000000072e600000| Untracked 
| 201|0x000000072e700000, 0x000000072e700000, 0x000000072e800000|  0%| F|  |TAMS 0x000000072e700000, 0x000000072e700000| Untracked 
| 202|0x000000072e800000, 0x000000072e800000, 0x000000072e900000|  0%| F|  |TAMS 0x000000072e800000, 0x000000072e800000| Untracked 
| 203|0x000000072e900000, 0x000000072e900000, 0x000000072ea00000|  0%| F|  |TAMS 0x000000072e900000, 0x000000072e900000| Untracked 
| 204|0x000000072ea00000, 0x000000072ea00000, 0x000000072eb00000|  0%| F|  |TAMS 0x000000072ea00000, 0x000000072ea00000| Untracked 
| 205|0x000000072eb00000, 0x000000072eb00000, 0x000000072ec00000|  0%| F|  |TAMS 0x000000072eb00000, 0x000000072eb00000| Untracked 
| 206|0x000000072ec00000, 0x000000072ec00000, 0x000000072ed00000|  0%| F|  |TAMS 0x000000072ec00000, 0x000000072ec00000| Untracked 
| 207|0x000000072ed00000, 0x000000072ed00000, 0x000000072ee00000|  0%| F|  |TAMS 0x000000072ed00000, 0x000000072ed00000| Untracked 
| 208|0x000000072ee00000, 0x000000072ee00000, 0x000000072ef00000|  0%| F|  |TAMS 0x000000072ee00000, 0x000000072ee00000| Untracked 
| 209|0x000000072ef00000, 0x000000072ef00000, 0x000000072f000000|  0%| F|  |TAMS 0x000000072ef00000, 0x000000072ef00000| Untracked 
| 210|0x000000072f000000, 0x000000072f09e168, 0x000000072f100000| 61%| S|CS|TAMS 0x000000072f000000, 0x000000072f000000| Complete 
| 211|0x000000072f100000, 0x000000072f200000, 0x000000072f200000|100%| S|CS|TAMS 0x000000072f100000, 0x000000072f100000| Complete 
| 212|0x000000072f200000, 0x000000072f300000, 0x000000072f300000|100%| S|CS|TAMS 0x000000072f200000, 0x000000072f200000| Complete 
| 213|0x000000072f300000, 0x000000072f400000, 0x000000072f400000|100%| S|CS|TAMS 0x000000072f300000, 0x000000072f300000| Complete 
| 214|0x000000072f400000, 0x000000072f500000, 0x000000072f500000|100%| S|CS|TAMS 0x000000072f400000, 0x000000072f400000| Complete 
| 215|0x000000072f500000, 0x000000072f500000, 0x000000072f600000|  0%| F|  |TAMS 0x000000072f500000, 0x000000072f500000| Untracked 
| 216|0x000000072f600000, 0x000000072f600000, 0x000000072f700000|  0%| F|  |TAMS 0x000000072f600000, 0x000000072f600000| Untracked 
| 217|0x000000072f700000, 0x000000072f700800, 0x000000072f800000|  0%| E|  |TAMS 0x000000072f700000, 0x000000072f700000| Complete 
| 218|0x000000072f800000, 0x000000072f900000, 0x000000072f900000|100%| E|CS|TAMS 0x000000072f800000, 0x000000072f800000| Complete 
| 219|0x000000072f900000, 0x000000072fa00000, 0x000000072fa00000|100%| E|CS|TAMS 0x000000072f900000, 0x000000072f900000| Complete 
| 220|0x000000072fa00000, 0x000000072fb00000, 0x000000072fb00000|100%| E|CS|TAMS 0x000000072fa00000, 0x000000072fa00000| Complete 
| 221|0x000000072fb00000, 0x000000072fc00000, 0x000000072fc00000|100%| E|CS|TAMS 0x000000072fb00000, 0x000000072fb00000| Complete 
| 222|0x000000072fc00000, 0x000000072fd00000, 0x000000072fd00000|100%| E|CS|TAMS 0x000000072fc00000, 0x000000072fc00000| Complete 
| 223|0x000000072fd00000, 0x000000072fe00000, 0x000000072fe00000|100%| E|CS|TAMS 0x000000072fd00000, 0x000000072fd00000| Complete 

Card table byte_map: [0x0000024345070000,0x0000024345770000] _byte_map_base: 0x0000024341761000

Marking Bits (Prev, Next): (CMBitMap*) 0x000002432d038530, (CMBitMap*) 0x000002432d0384f8
 Prev Bits: [0x0000024349600000, 0x000002434cd88000)
 Next Bits: [0x0000024345e70000, 0x00000243495f8000)

Polling page: 0x000002432b170000

Metaspace:

Usage:
  Non-class:     20.11 MB capacity,    19.74 MB ( 98%) used,   311.55 KB (  2%) free+waste,    59.69 KB ( <1%) overhead. 
      Class:      2.36 MB capacity,     2.12 MB ( 90%) used,   204.77 KB (  8%) free+waste,    31.50 KB (  1%) overhead. 
       Both:     22.46 MB capacity,    21.87 MB ( 97%) used,   516.31 KB (  2%) free+waste,    91.19 KB ( <1%) overhead. 

Virtual space:
  Non-class space:       22.00 MB reserved,      20.25 MB ( 92%) committed 
      Class space:        1.00 GB reserved,       2.38 MB ( <1%) committed 
             Both:        1.02 GB reserved,      22.63 MB (  2%) committed 

Chunk freelists:
   Non-Class:  20.00 KB
       Class:  0 bytes
        Both:  20.00 KB

MaxMetaspaceSize: 17179869184.00 GB
CompressedClassSpaceSize: 1.00 GB

CodeHeap 'non-profiled nmethods': size=120000Kb used=535Kb max_used=535Kb free=119464Kb
 bounds [0x000002433d110000, 0x000002433d380000, 0x0000024344640000]
CodeHeap 'profiled nmethods': size=120000Kb used=2863Kb max_used=2863Kb free=117136Kb
 bounds [0x0000024335be0000, 0x0000024335eb0000, 0x000002433d110000]
CodeHeap 'non-nmethods': size=5760Kb used=1455Kb max_used=1480Kb free=4305Kb
 bounds [0x0000024335640000, 0x00000243358b0000, 0x0000024335be0000]
 total_blobs=2460 nmethods=1515 adapters=856
 compilation: enabled
              stopped_count=0, restarted_count=0
 full_count=0

Compilation events (20 events):
Event: 3.057 Thread 0x00000243501c7000 nmethod 1507 0x0000024335ea9710 code [0x0000024335ea98e0, 0x0000024335ea9ae8]
Event: 3.057 Thread 0x00000243501c7000 1506       3       java.lang.String::valueOf (14 bytes)
Event: 3.057 Thread 0x00000243501c7000 nmethod 1506 0x0000024335ea9b90 code [0x0000024335ea9d60, 0x0000024335ea9f68]
Event: 3.057 Thread 0x00000243501c7000 1504       3       java.nio.HeapCharBuffer::<init> (21 bytes)
Event: 3.058 Thread 0x00000243501c7000 nmethod 1504 0x0000024335eaa010 code [0x0000024335eaa1e0, 0x0000024335eaa428]
Event: 3.058 Thread 0x00000243501c7000 1501       3       java.io.OutputStream::flush (1 bytes)
Event: 3.058 Thread 0x00000243501c7000 nmethod 1501 0x0000024335eaa590 code [0x0000024335eaa740, 0x0000024335eaa838]
Event: 3.058 Thread 0x00000243501c7000 1502  s    3       java.io.BufferedOutputStream::flush (12 bytes)
Event: 3.058 Thread 0x00000243501b9800 nmethod 1480 0x000002433d195310 code [0x000002433d1954a0, 0x000002433d1955d8]
Event: 3.058 Thread 0x00000243501c7000 nmethod 1502 0x0000024335eaa910 code [0x0000024335eaaae0, 0x0000024335eaafd8]
Event: 3.058 Thread 0x00000243501c7000 1508       1       java.util.EventObject::getSource (5 bytes)
Event: 3.058 Thread 0x00000243501c7000 nmethod 1508 0x000002433d195690 code [0x000002433d195840, 0x000002433d1958f8]
Event: 7.265 Thread 0x00000243501c7000 1512       1       sun.java2d.SurfaceData::isValid (5 bytes)
Event: 7.265 Thread 0x00000243501c7000 nmethod 1512 0x000002433d195990 code [0x000002433d195b40, 0x000002433d195bf8]
Event: 7.666 Thread 0x00000243501c7000 1513       1       sun.java2d.SurfaceData::isSurfaceLost (5 bytes)
Event: 7.666 Thread 0x00000243501c7000 nmethod 1513 0x000002433d195c90 code [0x000002433d195e40, 0x000002433d195ef8]
Event: 10.475 Thread 0x00000243501c7000 1514       3       java.util.ArrayList::toArray (57 bytes)
Event: 10.475 Thread 0x00000243501c7000 nmethod 1514 0x0000024335eab110 code [0x0000024335eab300, 0x0000024335eab878]
Event: 11.529 Thread 0x00000243501c7000 1515       3       java.lang.ThreadLocal::get (38 bytes)
Event: 11.529 Thread 0x00000243501c7000 nmethod 1515 0x0000024335eab990 code [0x0000024335eabb80, 0x0000024335eabe68]

GC Heap History (4 events):
Event: 2.174 GC heap before
{Heap before GC invocations=0 (full 0):
 garbage-first heap   total 229376K, used 24576K [0x0000000721e00000, 0x0000000800000000)
  region size 1024K, 24 young (24576K), 0 survivors (0K)
 Metaspace       used 18581K, capacity 19048K, committed 19328K, reserved 1067008K
  class space    used 1683K, capacity 1886K, committed 1920K, reserved 1048576K
}
Event: 2.355 GC heap after
{Heap after GC invocations=1 (full 0):
 garbage-first heap   total 229376K, used 3433K [0x0000000721e00000, 0x0000000800000000)
  region size 1024K, 3 young (3072K), 3 survivors (3072K)
 Metaspace       used 18581K, capacity 19048K, committed 19328K, reserved 1067008K
  class space    used 1683K, capacity 1886K, committed 1920K, reserved 1048576K
}
Event: 2.747 GC heap before
{Heap before GC invocations=1 (full 0):
 garbage-first heap   total 229376K, used 11625K [0x0000000721e00000, 0x0000000800000000)
  region size 1024K, 12 young (12288K), 3 survivors (3072K)
 Metaspace       used 20639K, capacity 21120K, committed 21248K, reserved 1069056K
  class space    used 1967K, capacity 2195K, committed 2304K, reserved 1048576K
}
Event: 2.754 GC heap after
{Heap after GC invocations=2 (full 0):
 garbage-first heap   total 229376K, used 5089K [0x0000000721e00000, 0x0000000800000000)
  region size 1024K, 5 young (5120K), 5 survivors (5120K)
 Metaspace       used 20639K, capacity 21120K, committed 21248K, reserved 1069056K
  class space    used 1967K, capacity 2195K, committed 2304K, reserved 1048576K
}

Deoptimization events (20 events):
Event: 1.654 Thread 0x000002435089b000 DEOPT PACKING pc=0x0000024335c7915b sp=0x000000fbdcaf9710
Event: 1.654 Thread 0x000002435089b000 DEOPT UNPACKING pc=0x000002433566754e sp=0x000000fbdcaf8b88 mode 0
Event: 2.172 Thread 0x00000243571c2000 DEOPT PACKING pc=0x0000024335cffdc2 sp=0x000000fbdd7fd5c0
Event: 2.172 Thread 0x00000243571c2000 DEOPT UNPACKING pc=0x000002433566754e sp=0x000000fbdd7fca28 mode 0
Event: 2.634 Thread 0x00000243571c2000 DEOPT PACKING pc=0x0000024335de9ad6 sp=0x000000fbdd7fd000
Event: 2.634 Thread 0x00000243571c2000 DEOPT UNPACKING pc=0x000002433566754e sp=0x000000fbdd7fc4a8 mode 0
Event: 2.654 Thread 0x000002435089b000 Uncommon trap: trap_request=0xffffff4d fr.pc=0x000002433d1712a4 relative=0x0000000000000084
Event: 2.654 Thread 0x000002435089b000 Uncommon trap: reason=unstable_if action=reinterpret pc=0x000002433d1712a4 method=java.lang.reflect.AccessibleObject.checkCanSetAccessible(Ljava/lang/Class;Ljava/lang/Class;Z)Z @ 30 c2
Event: 2.654 Thread 0x000002435089b000 DEOPT PACKING pc=0x000002433d1712a4 sp=0x000000fbdcafb220
Event: 2.654 Thread 0x000002435089b000 DEOPT UNPACKING pc=0x000002433566772f sp=0x000000fbdcafb180 mode 2
Event: 2.698 Thread 0x000002435089b000 Uncommon trap: trap_request=0xffffff4d fr.pc=0x000002433d15cfb8 relative=0x0000000000000298
Event: 2.698 Thread 0x000002435089b000 Uncommon trap: reason=unstable_if action=reinterpret pc=0x000002433d15cfb8 method=java.lang.StringUTF16.compress([CI[BII)I @ 20 c2
Event: 2.698 Thread 0x000002435089b000 DEOPT PACKING pc=0x000002433d15cfb8 sp=0x000000fbdcaf7ce0
Event: 2.698 Thread 0x000002435089b000 DEOPT UNPACKING pc=0x000002433566772f sp=0x000000fbdcaf7c60 mode 2
Event: 2.757 Thread 0x000002435089b000 DEOPT PACKING pc=0x0000024335cdffd0 sp=0x000000fbdcafa880
Event: 2.757 Thread 0x000002435089b000 DEOPT UNPACKING pc=0x000002433566754e sp=0x000000fbdcaf9d08 mode 0
Event: 2.968 Thread 0x000002435089b000 Uncommon trap: trap_request=0xffffff4d fr.pc=0x000002433d1493d0 relative=0x0000000000000630
Event: 2.968 Thread 0x000002435089b000 Uncommon trap: reason=unstable_if action=reinterpret pc=0x000002433d1493d0 method=jdk.internal.org.objectweb.asm.Frame.push(Ljdk/internal/org/objectweb/asm/ClassWriter;Ljava/lang/String;)V @ 24 c2
Event: 2.968 Thread 0x000002435089b000 DEOPT PACKING pc=0x000002433d1493d0 sp=0x000000fbdcafb1d0
Event: 2.968 Thread 0x000002435089b000 DEOPT UNPACKING pc=0x000002433566772f sp=0x000000fbdcafb0f0 mode 2

Classes redefined (0 events):
No events

Internal exceptions (20 events):
Event: 1.279 Thread 0x000002435089b000 Exception <a 'java/lang/NoSuchMethodError'{0x000000072f23c2a8}: 'java.lang.Object java.lang.invoke.DirectMethodHandle$Holder.invokeStatic(java.lang.Object, long)'> (0x000000072f23c2a8) thrown at [./src/hotspot/share/interpreter/linkResolver.cpp, line 773]
Event: 1.281 Thread 0x000002435089b000 Exception <a 'java/lang/NoSuchMethodError'{0x000000072f24a3c8}: 'java.lang.Object java.lang.invoke.DirectMethodHandle$Holder.invokeStaticInit(java.lang.Object, java.lang.Object, long, java.lang.Object)'> (0x000000072f24a3c8) thrown at [./src/hotspot/share/interpreter/linkResolver.cpp, line 773]
Event: 1.282 Thread 0x000002435089b000 Exception <a 'java/lang/NoSuchMethodError'{0x000000072f250278}: 'java.lang.Object java.lang.invoke.DirectMethodHandle$Holder.invokeStatic(java.lang.Object, java.lang.Object, long)'> (0x000000072f250278) thrown at [./src/hotspot/share/interpreter/linkResolver.cpp, line 773]
Event: 1.282 Thread 0x000002435089b000 Exception <a 'java/lang/NoSuchMethodError'{0x000000072f256548}: 'java.lang.Object java.lang.invoke.Invokers$Holder.linkToTargetMethod(java.lang.Object, long, java.lang.Object)'> (0x000000072f256548) thrown at [./src/hotspot/share/interpreter/linkResolver.cpp, line 773]
Event: 2.679 Thread 0x000002435089b000 Exception <a 'java/lang/NoSuchMethodError'{0x000000072f74a360}: 'void java.lang.invoke.DirectMethodHandle$Holder.invokeStaticInit(java.lang.Object)'> (0x000000072f74a360) thrown at [./src/hotspot/share/interpreter/linkResolver.cpp, line 773]
Event: 2.717 Thread 0x000002435089b000 Exception <a 'java/lang/NoSuchMethodError'{0x000000072f50f0d0}: 'java.lang.Object java.lang.invoke.DirectMethodHandle$Holder.invokeStatic(java.lang.Object, java.lang.Object, java.lang.Object, java.lang.Object, java.lang.Object, java.lang.Object, java.lang.Object, java.lang.Object, java.lang.Object, java.lang.Object, java.lang.Object, int)'> (0x000000072f50f0d0) thrown at [./src/hotspot/share/interpreter/linkResolver.cpp, line 773]
Event: 2.718 Thread 0x000002435089b000 Exception <a 'java/lang/NoSuchMethodError'{0x000000072f52d2d8}: 'java.lang.Object java.lang.invoke.DirectMethodHandle$Holder.invokeStatic(java.lang.Object, java.lang.Object, java.lang.Object, java.lang.Object, java.lang.Object, java.lang.Object, java.lang.Object, java.lang.Object, java.lang.Object, java.lang.Object, java.lang.Object, int, int)'> (0x000000072f52d2d8) thrown at [./src/hotspot/share/interpreter/linkResolver.cpp, line 773]
Event: 2.719 Thread 0x000002435089b000 Exception <a 'java/lang/NoSuchMethodError'{0x000000072f54c270}: 'java.lang.Object java.lang.invoke.DirectMethodHandle$Holder.invokeStatic(java.lang.Object, java.lang.Object, java.lang.Object, java.lang.Object, java.lang.Object, java.lang.Object, java.lang.Object, java.lang.Object, java.lang.Object, java.lang.Object, java.lang.Object, int, int, java.lang.Object)'> (0x000000072f54c270) thrown at [./src/hotspot/share/interpreter/linkResolver.cpp, line 773]
Event: 2.720 Thread 0x000002435089b000 Exception <a 'java/lang/NoSuchMethodError'{0x000000072f5582c8}: 'java.lang.Object java.lang.invoke.Invokers$Holder.linkToTargetMethod(java.lang.Object, int, java.lang.Object)'> (0x000000072f5582c8) thrown at [./src/hotspot/share/interpreter/linkResolver.cpp, line 773]
Event: 2.734 Thread 0x000002435089b000 Exception <a 'java/lang/reflect/InvocationTargetException'{0x000000072f569910}> (0x000000072f569910) thrown at [./src/hotspot/share/runtime/reflection.cpp, line 1247]
Event: 2.911 Thread 0x000002435089b000 Exception <a 'java/lang/NoSuchMethodError'{0x000000072fcffce8}: 'java.lang.Object java.lang.invoke.DirectMethodHandle$Holder.invokeStatic(java.lang.Object, java.lang.Object, java.lang.Object, java.lang.Object, java.lang.Object, java.lang.Object, java.lang.Object, java.lang.Object, java.lang.Object, java.lang.Object, java.lang.Object, int, int, java.lang.Object, java.lang.Object)'> (0x000000072fcffce8) thrown at [./src/hotspot/share/interpreter/linkResolver.cpp, line 773]
Event: 2.933 Thread 0x000002435089b000 Exception <a 'java/lang/NoSuchMethodError'{0x000000072fb64038}: 'java.lang.Object java.lang.invoke.DirectMethodHandle$Holder.invokeStaticInit(java.lang.Object, java.lang.Object, java.lang.Object)'> (0x000000072fb64038) thrown at [./src/hotspot/share/interpreter/linkResolver.cpp, line 773]
Event: 2.957 Thread 0x000002435089b000 Exception <a 'java/lang/NoSuchMethodError'{0x000000072fa17828}: 'void java.lang.invoke.DirectMethodHandle$Holder.invokeStaticInit(java.lang.Object, java.lang.Object, java.lang.Object)'> (0x000000072fa17828) thrown at [./src/hotspot/share/interpreter/linkResolver.cpp, line 773]
Event: 2.968 Thread 0x000002435089b000 Exception <a 'java/lang/NoSuchMethodError'{0x000000072fa52848}: 'double java.lang.invoke.DirectMethodHandle$Holder.invokeStatic(java.lang.Object, java.lang.Object)'> (0x000000072fa52848) thrown at [./src/hotspot/share/interpreter/linkResolver.cpp, line 773]
Event: 2.968 Thread 0x000002435089b000 Exception <a 'java/lang/NoSuchMethodError'{0x000000072fa558f8}: 'double java.lang.invoke.DirectMethodHandle$Holder.invokeStaticInit(java.lang.Object, java.lang.Object)'> (0x000000072fa558f8) thrown at [./src/hotspot/share/interpreter/linkResolver.cpp, line 773]
Event: 2.970 Thread 0x000002435089b000 Exception <a 'java/lang/NoSuchMethodError'{0x000000072fa5bc58}: 'void java.lang.invoke.DirectMethodHandle$Holder.invokeSpecial(java.lang.Object, java.lang.Object, double)'> (0x000000072fa5bc58) thrown at [./src/hotspot/share/interpreter/linkResolver.cpp, line 773]
Event: 3.049 Thread 0x000002435089b000 Exception <a 'com/jogamp/opengl/GLException'{0x000000072f9b1e40}> (0x000000072f9b1e40) thrown at [./src/hotspot/share/prims/jvm.cpp, line 1301]
Event: 3.049 Thread 0x000002435089b000 Exception <a 'com/jogamp/opengl/GLException'{0x000000072f9b1e40}> (0x000000072f9b1e40) thrown at [./src/hotspot/share/prims/jvm.cpp, line 1301]
Event: 3.055 Thread 0x000002435089b000 Exception <a 'com/jogamp/opengl/GLException'{0x000000072f9bd308}> (0x000000072f9bd308) thrown at [./src/hotspot/share/prims/jvm.cpp, line 1301]
Event: 3.055 Thread 0x000002435089b000 Exception <a 'com/jogamp/opengl/GLException'{0x000000072f9bd308}> (0x000000072f9bd308) thrown at [./src/hotspot/share/prims/jvm.cpp, line 1301]

Events (20 events):
Event: 11.529 Thread 0x000002435b5ac800 Thread added: 0x000002435b5ac800
Event: 11.529 Thread 0x0000024350d56000 Thread added: 0x0000024350d56000
Event: 11.530 Thread 0x0000024350d57000 Thread added: 0x0000024350d57000
Event: 11.530 Executing VM operation: RevokeBias
Event: 11.533 Executing VM operation: RevokeBias done
Event: 11.533 Executing VM operation: RevokeBias
Event: 11.533 Executing VM operation: RevokeBias done
Event: 11.533 Executing VM operation: RevokeBias
Event: 11.533 Executing VM operation: RevokeBias done
Event: 11.533 Thread 0x0000024350d57000 Thread exited: 0x0000024350d57000
Event: 11.533 Executing VM operation: RevokeBias
Event: 11.533 Executing VM operation: RevokeBias done
Event: 11.534 Thread 0x000002435aa82000 Thread exited: 0x000002435aa82000
Event: 11.534 Executing VM operation: RevokeBias
Event: 11.534 Executing VM operation: RevokeBias done
Event: 11.534 Executing VM operation: RevokeBias
Event: 11.534 Executing VM operation: RevokeBias done
Event: 11.534 loading class java/nio/channels/ClosedChannelException
Event: 11.534 loading class java/nio/channels/ClosedChannelException done
Event: 11.534 Thread 0x0000024350d56000 Thread exited: 0x0000024350d56000


Dynamic libraries:
0x00007ff66a9a0000 - 0x00007ff66a9ad000 	C:\Program Files\AdoptOpenJDK\jdk-11.0.8.10-hotspot\bin\java.exe
0x00007ffff3b00000 - 0x00007ffff3cf0000 	C:\WINDOWS\SYSTEM32\ntdll.dll
0x00007ffff2900000 - 0x00007ffff29b2000 	C:\WINDOWS\System32\KERNEL32.DLL
0x00007ffff1700000 - 0x00007ffff19a5000 	C:\WINDOWS\System32\KERNELBASE.dll
0x00007ffff15b0000 - 0x00007ffff16aa000 	C:\WINDOWS\System32\ucrtbase.dll
0x00007fffcf560000 - 0x00007fffcf577000 	C:\Program Files\AdoptOpenJDK\jdk-11.0.8.10-hotspot\bin\jli.dll
0x00007fffcd1c0000 - 0x00007fffcd1d5000 	C:\Program Files\AdoptOpenJDK\jdk-11.0.8.10-hotspot\bin\VCRUNTIME140.dll
0x00007fffd2430000 - 0x00007fffd26b4000 	C:\WINDOWS\WinSxS\amd64_microsoft.windows.common-controls_6595b64144ccf1df_6.0.18362.1198_none_9e820b57e45ad92f\COMCTL32.dll
0x00007ffff1cd0000 - 0x00007ffff1e64000 	C:\WINDOWS\System32\USER32.dll
0x00007ffff25f0000 - 0x00007ffff268e000 	C:\WINDOWS\System32\msvcrt.dll
0x00007ffff0bd0000 - 0x00007ffff0bf1000 	C:\WINDOWS\System32\win32u.dll
0x00007ffff29c0000 - 0x00007ffff2cf5000 	C:\WINDOWS\System32\combase.dll
0x00007ffff20e0000 - 0x00007ffff2106000 	C:\WINDOWS\System32\GDI32.dll
0x00007ffff1bb0000 - 0x00007ffff1cd0000 	C:\WINDOWS\System32\RPCRT4.dll
0x00007ffff1a10000 - 0x00007ffff1ba6000 	C:\WINDOWS\System32\gdi32full.dll
0x00007ffff1470000 - 0x00007ffff150e000 	C:\WINDOWS\System32\msvcp_win.dll
0x00007ffff1510000 - 0x00007ffff1590000 	C:\WINDOWS\System32\bcryptPrimitives.dll
0x00007ffff2110000 - 0x00007ffff213e000 	C:\WINDOWS\System32\IMM32.DLL
0x00007fffb7870000 - 0x00007fffb790b000 	C:\Program Files\AdoptOpenJDK\jdk-11.0.8.10-hotspot\bin\msvcp140.dll
0x00007fff7f360000 - 0x00007fff7fe1d000 	C:\Program Files\AdoptOpenJDK\jdk-11.0.8.10-hotspot\bin\server\jvm.dll
0x00007ffff3a10000 - 0x00007ffff3ab3000 	C:\WINDOWS\System32\ADVAPI32.dll
0x00007ffff2860000 - 0x00007ffff28f7000 	C:\WINDOWS\System32\sechost.dll
0x00007ffff27e0000 - 0x00007ffff27e8000 	C:\WINDOWS\System32\PSAPI.DLL
0x00007fffeb610000 - 0x00007fffeb619000 	C:\WINDOWS\SYSTEM32\WSOCK32.dll
0x00007fffe5300000 - 0x00007fffe5324000 	C:\WINDOWS\SYSTEM32\WINMM.dll
0x00007fffe5200000 - 0x00007fffe520a000 	C:\WINDOWS\SYSTEM32\VERSION.dll
0x00007ffff27f0000 - 0x00007ffff285f000 	C:\WINDOWS\System32\WS2_32.dll
0x00007fffe52d0000 - 0x00007fffe52fd000 	C:\WINDOWS\SYSTEM32\winmmbase.dll
0x00007ffff16b0000 - 0x00007ffff16fa000 	C:\WINDOWS\System32\cfgmgr32.dll
0x00007ffff0a10000 - 0x00007ffff0a21000 	C:\WINDOWS\System32\kernel.appcore.dll
0x00007fffea640000 - 0x00007fffea650000 	C:\Program Files\AdoptOpenJDK\jdk-11.0.8.10-hotspot\bin\verify.dll
0x00007fffef370000 - 0x00007fffef564000 	C:\WINDOWS\SYSTEM32\DBGHELP.DLL
0x00007fffe8330000 - 0x00007fffe835a000 	C:\WINDOWS\SYSTEM32\dbgcore.DLL
0x00007fffcabf0000 - 0x00007fffcac18000 	C:\Program Files\AdoptOpenJDK\jdk-11.0.8.10-hotspot\bin\java.dll
0x00007fffe7c90000 - 0x00007fffe7c9a000 	C:\Program Files\AdoptOpenJDK\jdk-11.0.8.10-hotspot\bin\jimage.dll
0x00007fffe7ca0000 - 0x00007fffe7cae000 	C:\Program Files\AdoptOpenJDK\jdk-11.0.8.10-hotspot\bin\instrument.dll
0x00007fffcc4d0000 - 0x00007fffcc4e7000 	C:\Program Files\AdoptOpenJDK\jdk-11.0.8.10-hotspot\bin\zip.dll
0x00007ffff2d60000 - 0x00007ffff3447000 	C:\WINDOWS\System32\SHELL32.dll
0x00007ffff2220000 - 0x00007ffff22c9000 	C:\WINDOWS\System32\shcore.dll
0x00007ffff0c30000 - 0x00007ffff13b1000 	C:\WINDOWS\System32\windows.storage.dll
0x00007ffff09c0000 - 0x00007ffff09e3000 	C:\WINDOWS\System32\profapi.dll
0x00007ffff0a30000 - 0x00007ffff0a7a000 	C:\WINDOWS\System32\powrprof.dll
0x00007ffff09b0000 - 0x00007ffff09c0000 	C:\WINDOWS\System32\UMPDC.dll
0x00007ffff39b0000 - 0x00007ffff3a02000 	C:\WINDOWS\System32\shlwapi.dll
0x00007ffff1590000 - 0x00007ffff15a7000 	C:\WINDOWS\System32\cryptsp.dll
0x00007fffc9e10000 - 0x00007fffc9e29000 	C:\Program Files\AdoptOpenJDK\jdk-11.0.8.10-hotspot\bin\net.dll
0x00007fffe9e90000 - 0x00007fffe9f80000 	C:\WINDOWS\SYSTEM32\WINHTTP.dll
0x00007ffff01a0000 - 0x00007ffff0207000 	C:\WINDOWS\system32\mswsock.dll
0x00007fffc7a80000 - 0x00007fffc7a92000 	C:\Program Files\AdoptOpenJDK\jdk-11.0.8.10-hotspot\bin\nio.dll
0x00007fffe4400000 - 0x00007fffe441a000 	C:\Program Files\JetBrains\IntelliJ IDEA Community Edition 2020.2.2\bin\breakgen64.dll
0x00007fffa0750000 - 0x00007fffa08e9000 	C:\Program Files\AdoptOpenJDK\jdk-11.0.8.10-hotspot\bin\awt.dll
0x00007ffff3470000 - 0x00007ffff3535000 	C:\WINDOWS\System32\OLEAUT32.dll
0x00007fffee810000 - 0x00007fffee89f000 	C:\WINDOWS\SYSTEM32\apphelp.dll
0x00007fffee9b0000 - 0x00007fffeea49000 	C:\WINDOWS\system32\uxtheme.dll
0x00007ffff2690000 - 0x00007ffff27c5000 	C:\WINDOWS\System32\MSCTF.dll
0x00007ffff2490000 - 0x00007ffff25e7000 	C:\WINDOWS\System32\ole32.dll
0x00007fffeede0000 - 0x00007fffeee0d000 	C:\WINDOWS\system32\DWMAPI.DLL
0x00007fffa2a90000 - 0x00007fffa2be6000 	C:\WINDOWS\system32\opengl32.dll
0x00007fffc51d0000 - 0x00007fffc51fc000 	C:\WINDOWS\SYSTEM32\GLU32.dll
0x00007fffef5f0000 - 0x00007fffef610000 	C:\WINDOWS\SYSTEM32\dxcore.dll
0x00007fffb5230000 - 0x00007fffb53f7000 	C:\WINDOWS\system32\d3d9.dll
0x00007fffefd10000 - 0x00007fffefd43000 	C:\WINDOWS\system32\rsaenh.dll
0x00007ffff0c00000 - 0x00007ffff0c26000 	C:\WINDOWS\System32\bcrypt.dll
0x00007ffff08d0000 - 0x00007ffff08f5000 	C:\WINDOWS\SYSTEM32\USERENV.dll
0x00007ffff0370000 - 0x00007ffff037c000 	C:\WINDOWS\SYSTEM32\CRYPTBASE.dll
0x00007fffefeb0000 - 0x00007fffefeea000 	C:\WINDOWS\SYSTEM32\IPHLPAPI.DLL
0x00007ffff27d0000 - 0x00007ffff27d8000 	C:\WINDOWS\System32\NSI.dll
0x00007fffe86b0000 - 0x00007fffe86c6000 	C:\WINDOWS\SYSTEM32\dhcpcsvc6.DLL
0x00007fffe9230000 - 0x00007fffe924c000 	C:\WINDOWS\SYSTEM32\dhcpcsvc.DLL
0x00007fffefef0000 - 0x00007fffeffbb000 	C:\WINDOWS\SYSTEM32\DNSAPI.dll
0x00000000637c0000 - 0x00000000637cd000 	C:\Users\Hanna\AppData\Local\Temp\jogamp_0000\file_cache\jln8490217872607384932\jln7031377169770912555\natives\windows-amd64\gluegen-rt.dll
0x00007fffe64f0000 - 0x00007fffe64f7000 	C:\Program Files\AdoptOpenJDK\jdk-11.0.8.10-hotspot\bin\jawt.dll
0x000000006a440000 - 0x000000006a44d000 	C:\Users\Hanna\AppData\Local\Temp\jogamp_0000\file_cache\jln8490217872607384932\jln7031377169770912555\natives\windows-amd64\nativewindow_awt.dll
0x000000006c100000 - 0x000000006c10f000 	C:\Users\Hanna\AppData\Local\Temp\jogamp_0000\file_cache\jln8490217872607384932\jln7031377169770912555\natives\windows-amd64\nativewindow_win32.dll
0x0000000064500000 - 0x00000000645b1000 	C:\Users\Hanna\AppData\Local\Temp\jogamp_0000\file_cache\jln8490217872607384932\jln7031377169770912555\natives\windows-amd64\jogl_desktop.dll
0x00007fff87f60000 - 0x00007fff8814f000 	C:\Program Files\Autodesk\AliasAutoStudio2021\bin\libGLESv2.dll
0x00007fffe4d10000 - 0x00007fffe4d19000 	C:\Program Files\Autodesk\AliasAutoStudio2021\bin\libEGL.dll
0x0000000064340000 - 0x00000000643a2000 	C:\Users\Hanna\AppData\Local\Temp\jogamp_0000\file_cache\jln8490217872607384932\jln7031377169770912555\natives\windows-amd64\jogl_mobile.dll
0x00007fffeaab0000 - 0x00007fffeaada000 	C:\WINDOWS\System32\DriverStore\FileRepository\u0359160.inf_amd64_2abe2598d9a3141f\B358802\atig6pxx.dll
0x00007fff8bb10000 - 0x00007fff8e822000 	C:\WINDOWS\System32\DriverStore\FileRepository\u0359160.inf_amd64_2abe2598d9a3141f\B358802\atio6axx.dll
0x00007ffff3540000 - 0x00007ffff39b0000 	C:\WINDOWS\System32\SETUPAPI.dll
0x00007fffe51d0000 - 0x00007fffe51f3000 	C:\WINDOWS\SYSTEM32\dxva2.dll
0x00007fffeaae0000 - 0x00007fffeab1c000 	C:\WINDOWS\System32\DriverStore\FileRepository\u0359160.inf_amd64_2abe2598d9a3141f\B358802\atig6txx.dll
0x00007fff98cc0000 - 0x00007fff98e7c000 	C:\WINDOWS\SYSTEM32\atiadlxx.dll
0x00007fffed130000 - 0x00007fffed220000 	C:\WINDOWS\SYSTEM32\PROPSYS.dll
0x00007ffff07a0000 - 0x00007ffff07ca000 	C:\WINDOWS\SYSTEM32\DEVOBJ.dll
0x00007ffff19b0000 - 0x00007ffff1a0c000 	C:\WINDOWS\System32\WINTRUST.dll
0x00007ffff09f0000 - 0x00007ffff0a02000 	C:\WINDOWS\System32\MSASN1.dll
0x00007ffff0a80000 - 0x00007ffff0bc9000 	C:\WINDOWS\System32\CRYPT32.dll
0x00007fffa27f0000 - 0x00007fffa2872000 	C:\Program Files\AdoptOpenJDK\jdk-11.0.8.10-hotspot\bin\freetype.dll
0x00007fffa16b0000 - 0x00007fffa1756000 	C:\Program Files\AdoptOpenJDK\jdk-11.0.8.10-hotspot\bin\fontmanager.dll
0x00007fffebf70000 - 0x00007fffec00e000 	C:\WINDOWS\System32\TextInputFramework.dll
0x00007fffe4760000 - 0x00007fffe4a8a000 	C:\WINDOWS\System32\CoreUIComponents.dll
0x00007fffee5c0000 - 0x00007fffee694000 	C:\WINDOWS\System32\CoreMessaging.dll
0x00007fffef9f0000 - 0x00007fffefa21000 	C:\WINDOWS\SYSTEM32\ntmarta.dll
0x00007fffec790000 - 0x00007fffec8e3000 	C:\WINDOWS\SYSTEM32\wintypes.dll
0x00007fffde4d0000 - 0x00007fffde535000 	C:\WINDOWS\system32\Oleacc.dll
0x00007fffe5520000 - 0x00007fffe57c7000 	C:\WINDOWS\System32\iertutil.dll

dbghelp: loaded successfully - version: 4.0.5 - missing functions: none
symbol engine: initialized successfully - sym options: 0x614 - pdb path: .;C:\Program Files\AdoptOpenJDK\jdk-11.0.8.10-hotspot\bin;C:\WINDOWS\SYSTEM32;C:\WINDOWS\WinSxS\amd64_microsoft.windows.common-controls_6595b64144ccf1df_6.0.18362.1198_none_9e820b57e45ad92f;C:\Program Files\AdoptOpenJDK\jdk-11.0.8.10-hotspot\bin\server;C:\Program Files\JetBrains\IntelliJ IDEA Community Edition 2020.2.2\bin;C:\WINDOWS\System32\DriverStore\FileRepository\u0359160.inf_amd64_2abe2598d9a3141f\B358802;C:\Users\Hanna\AppData\Local\Temp\jogamp_0000\file_cache\jln8490217872607384932\jln7031377169770912555\natives\windows-amd64;C:\Program Files\Autodesk\AliasAutoStudio2021\bin

VM Arguments:
jvm_args: -javaagent:C:\Program Files\JetBrains\IntelliJ IDEA Community Edition 2020.2.2\lib\idea_rt.jar=57109:C:\Program Files\JetBrains\IntelliJ IDEA Community Edition 2020.2.2\bin -Dfile.encoding=UTF-8 
java_command: StartCodeMainWindowPP
java_class_path (initial): C:\Users\Hanna\IdeaProjects\JoglModelLoadGeometryPP\out\production\JoglModelLoadGeometryPP;C:\Users\Hanna\IdeaProjects\JoglModelLoadGeometryPP\lib\OBJLoader-3.0.0.jar;C:\Program Files\Java\jogl\jogamp-all-platforms\jar\gluegen-rt.jar;C:\Program Files\Java\jogl\jogamp-all-platforms\jar\jogl-all.jar
Launcher Type: SUN_STANDARD

[Global flags]
     intx CICompilerCount                          = 4                                         {product} {ergonomic}
     uint ConcGCThreads                            = 2                                         {product} {ergonomic}
     uint G1ConcRefinementThreads                  = 8                                         {product} {ergonomic}
   size_t G1HeapRegionSize                         = 1048576                                   {product} {ergonomic}
    uintx GCDrainStackTargetSize                   = 64                                        {product} {ergonomic}
   size_t InitialHeapSize                          = 234881024                                 {product} {ergonomic}
   size_t MarkStackSize                            = 4194304                                   {product} {ergonomic}
   size_t MaxHeapSize                              = 3726639104                                {product} {ergonomic}
   size_t MaxNewSize                               = 2235564032                                {product} {ergonomic}
   size_t MinHeapDeltaBytes                        = 1048576                                   {product} {ergonomic}
    uintx NonNMethodCodeHeapSize                   = 5836300                                {pd product} {ergonomic}
    uintx NonProfiledCodeHeapSize                  = 122910970                              {pd product} {ergonomic}
    uintx ProfiledCodeHeapSize                     = 122910970                              {pd product} {ergonomic}
    uintx ReservedCodeCacheSize                    = 251658240                              {pd product} {ergonomic}
     bool SegmentedCodeCache                       = true                                      {product} {ergonomic}
     bool UseCompressedClassPointers               = true                                 {lp64_product} {ergonomic}
     bool UseCompressedOops                        = true                                 {lp64_product} {ergonomic}
     bool UseG1GC                                  = true                                      {product} {ergonomic}
     bool UseLargePagesIndividualAllocation        = false                                  {pd product} {ergonomic}

Logging:
Log output configuration:
 #0: stdout all=warning uptime,level,tags
 #1: stderr all=off uptime,level,tags

Environment Variables:
JAVA_HOME=C:\Program Files\Java\jdk-13
JRE_HOME=C:\Program Files\Java\jdk-13
PATH=C:\Program Files\AdoptOpenJDK\jdk-11.0.8.10-hotspot\bin;C:\Program Files\Autodesk\AliasAutoStudio2021\bin;C:\Program Files (x86)\NVIDIA Corporation\PhysX\Common;C:\WINDOWS\system32;C:\WINDOWS;C:\WINDOWS\System32\Wbem;C:\WINDOWS\System32\WindowsPowerShell\v1.0\;C:\WINDOWS\System32\OpenSSH\;C:\Program Files\Java\jdk-13\bin;C:\Program Files\Microsoft SQL Server\Client SDK\ODBC\110\Tools\Binn\;C:\Program Files (x86)\Microsoft SQL Server\120\Tools\Binn\;C:\Program Files\Microsoft SQL Server\120\Tools\Binn\;C:\Program Files\Microsoft SQL Server\120\DTS\Binn\;C:\Program Files (x86)\Windows Kits\8.1\Windows Performance Toolkit\;C:\Users\Hanna\AppData\Local\Microsoft\WindowsApps;C:\Users\Hanna\AppData\Local\atom\bin;C:\Program Files\JetBrains\IntelliJ IDEA Community Edition 2020.2.2\bin;
USERNAME=Hanna
OS=Windows_NT
PROCESSOR_IDENTIFIER=AMD64 Family 23 Model 24 Stepping 1, AuthenticAMD



---------------  S Y S T E M  ---------------

OS: Windows 10 , 64 bit Build 18362 (10.0.18362.1110)
OS uptime: 5 days 3:31 hours

CPU:total 8 (initial active 8) (8 cores per cpu, 2 threads per core) family 23 model 24 stepping 1, cmov, cx8, fxsr, mmx, sse, sse2, sse3, ssse3, sse4.1, sse4.2, popcnt, avx, avx2, aes, clmul, mmxext, 3dnowpref, lzcnt, sse4a, ht, tsc, tscinvbit, tscinv, bmi1, bmi2, adx, sha, fma

Memory: 4k page, system-wide physical 14213M (6422M free)
TotalPageFile size 29573M (AvailPageFile size 16796M)
current process WorkingSet (physical memory assigned to process): 137M, peak: 157M
current process commit charge ("private bytes"): 433M, peak: 456M

vm_info: OpenJDK 64-Bit Server VM (11.0.8+10) for windows-amd64 JRE (11.0.8+10), built on Jul 15 2020 11:45:54 by "" with MS VC++ 15.9 (VS2017)

END.
