#
# A fatal error has been detected by the Java Runtime Environment:
#
#  EXCEPTION_ACCESS_VIOLATION (0xc0000005) at pc=0x00007ffc44cc6100, pid=9048, tid=18640
#
# JRE version: OpenJDK Runtime Environment AdoptOpenJDK (11.0.8+10) (build 11.0.8+10)
# Java VM: OpenJDK 64-Bit Server VM AdoptOpenJDK (11.0.8+10, mixed mode, tiered, compressed oops, g1 gc, windows-amd64)
# Problematic frame:
# C  [atio6axx.dll+0xb06100]
#
# No core dump will be written. Minidumps are not enabled by default on client versions of Windows
#
# If you would like to submit a bug report, please visit:
#   https://github.com/AdoptOpenJDK/openjdk-support/issues
# The crash happened outside the Java Virtual Machine in native code.
# See problematic frame for where to report the bug.
#

---------------  S U M M A R Y ------------

Command Line: --module-path=C:\Users\Hanna\installs\javafx-sdk-11.0.2\lib --add-modules=javafx.controls,javafx.fxml,javafx.swing --add-exports=javafx.base/com.sun.javafx.event=ALL-UNNAMED -javaagent:C:\Program Files\JetBrains\IntelliJ IDEA Community Edition 2020.2.2\lib\idea_rt.jar=50858:C:\Program Files\JetBrains\IntelliJ IDEA Community Edition 2020.2.2\bin -Dfile.encoding=UTF-8 StartCodeMainWindowPP

Host: AMD Ryzen 7 3700U with Radeon Vega Mobile Gfx  , 8 cores, 13G,  Windows 10 , 64 bit Build 18362 (10.0.18362.1110)
Time: Mon Dec  7 17:35:31 2020 Mitteleuropäische Zeit elapsed time: 7 seconds (0d 0h 0m 7s)

---------------  T H R E A D  ---------------

Current thread (0x0000019c6aaf5000):  JavaThread "AWT-EventQueue-0" [_thread_in_native, id=18640, stack(0x00000088b2f00000,0x00000088b3000000)]

Stack: [0x00000088b2f00000,0x00000088b3000000],  sp=0x00000088b2ffadd0,  free space=1003k
Native frames: (J=compiled Java code, j=interpreted, Vv=VM code, C=native code)
C  [atio6axx.dll+0xb06100]

Java frames: (J=compiled Java code, j=interpreted, Vv=VM code)
j  jogamp.opengl.gl4.GL4bcImpl.dispatch_glDeleteVertexArrays1(ILjava/lang/Object;IZJ)V+0
j  jogamp.opengl.gl4.GL4bcImpl.glDeleteVertexArrays(I[II)V+101
j  StartRendererPP.dispose(Lcom/jogamp/opengl/GLAutoDrawable;)V+62
j  jogamp.opengl.GLDrawableHelper.disposeAllGLEventListener(Lcom/jogamp/opengl/GLAutoDrawable;Z)I+155
j  jogamp.opengl.GLDrawableHelper.disposeGL(Lcom/jogamp/opengl/GLAutoDrawable;Lcom/jogamp/opengl/GLContext;Z)V+119
j  com.jogamp.opengl.awt.GLCanvas$8.run()V+170
j  com.jogamp.opengl.Threading.invoke(ZLjava/lang/Runnable;Ljava/lang/Object;)V+27
j  com.jogamp.opengl.awt.GLCanvas.destroyImpl(Z)V+9
j  com.jogamp.opengl.awt.GLCanvas$2.run()V+5
j  com.jogamp.nativewindow.awt.AWTWindowClosingProtocol$WindowClosingAdapter.windowClosing(Ljava/awt/event/WindowEvent;)V+22
j  java.awt.AWTEventMulticaster.windowClosing(Ljava/awt/event/WindowEvent;)V+21 java.desktop@11.0.8
j  java.awt.Window.processWindowEvent(Ljava/awt/event/WindowEvent;)V+68 java.desktop@11.0.8
j  javax.swing.JFrame.processWindowEvent(Ljava/awt/event/WindowEvent;)V+2 java.desktop@11.0.8
j  java.awt.Window.processEvent(Ljava/awt/AWTEvent;)V+69 java.desktop@11.0.8
j  java.awt.Component.dispatchEventImpl(Ljava/awt/AWTEvent;)V+496 java.desktop@11.0.8
j  java.awt.Container.dispatchEventImpl(Ljava/awt/AWTEvent;)V+42 java.desktop@11.0.8
j  java.awt.Window.dispatchEventImpl(Ljava/awt/AWTEvent;)V+19 java.desktop@11.0.8
j  java.awt.Component.dispatchEvent(Ljava/awt/AWTEvent;)V+2 java.desktop@11.0.8
j  java.awt.EventQueue.dispatchEventImpl(Ljava/awt/AWTEvent;Ljava/lang/Object;)V+41 java.desktop@11.0.8
j  java.awt.EventQueue$4.run()Ljava/lang/Void;+32 java.desktop@11.0.8
j  java.awt.EventQueue$4.run()Ljava/lang/Object;+1 java.desktop@11.0.8
v  ~StubRoutines::call_stub
j  java.security.AccessController.doPrivileged(Ljava/security/PrivilegedAction;Ljava/security/AccessControlContext;)Ljava/lang/Object;+0 java.base@11.0.8
j  java.security.ProtectionDomain$JavaSecurityAccessImpl.doIntersectionPrivilege(Ljava/security/PrivilegedAction;Ljava/security/AccessControlContext;Ljava/security/AccessControlContext;)Ljava/lang/Object;+18 java.base@11.0.8
j  java.security.ProtectionDomain$JavaSecurityAccessImpl.doIntersectionPrivilege(Ljava/security/PrivilegedAction;Ljava/security/AccessControlContext;)Ljava/lang/Object;+6 java.base@11.0.8
j  java.awt.EventQueue$5.run()Ljava/lang/Void;+11 java.desktop@11.0.8
j  java.awt.EventQueue$5.run()Ljava/lang/Object;+1 java.desktop@11.0.8
v  ~StubRoutines::call_stub
j  java.security.AccessController.doPrivileged(Ljava/security/PrivilegedAction;Ljava/security/AccessControlContext;)Ljava/lang/Object;+0 java.base@11.0.8
j  java.security.ProtectionDomain$JavaSecurityAccessImpl.doIntersectionPrivilege(Ljava/security/PrivilegedAction;Ljava/security/AccessControlContext;Ljava/security/AccessControlContext;)Ljava/lang/Object;+18 java.base@11.0.8
j  java.awt.EventQueue.dispatchEvent(Ljava/awt/AWTEvent;)V+73 java.desktop@11.0.8
j  java.awt.EventDispatchThread.pumpOneEventForFilters(I)V+78 java.desktop@11.0.8
j  java.awt.EventDispatchThread.pumpEventsForFilter(ILjava/awt/Conditional;Ljava/awt/EventFilter;)V+35 java.desktop@11.0.8
j  java.awt.EventDispatchThread.pumpEventsForHierarchy(ILjava/awt/Conditional;Ljava/awt/Component;)V+11 java.desktop@11.0.8
j  java.awt.EventDispatchThread.pumpEvents(ILjava/awt/Conditional;)V+4 java.desktop@11.0.8
j  java.awt.EventDispatchThread.pumpEvents(Ljava/awt/Conditional;)V+3 java.desktop@11.0.8
j  java.awt.EventDispatchThread.run()V+9 java.desktop@11.0.8
v  ~StubRoutines::call_stub

siginfo: EXCEPTION_ACCESS_VIOLATION (0xc0000005), reading address 0x0000000000000000


Register to memory mapping:

RIP=0x00007ffc44cc6100 atio6axx.dll
RAX=0x0000000000000001 is an unknown value
RBX=0x0000019c71c876f0 points into unknown readable memory: 00 02 00 00 01 00 00 00
RCX=0x0000019c71914c60 points into unknown readable memory: e0 20 8f 71 9c 01 00 00
RDX=0x0000000000000001 is an unknown value
RSP=0x00000088b2ffadd0 is pointing into the stack for thread: 0x0000019c6aaf5000
RBP=0x0000000000000001 is an unknown value
RSI=0x0000019c765c2a20 points into unknown readable memory: 80 d1 8d 46 fc 7f 00 00
RDI=0x0 is NULL
R8 =0x0 is NULL
R9 =0x0 is NULL
R10=0x0000019c4fb1ef68 is at code_begin+1000 in an Interpreter codelet
method entry point (kind = native)  [0x0000019c4fb1eb80, 0x0000019c4fb1f620]  2720 bytes
R11=0x0000000000000102 is an unknown value
R12=0x0 is NULL
R13={method} {0x0000019c7387f920} 'dispatch_glDeleteVertexArrays1' '(ILjava/lang/Object;IZJ)V' in 'jogamp/opengl/gl4/GL4bcImpl'
R14=0x0000019c71914c60 points into unknown readable memory: e0 20 8f 71 9c 01 00 00
R15=0x0000000000000001 is an unknown value


Registers:
RAX=0x0000000000000001, RBX=0x0000019c71c876f0, RCX=0x0000019c71914c60, RDX=0x0000000000000001
RSP=0x00000088b2ffadd0, RBP=0x0000000000000001, RSI=0x0000019c765c2a20, RDI=0x0000000000000000
R8 =0x0000000000000000, R9 =0x0000000000000000, R10=0x0000019c4fb1ef68, R11=0x0000000000000102
R12=0x0000000000000000, R13=0x0000019c7387f918, R14=0x0000019c71914c60, R15=0x0000000000000001
RIP=0x00007ffc44cc6100, EFLAGS=0x0000000000010202

Top of Stack: (sp=0x00000088b2ffadd0)
0x00000088b2ffadd0:   0000019c7387f918 00000000000085b5
0x00000088b2ffade0:   0000019c4fb19da7 00000088b2ffaeb0
0x00000088b2ffadf0:   0000019c6aaf5000 00000088b2ffaf00
0x00000088b2ffae00:   0000019c4fb19da7 0000019c4fb1ef97
0x00000088b2ffae10:   0000019c7387f918 0000019c6aaf5000
0x00000088b2ffae20:   00000088b2ffaeb0 00000000000085b5
0x00000088b2ffae30:   0000019c00000000 0000019c00000000
0x00000088b2ffae40:   00007ffc46c53190 0000019c7387f918
0x00000088b2ffae50:   00000088b2ffaeb0 00000000000085b5
0x00000088b2ffae60:   0000019c4fb1ec36 00000088b2ffae68
0x00000088b2ffae70:   0000019c7387f918 00000088b2ffaf00
0x00000088b2ffae80:   0000019c73950040 0000000000000000
0x00000088b2ffae90:   000000072eb312c0 0000019c7387f918
0x00000088b2ffaea0:   0000000000000000 00000088b2ffaed0
0x00000088b2ffaeb0:   00000088b2ffaf50 0000019c4fb19da7
0x00000088b2ffaec0:   0000000000000000 0000019c4fb1bf38 

Instructions: (pc=0x00007ffc44cc6100)
0x00007ffc44cc6000:   0a 00 00 10 89 4b 58 4c 8b 87 10 03 00 00 49 8b
0x00007ffc44cc6010:   80 b0 29 00 00 48 0f ba e0 17 73 1b 40 f6 c6 01
0x00007ffc44cc6020:   74 15 48 83 63 78 fe 48 8b 5c 24 30 48 8b 74 24
0x00007ffc44cc6030:   38 48 83 c4 20 5f c3 a8 01 74 1f 48 0f ba e6 17
0x00007ffc44cc6040:   73 18 48 81 63 78 ff ff 7f ff 48 8b 5c 24 30 48
0x00007ffc44cc6050:   8b 74 24 38 48 83 c4 20 5f c3 48 a9 01 00 80 00
0x00007ffc44cc6060:   75 11 48 f7 c6 01 00 80 00 74 08 48 81 63 78 fe
0x00007ffc44cc6070:   ff 7f ff 48 8b 5c 24 30 48 8b 74 24 38 48 83 c4
0x00007ffc44cc6080:   20 5f c3 cc cc cc cc cc cc cc cc cc cc cc cc cc
0x00007ffc44cc6090:   48 89 5c 24 08 48 89 6c 24 18 48 89 74 24 20 57
0x00007ffc44cc60a0:   41 56 41 57 48 83 ec 20 65 48 8b 04 25 30 00 00
0x00007ffc44cc60b0:   00 49 8b f8 48 8b 19 4c 8b f1 44 8b fa 8b 68 48
0x00007ffc44cc60c0:   b8 01 00 00 00 48 8b 5b 20 48 8b 73 08 f0 0f c1
0x00007ffc44cc60d0:   46 10 ff c0 83 f8 01 7e 14 39 6e 14 74 0f 48 8b
0x00007ffc44cc60e0:   4e 20 ba ff ff ff ff ff 15 b3 1f 18 01 ff 46 18
0x00007ffc44cc60f0:   89 6e 14 45 85 ff 0f 84 91 00 00 00 49 8b ef 90
0x00007ffc44cc6100:   44 8b 07 45 85 c0 74 77 49 8b 56 08 41 8b c8 c1
0x00007ffc44cc6110:   e9 0c 48 8b 82 b8 00 00 00 3b 48 18 73 61 48 8b
0x00007ffc44cc6120:   40 10 4c 8b 0c c8 4d 85 c9 74 54 41 8b c0 41 2b
0x00007ffc44cc6130:   01 66 41 83 bc 41 10 80 00 00 00 75 42 45 3b 46
0x00007ffc44cc6140:   10 75 11 33 d2 49 8b ce e8 13 fe ff ff 49 8b 56
0x00007ffc44cc6150:   08 44 8b 07 48 8d 4a 48 48 8d b2 88 01 00 00 45
0x00007ffc44cc6160:   85 c0 74 1b 41 b9 0f 00 00 00 e8 91 a1 ac 00 48
0x00007ffc44cc6170:   85 c0 74 0b 4c 8b c0 48 8b ce e8 a1 ec ac 00 48
0x00007ffc44cc6180:   83 c7 04 48 83 ed 01 0f 85 73 ff ff ff 48 8b 4b
0x00007ffc44cc6190:   08 b8 ff ff ff ff 83 41 18 ff 44 8b 41 18 89 41
0x00007ffc44cc61a0:   1c 75 07 c7 41 14 00 00 00 00 f0 0f c1 41 10 83
0x00007ffc44cc61b0:   f8 01 74 16 45 85 c0 75 11 48 8b 49 20 45 33 c0
0x00007ffc44cc61c0:   41 8d 50 01 ff 15 3e 22 18 01 48 8b 5c 24 40 48
0x00007ffc44cc61d0:   8b 6c 24 50 48 8b 74 24 58 48 83 c4 20 41 5f 41
0x00007ffc44cc61e0:   5e 5f c3 cc cc cc cc cc cc cc cc cc cc cc cc cc
0x00007ffc44cc61f0:   48 89 5c 24 08 48 89 74 24 10 57 48 83 ec 20 48 


Stack slot to memory mapping:
stack at sp + 0 slots: {method} {0x0000019c7387f920} 'dispatch_glDeleteVertexArrays1' '(ILjava/lang/Object;IZJ)V' in 'jogamp/opengl/gl4/GL4bcImpl'
stack at sp + 1 slots: 0x00000000000085b5 is an unknown value
stack at sp + 2 slots: 0x0000019c4fb19da7 is at code_begin+2343 in an Interpreter codelet
invoke return entry points  [0x0000019c4fb19480, 0x0000019c4fb19e80]  2560 bytes
stack at sp + 3 slots: 0x00000088b2ffaeb0 is pointing into the stack for thread: 0x0000019c6aaf5000
stack at sp + 4 slots: 0x0000019c6aaf5000 is a thread
stack at sp + 5 slots: 0x00000088b2ffaf00 is pointing into the stack for thread: 0x0000019c6aaf5000
stack at sp + 6 slots: 0x0000019c4fb19da7 is at code_begin+2343 in an Interpreter codelet
invoke return entry points  [0x0000019c4fb19480, 0x0000019c4fb19e80]  2560 bytes
stack at sp + 7 slots: 0x0000019c4fb1ef97 is at code_begin+1047 in an Interpreter codelet
method entry point (kind = native)  [0x0000019c4fb1eb80, 0x0000019c4fb1f620]  2720 bytes


---------------  P R O C E S S  ---------------

Threads class SMR info:
_java_thread_list=0x0000019c6bd85390, length=18, elements={
0x0000019c6a521000, 0x0000019c6a52d000, 0x0000019c6a576800, 0x0000019c6a579800,
0x0000019c6a57d000, 0x0000019c6a585800, 0x0000019c6a594000, 0x0000019c69cb3000,
0x0000019c6a9fc000, 0x0000019c6b020800, 0x0000019c6b483000, 0x0000019c6bcce000,
0x0000019c6aaf5000, 0x0000019c474b6000, 0x0000019c6b75c000, 0x0000019c763bb800,
0x0000019c71d9e800, 0x0000019c6ac37000
}

Java Threads: ( => current thread )
  0x0000019c6a521000 JavaThread "Reference Handler" daemon [_thread_blocked, id=21168, stack(0x00000088b1f00000,0x00000088b2000000)]
  0x0000019c6a52d000 JavaThread "Finalizer" daemon [_thread_blocked, id=21520, stack(0x00000088b2000000,0x00000088b2100000)]
  0x0000019c6a576800 JavaThread "Signal Dispatcher" daemon [_thread_blocked, id=22684, stack(0x00000088b2100000,0x00000088b2200000)]
  0x0000019c6a579800 JavaThread "Attach Listener" daemon [_thread_blocked, id=13788, stack(0x00000088b2200000,0x00000088b2300000)]
  0x0000019c6a57d000 JavaThread "C2 CompilerThread0" daemon [_thread_blocked, id=17816, stack(0x00000088b2300000,0x00000088b2400000)]
  0x0000019c6a585800 JavaThread "C1 CompilerThread0" daemon [_thread_blocked, id=4732, stack(0x00000088b2400000,0x00000088b2500000)]
  0x0000019c6a594000 JavaThread "Sweeper thread" daemon [_thread_blocked, id=20476, stack(0x00000088b2500000,0x00000088b2600000)]
  0x0000019c69cb3000 JavaThread "Common-Cleaner" daemon [_thread_blocked, id=21036, stack(0x00000088b2600000,0x00000088b2700000)]
  0x0000019c6a9fc000 JavaThread "Monitor Ctrl-Break" daemon [_thread_in_native, id=14236, stack(0x00000088b2900000,0x00000088b2a00000)]
  0x0000019c6b020800 JavaThread "Service Thread" daemon [_thread_blocked, id=13640, stack(0x00000088b2a00000,0x00000088b2b00000)]
  0x0000019c6b483000 JavaThread "Java2D Disposer" daemon [_thread_blocked, id=19120, stack(0x00000088b2c00000,0x00000088b2d00000)]
  0x0000019c6bcce000 JavaThread "AWT-Shutdown" [_thread_blocked, id=14828, stack(0x00000088b2d00000,0x00000088b2e00000)]
=>0x0000019c6aaf5000 JavaThread "AWT-EventQueue-0" [_thread_in_native, id=18640, stack(0x00000088b2f00000,0x00000088b3000000)]
  0x0000019c474b6000 JavaThread "DestroyJavaVM" [_thread_blocked, id=14772, stack(0x00000088b1800000,0x00000088b1900000)]
  0x0000019c6b75c000 JavaThread "AWT-EventQueue-0-SharedResourceRunner" daemon [_thread_in_native, id=19204, stack(0x00000088b4000000,0x00000088b4100000)]
  0x0000019c763bb800 JavaThread "Thread-3" [_thread_blocked, id=14344, stack(0x00000088b4600000,0x00000088b4700000)]
  0x0000019c71d9e800 JavaThread "ToolkitShutdown" daemon [_thread_in_native, id=17660, stack(0x00000088b4700000,0x00000088b4800000)]
  0x0000019c6ac37000 JavaThread "NativeWindowFactory_ShutdownHook" [_thread_blocked, id=8784, stack(0x00000088b4a00000,0x00000088b4b00000)]

Other Threads:
  0x0000019c6a4f8000 VMThread "VM Thread" [stack: 0x00000088b1e00000,0x00000088b1f00000] [id=8144]
  0x0000019c6a773000 WatcherThread [stack: 0x00000088b2b00000,0x00000088b2c00000] [id=13240]
  0x0000019c474cd800 GCTaskThread "GC Thread#0" [stack: 0x00000088b1900000,0x00000088b1a00000] [id=17928]
  0x0000019c710f5800 GCTaskThread "GC Thread#1" [stack: 0x00000088b2700000,0x00000088b2800000] [id=9984]
  0x0000019c6b37c000 GCTaskThread "GC Thread#2" [stack: 0x00000088b2800000,0x00000088b2900000] [id=10316]
  0x0000019c6b37c800 GCTaskThread "GC Thread#3" [stack: 0x00000088b3d00000,0x00000088b3e00000] [id=12340]
  0x0000019c6b6f3000 GCTaskThread "GC Thread#4" [stack: 0x00000088b3e00000,0x00000088b3f00000] [id=11984]
  0x0000019c6bb16800 GCTaskThread "GC Thread#5" [stack: 0x00000088b3f00000,0x00000088b4000000] [id=19072]
  0x0000019c4751b800 ConcurrentGCThread "G1 Main Marker" [stack: 0x00000088b1a00000,0x00000088b1b00000] [id=1436]
  0x0000019c4751c800 ConcurrentGCThread "G1 Conc#0" [stack: 0x00000088b1b00000,0x00000088b1c00000] [id=21588]
  0x0000019c762ed000 ConcurrentGCThread "G1 Conc#1" [stack: 0x00000088b4200000,0x00000088b4300000] [id=21560]
  0x0000019c4757e800 ConcurrentGCThread "G1 Refine#0" [stack: 0x00000088b1c00000,0x00000088b1d00000] [id=17564]
  0x0000019c69b5c000 ConcurrentGCThread "G1 Young RemSet Sampling" [stack: 0x00000088b1d00000,0x00000088b1e00000] [id=15244]

Threads with active compile tasks:

VM state:not at safepoint (normal execution)

VM Mutex/Monitor currently owned by a thread: None

Heap address: 0x0000000721e00000, size: 3554 MB, Compressed Oops mode: Zero based, Oop shift amount: 3
Narrow klass base: 0x0000000800000000, Narrow klass shift: 0
Compressed class space size: 1073741824 Address: 0x0000000800000000

Heap:
 garbage-first heap   total 229376K, used 11920K [0x0000000721e00000, 0x0000000800000000)
  region size 1024K, 11 young (11264K), 5 survivors (5120K)
 Metaspace       used 22593K, capacity 23190K, committed 23296K, reserved 1071104K
  class space    used 2211K, capacity 2461K, committed 2560K, reserved 1048576K
Heap Regions: E=young(eden), S=young(survivor), O=old, HS=humongous(starts), HC=humongous(continues), CS=collection set, F=free, A=archive, TAMS=top-at-mark-start (previous, next)
|   0|0x0000000721e00000, 0x0000000721e00000, 0x0000000721f00000|  0%| F|  |TAMS 0x0000000721e00000, 0x0000000721e00000| Untracked 
|   1|0x0000000721f00000, 0x0000000722000000, 0x0000000722000000|100%| O|  |TAMS 0x0000000722000000, 0x0000000721f00000| Untracked 
|   2|0x0000000722000000, 0x00000007220c9400, 0x0000000722100000| 78%| O|  |TAMS 0x00000007220c9400, 0x0000000722000000| Untracked 
|   3|0x0000000722100000, 0x0000000722100000, 0x0000000722200000|  0%| F|  |TAMS 0x0000000722100000, 0x0000000722100000| Untracked 
|   4|0x0000000722200000, 0x0000000722200000, 0x0000000722300000|  0%| F|  |TAMS 0x0000000722200000, 0x0000000722200000| Untracked 
|   5|0x0000000722300000, 0x0000000722300000, 0x0000000722400000|  0%| F|  |TAMS 0x0000000722300000, 0x0000000722300000| Untracked 
|   6|0x0000000722400000, 0x0000000722400000, 0x0000000722500000|  0%| F|  |TAMS 0x0000000722400000, 0x0000000722400000| Untracked 
|   7|0x0000000722500000, 0x0000000722500000, 0x0000000722600000|  0%| F|  |TAMS 0x0000000722500000, 0x0000000722500000| Untracked 
|   8|0x0000000722600000, 0x0000000722600000, 0x0000000722700000|  0%| F|  |TAMS 0x0000000722600000, 0x0000000722600000| Untracked 
|   9|0x0000000722700000, 0x0000000722700000, 0x0000000722800000|  0%| F|  |TAMS 0x0000000722700000, 0x0000000722700000| Untracked 
|  10|0x0000000722800000, 0x0000000722800000, 0x0000000722900000|  0%| F|  |TAMS 0x0000000722800000, 0x0000000722800000| Untracked 
|  11|0x0000000722900000, 0x0000000722900000, 0x0000000722a00000|  0%| F|  |TAMS 0x0000000722900000, 0x0000000722900000| Untracked 
|  12|0x0000000722a00000, 0x0000000722a00000, 0x0000000722b00000|  0%| F|  |TAMS 0x0000000722a00000, 0x0000000722a00000| Untracked 
|  13|0x0000000722b00000, 0x0000000722b00000, 0x0000000722c00000|  0%| F|  |TAMS 0x0000000722b00000, 0x0000000722b00000| Untracked 
|  14|0x0000000722c00000, 0x0000000722c00000, 0x0000000722d00000|  0%| F|  |TAMS 0x0000000722c00000, 0x0000000722c00000| Untracked 
|  15|0x0000000722d00000, 0x0000000722d00000, 0x0000000722e00000|  0%| F|  |TAMS 0x0000000722d00000, 0x0000000722d00000| Untracked 
|  16|0x0000000722e00000, 0x0000000722e00000, 0x0000000722f00000|  0%| F|  |TAMS 0x0000000722e00000, 0x0000000722e00000| Untracked 
|  17|0x0000000722f00000, 0x0000000722f00000, 0x0000000723000000|  0%| F|  |TAMS 0x0000000722f00000, 0x0000000722f00000| Untracked 
|  18|0x0000000723000000, 0x0000000723000000, 0x0000000723100000|  0%| F|  |TAMS 0x0000000723000000, 0x0000000723000000| Untracked 
|  19|0x0000000723100000, 0x0000000723100000, 0x0000000723200000|  0%| F|  |TAMS 0x0000000723100000, 0x0000000723100000| Untracked 
|  20|0x0000000723200000, 0x0000000723200000, 0x0000000723300000|  0%| F|  |TAMS 0x0000000723200000, 0x0000000723200000| Untracked 
|  21|0x0000000723300000, 0x0000000723300000, 0x0000000723400000|  0%| F|  |TAMS 0x0000000723300000, 0x0000000723300000| Untracked 
|  22|0x0000000723400000, 0x0000000723400000, 0x0000000723500000|  0%| F|  |TAMS 0x0000000723400000, 0x0000000723400000| Untracked 
|  23|0x0000000723500000, 0x0000000723500000, 0x0000000723600000|  0%| F|  |TAMS 0x0000000723500000, 0x0000000723500000| Untracked 
|  24|0x0000000723600000, 0x0000000723600000, 0x0000000723700000|  0%| F|  |TAMS 0x0000000723600000, 0x0000000723600000| Untracked 
|  25|0x0000000723700000, 0x0000000723700000, 0x0000000723800000|  0%| F|  |TAMS 0x0000000723700000, 0x0000000723700000| Untracked 
|  26|0x0000000723800000, 0x0000000723800000, 0x0000000723900000|  0%| F|  |TAMS 0x0000000723800000, 0x0000000723800000| Untracked 
|  27|0x0000000723900000, 0x0000000723900000, 0x0000000723a00000|  0%| F|  |TAMS 0x0000000723900000, 0x0000000723900000| Untracked 
|  28|0x0000000723a00000, 0x0000000723a00000, 0x0000000723b00000|  0%| F|  |TAMS 0x0000000723a00000, 0x0000000723a00000| Untracked 
|  29|0x0000000723b00000, 0x0000000723b00000, 0x0000000723c00000|  0%| F|  |TAMS 0x0000000723b00000, 0x0000000723b00000| Untracked 
|  30|0x0000000723c00000, 0x0000000723c00000, 0x0000000723d00000|  0%| F|  |TAMS 0x0000000723c00000, 0x0000000723c00000| Untracked 
|  31|0x0000000723d00000, 0x0000000723d00000, 0x0000000723e00000|  0%| F|  |TAMS 0x0000000723d00000, 0x0000000723d00000| Untracked 
|  32|0x0000000723e00000, 0x0000000723e00000, 0x0000000723f00000|  0%| F|  |TAMS 0x0000000723e00000, 0x0000000723e00000| Untracked 
|  33|0x0000000723f00000, 0x0000000723f00000, 0x0000000724000000|  0%| F|  |TAMS 0x0000000723f00000, 0x0000000723f00000| Untracked 
|  34|0x0000000724000000, 0x0000000724000000, 0x0000000724100000|  0%| F|  |TAMS 0x0000000724000000, 0x0000000724000000| Untracked 
|  35|0x0000000724100000, 0x0000000724100000, 0x0000000724200000|  0%| F|  |TAMS 0x0000000724100000, 0x0000000724100000| Untracked 
|  36|0x0000000724200000, 0x0000000724200000, 0x0000000724300000|  0%| F|  |TAMS 0x0000000724200000, 0x0000000724200000| Untracked 
|  37|0x0000000724300000, 0x0000000724300000, 0x0000000724400000|  0%| F|  |TAMS 0x0000000724300000, 0x0000000724300000| Untracked 
|  38|0x0000000724400000, 0x0000000724400000, 0x0000000724500000|  0%| F|  |TAMS 0x0000000724400000, 0x0000000724400000| Untracked 
|  39|0x0000000724500000, 0x0000000724500000, 0x0000000724600000|  0%| F|  |TAMS 0x0000000724500000, 0x0000000724500000| Untracked 
|  40|0x0000000724600000, 0x0000000724600000, 0x0000000724700000|  0%| F|  |TAMS 0x0000000724600000, 0x0000000724600000| Untracked 
|  41|0x0000000724700000, 0x0000000724700000, 0x0000000724800000|  0%| F|  |TAMS 0x0000000724700000, 0x0000000724700000| Untracked 
|  42|0x0000000724800000, 0x0000000724800000, 0x0000000724900000|  0%| F|  |TAMS 0x0000000724800000, 0x0000000724800000| Untracked 
|  43|0x0000000724900000, 0x0000000724900000, 0x0000000724a00000|  0%| F|  |TAMS 0x0000000724900000, 0x0000000724900000| Untracked 
|  44|0x0000000724a00000, 0x0000000724a00000, 0x0000000724b00000|  0%| F|  |TAMS 0x0000000724a00000, 0x0000000724a00000| Untracked 
|  45|0x0000000724b00000, 0x0000000724b00000, 0x0000000724c00000|  0%| F|  |TAMS 0x0000000724b00000, 0x0000000724b00000| Untracked 
|  46|0x0000000724c00000, 0x0000000724c00000, 0x0000000724d00000|  0%| F|  |TAMS 0x0000000724c00000, 0x0000000724c00000| Untracked 
|  47|0x0000000724d00000, 0x0000000724d00000, 0x0000000724e00000|  0%| F|  |TAMS 0x0000000724d00000, 0x0000000724d00000| Untracked 
|  48|0x0000000724e00000, 0x0000000724e00000, 0x0000000724f00000|  0%| F|  |TAMS 0x0000000724e00000, 0x0000000724e00000| Untracked 
|  49|0x0000000724f00000, 0x0000000724f00000, 0x0000000725000000|  0%| F|  |TAMS 0x0000000724f00000, 0x0000000724f00000| Untracked 
|  50|0x0000000725000000, 0x0000000725000000, 0x0000000725100000|  0%| F|  |TAMS 0x0000000725000000, 0x0000000725000000| Untracked 
|  51|0x0000000725100000, 0x0000000725100000, 0x0000000725200000|  0%| F|  |TAMS 0x0000000725100000, 0x0000000725100000| Untracked 
|  52|0x0000000725200000, 0x0000000725200000, 0x0000000725300000|  0%| F|  |TAMS 0x0000000725200000, 0x0000000725200000| Untracked 
|  53|0x0000000725300000, 0x0000000725300000, 0x0000000725400000|  0%| F|  |TAMS 0x0000000725300000, 0x0000000725300000| Untracked 
|  54|0x0000000725400000, 0x0000000725400000, 0x0000000725500000|  0%| F|  |TAMS 0x0000000725400000, 0x0000000725400000| Untracked 
|  55|0x0000000725500000, 0x0000000725500000, 0x0000000725600000|  0%| F|  |TAMS 0x0000000725500000, 0x0000000725500000| Untracked 
|  56|0x0000000725600000, 0x0000000725600000, 0x0000000725700000|  0%| F|  |TAMS 0x0000000725600000, 0x0000000725600000| Untracked 
|  57|0x0000000725700000, 0x0000000725700000, 0x0000000725800000|  0%| F|  |TAMS 0x0000000725700000, 0x0000000725700000| Untracked 
|  58|0x0000000725800000, 0x0000000725800000, 0x0000000725900000|  0%| F|  |TAMS 0x0000000725800000, 0x0000000725800000| Untracked 
|  59|0x0000000725900000, 0x0000000725900000, 0x0000000725a00000|  0%| F|  |TAMS 0x0000000725900000, 0x0000000725900000| Untracked 
|  60|0x0000000725a00000, 0x0000000725a00000, 0x0000000725b00000|  0%| F|  |TAMS 0x0000000725a00000, 0x0000000725a00000| Untracked 
|  61|0x0000000725b00000, 0x0000000725b00000, 0x0000000725c00000|  0%| F|  |TAMS 0x0000000725b00000, 0x0000000725b00000| Untracked 
|  62|0x0000000725c00000, 0x0000000725c00000, 0x0000000725d00000|  0%| F|  |TAMS 0x0000000725c00000, 0x0000000725c00000| Untracked 
|  63|0x0000000725d00000, 0x0000000725d00000, 0x0000000725e00000|  0%| F|  |TAMS 0x0000000725d00000, 0x0000000725d00000| Untracked 
|  64|0x0000000725e00000, 0x0000000725e00000, 0x0000000725f00000|  0%| F|  |TAMS 0x0000000725e00000, 0x0000000725e00000| Untracked 
|  65|0x0000000725f00000, 0x0000000725f00000, 0x0000000726000000|  0%| F|  |TAMS 0x0000000725f00000, 0x0000000725f00000| Untracked 
|  66|0x0000000726000000, 0x0000000726000000, 0x0000000726100000|  0%| F|  |TAMS 0x0000000726000000, 0x0000000726000000| Untracked 
|  67|0x0000000726100000, 0x0000000726100000, 0x0000000726200000|  0%| F|  |TAMS 0x0000000726100000, 0x0000000726100000| Untracked 
|  68|0x0000000726200000, 0x0000000726200000, 0x0000000726300000|  0%| F|  |TAMS 0x0000000726200000, 0x0000000726200000| Untracked 
|  69|0x0000000726300000, 0x0000000726300000, 0x0000000726400000|  0%| F|  |TAMS 0x0000000726300000, 0x0000000726300000| Untracked 
|  70|0x0000000726400000, 0x0000000726400000, 0x0000000726500000|  0%| F|  |TAMS 0x0000000726400000, 0x0000000726400000| Untracked 
|  71|0x0000000726500000, 0x0000000726500000, 0x0000000726600000|  0%| F|  |TAMS 0x0000000726500000, 0x0000000726500000| Untracked 
|  72|0x0000000726600000, 0x0000000726600000, 0x0000000726700000|  0%| F|  |TAMS 0x0000000726600000, 0x0000000726600000| Untracked 
|  73|0x0000000726700000, 0x0000000726700000, 0x0000000726800000|  0%| F|  |TAMS 0x0000000726700000, 0x0000000726700000| Untracked 
|  74|0x0000000726800000, 0x0000000726800000, 0x0000000726900000|  0%| F|  |TAMS 0x0000000726800000, 0x0000000726800000| Untracked 
|  75|0x0000000726900000, 0x0000000726900000, 0x0000000726a00000|  0%| F|  |TAMS 0x0000000726900000, 0x0000000726900000| Untracked 
|  76|0x0000000726a00000, 0x0000000726a00000, 0x0000000726b00000|  0%| F|  |TAMS 0x0000000726a00000, 0x0000000726a00000| Untracked 
|  77|0x0000000726b00000, 0x0000000726b00000, 0x0000000726c00000|  0%| F|  |TAMS 0x0000000726b00000, 0x0000000726b00000| Untracked 
|  78|0x0000000726c00000, 0x0000000726c00000, 0x0000000726d00000|  0%| F|  |TAMS 0x0000000726c00000, 0x0000000726c00000| Untracked 
|  79|0x0000000726d00000, 0x0000000726d00000, 0x0000000726e00000|  0%| F|  |TAMS 0x0000000726d00000, 0x0000000726d00000| Untracked 
|  80|0x0000000726e00000, 0x0000000726e00000, 0x0000000726f00000|  0%| F|  |TAMS 0x0000000726e00000, 0x0000000726e00000| Untracked 
|  81|0x0000000726f00000, 0x0000000726f00000, 0x0000000727000000|  0%| F|  |TAMS 0x0000000726f00000, 0x0000000726f00000| Untracked 
|  82|0x0000000727000000, 0x0000000727000000, 0x0000000727100000|  0%| F|  |TAMS 0x0000000727000000, 0x0000000727000000| Untracked 
|  83|0x0000000727100000, 0x0000000727100000, 0x0000000727200000|  0%| F|  |TAMS 0x0000000727100000, 0x0000000727100000| Untracked 
|  84|0x0000000727200000, 0x0000000727200000, 0x0000000727300000|  0%| F|  |TAMS 0x0000000727200000, 0x0000000727200000| Untracked 
|  85|0x0000000727300000, 0x0000000727300000, 0x0000000727400000|  0%| F|  |TAMS 0x0000000727300000, 0x0000000727300000| Untracked 
|  86|0x0000000727400000, 0x0000000727400000, 0x0000000727500000|  0%| F|  |TAMS 0x0000000727400000, 0x0000000727400000| Untracked 
|  87|0x0000000727500000, 0x0000000727500000, 0x0000000727600000|  0%| F|  |TAMS 0x0000000727500000, 0x0000000727500000| Untracked 
|  88|0x0000000727600000, 0x0000000727600000, 0x0000000727700000|  0%| F|  |TAMS 0x0000000727600000, 0x0000000727600000| Untracked 
|  89|0x0000000727700000, 0x0000000727700000, 0x0000000727800000|  0%| F|  |TAMS 0x0000000727700000, 0x0000000727700000| Untracked 
|  90|0x0000000727800000, 0x0000000727800000, 0x0000000727900000|  0%| F|  |TAMS 0x0000000727800000, 0x0000000727800000| Untracked 
|  91|0x0000000727900000, 0x0000000727900000, 0x0000000727a00000|  0%| F|  |TAMS 0x0000000727900000, 0x0000000727900000| Untracked 
|  92|0x0000000727a00000, 0x0000000727a00000, 0x0000000727b00000|  0%| F|  |TAMS 0x0000000727a00000, 0x0000000727a00000| Untracked 
|  93|0x0000000727b00000, 0x0000000727b00000, 0x0000000727c00000|  0%| F|  |TAMS 0x0000000727b00000, 0x0000000727b00000| Untracked 
|  94|0x0000000727c00000, 0x0000000727c00000, 0x0000000727d00000|  0%| F|  |TAMS 0x0000000727c00000, 0x0000000727c00000| Untracked 
|  95|0x0000000727d00000, 0x0000000727d00000, 0x0000000727e00000|  0%| F|  |TAMS 0x0000000727d00000, 0x0000000727d00000| Untracked 
|  96|0x0000000727e00000, 0x0000000727e00000, 0x0000000727f00000|  0%| F|  |TAMS 0x0000000727e00000, 0x0000000727e00000| Untracked 
|  97|0x0000000727f00000, 0x0000000727f00000, 0x0000000728000000|  0%| F|  |TAMS 0x0000000727f00000, 0x0000000727f00000| Untracked 
|  98|0x0000000728000000, 0x0000000728000000, 0x0000000728100000|  0%| F|  |TAMS 0x0000000728000000, 0x0000000728000000| Untracked 
|  99|0x0000000728100000, 0x0000000728100000, 0x0000000728200000|  0%| F|  |TAMS 0x0000000728100000, 0x0000000728100000| Untracked 
| 100|0x0000000728200000, 0x0000000728200000, 0x0000000728300000|  0%| F|  |TAMS 0x0000000728200000, 0x0000000728200000| Untracked 
| 101|0x0000000728300000, 0x0000000728300000, 0x0000000728400000|  0%| F|  |TAMS 0x0000000728300000, 0x0000000728300000| Untracked 
| 102|0x0000000728400000, 0x0000000728400000, 0x0000000728500000|  0%| F|  |TAMS 0x0000000728400000, 0x0000000728400000| Untracked 
| 103|0x0000000728500000, 0x0000000728500000, 0x0000000728600000|  0%| F|  |TAMS 0x0000000728500000, 0x0000000728500000| Untracked 
| 104|0x0000000728600000, 0x0000000728600000, 0x0000000728700000|  0%| F|  |TAMS 0x0000000728600000, 0x0000000728600000| Untracked 
| 105|0x0000000728700000, 0x0000000728700000, 0x0000000728800000|  0%| F|  |TAMS 0x0000000728700000, 0x0000000728700000| Untracked 
| 106|0x0000000728800000, 0x0000000728800000, 0x0000000728900000|  0%| F|  |TAMS 0x0000000728800000, 0x0000000728800000| Untracked 
| 107|0x0000000728900000, 0x0000000728900000, 0x0000000728a00000|  0%| F|  |TAMS 0x0000000728900000, 0x0000000728900000| Untracked 
| 108|0x0000000728a00000, 0x0000000728a00000, 0x0000000728b00000|  0%| F|  |TAMS 0x0000000728a00000, 0x0000000728a00000| Untracked 
| 109|0x0000000728b00000, 0x0000000728b00000, 0x0000000728c00000|  0%| F|  |TAMS 0x0000000728b00000, 0x0000000728b00000| Untracked 
| 110|0x0000000728c00000, 0x0000000728c00000, 0x0000000728d00000|  0%| F|  |TAMS 0x0000000728c00000, 0x0000000728c00000| Untracked 
| 111|0x0000000728d00000, 0x0000000728d00000, 0x0000000728e00000|  0%| F|  |TAMS 0x0000000728d00000, 0x0000000728d00000| Untracked 
| 112|0x0000000728e00000, 0x0000000728e00000, 0x0000000728f00000|  0%| F|  |TAMS 0x0000000728e00000, 0x0000000728e00000| Untracked 
| 113|0x0000000728f00000, 0x0000000728f00000, 0x0000000729000000|  0%| F|  |TAMS 0x0000000728f00000, 0x0000000728f00000| Untracked 
| 114|0x0000000729000000, 0x0000000729000000, 0x0000000729100000|  0%| F|  |TAMS 0x0000000729000000, 0x0000000729000000| Untracked 
| 115|0x0000000729100000, 0x0000000729100000, 0x0000000729200000|  0%| F|  |TAMS 0x0000000729100000, 0x0000000729100000| Untracked 
| 116|0x0000000729200000, 0x0000000729200000, 0x0000000729300000|  0%| F|  |TAMS 0x0000000729200000, 0x0000000729200000| Untracked 
| 117|0x0000000729300000, 0x0000000729300000, 0x0000000729400000|  0%| F|  |TAMS 0x0000000729300000, 0x0000000729300000| Untracked 
| 118|0x0000000729400000, 0x0000000729400000, 0x0000000729500000|  0%| F|  |TAMS 0x0000000729400000, 0x0000000729400000| Untracked 
| 119|0x0000000729500000, 0x0000000729500000, 0x0000000729600000|  0%| F|  |TAMS 0x0000000729500000, 0x0000000729500000| Untracked 
| 120|0x0000000729600000, 0x0000000729600000, 0x0000000729700000|  0%| F|  |TAMS 0x0000000729600000, 0x0000000729600000| Untracked 
| 121|0x0000000729700000, 0x0000000729700000, 0x0000000729800000|  0%| F|  |TAMS 0x0000000729700000, 0x0000000729700000| Untracked 
| 122|0x0000000729800000, 0x0000000729800000, 0x0000000729900000|  0%| F|  |TAMS 0x0000000729800000, 0x0000000729800000| Untracked 
| 123|0x0000000729900000, 0x0000000729900000, 0x0000000729a00000|  0%| F|  |TAMS 0x0000000729900000, 0x0000000729900000| Untracked 
| 124|0x0000000729a00000, 0x0000000729a00000, 0x0000000729b00000|  0%| F|  |TAMS 0x0000000729a00000, 0x0000000729a00000| Untracked 
| 125|0x0000000729b00000, 0x0000000729b00000, 0x0000000729c00000|  0%| F|  |TAMS 0x0000000729b00000, 0x0000000729b00000| Untracked 
| 126|0x0000000729c00000, 0x0000000729c00000, 0x0000000729d00000|  0%| F|  |TAMS 0x0000000729c00000, 0x0000000729c00000| Untracked 
| 127|0x0000000729d00000, 0x0000000729d00000, 0x0000000729e00000|  0%| F|  |TAMS 0x0000000729d00000, 0x0000000729d00000| Untracked 
| 128|0x0000000729e00000, 0x0000000729e00000, 0x0000000729f00000|  0%| F|  |TAMS 0x0000000729e00000, 0x0000000729e00000| Untracked 
| 129|0x0000000729f00000, 0x0000000729f00000, 0x000000072a000000|  0%| F|  |TAMS 0x0000000729f00000, 0x0000000729f00000| Untracked 
| 130|0x000000072a000000, 0x000000072a000000, 0x000000072a100000|  0%| F|  |TAMS 0x000000072a000000, 0x000000072a000000| Untracked 
| 131|0x000000072a100000, 0x000000072a100000, 0x000000072a200000|  0%| F|  |TAMS 0x000000072a100000, 0x000000072a100000| Untracked 
| 132|0x000000072a200000, 0x000000072a200000, 0x000000072a300000|  0%| F|  |TAMS 0x000000072a200000, 0x000000072a200000| Untracked 
| 133|0x000000072a300000, 0x000000072a300000, 0x000000072a400000|  0%| F|  |TAMS 0x000000072a300000, 0x000000072a300000| Untracked 
| 134|0x000000072a400000, 0x000000072a400000, 0x000000072a500000|  0%| F|  |TAMS 0x000000072a400000, 0x000000072a400000| Untracked 
| 135|0x000000072a500000, 0x000000072a500000, 0x000000072a600000|  0%| F|  |TAMS 0x000000072a500000, 0x000000072a500000| Untracked 
| 136|0x000000072a600000, 0x000000072a600000, 0x000000072a700000|  0%| F|  |TAMS 0x000000072a600000, 0x000000072a600000| Untracked 
| 137|0x000000072a700000, 0x000000072a700000, 0x000000072a800000|  0%| F|  |TAMS 0x000000072a700000, 0x000000072a700000| Untracked 
| 138|0x000000072a800000, 0x000000072a800000, 0x000000072a900000|  0%| F|  |TAMS 0x000000072a800000, 0x000000072a800000| Untracked 
| 139|0x000000072a900000, 0x000000072a900000, 0x000000072aa00000|  0%| F|  |TAMS 0x000000072a900000, 0x000000072a900000| Untracked 
| 140|0x000000072aa00000, 0x000000072aa00000, 0x000000072ab00000|  0%| F|  |TAMS 0x000000072aa00000, 0x000000072aa00000| Untracked 
| 141|0x000000072ab00000, 0x000000072ab00000, 0x000000072ac00000|  0%| F|  |TAMS 0x000000072ab00000, 0x000000072ab00000| Untracked 
| 142|0x000000072ac00000, 0x000000072ac00000, 0x000000072ad00000|  0%| F|  |TAMS 0x000000072ac00000, 0x000000072ac00000| Untracked 
| 143|0x000000072ad00000, 0x000000072ad00000, 0x000000072ae00000|  0%| F|  |TAMS 0x000000072ad00000, 0x000000072ad00000| Untracked 
| 144|0x000000072ae00000, 0x000000072ae00000, 0x000000072af00000|  0%| F|  |TAMS 0x000000072ae00000, 0x000000072ae00000| Untracked 
| 145|0x000000072af00000, 0x000000072af00000, 0x000000072b000000|  0%| F|  |TAMS 0x000000072af00000, 0x000000072af00000| Untracked 
| 146|0x000000072b000000, 0x000000072b000000, 0x000000072b100000|  0%| F|  |TAMS 0x000000072b000000, 0x000000072b000000| Untracked 
| 147|0x000000072b100000, 0x000000072b100000, 0x000000072b200000|  0%| F|  |TAMS 0x000000072b100000, 0x000000072b100000| Untracked 
| 148|0x000000072b200000, 0x000000072b200000, 0x000000072b300000|  0%| F|  |TAMS 0x000000072b200000, 0x000000072b200000| Untracked 
| 149|0x000000072b300000, 0x000000072b300000, 0x000000072b400000|  0%| F|  |TAMS 0x000000072b300000, 0x000000072b300000| Untracked 
| 150|0x000000072b400000, 0x000000072b400000, 0x000000072b500000|  0%| F|  |TAMS 0x000000072b400000, 0x000000072b400000| Untracked 
| 151|0x000000072b500000, 0x000000072b500000, 0x000000072b600000|  0%| F|  |TAMS 0x000000072b500000, 0x000000072b500000| Untracked 
| 152|0x000000072b600000, 0x000000072b600000, 0x000000072b700000|  0%| F|  |TAMS 0x000000072b600000, 0x000000072b600000| Untracked 
| 153|0x000000072b700000, 0x000000072b700000, 0x000000072b800000|  0%| F|  |TAMS 0x000000072b700000, 0x000000072b700000| Untracked 
| 154|0x000000072b800000, 0x000000072b800000, 0x000000072b900000|  0%| F|  |TAMS 0x000000072b800000, 0x000000072b800000| Untracked 
| 155|0x000000072b900000, 0x000000072b900000, 0x000000072ba00000|  0%| F|  |TAMS 0x000000072b900000, 0x000000072b900000| Untracked 
| 156|0x000000072ba00000, 0x000000072ba00000, 0x000000072bb00000|  0%| F|  |TAMS 0x000000072ba00000, 0x000000072ba00000| Untracked 
| 157|0x000000072bb00000, 0x000000072bb00000, 0x000000072bc00000|  0%| F|  |TAMS 0x000000072bb00000, 0x000000072bb00000| Untracked 
| 158|0x000000072bc00000, 0x000000072bc00000, 0x000000072bd00000|  0%| F|  |TAMS 0x000000072bc00000, 0x000000072bc00000| Untracked 
| 159|0x000000072bd00000, 0x000000072bd00000, 0x000000072be00000|  0%| F|  |TAMS 0x000000072bd00000, 0x000000072bd00000| Untracked 
| 160|0x000000072be00000, 0x000000072be00000, 0x000000072bf00000|  0%| F|  |TAMS 0x000000072be00000, 0x000000072be00000| Untracked 
| 161|0x000000072bf00000, 0x000000072bf00000, 0x000000072c000000|  0%| F|  |TAMS 0x000000072bf00000, 0x000000072bf00000| Untracked 
| 162|0x000000072c000000, 0x000000072c000000, 0x000000072c100000|  0%| F|  |TAMS 0x000000072c000000, 0x000000072c000000| Untracked 
| 163|0x000000072c100000, 0x000000072c100000, 0x000000072c200000|  0%| F|  |TAMS 0x000000072c100000, 0x000000072c100000| Untracked 
| 164|0x000000072c200000, 0x000000072c200000, 0x000000072c300000|  0%| F|  |TAMS 0x000000072c200000, 0x000000072c200000| Untracked 
| 165|0x000000072c300000, 0x000000072c300000, 0x000000072c400000|  0%| F|  |TAMS 0x000000072c300000, 0x000000072c300000| Untracked 
| 166|0x000000072c400000, 0x000000072c400000, 0x000000072c500000|  0%| F|  |TAMS 0x000000072c400000, 0x000000072c400000| Untracked 
| 167|0x000000072c500000, 0x000000072c500000, 0x000000072c600000|  0%| F|  |TAMS 0x000000072c500000, 0x000000072c500000| Untracked 
| 168|0x000000072c600000, 0x000000072c600000, 0x000000072c700000|  0%| F|  |TAMS 0x000000072c600000, 0x000000072c600000| Untracked 
| 169|0x000000072c700000, 0x000000072c700000, 0x000000072c800000|  0%| F|  |TAMS 0x000000072c700000, 0x000000072c700000| Untracked 
| 170|0x000000072c800000, 0x000000072c800000, 0x000000072c900000|  0%| F|  |TAMS 0x000000072c800000, 0x000000072c800000| Untracked 
| 171|0x000000072c900000, 0x000000072c900000, 0x000000072ca00000|  0%| F|  |TAMS 0x000000072c900000, 0x000000072c900000| Untracked 
| 172|0x000000072ca00000, 0x000000072ca00000, 0x000000072cb00000|  0%| F|  |TAMS 0x000000072ca00000, 0x000000072ca00000| Untracked 
| 173|0x000000072cb00000, 0x000000072cb00000, 0x000000072cc00000|  0%| F|  |TAMS 0x000000072cb00000, 0x000000072cb00000| Untracked 
| 174|0x000000072cc00000, 0x000000072cc00000, 0x000000072cd00000|  0%| F|  |TAMS 0x000000072cc00000, 0x000000072cc00000| Untracked 
| 175|0x000000072cd00000, 0x000000072cd00000, 0x000000072ce00000|  0%| F|  |TAMS 0x000000072cd00000, 0x000000072cd00000| Untracked 
| 176|0x000000072ce00000, 0x000000072ce00000, 0x000000072cf00000|  0%| F|  |TAMS 0x000000072ce00000, 0x000000072ce00000| Untracked 
| 177|0x000000072cf00000, 0x000000072cf00000, 0x000000072d000000|  0%| F|  |TAMS 0x000000072cf00000, 0x000000072cf00000| Untracked 
| 178|0x000000072d000000, 0x000000072d000000, 0x000000072d100000|  0%| F|  |TAMS 0x000000072d000000, 0x000000072d000000| Untracked 
| 179|0x000000072d100000, 0x000000072d100000, 0x000000072d200000|  0%| F|  |TAMS 0x000000072d100000, 0x000000072d100000| Untracked 
| 180|0x000000072d200000, 0x000000072d200000, 0x000000072d300000|  0%| F|  |TAMS 0x000000072d200000, 0x000000072d200000| Untracked 
| 181|0x000000072d300000, 0x000000072d300000, 0x000000072d400000|  0%| F|  |TAMS 0x000000072d300000, 0x000000072d300000| Untracked 
| 182|0x000000072d400000, 0x000000072d400000, 0x000000072d500000|  0%| F|  |TAMS 0x000000072d400000, 0x000000072d400000| Untracked 
| 183|0x000000072d500000, 0x000000072d500000, 0x000000072d600000|  0%| F|  |TAMS 0x000000072d500000, 0x000000072d500000| Untracked 
| 184|0x000000072d600000, 0x000000072d600000, 0x000000072d700000|  0%| F|  |TAMS 0x000000072d600000, 0x000000072d600000| Untracked 
| 185|0x000000072d700000, 0x000000072d700000, 0x000000072d800000|  0%| F|  |TAMS 0x000000072d700000, 0x000000072d700000| Untracked 
| 186|0x000000072d800000, 0x000000072d800000, 0x000000072d900000|  0%| F|  |TAMS 0x000000072d800000, 0x000000072d800000| Untracked 
| 187|0x000000072d900000, 0x000000072d900000, 0x000000072da00000|  0%| F|  |TAMS 0x000000072d900000, 0x000000072d900000| Untracked 
| 188|0x000000072da00000, 0x000000072da00000, 0x000000072db00000|  0%| F|  |TAMS 0x000000072da00000, 0x000000072da00000| Untracked 
| 189|0x000000072db00000, 0x000000072db00000, 0x000000072dc00000|  0%| F|  |TAMS 0x000000072db00000, 0x000000072db00000| Untracked 
| 190|0x000000072dc00000, 0x000000072dc00000, 0x000000072dd00000|  0%| F|  |TAMS 0x000000072dc00000, 0x000000072dc00000| Untracked 
| 191|0x000000072dd00000, 0x000000072dd00000, 0x000000072de00000|  0%| F|  |TAMS 0x000000072dd00000, 0x000000072dd00000| Untracked 
| 192|0x000000072de00000, 0x000000072de00000, 0x000000072df00000|  0%| F|  |TAMS 0x000000072de00000, 0x000000072de00000| Untracked 
| 193|0x000000072df00000, 0x000000072df00000, 0x000000072e000000|  0%| F|  |TAMS 0x000000072df00000, 0x000000072df00000| Untracked 
| 194|0x000000072e000000, 0x000000072e000000, 0x000000072e100000|  0%| F|  |TAMS 0x000000072e000000, 0x000000072e000000| Untracked 
| 195|0x000000072e100000, 0x000000072e100000, 0x000000072e200000|  0%| F|  |TAMS 0x000000072e100000, 0x000000072e100000| Untracked 
| 196|0x000000072e200000, 0x000000072e200000, 0x000000072e300000|  0%| F|  |TAMS 0x000000072e200000, 0x000000072e200000| Untracked 
| 197|0x000000072e300000, 0x000000072e300000, 0x000000072e400000|  0%| F|  |TAMS 0x000000072e300000, 0x000000072e300000| Untracked 
| 198|0x000000072e400000, 0x000000072e400000, 0x000000072e500000|  0%| F|  |TAMS 0x000000072e400000, 0x000000072e400000| Untracked 
| 199|0x000000072e500000, 0x000000072e500000, 0x000000072e600000|  0%| F|  |TAMS 0x000000072e500000, 0x000000072e500000| Untracked 
| 200|0x000000072e600000, 0x000000072e600000, 0x000000072e700000|  0%| F|  |TAMS 0x000000072e600000, 0x000000072e600000| Untracked 
| 201|0x000000072e700000, 0x000000072e700000, 0x000000072e800000|  0%| F|  |TAMS 0x000000072e700000, 0x000000072e700000| Untracked 
| 202|0x000000072e800000, 0x000000072e800000, 0x000000072e900000|  0%| F|  |TAMS 0x000000072e800000, 0x000000072e800000| Untracked 
| 203|0x000000072e900000, 0x000000072e9dae70, 0x000000072ea00000| 85%| S|CS|TAMS 0x000000072e900000, 0x000000072e900000| Complete 
| 204|0x000000072ea00000, 0x000000072eb00000, 0x000000072eb00000|100%| S|CS|TAMS 0x000000072ea00000, 0x000000072ea00000| Complete 
| 205|0x000000072eb00000, 0x000000072ec00000, 0x000000072ec00000|100%| S|CS|TAMS 0x000000072eb00000, 0x000000072eb00000| Complete 
| 206|0x000000072ec00000, 0x000000072ed00000, 0x000000072ed00000|100%| S|CS|TAMS 0x000000072ec00000, 0x000000072ec00000| Complete 
| 207|0x000000072ed00000, 0x000000072ee00000, 0x000000072ee00000|100%| S|CS|TAMS 0x000000072ed00000, 0x000000072ed00000| Complete 
| 208|0x000000072ee00000, 0x000000072ee00000, 0x000000072ef00000|  0%| F|  |TAMS 0x000000072ee00000, 0x000000072ee00000| Untracked 
| 209|0x000000072ef00000, 0x000000072ef00000, 0x000000072f000000|  0%| F|  |TAMS 0x000000072ef00000, 0x000000072ef00000| Untracked 
| 210|0x000000072f000000, 0x000000072f000000, 0x000000072f100000|  0%| F|  |TAMS 0x000000072f000000, 0x000000072f000000| Untracked 
| 211|0x000000072f100000, 0x000000072f100000, 0x000000072f200000|  0%| F|  |TAMS 0x000000072f100000, 0x000000072f100000| Untracked 
| 212|0x000000072f200000, 0x000000072f200000, 0x000000072f300000|  0%| F|  |TAMS 0x000000072f200000, 0x000000072f200000| Untracked 
| 213|0x000000072f300000, 0x000000072f300000, 0x000000072f400000|  0%| F|  |TAMS 0x000000072f300000, 0x000000072f300000| Untracked 
| 214|0x000000072f400000, 0x000000072f400000, 0x000000072f500000|  0%| F|  |TAMS 0x000000072f400000, 0x000000072f400000| Untracked 
| 215|0x000000072f500000, 0x000000072f500000, 0x000000072f600000|  0%| F|  |TAMS 0x000000072f500000, 0x000000072f500000| Untracked 
| 216|0x000000072f600000, 0x000000072f600000, 0x000000072f700000|  0%| F|  |TAMS 0x000000072f600000, 0x000000072f600000| Untracked 
| 217|0x000000072f700000, 0x000000072f700000, 0x000000072f800000|  0%| F|  |TAMS 0x000000072f700000, 0x000000072f700000| Untracked 
| 218|0x000000072f800000, 0x000000072f800800, 0x000000072f900000|  0%| E|  |TAMS 0x000000072f800000, 0x000000072f800000| Complete 
| 219|0x000000072f900000, 0x000000072fa00000, 0x000000072fa00000|100%| E|CS|TAMS 0x000000072f900000, 0x000000072f900000| Complete 
| 220|0x000000072fa00000, 0x000000072fb00000, 0x000000072fb00000|100%| E|CS|TAMS 0x000000072fa00000, 0x000000072fa00000| Complete 
| 221|0x000000072fb00000, 0x000000072fc00000, 0x000000072fc00000|100%| E|CS|TAMS 0x000000072fb00000, 0x000000072fb00000| Complete 
| 222|0x000000072fc00000, 0x000000072fd00000, 0x000000072fd00000|100%| E|CS|TAMS 0x000000072fc00000, 0x000000072fc00000| Complete 
| 223|0x000000072fd00000, 0x000000072fe00000, 0x000000072fe00000|100%| E|CS|TAMS 0x000000072fd00000, 0x000000072fd00000| Complete 

Card table byte_map: [0x0000019c5f430000,0x0000019c5fb30000] _byte_map_base: 0x0000019c5bb21000

Marking Bits (Prev, Next): (CMBitMap*) 0x0000019c453de5a0, (CMBitMap*) 0x0000019c453de568
 Prev Bits: [0x0000019c639c0000, 0x0000019c67148000)
 Next Bits: [0x0000019c60230000, 0x0000019c639b8000)

Polling page: 0x0000019c45260000

Metaspace:

Usage:
  Non-class:     20.24 MB capacity,    19.90 MB ( 98%) used,   285.83 KB (  1%) free+waste,    61.38 KB ( <1%) overhead. 
      Class:      2.40 MB capacity,     2.16 MB ( 90%) used,   217.14 KB (  9%) free+waste,    32.63 KB (  1%) overhead. 
       Both:     22.65 MB capacity,    22.06 MB ( 97%) used,   502.97 KB (  2%) free+waste,    94.00 KB ( <1%) overhead. 

Virtual space:
  Non-class space:       22.00 MB reserved,      20.25 MB ( 92%) committed 
      Class space:        1.00 GB reserved,       2.50 MB ( <1%) committed 
             Both:        1.02 GB reserved,      22.75 MB (  2%) committed 

Chunk freelists:
   Non-Class:  7.00 KB
       Class:  0 bytes
        Both:  7.00 KB

MaxMetaspaceSize: 17179869184.00 GB
CompressedClassSpaceSize: 1.00 GB

CodeHeap 'non-profiled nmethods': size=120000Kb used=577Kb max_used=577Kb free=119422Kb
 bounds [0x0000019c575e0000, 0x0000019c57850000, 0x0000019c5eb10000]
CodeHeap 'profiled nmethods': size=120000Kb used=2964Kb max_used=2964Kb free=117035Kb
 bounds [0x0000019c500b0000, 0x0000019c503a0000, 0x0000019c575e0000]
CodeHeap 'non-nmethods': size=5760Kb used=1455Kb max_used=1465Kb free=4305Kb
 bounds [0x0000019c4fb10000, 0x0000019c4fd80000, 0x0000019c500b0000]
 total_blobs=2552 nmethods=1606 adapters=857
 compilation: enabled
              stopped_count=0, restarted_count=0
 full_count=0

Compilation events (20 events):
Event: 3.053 Thread 0x0000019c6a585800 nmethod 1596 0x0000019c50390510 code [0x0000019c50390720, 0x0000019c50390de8]
Event: 3.053 Thread 0x0000019c6a585800 1595       3       java.io.Writer::write (11 bytes)
Event: 3.053 Thread 0x0000019c6a585800 nmethod 1595 0x0000019c50391190 code [0x0000019c50391360, 0x0000019c50391628]
Event: 3.053 Thread 0x0000019c6a585800 1597       3       java.io.BufferedWriter::min (9 bytes)
Event: 3.053 Thread 0x0000019c6a585800 nmethod 1597 0x0000019c50391790 code [0x0000019c50391940, 0x0000019c50391a98]
Event: 3.053 Thread 0x0000019c6a585800 1593       3       sun.nio.cs.StreamEncoder::ensureOpen (18 bytes)
Event: 3.054 Thread 0x0000019c6a585800 nmethod 1593 0x0000019c50391b10 code [0x0000019c50391ce0, 0x0000019c50391ee8]
Event: 3.054 Thread 0x0000019c6a585800 1594       3       sun.nio.cs.StreamEncoder::isOpen (13 bytes)
Event: 3.054 Thread 0x0000019c6a585800 nmethod 1594 0x0000019c50391f90 code [0x0000019c50392140, 0x0000019c50392298]
Event: 6.753 Thread 0x0000019c6a585800 1600       3       java.lang.invoke.VarForm::getMemberName (21 bytes)
Event: 6.753 Thread 0x0000019c6a585800 nmethod 1600 0x0000019c50392310 code [0x0000019c503924e0, 0x0000019c50392728]
Event: 7.177 Thread 0x0000019c6a585800 1601       3       sun.awt.AWTAutoShutdown::getInstance (4 bytes)
Event: 7.177 Thread 0x0000019c6a585800 nmethod 1601 0x0000019c50392890 code [0x0000019c50392a40, 0x0000019c50392b38]
Event: 7.265 Thread 0x0000019c6a585800 1602       1       sun.java2d.SurfaceData::isValid (5 bytes)
Event: 7.265 Thread 0x0000019c6a585800 nmethod 1602 0x0000019c5766ff90 code [0x0000019c57670140, 0x0000019c576701f8]
Event: 7.666 Thread 0x0000019c6a585800 1603       1       sun.java2d.SurfaceData::isSurfaceLost (5 bytes)
Event: 7.667 Thread 0x0000019c6a585800 nmethod 1603 0x0000019c57670290 code [0x0000019c57670440, 0x0000019c576704f8]
Event: 7.763 Thread 0x0000019c6a585800 1604       3       java.lang.invoke.VarHandleGuards::guard_LII_Z (70 bytes)
Event: 7.765 Thread 0x0000019c6a585800 nmethod 1604 0x0000019c50392b90 code [0x0000019c50392e40, 0x0000019c50393f08]
Event: 7.765 Thread 0x0000019c6a585800 1605       3       java.lang.invoke.VarHandleInts$FieldInstanceReadWrite::compareAndSet (24 bytes)

GC Heap History (4 events):
Event: 1.824 GC heap before
{Heap before GC invocations=0 (full 0):
 garbage-first heap   total 229376K, used 24576K [0x0000000721e00000, 0x0000000800000000)
  region size 1024K, 24 young (24576K), 0 survivors (0K)
 Metaspace       used 18042K, capacity 18485K, committed 18816K, reserved 1067008K
  class space    used 1661K, capacity 1852K, committed 1920K, reserved 1048576K
}
Event: 1.832 GC heap after
{Heap after GC invocations=1 (full 0):
 garbage-first heap   total 229376K, used 4901K [0x0000000721e00000, 0x0000000800000000)
  region size 1024K, 3 young (3072K), 3 survivors (3072K)
 Metaspace       used 18042K, capacity 18485K, committed 18816K, reserved 1067008K
  class space    used 1661K, capacity 1852K, committed 1920K, reserved 1048576K
}
Event: 2.802 GC heap before
{Heap before GC invocations=1 (full 0):
 garbage-first heap   total 229376K, used 20261K [0x0000000721e00000, 0x0000000800000000)
  region size 1024K, 19 young (19456K), 3 survivors (3072K)
 Metaspace       used 20674K, capacity 21200K, committed 21296K, reserved 1069056K
  class space    used 1946K, capacity 2162K, committed 2176K, reserved 1048576K
}
Event: 2.808 GC heap after
{Heap after GC invocations=2 (full 0):
 garbage-first heap   total 229376K, used 6800K [0x0000000721e00000, 0x0000000800000000)
  region size 1024K, 5 young (5120K), 5 survivors (5120K)
 Metaspace       used 20674K, capacity 21200K, committed 21296K, reserved 1069056K
  class space    used 1946K, capacity 2162K, committed 2176K, reserved 1048576K
}

Deoptimization events (20 events):
Event: 2.727 Thread 0x0000019c6aaf5000 Uncommon trap: trap_request=0xffffff4d fr.pc=0x0000019c57658224 relative=0x0000000000000084
Event: 2.727 Thread 0x0000019c6aaf5000 Uncommon trap: reason=unstable_if action=reinterpret pc=0x0000019c57658224 method=java.lang.reflect.AccessibleObject.checkCanSetAccessible(Ljava/lang/Class;Ljava/lang/Class;Z)Z @ 30 c2
Event: 2.727 Thread 0x0000019c6aaf5000 DEOPT PACKING pc=0x0000019c57658224 sp=0x00000088b2ffb350
Event: 2.727 Thread 0x0000019c6aaf5000 DEOPT UNPACKING pc=0x0000019c4fb3772f sp=0x00000088b2ffb2b0 mode 2
Event: 2.731 Thread 0x0000019c6b761800 Uncommon trap: trap_request=0xffffffde fr.pc=0x0000019c57655480 relative=0x0000000000000f60
Event: 2.731 Thread 0x0000019c6b761800 Uncommon trap: reason=class_check action=maybe_recompile pc=0x0000019c57655480 method=java.util.HashMap.putVal(ILjava/lang/Object;Ljava/lang/Object;ZZ)Ljava/lang/Object; @ 203 c2
Event: 2.731 Thread 0x0000019c6b761800 DEOPT PACKING pc=0x0000019c57655480 sp=0x00000088b2efe0c0
Event: 2.731 Thread 0x0000019c6b761800 DEOPT UNPACKING pc=0x0000019c4fb3772f sp=0x00000088b2efe050 mode 2
Event: 2.732 Thread 0x0000019c6b761800 Uncommon trap: trap_request=0xffffffde fr.pc=0x0000019c57655480 relative=0x0000000000000f60
Event: 2.732 Thread 0x0000019c6b761800 Uncommon trap: reason=class_check action=maybe_recompile pc=0x0000019c57655480 method=java.util.HashMap.putVal(ILjava/lang/Object;Ljava/lang/Object;ZZ)Ljava/lang/Object; @ 203 c2
Event: 2.732 Thread 0x0000019c6b761800 DEOPT PACKING pc=0x0000019c57655480 sp=0x00000088b2efe0c0
Event: 2.732 Thread 0x0000019c6b761800 DEOPT UNPACKING pc=0x0000019c4fb3772f sp=0x00000088b2efe050 mode 2
Event: 2.732 Thread 0x0000019c6b761800 Uncommon trap: trap_request=0xffffffde fr.pc=0x0000019c57655480 relative=0x0000000000000f60
Event: 2.732 Thread 0x0000019c6b761800 Uncommon trap: reason=class_check action=maybe_recompile pc=0x0000019c57655480 method=java.util.HashMap.putVal(ILjava/lang/Object;Ljava/lang/Object;ZZ)Ljava/lang/Object; @ 203 c2
Event: 2.732 Thread 0x0000019c6b761800 DEOPT PACKING pc=0x0000019c57655480 sp=0x00000088b2efe0c0
Event: 2.732 Thread 0x0000019c6b761800 DEOPT UNPACKING pc=0x0000019c4fb3772f sp=0x00000088b2efe050 mode 2
Event: 2.769 Thread 0x0000019c6aaf5000 Uncommon trap: trap_request=0xffffff4d fr.pc=0x0000019c57629038 relative=0x0000000000000298
Event: 2.769 Thread 0x0000019c6aaf5000 Uncommon trap: reason=unstable_if action=reinterpret pc=0x0000019c57629038 method=java.lang.StringUTF16.compress([CI[BII)I @ 20 c2
Event: 2.769 Thread 0x0000019c6aaf5000 DEOPT PACKING pc=0x0000019c57629038 sp=0x00000088b2ff7e10
Event: 2.769 Thread 0x0000019c6aaf5000 DEOPT UNPACKING pc=0x0000019c4fb3772f sp=0x00000088b2ff7d90 mode 2

Classes redefined (0 events):
No events

Internal exceptions (20 events):
Event: 1.416 Thread 0x0000019c6aaf5000 Exception <a 'java/lang/NoSuchMethodError'{0x000000072ecfbff0}: 'java.lang.Object java.lang.invoke.DirectMethodHandle$Holder.invokeStaticInit(java.lang.Object, java.lang.Object, int, int, int, int)'> (0x000000072ecfbff0) thrown at [./src/hotspot/share/interpreter/linkResolver.cpp, line 773]
Event: 1.472 Thread 0x0000019c6aaf5000 Exception <a 'java/lang/NoSuchMethodError'{0x000000072eb1c238}: 'void java.lang.invoke.DirectMethodHandle$Holder.invokeStatic(java.lang.Object, long)'> (0x000000072eb1c238) thrown at [./src/hotspot/share/interpreter/linkResolver.cpp, line 773]
Event: 1.473 Thread 0x0000019c6aaf5000 Exception <a 'java/lang/NoSuchMethodError'{0x000000072eb21450}: 'java.lang.Object java.lang.invoke.DirectMethodHandle$Holder.invokeStatic(java.lang.Object, long)'> (0x000000072eb21450) thrown at [./src/hotspot/share/interpreter/linkResolver.cpp, line 773]
Event: 1.477 Thread 0x0000019c6aaf5000 Exception <a 'java/lang/NoSuchMethodError'{0x000000072eb32680}: 'java.lang.Object java.lang.invoke.DirectMethodHandle$Holder.invokeStaticInit(java.lang.Object, java.lang.Object, long, java.lang.Object)'> (0x000000072eb32680) thrown at [./src/hotspot/share/interpreter/linkResolver.cpp, line 773]
Event: 1.478 Thread 0x0000019c6aaf5000 Exception <a 'java/lang/NoSuchMethodError'{0x000000072eb38530}: 'java.lang.Object java.lang.invoke.DirectMethodHandle$Holder.invokeStatic(java.lang.Object, java.lang.Object, long)'> (0x000000072eb38530) thrown at [./src/hotspot/share/interpreter/linkResolver.cpp, line 773]
Event: 1.478 Thread 0x0000019c6aaf5000 Exception <a 'java/lang/NoSuchMethodError'{0x000000072eb3e800}: 'java.lang.Object java.lang.invoke.Invokers$Holder.linkToTargetMethod(java.lang.Object, long, java.lang.Object)'> (0x000000072eb3e800) thrown at [./src/hotspot/share/interpreter/linkResolver.cpp, line 773]
Event: 2.750 Thread 0x0000019c6aaf5000 Exception <a 'java/lang/NoSuchMethodError'{0x000000072f053110}: 'void java.lang.invoke.DirectMethodHandle$Holder.invokeStaticInit(java.lang.Object)'> (0x000000072f053110) thrown at [./src/hotspot/share/interpreter/linkResolver.cpp, line 773]
Event: 2.789 Thread 0x0000019c6aaf5000 Exception <a 'java/lang/NoSuchMethodError'{0x000000072ee1a758}: 'java.lang.Object java.lang.invoke.DirectMethodHandle$Holder.invokeStatic(java.lang.Object, java.lang.Object, java.lang.Object, java.lang.Object, java.lang.Object, java.lang.Object, java.lang.Object, java.lang.Object, java.lang.Object, java.lang.Object, java.lang.Object, int)'> (0x000000072ee1a758) thrown at [./src/hotspot/share/interpreter/linkResolver.cpp, line 773]
Event: 2.790 Thread 0x0000019c6aaf5000 Exception <a 'java/lang/NoSuchMethodError'{0x000000072ee38960}: 'java.lang.Object java.lang.invoke.DirectMethodHandle$Holder.invokeStatic(java.lang.Object, java.lang.Object, java.lang.Object, java.lang.Object, java.lang.Object, java.lang.Object, java.lang.Object, java.lang.Object, java.lang.Object, java.lang.Object, java.lang.Object, int, int)'> (0x000000072ee38960) thrown at [./src/hotspot/share/interpreter/linkResolver.cpp, line 773]
Event: 2.792 Thread 0x0000019c6aaf5000 Exception <a 'java/lang/NoSuchMethodError'{0x000000072ee578f8}: 'java.lang.Object java.lang.invoke.DirectMethodHandle$Holder.invokeStatic(java.lang.Object, java.lang.Object, java.lang.Object, java.lang.Object, java.lang.Object, java.lang.Object, java.lang.Object, java.lang.Object, java.lang.Object, java.lang.Object, java.lang.Object, int, int, java.lang.Object)'> (0x000000072ee578f8) thrown at [./src/hotspot/share/interpreter/linkResolver.cpp, line 773]
Event: 2.793 Thread 0x0000019c6aaf5000 Exception <a 'java/lang/NoSuchMethodError'{0x000000072ee63348}: 'java.lang.Object java.lang.invoke.Invokers$Holder.linkToTargetMethod(java.lang.Object, int, java.lang.Object)'> (0x000000072ee63348) thrown at [./src/hotspot/share/interpreter/linkResolver.cpp, line 773]
Event: 2.816 Thread 0x0000019c6aaf5000 Exception <a 'java/lang/reflect/InvocationTargetException'{0x000000072fd04de0}> (0x000000072fd04de0) thrown at [./src/hotspot/share/runtime/reflection.cpp, line 1247]
Event: 2.970 Thread 0x0000019c6aaf5000 Exception <a 'java/lang/NoSuchMethodError'{0x000000072fb37828}: 'java.lang.Object java.lang.invoke.DirectMethodHandle$Holder.invokeStatic(java.lang.Object, java.lang.Object, java.lang.Object, java.lang.Object, java.lang.Object, java.lang.Object, java.lang.Object, java.lang.Object, java.lang.Object, java.lang.Object, java.lang.Object, int, int, java.lang.Object, java.lang.Object)'> (0x000000072fb37828) thrown at [./src/hotspot/share/interpreter/linkResolver.cpp, line 773]
Event: 2.999 Thread 0x0000019c6aaf5000 Exception <a 'java/lang/NoSuchMethodError'{0x000000072fbafb10}: 'java.lang.Object java.lang.invoke.DirectMethodHandle$Holder.invokeStaticInit(java.lang.Object, java.lang.Object, java.lang.Object)'> (0x000000072fbafb10) thrown at [./src/hotspot/share/interpreter/linkResolver.cpp, line 773]
Event: 3.024 Thread 0x0000019c6aaf5000 Exception <a 'java/lang/NoSuchMethodError'{0x000000072fa63470}: 'void java.lang.invoke.DirectMethodHandle$Holder.invokeStaticInit(java.lang.Object, java.lang.Object, java.lang.Object)'> (0x000000072fa63470) thrown at [./src/hotspot/share/interpreter/linkResolver.cpp, line 773]
Event: 3.030 Thread 0x0000019c6aaf5000 Exception <a 'sun/nio/fs/WindowsException'{0x000000072fa91680}> (0x000000072fa91680) thrown at [./src/hotspot/share/prims/jni.cpp, line 615]
Event: 3.047 Thread 0x0000019c6aaf5000 Exception <a 'com/jogamp/opengl/GLException'{0x000000072faa07e0}> (0x000000072faa07e0) thrown at [./src/hotspot/share/prims/jvm.cpp, line 1301]
Event: 3.047 Thread 0x0000019c6aaf5000 Exception <a 'com/jogamp/opengl/GLException'{0x000000072faa07e0}> (0x000000072faa07e0) thrown at [./src/hotspot/share/prims/jvm.cpp, line 1301]
Event: 3.050 Thread 0x0000019c6aaf5000 Exception <a 'com/jogamp/opengl/GLException'{0x000000072faabe38}> (0x000000072faabe38) thrown at [./src/hotspot/share/prims/jvm.cpp, line 1301]
Event: 3.050 Thread 0x0000019c6aaf5000 Exception <a 'com/jogamp/opengl/GLException'{0x000000072faabe38}> (0x000000072faabe38) thrown at [./src/hotspot/share/prims/jvm.cpp, line 1301]

Events (20 events):
Event: 7.761 loading class StartCodeMainWindowPP$1$1
Event: 7.761 loading class StartCodeMainWindowPP$1$1 done
Event: 7.763 Thread 0x0000019c763bb800 Thread added: 0x0000019c763bb800
Event: 7.763 Executing VM operation: RevokeBias
Event: 7.763 Executing VM operation: RevokeBias done
Event: 7.763 Thread 0x0000019c71d9e800 Thread added: 0x0000019c71d9e800
Event: 7.763 Thread 0x0000019c71e1a800 Thread added: 0x0000019c71e1a800
Event: 7.764 Thread 0x0000019c6ac38800 Thread added: 0x0000019c6ac38800
Event: 7.764 Thread 0x0000019c6ac37000 Thread added: 0x0000019c6ac37000
Event: 7.764 Executing VM operation: RevokeBias
Event: 7.764 Executing VM operation: RevokeBias done
Event: 7.764 Executing VM operation: RevokeBias
Event: 7.764 Executing VM operation: RevokeBias done
Event: 7.765 Executing VM operation: RevokeBias
Event: 7.765 Thread 0x0000019c6ac38800 Thread exited: 0x0000019c6ac38800
Event: 7.765 Executing coalesced safepoint VM operation: RevokeBias
Event: 7.765 Executing coalesced safepoint VM operation: RevokeBias done
Event: 7.765 Executing coalesced safepoint VM operation: RevokeBias
Event: 7.765 Executing coalesced safepoint VM operation: RevokeBias done
Event: 7.765 Executing VM operation: RevokeBias done


Dynamic libraries:
0x00007ff6205f0000 - 0x00007ff6205fd000 	C:\Program Files\AdoptOpenJDK\jdk-11.0.8.10-hotspot\bin\java.exe
0x00007ffca9ec0000 - 0x00007ffcaa0b0000 	C:\WINDOWS\SYSTEM32\ntdll.dll
0x00007ffca9cf0000 - 0x00007ffca9da2000 	C:\WINDOWS\System32\KERNEL32.DLL
0x00007ffca7330000 - 0x00007ffca75d5000 	C:\WINDOWS\System32\KERNELBASE.dll
0x00007ffca7e70000 - 0x00007ffca7f6a000 	C:\WINDOWS\System32\ucrtbase.dll
0x00007ffc9ed30000 - 0x00007ffc9ed45000 	C:\Program Files\AdoptOpenJDK\jdk-11.0.8.10-hotspot\bin\VCRUNTIME140.dll
0x00007ffca09e0000 - 0x00007ffca09f7000 	C:\Program Files\AdoptOpenJDK\jdk-11.0.8.10-hotspot\bin\jli.dll
0x00007ffca82b0000 - 0x00007ffca8444000 	C:\WINDOWS\System32\USER32.dll
0x00007ffc88580000 - 0x00007ffc88804000 	C:\WINDOWS\WinSxS\amd64_microsoft.windows.common-controls_6595b64144ccf1df_6.0.18362.1198_none_9e820b57e45ad92f\COMCTL32.dll
0x00007ffca75e0000 - 0x00007ffca7601000 	C:\WINDOWS\System32\win32u.dll
0x00007ffca9dc0000 - 0x00007ffca9e5e000 	C:\WINDOWS\System32\msvcrt.dll
0x00007ffca9cc0000 - 0x00007ffca9ce6000 	C:\WINDOWS\System32\GDI32.dll
0x00007ffca8520000 - 0x00007ffca8855000 	C:\WINDOWS\System32\combase.dll
0x00007ffca6f90000 - 0x00007ffca7126000 	C:\WINDOWS\System32\gdi32full.dll
0x00007ffca8ae0000 - 0x00007ffca8c00000 	C:\WINDOWS\System32\RPCRT4.dll
0x00007ffca71e0000 - 0x00007ffca727e000 	C:\WINDOWS\System32\msvcp_win.dll
0x00007ffca7660000 - 0x00007ffca76e0000 	C:\WINDOWS\System32\bcryptPrimitives.dll
0x00007ffca8280000 - 0x00007ffca82ae000 	C:\WINDOWS\System32\IMM32.DLL
0x00007ffc937a0000 - 0x00007ffc9383b000 	C:\Program Files\AdoptOpenJDK\jdk-11.0.8.10-hotspot\bin\msvcp140.dll
0x00007ffc37d80000 - 0x00007ffc3883d000 	C:\Program Files\AdoptOpenJDK\jdk-11.0.8.10-hotspot\bin\server\jvm.dll
0x00007ffca88d0000 - 0x00007ffca8973000 	C:\WINDOWS\System32\ADVAPI32.dll
0x00007ffca8c00000 - 0x00007ffca8c97000 	C:\WINDOWS\System32\sechost.dll
0x00007ffca9db0000 - 0x00007ffca9db8000 	C:\WINDOWS\System32\PSAPI.DLL
0x00007ffc9c7c0000 - 0x00007ffc9c7c9000 	C:\WINDOWS\SYSTEM32\WSOCK32.dll
0x00007ffca4a90000 - 0x00007ffca4ab4000 	C:\WINDOWS\SYSTEM32\WINMM.dll
0x00007ffca8860000 - 0x00007ffca88cf000 	C:\WINDOWS\System32\WS2_32.dll
0x00007ffc9e650000 - 0x00007ffc9e65a000 	C:\WINDOWS\SYSTEM32\VERSION.dll
0x00007ffca4a60000 - 0x00007ffca4a8d000 	C:\WINDOWS\SYSTEM32\winmmbase.dll
0x00007ffca7280000 - 0x00007ffca72ca000 	C:\WINDOWS\System32\cfgmgr32.dll
0x00007ffca6d80000 - 0x00007ffca6d91000 	C:\WINDOWS\System32\kernel.appcore.dll
0x00007ffc9ed20000 - 0x00007ffc9ed30000 	C:\Program Files\AdoptOpenJDK\jdk-11.0.8.10-hotspot\bin\verify.dll
0x00007ffca5730000 - 0x00007ffca5924000 	C:\WINDOWS\SYSTEM32\DBGHELP.DLL
0x00007ffc96690000 - 0x00007ffc966ba000 	C:\WINDOWS\SYSTEM32\dbgcore.DLL
0x00007ffc9c7f0000 - 0x00007ffc9c818000 	C:\Program Files\AdoptOpenJDK\jdk-11.0.8.10-hotspot\bin\java.dll
0x00007ffc9ed10000 - 0x00007ffc9ed1a000 	C:\Program Files\AdoptOpenJDK\jdk-11.0.8.10-hotspot\bin\jimage.dll
0x00007ffc81c30000 - 0x00007ffc81c3e000 	C:\Program Files\AdoptOpenJDK\jdk-11.0.8.10-hotspot\bin\instrument.dll
0x00007ffc9a8d0000 - 0x00007ffc9a8e7000 	C:\Program Files\AdoptOpenJDK\jdk-11.0.8.10-hotspot\bin\zip.dll
0x00007ffca8f10000 - 0x00007ffca95f7000 	C:\WINDOWS\System32\SHELL32.dll
0x00007ffca9c10000 - 0x00007ffca9cb9000 	C:\WINDOWS\System32\shcore.dll
0x00007ffca76e0000 - 0x00007ffca7e61000 	C:\WINDOWS\System32\windows.storage.dll
0x00007ffca6da0000 - 0x00007ffca6dc3000 	C:\WINDOWS\System32\profapi.dll
0x00007ffca6df0000 - 0x00007ffca6e3a000 	C:\WINDOWS\System32\powrprof.dll
0x00007ffca6d70000 - 0x00007ffca6d80000 	C:\WINDOWS\System32\UMPDC.dll
0x00007ffca8d50000 - 0x00007ffca8da2000 	C:\WINDOWS\System32\shlwapi.dll
0x00007ffca7610000 - 0x00007ffca7627000 	C:\WINDOWS\System32\cryptsp.dll
0x00007ffc96ec0000 - 0x00007ffc96ed9000 	C:\Program Files\AdoptOpenJDK\jdk-11.0.8.10-hotspot\bin\net.dll
0x00007ffc97a90000 - 0x00007ffc97b80000 	C:\WINDOWS\SYSTEM32\WINHTTP.dll
0x00007ffca65c0000 - 0x00007ffca6627000 	C:\WINDOWS\system32\mswsock.dll
0x00007ffc96e80000 - 0x00007ffc96e92000 	C:\Program Files\AdoptOpenJDK\jdk-11.0.8.10-hotspot\bin\nio.dll
0x00007ffc770b0000 - 0x00007ffc770ca000 	C:\Program Files\JetBrains\IntelliJ IDEA Community Edition 2020.2.2\bin\breakgen64.dll
0x00007ffc39c70000 - 0x00007ffc39e09000 	C:\Program Files\AdoptOpenJDK\jdk-11.0.8.10-hotspot\bin\awt.dll
0x00007ffca8450000 - 0x00007ffca8515000 	C:\WINDOWS\System32\OLEAUT32.dll
0x00007ffca4ac0000 - 0x00007ffca4b4f000 	C:\WINDOWS\SYSTEM32\apphelp.dll
0x00007ffca4d70000 - 0x00007ffca4e09000 	C:\WINDOWS\system32\uxtheme.dll
0x00007ffca9600000 - 0x00007ffca9735000 	C:\WINDOWS\System32\MSCTF.dll
0x00007ffca8980000 - 0x00007ffca8ad7000 	C:\WINDOWS\System32\ole32.dll
0x00007ffca51a0000 - 0x00007ffca51cd000 	C:\WINDOWS\system32\DWMAPI.DLL
0x00007ffc6d7b0000 - 0x00007ffc6d906000 	C:\WINDOWS\system32\opengl32.dll
0x00007ffc83310000 - 0x00007ffc8333c000 	C:\WINDOWS\SYSTEM32\GLU32.dll
0x00007ffca59b0000 - 0x00007ffca59d0000 	C:\WINDOWS\SYSTEM32\dxcore.dll
0x00007ffc6ffb0000 - 0x00007ffc70177000 	C:\WINDOWS\system32\d3d9.dll
0x00007ffca6130000 - 0x00007ffca6163000 	C:\WINDOWS\system32\rsaenh.dll
0x00007ffca7630000 - 0x00007ffca7656000 	C:\WINDOWS\System32\bcrypt.dll
0x00007ffca6c90000 - 0x00007ffca6cb5000 	C:\WINDOWS\SYSTEM32\USERENV.dll
0x00007ffca6790000 - 0x00007ffca679c000 	C:\WINDOWS\SYSTEM32\CRYPTBASE.dll
0x00007ffca62d0000 - 0x00007ffca630a000 	C:\WINDOWS\SYSTEM32\IPHLPAPI.DLL
0x00007ffca80c0000 - 0x00007ffca80c8000 	C:\WINDOWS\System32\NSI.dll
0x00007ffc9beb0000 - 0x00007ffc9bec6000 	C:\WINDOWS\SYSTEM32\dhcpcsvc6.DLL
0x00007ffc9c030000 - 0x00007ffc9c04c000 	C:\WINDOWS\SYSTEM32\dhcpcsvc.DLL
0x00007ffca6310000 - 0x00007ffca63db000 	C:\WINDOWS\SYSTEM32\DNSAPI.dll
0x00000000637c0000 - 0x00000000637cd000 	C:\Users\Hanna\AppData\Local\Temp\jogamp_0000\file_cache\jln13336787759560820015\jln14820460359478532106\natives\windows-amd64\gluegen-rt.dll
0x00007ffc7dd50000 - 0x00007ffc7dd57000 	C:\Program Files\AdoptOpenJDK\jdk-11.0.8.10-hotspot\bin\jawt.dll
0x000000006a440000 - 0x000000006a44d000 	C:\Users\Hanna\AppData\Local\Temp\jogamp_0000\file_cache\jln13336787759560820015\jln14820460359478532106\natives\windows-amd64\nativewindow_awt.dll
0x000000006c100000 - 0x000000006c10f000 	C:\Users\Hanna\AppData\Local\Temp\jogamp_0000\file_cache\jln13336787759560820015\jln14820460359478532106\natives\windows-amd64\nativewindow_win32.dll
0x0000000064500000 - 0x00000000645b1000 	C:\Users\Hanna\AppData\Local\Temp\jogamp_0000\file_cache\jln13336787759560820015\jln14820460359478532106\natives\windows-amd64\jogl_desktop.dll
0x00007ffc39340000 - 0x00007ffc3952f000 	C:\Program Files\Autodesk\AliasAutoStudio2021\bin\libGLESv2.dll
0x00007ffc7d970000 - 0x00007ffc7d979000 	C:\Program Files\Autodesk\AliasAutoStudio2021\bin\libEGL.dll
0x0000000064340000 - 0x00000000643a2000 	C:\Users\Hanna\AppData\Local\Temp\jogamp_0000\file_cache\jln13336787759560820015\jln14820460359478532106\natives\windows-amd64\jogl_mobile.dll
0x00007ffc75640000 - 0x00007ffc7566a000 	C:\WINDOWS\System32\DriverStore\FileRepository\u0359160.inf_amd64_2abe2598d9a3141f\B358802\atig6pxx.dll
0x00007ffc441c0000 - 0x00007ffc46ed2000 	C:\WINDOWS\System32\DriverStore\FileRepository\u0359160.inf_amd64_2abe2598d9a3141f\B358802\atio6axx.dll
0x00007ffca9740000 - 0x00007ffca9bb0000 	C:\WINDOWS\System32\SETUPAPI.dll
0x00007ffc96600000 - 0x00007ffc96623000 	C:\WINDOWS\SYSTEM32\dxva2.dll
0x00007ffc75330000 - 0x00007ffc7536c000 	C:\WINDOWS\System32\DriverStore\FileRepository\u0359160.inf_amd64_2abe2598d9a3141f\B358802\atig6txx.dll
0x00007ffc6c940000 - 0x00007ffc6cafc000 	C:\WINDOWS\SYSTEM32\atiadlxx.dll
0x00007ffca33b0000 - 0x00007ffca34a0000 	C:\WINDOWS\SYSTEM32\PROPSYS.dll
0x00007ffca6b60000 - 0x00007ffca6b8a000 	C:\WINDOWS\SYSTEM32\DEVOBJ.dll
0x00007ffca72d0000 - 0x00007ffca732c000 	C:\WINDOWS\System32\WINTRUST.dll
0x00007ffca6dd0000 - 0x00007ffca6de2000 	C:\WINDOWS\System32\MSASN1.dll
0x00007ffca6e40000 - 0x00007ffca6f89000 	C:\WINDOWS\System32\CRYPT32.dll
0x00007ffc39be0000 - 0x00007ffc39c62000 	C:\Program Files\AdoptOpenJDK\jdk-11.0.8.10-hotspot\bin\freetype.dll
0x00007ffc39b30000 - 0x00007ffc39bd6000 	C:\Program Files\AdoptOpenJDK\jdk-11.0.8.10-hotspot\bin\fontmanager.dll
0x00007ffca4b70000 - 0x00007ffca4c0e000 	C:\WINDOWS\System32\TextInputFramework.dll
0x00007ffca1e80000 - 0x00007ffca21aa000 	C:\WINDOWS\System32\CoreUIComponents.dll
0x00007ffca44e0000 - 0x00007ffca45b4000 	C:\WINDOWS\System32\CoreMessaging.dll
0x00007ffca5db0000 - 0x00007ffca5de1000 	C:\WINDOWS\SYSTEM32\ntmarta.dll
0x00007ffca26f0000 - 0x00007ffca2843000 	C:\WINDOWS\SYSTEM32\wintypes.dll
0x00007ffc92980000 - 0x00007ffc929e5000 	C:\WINDOWS\system32\Oleacc.dll
0x00007ffc97c90000 - 0x00007ffc97f37000 	C:\WINDOWS\System32\iertutil.dll

dbghelp: loaded successfully - version: 4.0.5 - missing functions: none
symbol engine: initialized successfully - sym options: 0x614 - pdb path: .;C:\Program Files\AdoptOpenJDK\jdk-11.0.8.10-hotspot\bin;C:\WINDOWS\SYSTEM32;C:\WINDOWS\WinSxS\amd64_microsoft.windows.common-controls_6595b64144ccf1df_6.0.18362.1198_none_9e820b57e45ad92f;C:\Program Files\AdoptOpenJDK\jdk-11.0.8.10-hotspot\bin\server;C:\Program Files\JetBrains\IntelliJ IDEA Community Edition 2020.2.2\bin;C:\WINDOWS\System32\DriverStore\FileRepository\u0359160.inf_amd64_2abe2598d9a3141f\B358802;C:\Users\Hanna\AppData\Local\Temp\jogamp_0000\file_cache\jln13336787759560820015\jln14820460359478532106\natives\windows-amd64;C:\Program Files\Autodesk\AliasAutoStudio2021\bin

VM Arguments:
jvm_args: --module-path=C:\Users\Hanna\installs\javafx-sdk-11.0.2\lib --add-modules=javafx.controls,javafx.fxml,javafx.swing --add-exports=javafx.base/com.sun.javafx.event=ALL-UNNAMED -javaagent:C:\Program Files\JetBrains\IntelliJ IDEA Community Edition 2020.2.2\lib\idea_rt.jar=50858:C:\Program Files\JetBrains\IntelliJ IDEA Community Edition 2020.2.2\bin -Dfile.encoding=UTF-8 
java_command: StartCodeMainWindowPP
java_class_path (initial): C:\Users\Hanna\IdeaProjects\JoglModelLoadGeometryPP\out\production\JoglModelLoadGeometryPP;C:\Users\Hanna\IdeaProjects\JoglModelLoadGeometryPP\lib\OBJLoader-3.0.0.jar;C:\Program Files\Java\jogl\jogamp-all-platforms\jar\gluegen-rt.jar;C:\Program Files\Java\jogl\jogamp-all-platforms\jar\jogl-all.jar;C:\Users\Hanna\installs\javafx-sdk-14.0.1\lib\src.zip;C:\Users\Hanna\installs\javafx-sdk-14.0.1\lib\javafx-swt.jar;C:\Users\Hanna\installs\javafx-sdk-14.0.1\lib\javafx.web.jar;C:\Users\Hanna\installs\javafx-sdk-14.0.1\lib\javafx.base.jar;C:\Users\Hanna\installs\javafx-sdk-14.0.1\lib\javafx.fxml.jar;C:\Users\Hanna\installs\javafx-sdk-14.0.1\lib\javafx.media.jar;C:\Users\Hanna\installs\javafx-sdk-14.0.1\lib\javafx.swing.jar;C:\Users\Hanna\installs\javafx-sdk-14.0.1\lib\javafx.controls.jar;C:\Users\Hanna\installs\javafx-sdk-14.0.1\lib\javafx.graphics.jar
Launcher Type: SUN_STANDARD

[Global flags]
     intx CICompilerCount                          = 4                                         {product} {ergonomic}
     uint ConcGCThreads                            = 2                                         {product} {ergonomic}
     uint G1ConcRefinementThreads                  = 8                                         {product} {ergonomic}
   size_t G1HeapRegionSize                         = 1048576                                   {product} {ergonomic}
    uintx GCDrainStackTargetSize                   = 64                                        {product} {ergonomic}
   size_t InitialHeapSize                          = 234881024                                 {product} {ergonomic}
   size_t MarkStackSize                            = 4194304                                   {product} {ergonomic}
   size_t MaxHeapSize                              = 3726639104                                {product} {ergonomic}
   size_t MaxNewSize                               = 2235564032                                {product} {ergonomic}
   size_t MinHeapDeltaBytes                        = 1048576                                   {product} {ergonomic}
    uintx NonNMethodCodeHeapSize                   = 5836300                                {pd product} {ergonomic}
    uintx NonProfiledCodeHeapSize                  = 122910970                              {pd product} {ergonomic}
    uintx ProfiledCodeHeapSize                     = 122910970                              {pd product} {ergonomic}
    uintx ReservedCodeCacheSize                    = 251658240                              {pd product} {ergonomic}
     bool SegmentedCodeCache                       = true                                      {product} {ergonomic}
     bool UseCompressedClassPointers               = true                                 {lp64_product} {ergonomic}
     bool UseCompressedOops                        = true                                 {lp64_product} {ergonomic}
     bool UseG1GC                                  = true                                      {product} {ergonomic}
     bool UseLargePagesIndividualAllocation        = false                                  {pd product} {ergonomic}

Logging:
Log output configuration:
 #0: stdout all=warning uptime,level,tags
 #1: stderr all=off uptime,level,tags

Environment Variables:
JAVA_HOME=C:\Program Files\Java\jdk-13
JRE_HOME=C:\Program Files\Java\jdk-13
PATH=C:\Program Files\AdoptOpenJDK\jdk-11.0.8.10-hotspot\bin;C:\Program Files\Autodesk\AliasAutoStudio2021\bin;C:\Program Files (x86)\NVIDIA Corporation\PhysX\Common;C:\WINDOWS\system32;C:\WINDOWS;C:\WINDOWS\System32\Wbem;C:\WINDOWS\System32\WindowsPowerShell\v1.0\;C:\WINDOWS\System32\OpenSSH\;C:\Program Files\Java\jdk-13\bin;C:\Program Files\Microsoft SQL Server\Client SDK\ODBC\110\Tools\Binn\;C:\Program Files (x86)\Microsoft SQL Server\120\Tools\Binn\;C:\Program Files\Microsoft SQL Server\120\Tools\Binn\;C:\Program Files\Microsoft SQL Server\120\DTS\Binn\;C:\Program Files (x86)\Windows Kits\8.1\Windows Performance Toolkit\;C:\Users\Hanna\AppData\Local\Microsoft\WindowsApps;C:\Users\Hanna\AppData\Local\atom\bin;C:\Program Files\JetBrains\IntelliJ IDEA Community Edition 2020.2.2\bin;
USERNAME=Hanna
OS=Windows_NT
PROCESSOR_IDENTIFIER=AMD64 Family 23 Model 24 Stepping 1, AuthenticAMD



---------------  S Y S T E M  ---------------

OS: Windows 10 , 64 bit Build 18362 (10.0.18362.1110)
OS uptime: 17 days 14:46 hours

CPU:total 8 (initial active 8) (8 cores per cpu, 2 threads per core) family 23 model 24 stepping 1, cmov, cx8, fxsr, mmx, sse, sse2, sse3, ssse3, sse4.1, sse4.2, popcnt, avx, avx2, aes, clmul, mmxext, 3dnowpref, lzcnt, sse4a, ht, tsc, tscinvbit, tscinv, bmi1, bmi2, adx, sha, fma

Memory: 4k page, system-wide physical 14213M (5225M free)
TotalPageFile size 30069M (AvailPageFile size 3691M)
current process WorkingSet (physical memory assigned to process): 140M, peak: 165M
current process commit charge ("private bytes"): 438M, peak: 463M

vm_info: OpenJDK 64-Bit Server VM (11.0.8+10) for windows-amd64 JRE (11.0.8+10), built on Jul 15 2020 11:45:54 by "" with MS VC++ 15.9 (VS2017)

END.
