#
# A fatal error has been detected by the Java Runtime Environment:
#
#  EXCEPTION_ACCESS_VIOLATION (0xc0000005) at pc=0x00007ffc4d6f6100, pid=23888, tid=10824
#
# JRE version: OpenJDK Runtime Environment AdoptOpenJDK (11.0.8+10) (build 11.0.8+10)
# Java VM: OpenJDK 64-Bit Server VM AdoptOpenJDK (11.0.8+10, mixed mode, tiered, compressed oops, g1 gc, windows-amd64)
# Problematic frame:
# C  [atio6axx.dll+0xb06100]
#
# No core dump will be written. Minidumps are not enabled by default on client versions of Windows
#
# If you would like to submit a bug report, please visit:
#   https://github.com/AdoptOpenJDK/openjdk-support/issues
# The crash happened outside the Java Virtual Machine in native code.
# See problematic frame for where to report the bug.
#

---------------  S U M M A R Y ------------

Command Line: --module-path=C:\Users\Hanna\installs\javafx-sdk-11.0.2\lib --add-modules=javafx.controls,javafx.fxml,javafx.swing --add-exports=javafx.base/com.sun.javafx.event=ALL-UNNAMED -javaagent:C:\Program Files\JetBrains\IntelliJ IDEA Community Edition 2020.2.2\lib\idea_rt.jar=62503:C:\Program Files\JetBrains\IntelliJ IDEA Community Edition 2020.2.2\bin -Dfile.encoding=UTF-8 StartCodeMainWindowPP

Host: AMD Ryzen 7 3700U with Radeon Vega Mobile Gfx  , 8 cores, 13G,  Windows 10 , 64 bit Build 18362 (10.0.18362.1110)
Time: Tue Dec  8 12:57:11 2020 Mitteleuropäische Zeit elapsed time: 14 seconds (0d 0h 0m 14s)

---------------  T H R E A D  ---------------

Current thread (0x000001bdcfa8f000):  JavaThread "AWT-EventQueue-0" [_thread_in_native, id=10824, stack(0x0000001ed7d00000,0x0000001ed7e00000)]

Stack: [0x0000001ed7d00000,0x0000001ed7e00000],  sp=0x0000001ed7dfac10,  free space=1003k
Native frames: (J=compiled Java code, j=interpreted, Vv=VM code, C=native code)
C  [atio6axx.dll+0xb06100]

Java frames: (J=compiled Java code, j=interpreted, Vv=VM code)
j  jogamp.opengl.gl4.GL4bcImpl.dispatch_glDeleteVertexArrays1(ILjava/lang/Object;IZJ)V+0
j  jogamp.opengl.gl4.GL4bcImpl.glDeleteVertexArrays(I[II)V+101
j  StartRendererPP.dispose(Lcom/jogamp/opengl/GLAutoDrawable;)V+62
j  jogamp.opengl.GLDrawableHelper.disposeAllGLEventListener(Lcom/jogamp/opengl/GLAutoDrawable;Z)I+155
j  jogamp.opengl.GLDrawableHelper.disposeGL(Lcom/jogamp/opengl/GLAutoDrawable;Lcom/jogamp/opengl/GLContext;Z)V+119
j  com.jogamp.opengl.awt.GLCanvas$8.run()V+170
j  com.jogamp.opengl.Threading.invoke(ZLjava/lang/Runnable;Ljava/lang/Object;)V+27
j  com.jogamp.opengl.awt.GLCanvas.destroyImpl(Z)V+9
j  com.jogamp.opengl.awt.GLCanvas$2.run()V+5
j  com.jogamp.nativewindow.awt.AWTWindowClosingProtocol$WindowClosingAdapter.windowClosing(Ljava/awt/event/WindowEvent;)V+22
j  java.awt.AWTEventMulticaster.windowClosing(Ljava/awt/event/WindowEvent;)V+21 java.desktop@11.0.8
j  java.awt.Window.processWindowEvent(Ljava/awt/event/WindowEvent;)V+68 java.desktop@11.0.8
j  javax.swing.JFrame.processWindowEvent(Ljava/awt/event/WindowEvent;)V+2 java.desktop@11.0.8
j  java.awt.Window.processEvent(Ljava/awt/AWTEvent;)V+69 java.desktop@11.0.8
j  java.awt.Component.dispatchEventImpl(Ljava/awt/AWTEvent;)V+496 java.desktop@11.0.8
j  java.awt.Container.dispatchEventImpl(Ljava/awt/AWTEvent;)V+42 java.desktop@11.0.8
j  java.awt.Window.dispatchEventImpl(Ljava/awt/AWTEvent;)V+19 java.desktop@11.0.8
j  java.awt.Component.dispatchEvent(Ljava/awt/AWTEvent;)V+2 java.desktop@11.0.8
j  java.awt.EventQueue.dispatchEventImpl(Ljava/awt/AWTEvent;Ljava/lang/Object;)V+41 java.desktop@11.0.8
j  java.awt.EventQueue$4.run()Ljava/lang/Void;+32 java.desktop@11.0.8
j  java.awt.EventQueue$4.run()Ljava/lang/Object;+1 java.desktop@11.0.8
v  ~StubRoutines::call_stub
j  java.security.AccessController.doPrivileged(Ljava/security/PrivilegedAction;Ljava/security/AccessControlContext;)Ljava/lang/Object;+0 java.base@11.0.8
j  java.security.ProtectionDomain$JavaSecurityAccessImpl.doIntersectionPrivilege(Ljava/security/PrivilegedAction;Ljava/security/AccessControlContext;Ljava/security/AccessControlContext;)Ljava/lang/Object;+18 java.base@11.0.8
j  java.security.ProtectionDomain$JavaSecurityAccessImpl.doIntersectionPrivilege(Ljava/security/PrivilegedAction;Ljava/security/AccessControlContext;)Ljava/lang/Object;+6 java.base@11.0.8
j  java.awt.EventQueue$5.run()Ljava/lang/Void;+11 java.desktop@11.0.8
j  java.awt.EventQueue$5.run()Ljava/lang/Object;+1 java.desktop@11.0.8
v  ~StubRoutines::call_stub
j  java.security.AccessController.doPrivileged(Ljava/security/PrivilegedAction;Ljava/security/AccessControlContext;)Ljava/lang/Object;+0 java.base@11.0.8
j  java.security.ProtectionDomain$JavaSecurityAccessImpl.doIntersectionPrivilege(Ljava/security/PrivilegedAction;Ljava/security/AccessControlContext;Ljava/security/AccessControlContext;)Ljava/lang/Object;+18 java.base@11.0.8
j  java.awt.EventQueue.dispatchEvent(Ljava/awt/AWTEvent;)V+73 java.desktop@11.0.8
j  java.awt.EventDispatchThread.pumpOneEventForFilters(I)V+78 java.desktop@11.0.8
j  java.awt.EventDispatchThread.pumpEventsForFilter(ILjava/awt/Conditional;Ljava/awt/EventFilter;)V+35 java.desktop@11.0.8
j  java.awt.EventDispatchThread.pumpEventsForHierarchy(ILjava/awt/Conditional;Ljava/awt/Component;)V+11 java.desktop@11.0.8
j  java.awt.EventDispatchThread.pumpEvents(ILjava/awt/Conditional;)V+4 java.desktop@11.0.8
j  java.awt.EventDispatchThread.pumpEvents(Ljava/awt/Conditional;)V+3 java.desktop@11.0.8
j  java.awt.EventDispatchThread.run()V+9 java.desktop@11.0.8
v  ~StubRoutines::call_stub

siginfo: EXCEPTION_ACCESS_VIOLATION (0xc0000005), reading address 0x0000000000000000


Register to memory mapping:

RIP=0x00007ffc4d6f6100 atio6axx.dll
RAX=0x0000000000000001 is an unknown value
RBX=0x000001bddb850050 points into unknown readable memory: 00 00 00 00 00 00 00 00
RCX=0x000001bdd22a5d80 points into unknown readable memory: 00 32 28 d2 bd 01 00 00
RDX=0x0000000000000001 is an unknown value
RSP=0x0000001ed7dfac10 is pointing into the stack for thread: 0x000001bdcfa8f000
RBP=0x0000000000000001 is an unknown value
RSI=0x000001bdd267f450 points into unknown readable memory: 80 d1 30 4f fc 7f 00 00
RDI=0x0 is NULL
R8 =0x0 is NULL
R9 =0x0 is NULL
R10=0x000001bdb4d7ef68 is at code_begin+1000 in an Interpreter codelet
method entry point (kind = native)  [0x000001bdb4d7eb80, 0x000001bdb4d7f620]  2720 bytes
R11=0x0000000000000102 is an unknown value
R12=0x0 is NULL
R13={method} {0x000001bdd8cbf920} 'dispatch_glDeleteVertexArrays1' '(ILjava/lang/Object;IZJ)V' in 'jogamp/opengl/gl4/GL4bcImpl'
R14=0x000001bdd22a5d80 points into unknown readable memory: 00 32 28 d2 bd 01 00 00
R15=0x0000000000000001 is an unknown value


Registers:
RAX=0x0000000000000001, RBX=0x000001bddb850050, RCX=0x000001bdd22a5d80, RDX=0x0000000000000001
RSP=0x0000001ed7dfac10, RBP=0x0000000000000001, RSI=0x000001bdd267f450, RDI=0x0000000000000000
R8 =0x0000000000000000, R9 =0x0000000000000000, R10=0x000001bdb4d7ef68, R11=0x0000000000000102
R12=0x0000000000000000, R13=0x000001bdd8cbf918, R14=0x000001bdd22a5d80, R15=0x0000000000000001
RIP=0x00007ffc4d6f6100, EFLAGS=0x0000000000010202

Top of Stack: (sp=0x0000001ed7dfac10)
0x0000001ed7dfac10:   000001bdd8cbf918 00000000000085b5
0x0000001ed7dfac20:   000001bdb4d79da7 0000001ed7dfacf0
0x0000001ed7dfac30:   000001bdcfa8f000 0000001ed7dfad40
0x0000001ed7dfac40:   000001bdb4d79da7 000001bdb4d7ef97
0x0000001ed7dfac50:   000001bdd8cbf918 000001bdcfa8f000
0x0000001ed7dfac60:   0000001ed7dfacf0 00000000000085b5
0x0000001ed7dfac70:   000001bd00000000 000001bd00000000
0x0000001ed7dfac80:   00007ffc4f683190 000001bdd8cbf918
0x0000001ed7dfac90:   0000001ed7dfacf0 00000000000085b5
0x0000001ed7dfaca0:   000001bdb4d7ec36 0000001ed7dfaca8
0x0000001ed7dfacb0:   000001bdd8cbf918 0000001ed7dfad40
0x0000001ed7dfacc0:   000001bdd8d90040 0000000000000000
0x0000001ed7dfacd0:   0000000721f4b8b0 000001bdd8cbf918
0x0000001ed7dface0:   0000000000000000 0000001ed7dfad10
0x0000001ed7dfacf0:   0000001ed7dfad90 000001bdb4d79da7
0x0000001ed7dfad00:   0000000000000000 000001bdb4d7bf38 

Instructions: (pc=0x00007ffc4d6f6100)
0x00007ffc4d6f6000:   0a 00 00 10 89 4b 58 4c 8b 87 10 03 00 00 49 8b
0x00007ffc4d6f6010:   80 b0 29 00 00 48 0f ba e0 17 73 1b 40 f6 c6 01
0x00007ffc4d6f6020:   74 15 48 83 63 78 fe 48 8b 5c 24 30 48 8b 74 24
0x00007ffc4d6f6030:   38 48 83 c4 20 5f c3 a8 01 74 1f 48 0f ba e6 17
0x00007ffc4d6f6040:   73 18 48 81 63 78 ff ff 7f ff 48 8b 5c 24 30 48
0x00007ffc4d6f6050:   8b 74 24 38 48 83 c4 20 5f c3 48 a9 01 00 80 00
0x00007ffc4d6f6060:   75 11 48 f7 c6 01 00 80 00 74 08 48 81 63 78 fe
0x00007ffc4d6f6070:   ff 7f ff 48 8b 5c 24 30 48 8b 74 24 38 48 83 c4
0x00007ffc4d6f6080:   20 5f c3 cc cc cc cc cc cc cc cc cc cc cc cc cc
0x00007ffc4d6f6090:   48 89 5c 24 08 48 89 6c 24 18 48 89 74 24 20 57
0x00007ffc4d6f60a0:   41 56 41 57 48 83 ec 20 65 48 8b 04 25 30 00 00
0x00007ffc4d6f60b0:   00 49 8b f8 48 8b 19 4c 8b f1 44 8b fa 8b 68 48
0x00007ffc4d6f60c0:   b8 01 00 00 00 48 8b 5b 20 48 8b 73 08 f0 0f c1
0x00007ffc4d6f60d0:   46 10 ff c0 83 f8 01 7e 14 39 6e 14 74 0f 48 8b
0x00007ffc4d6f60e0:   4e 20 ba ff ff ff ff ff 15 b3 1f 18 01 ff 46 18
0x00007ffc4d6f60f0:   89 6e 14 45 85 ff 0f 84 91 00 00 00 49 8b ef 90
0x00007ffc4d6f6100:   44 8b 07 45 85 c0 74 77 49 8b 56 08 41 8b c8 c1
0x00007ffc4d6f6110:   e9 0c 48 8b 82 b8 00 00 00 3b 48 18 73 61 48 8b
0x00007ffc4d6f6120:   40 10 4c 8b 0c c8 4d 85 c9 74 54 41 8b c0 41 2b
0x00007ffc4d6f6130:   01 66 41 83 bc 41 10 80 00 00 00 75 42 45 3b 46
0x00007ffc4d6f6140:   10 75 11 33 d2 49 8b ce e8 13 fe ff ff 49 8b 56
0x00007ffc4d6f6150:   08 44 8b 07 48 8d 4a 48 48 8d b2 88 01 00 00 45
0x00007ffc4d6f6160:   85 c0 74 1b 41 b9 0f 00 00 00 e8 91 a1 ac 00 48
0x00007ffc4d6f6170:   85 c0 74 0b 4c 8b c0 48 8b ce e8 a1 ec ac 00 48
0x00007ffc4d6f6180:   83 c7 04 48 83 ed 01 0f 85 73 ff ff ff 48 8b 4b
0x00007ffc4d6f6190:   08 b8 ff ff ff ff 83 41 18 ff 44 8b 41 18 89 41
0x00007ffc4d6f61a0:   1c 75 07 c7 41 14 00 00 00 00 f0 0f c1 41 10 83
0x00007ffc4d6f61b0:   f8 01 74 16 45 85 c0 75 11 48 8b 49 20 45 33 c0
0x00007ffc4d6f61c0:   41 8d 50 01 ff 15 3e 22 18 01 48 8b 5c 24 40 48
0x00007ffc4d6f61d0:   8b 6c 24 50 48 8b 74 24 58 48 83 c4 20 41 5f 41
0x00007ffc4d6f61e0:   5e 5f c3 cc cc cc cc cc cc cc cc cc cc cc cc cc
0x00007ffc4d6f61f0:   48 89 5c 24 08 48 89 74 24 10 57 48 83 ec 20 48 


Stack slot to memory mapping:
stack at sp + 0 slots: {method} {0x000001bdd8cbf920} 'dispatch_glDeleteVertexArrays1' '(ILjava/lang/Object;IZJ)V' in 'jogamp/opengl/gl4/GL4bcImpl'
stack at sp + 1 slots: 0x00000000000085b5 is an unknown value
stack at sp + 2 slots: 0x000001bdb4d79da7 is at code_begin+2343 in an Interpreter codelet
invoke return entry points  [0x000001bdb4d79480, 0x000001bdb4d79e80]  2560 bytes
stack at sp + 3 slots: 0x0000001ed7dfacf0 is pointing into the stack for thread: 0x000001bdcfa8f000
stack at sp + 4 slots: 0x000001bdcfa8f000 is a thread
stack at sp + 5 slots: 0x0000001ed7dfad40 is pointing into the stack for thread: 0x000001bdcfa8f000
stack at sp + 6 slots: 0x000001bdb4d79da7 is at code_begin+2343 in an Interpreter codelet
invoke return entry points  [0x000001bdb4d79480, 0x000001bdb4d79e80]  2560 bytes
stack at sp + 7 slots: 0x000001bdb4d7ef97 is at code_begin+1047 in an Interpreter codelet
method entry point (kind = native)  [0x000001bdb4d7eb80, 0x000001bdb4d7f620]  2720 bytes


---------------  P R O C E S S  ---------------

Threads class SMR info:
_java_thread_list=0x000001bdd2600600, length=18, elements={
0x000001bdcf89e000, 0x000001bdcf8a8000, 0x000001bdcf8f7800, 0x000001bdcf8fb800,
0x000001bdcf8fe000, 0x000001bdcf909000, 0x000001bdcf90b000, 0x000001bdcfa8d800,
0x000001bdcfa8b000, 0x000001bdcfa8d000, 0x000001bdcfa89800, 0x000001bdcfa90000,
0x000001bdcfa8f000, 0x000001bdcfa8e800, 0x000001bdcfa8c000, 0x000001bdd21ad800,
0x000001bdd21af800, 0x000001bdd21ac000
}

Java Threads: ( => current thread )
  0x000001bdcf89e000 JavaThread "Reference Handler" daemon [_thread_blocked, id=22932, stack(0x0000001ed6d00000,0x0000001ed6e00000)]
  0x000001bdcf8a8000 JavaThread "Finalizer" daemon [_thread_blocked, id=14472, stack(0x0000001ed6e00000,0x0000001ed6f00000)]
  0x000001bdcf8f7800 JavaThread "Signal Dispatcher" daemon [_thread_blocked, id=19740, stack(0x0000001ed6f00000,0x0000001ed7000000)]
  0x000001bdcf8fb800 JavaThread "Attach Listener" daemon [_thread_blocked, id=3724, stack(0x0000001ed7000000,0x0000001ed7100000)]
  0x000001bdcf8fe000 JavaThread "C2 CompilerThread0" daemon [_thread_blocked, id=19252, stack(0x0000001ed7100000,0x0000001ed7200000)]
  0x000001bdcf909000 JavaThread "C1 CompilerThread0" daemon [_thread_blocked, id=1832, stack(0x0000001ed7200000,0x0000001ed7300000)]
  0x000001bdcf90b000 JavaThread "Sweeper thread" daemon [_thread_blocked, id=15116, stack(0x0000001ed7300000,0x0000001ed7400000)]
  0x000001bdcfa8d800 JavaThread "Common-Cleaner" daemon [_thread_blocked, id=23880, stack(0x0000001ed7400000,0x0000001ed7500000)]
  0x000001bdcfa8b000 JavaThread "Monitor Ctrl-Break" daemon [_thread_in_native, id=8360, stack(0x0000001ed7700000,0x0000001ed7800000)]
  0x000001bdcfa8d000 JavaThread "Service Thread" daemon [_thread_blocked, id=16380, stack(0x0000001ed7800000,0x0000001ed7900000)]
  0x000001bdcfa89800 JavaThread "Java2D Disposer" daemon [_thread_blocked, id=18396, stack(0x0000001ed7a00000,0x0000001ed7b00000)]
  0x000001bdcfa90000 JavaThread "AWT-Shutdown" [_thread_blocked, id=24472, stack(0x0000001ed7b00000,0x0000001ed7c00000)]
=>0x000001bdcfa8f000 JavaThread "AWT-EventQueue-0" [_thread_in_native, id=10824, stack(0x0000001ed7d00000,0x0000001ed7e00000)]
  0x000001bdcfa8e800 JavaThread "DestroyJavaVM" [_thread_blocked, id=2844, stack(0x0000001ed6600000,0x0000001ed6700000)]
  0x000001bdcfa8c000 JavaThread "AWT-EventQueue-0-SharedResourceRunner" daemon [_thread_in_native, id=19068, stack(0x0000001ed7500000,0x0000001ed7600000)]
  0x000001bdd21ad800 JavaThread "Thread-3" [_thread_blocked, id=14432, stack(0x0000001ed9500000,0x0000001ed9600000)]
  0x000001bdd21af800 JavaThread "ToolkitShutdown" daemon [_thread_in_native, id=18096, stack(0x0000001ed9700000,0x0000001ed9800000)]
  0x000001bdd21ac000 JavaThread "NativeWindowFactory_ShutdownHook" [_thread_blocked, id=19056, stack(0x0000001ed9900000,0x0000001ed9a00000)]

Other Threads:
  0x000001bdcf87a800 VMThread "VM Thread" [stack: 0x0000001ed6c00000,0x0000001ed6d00000] [id=17068]
  0x000001bdd0164000 WatcherThread [stack: 0x0000001ed7900000,0x0000001ed7a00000] [id=12152]
  0x000001bdac729000 GCTaskThread "GC Thread#0" [stack: 0x0000001ed6700000,0x0000001ed6800000] [id=8300]
  0x000001bdd012a800 GCTaskThread "GC Thread#1" [stack: 0x0000001ed7600000,0x0000001ed7700000] [id=11304]
  0x000001bdd1b3d800 GCTaskThread "GC Thread#2" [stack: 0x0000001ed8b00000,0x0000001ed8c00000] [id=15068]
  0x000001bdd0748000 GCTaskThread "GC Thread#3" [stack: 0x0000001ed8c00000,0x0000001ed8d00000] [id=316]
  0x000001bdd07f0000 GCTaskThread "GC Thread#4" [stack: 0x0000001ed8d00000,0x0000001ed8e00000] [id=20164]
  0x000001bdd09b7800 GCTaskThread "GC Thread#5" [stack: 0x0000001ed8e00000,0x0000001ed8f00000] [id=19732]
  0x000001bdac77c800 ConcurrentGCThread "G1 Main Marker" [stack: 0x0000001ed6800000,0x0000001ed6900000] [id=24228]
  0x000001bdac77d800 ConcurrentGCThread "G1 Conc#0" [stack: 0x0000001ed6900000,0x0000001ed6a00000] [id=16576]
  0x000001bdd237a000 ConcurrentGCThread "G1 Conc#1" [stack: 0x0000001ed9200000,0x0000001ed9300000] [id=15396]
  0x000001bdceeda800 ConcurrentGCThread "G1 Refine#0" [stack: 0x0000001ed6a00000,0x0000001ed6b00000] [id=24132]
  0x000001bdcfb45000 ConcurrentGCThread "G1 Refine#1" [stack: 0x0000001ed8f00000,0x0000001ed9000000] [id=1652]
  0x000001bdceedb800 ConcurrentGCThread "G1 Young RemSet Sampling" [stack: 0x0000001ed6b00000,0x0000001ed6c00000] [id=12504]

Threads with active compile tasks:

VM state:not at safepoint (normal execution)

VM Mutex/Monitor currently owned by a thread: None

Heap address: 0x0000000721e00000, size: 3554 MB, Compressed Oops mode: Zero based, Oop shift amount: 3
Narrow klass base: 0x0000000800000000, Narrow klass shift: 0
Compressed class space size: 1073741824 Address: 0x0000000800000000

Heap:
 garbage-first heap   total 229376K, used 9972K [0x0000000721e00000, 0x0000000800000000)
  region size 1024K, 6 young (6144K), 2 survivors (2048K)
 Metaspace       used 22307K, capacity 22869K, committed 23168K, reserved 1071104K
  class space    used 2168K, capacity 2377K, committed 2432K, reserved 1048576K
Heap Regions: E=young(eden), S=young(survivor), O=old, HS=humongous(starts), HC=humongous(continues), CS=collection set, F=free, A=archive, TAMS=top-at-mark-start (previous, next)
|   0|0x0000000721e00000, 0x0000000721f00000, 0x0000000721f00000|100%| O|  |TAMS 0x0000000721f00000, 0x0000000721e00000| Untracked 
|   1|0x0000000721f00000, 0x0000000722000000, 0x0000000722000000|100%| O|  |TAMS 0x0000000722000000, 0x0000000721f00000| Untracked 
|   2|0x0000000722000000, 0x0000000722100000, 0x0000000722100000|100%| O|  |TAMS 0x0000000722100000, 0x0000000722000000| Untracked 
|   3|0x0000000722100000, 0x0000000722200000, 0x0000000722200000|100%| O|  |TAMS 0x0000000722200000, 0x0000000722100000| Untracked 
|   4|0x0000000722200000, 0x00000007222d8600, 0x0000000722300000| 84%| O|  |TAMS 0x00000007222d8600, 0x0000000722200000| Untracked 
|   5|0x0000000722300000, 0x0000000722300000, 0x0000000722400000|  0%| F|  |TAMS 0x0000000722300000, 0x0000000722300000| Untracked 
|   6|0x0000000722400000, 0x0000000722400000, 0x0000000722500000|  0%| F|  |TAMS 0x0000000722400000, 0x0000000722400000| Untracked 
|   7|0x0000000722500000, 0x0000000722500000, 0x0000000722600000|  0%| F|  |TAMS 0x0000000722500000, 0x0000000722500000| Untracked 
|   8|0x0000000722600000, 0x0000000722600000, 0x0000000722700000|  0%| F|  |TAMS 0x0000000722600000, 0x0000000722600000| Untracked 
|   9|0x0000000722700000, 0x0000000722700000, 0x0000000722800000|  0%| F|  |TAMS 0x0000000722700000, 0x0000000722700000| Untracked 
|  10|0x0000000722800000, 0x0000000722800000, 0x0000000722900000|  0%| F|  |TAMS 0x0000000722800000, 0x0000000722800000| Untracked 
|  11|0x0000000722900000, 0x0000000722900000, 0x0000000722a00000|  0%| F|  |TAMS 0x0000000722900000, 0x0000000722900000| Untracked 
|  12|0x0000000722a00000, 0x0000000722a00000, 0x0000000722b00000|  0%| F|  |TAMS 0x0000000722a00000, 0x0000000722a00000| Untracked 
|  13|0x0000000722b00000, 0x0000000722b00000, 0x0000000722c00000|  0%| F|  |TAMS 0x0000000722b00000, 0x0000000722b00000| Untracked 
|  14|0x0000000722c00000, 0x0000000722c00000, 0x0000000722d00000|  0%| F|  |TAMS 0x0000000722c00000, 0x0000000722c00000| Untracked 
|  15|0x0000000722d00000, 0x0000000722d00000, 0x0000000722e00000|  0%| F|  |TAMS 0x0000000722d00000, 0x0000000722d00000| Untracked 
|  16|0x0000000722e00000, 0x0000000722e00000, 0x0000000722f00000|  0%| F|  |TAMS 0x0000000722e00000, 0x0000000722e00000| Untracked 
|  17|0x0000000722f00000, 0x0000000722f00000, 0x0000000723000000|  0%| F|  |TAMS 0x0000000722f00000, 0x0000000722f00000| Untracked 
|  18|0x0000000723000000, 0x0000000723000000, 0x0000000723100000|  0%| F|  |TAMS 0x0000000723000000, 0x0000000723000000| Untracked 
|  19|0x0000000723100000, 0x0000000723100000, 0x0000000723200000|  0%| F|  |TAMS 0x0000000723100000, 0x0000000723100000| Untracked 
|  20|0x0000000723200000, 0x0000000723200000, 0x0000000723300000|  0%| F|  |TAMS 0x0000000723200000, 0x0000000723200000| Untracked 
|  21|0x0000000723300000, 0x0000000723300000, 0x0000000723400000|  0%| F|  |TAMS 0x0000000723300000, 0x0000000723300000| Untracked 
|  22|0x0000000723400000, 0x0000000723400000, 0x0000000723500000|  0%| F|  |TAMS 0x0000000723400000, 0x0000000723400000| Untracked 
|  23|0x0000000723500000, 0x0000000723500000, 0x0000000723600000|  0%| F|  |TAMS 0x0000000723500000, 0x0000000723500000| Untracked 
|  24|0x0000000723600000, 0x0000000723600000, 0x0000000723700000|  0%| F|  |TAMS 0x0000000723600000, 0x0000000723600000| Untracked 
|  25|0x0000000723700000, 0x0000000723700000, 0x0000000723800000|  0%| F|  |TAMS 0x0000000723700000, 0x0000000723700000| Untracked 
|  26|0x0000000723800000, 0x0000000723800000, 0x0000000723900000|  0%| F|  |TAMS 0x0000000723800000, 0x0000000723800000| Untracked 
|  27|0x0000000723900000, 0x0000000723900000, 0x0000000723a00000|  0%| F|  |TAMS 0x0000000723900000, 0x0000000723900000| Untracked 
|  28|0x0000000723a00000, 0x0000000723a00000, 0x0000000723b00000|  0%| F|  |TAMS 0x0000000723a00000, 0x0000000723a00000| Untracked 
|  29|0x0000000723b00000, 0x0000000723b00000, 0x0000000723c00000|  0%| F|  |TAMS 0x0000000723b00000, 0x0000000723b00000| Untracked 
|  30|0x0000000723c00000, 0x0000000723c00000, 0x0000000723d00000|  0%| F|  |TAMS 0x0000000723c00000, 0x0000000723c00000| Untracked 
|  31|0x0000000723d00000, 0x0000000723d00000, 0x0000000723e00000|  0%| F|  |TAMS 0x0000000723d00000, 0x0000000723d00000| Untracked 
|  32|0x0000000723e00000, 0x0000000723e00000, 0x0000000723f00000|  0%| F|  |TAMS 0x0000000723e00000, 0x0000000723e00000| Untracked 
|  33|0x0000000723f00000, 0x0000000723f00000, 0x0000000724000000|  0%| F|  |TAMS 0x0000000723f00000, 0x0000000723f00000| Untracked 
|  34|0x0000000724000000, 0x0000000724000000, 0x0000000724100000|  0%| F|  |TAMS 0x0000000724000000, 0x0000000724000000| Untracked 
|  35|0x0000000724100000, 0x0000000724100000, 0x0000000724200000|  0%| F|  |TAMS 0x0000000724100000, 0x0000000724100000| Untracked 
|  36|0x0000000724200000, 0x0000000724200000, 0x0000000724300000|  0%| F|  |TAMS 0x0000000724200000, 0x0000000724200000| Untracked 
|  37|0x0000000724300000, 0x0000000724300000, 0x0000000724400000|  0%| F|  |TAMS 0x0000000724300000, 0x0000000724300000| Untracked 
|  38|0x0000000724400000, 0x0000000724400000, 0x0000000724500000|  0%| F|  |TAMS 0x0000000724400000, 0x0000000724400000| Untracked 
|  39|0x0000000724500000, 0x0000000724500000, 0x0000000724600000|  0%| F|  |TAMS 0x0000000724500000, 0x0000000724500000| Untracked 
|  40|0x0000000724600000, 0x0000000724600000, 0x0000000724700000|  0%| F|  |TAMS 0x0000000724600000, 0x0000000724600000| Untracked 
|  41|0x0000000724700000, 0x0000000724700000, 0x0000000724800000|  0%| F|  |TAMS 0x0000000724700000, 0x0000000724700000| Untracked 
|  42|0x0000000724800000, 0x0000000724800000, 0x0000000724900000|  0%| F|  |TAMS 0x0000000724800000, 0x0000000724800000| Untracked 
|  43|0x0000000724900000, 0x0000000724900000, 0x0000000724a00000|  0%| F|  |TAMS 0x0000000724900000, 0x0000000724900000| Untracked 
|  44|0x0000000724a00000, 0x0000000724a00000, 0x0000000724b00000|  0%| F|  |TAMS 0x0000000724a00000, 0x0000000724a00000| Untracked 
|  45|0x0000000724b00000, 0x0000000724b00000, 0x0000000724c00000|  0%| F|  |TAMS 0x0000000724b00000, 0x0000000724b00000| Untracked 
|  46|0x0000000724c00000, 0x0000000724c00000, 0x0000000724d00000|  0%| F|  |TAMS 0x0000000724c00000, 0x0000000724c00000| Untracked 
|  47|0x0000000724d00000, 0x0000000724d00000, 0x0000000724e00000|  0%| F|  |TAMS 0x0000000724d00000, 0x0000000724d00000| Untracked 
|  48|0x0000000724e00000, 0x0000000724e00000, 0x0000000724f00000|  0%| F|  |TAMS 0x0000000724e00000, 0x0000000724e00000| Untracked 
|  49|0x0000000724f00000, 0x0000000724f00000, 0x0000000725000000|  0%| F|  |TAMS 0x0000000724f00000, 0x0000000724f00000| Untracked 
|  50|0x0000000725000000, 0x0000000725000000, 0x0000000725100000|  0%| F|  |TAMS 0x0000000725000000, 0x0000000725000000| Untracked 
|  51|0x0000000725100000, 0x0000000725100000, 0x0000000725200000|  0%| F|  |TAMS 0x0000000725100000, 0x0000000725100000| Untracked 
|  52|0x0000000725200000, 0x0000000725200000, 0x0000000725300000|  0%| F|  |TAMS 0x0000000725200000, 0x0000000725200000| Untracked 
|  53|0x0000000725300000, 0x0000000725300000, 0x0000000725400000|  0%| F|  |TAMS 0x0000000725300000, 0x0000000725300000| Untracked 
|  54|0x0000000725400000, 0x0000000725400000, 0x0000000725500000|  0%| F|  |TAMS 0x0000000725400000, 0x0000000725400000| Untracked 
|  55|0x0000000725500000, 0x0000000725500000, 0x0000000725600000|  0%| F|  |TAMS 0x0000000725500000, 0x0000000725500000| Untracked 
|  56|0x0000000725600000, 0x0000000725600000, 0x0000000725700000|  0%| F|  |TAMS 0x0000000725600000, 0x0000000725600000| Untracked 
|  57|0x0000000725700000, 0x0000000725700000, 0x0000000725800000|  0%| F|  |TAMS 0x0000000725700000, 0x0000000725700000| Untracked 
|  58|0x0000000725800000, 0x0000000725800000, 0x0000000725900000|  0%| F|  |TAMS 0x0000000725800000, 0x0000000725800000| Untracked 
|  59|0x0000000725900000, 0x0000000725900000, 0x0000000725a00000|  0%| F|  |TAMS 0x0000000725900000, 0x0000000725900000| Untracked 
|  60|0x0000000725a00000, 0x0000000725a00000, 0x0000000725b00000|  0%| F|  |TAMS 0x0000000725a00000, 0x0000000725a00000| Untracked 
|  61|0x0000000725b00000, 0x0000000725b00000, 0x0000000725c00000|  0%| F|  |TAMS 0x0000000725b00000, 0x0000000725b00000| Untracked 
|  62|0x0000000725c00000, 0x0000000725c00000, 0x0000000725d00000|  0%| F|  |TAMS 0x0000000725c00000, 0x0000000725c00000| Untracked 
|  63|0x0000000725d00000, 0x0000000725d00000, 0x0000000725e00000|  0%| F|  |TAMS 0x0000000725d00000, 0x0000000725d00000| Untracked 
|  64|0x0000000725e00000, 0x0000000725e00000, 0x0000000725f00000|  0%| F|  |TAMS 0x0000000725e00000, 0x0000000725e00000| Untracked 
|  65|0x0000000725f00000, 0x0000000725f00000, 0x0000000726000000|  0%| F|  |TAMS 0x0000000725f00000, 0x0000000725f00000| Untracked 
|  66|0x0000000726000000, 0x0000000726000000, 0x0000000726100000|  0%| F|  |TAMS 0x0000000726000000, 0x0000000726000000| Untracked 
|  67|0x0000000726100000, 0x0000000726100000, 0x0000000726200000|  0%| F|  |TAMS 0x0000000726100000, 0x0000000726100000| Untracked 
|  68|0x0000000726200000, 0x0000000726200000, 0x0000000726300000|  0%| F|  |TAMS 0x0000000726200000, 0x0000000726200000| Untracked 
|  69|0x0000000726300000, 0x0000000726300000, 0x0000000726400000|  0%| F|  |TAMS 0x0000000726300000, 0x0000000726300000| Untracked 
|  70|0x0000000726400000, 0x0000000726400000, 0x0000000726500000|  0%| F|  |TAMS 0x0000000726400000, 0x0000000726400000| Untracked 
|  71|0x0000000726500000, 0x0000000726500000, 0x0000000726600000|  0%| F|  |TAMS 0x0000000726500000, 0x0000000726500000| Untracked 
|  72|0x0000000726600000, 0x0000000726600000, 0x0000000726700000|  0%| F|  |TAMS 0x0000000726600000, 0x0000000726600000| Untracked 
|  73|0x0000000726700000, 0x0000000726700000, 0x0000000726800000|  0%| F|  |TAMS 0x0000000726700000, 0x0000000726700000| Untracked 
|  74|0x0000000726800000, 0x0000000726800000, 0x0000000726900000|  0%| F|  |TAMS 0x0000000726800000, 0x0000000726800000| Untracked 
|  75|0x0000000726900000, 0x0000000726900000, 0x0000000726a00000|  0%| F|  |TAMS 0x0000000726900000, 0x0000000726900000| Untracked 
|  76|0x0000000726a00000, 0x0000000726a00000, 0x0000000726b00000|  0%| F|  |TAMS 0x0000000726a00000, 0x0000000726a00000| Untracked 
|  77|0x0000000726b00000, 0x0000000726b00000, 0x0000000726c00000|  0%| F|  |TAMS 0x0000000726b00000, 0x0000000726b00000| Untracked 
|  78|0x0000000726c00000, 0x0000000726c00000, 0x0000000726d00000|  0%| F|  |TAMS 0x0000000726c00000, 0x0000000726c00000| Untracked 
|  79|0x0000000726d00000, 0x0000000726d00000, 0x0000000726e00000|  0%| F|  |TAMS 0x0000000726d00000, 0x0000000726d00000| Untracked 
|  80|0x0000000726e00000, 0x0000000726e00000, 0x0000000726f00000|  0%| F|  |TAMS 0x0000000726e00000, 0x0000000726e00000| Untracked 
|  81|0x0000000726f00000, 0x0000000726f00000, 0x0000000727000000|  0%| F|  |TAMS 0x0000000726f00000, 0x0000000726f00000| Untracked 
|  82|0x0000000727000000, 0x0000000727000000, 0x0000000727100000|  0%| F|  |TAMS 0x0000000727000000, 0x0000000727000000| Untracked 
|  83|0x0000000727100000, 0x0000000727100000, 0x0000000727200000|  0%| F|  |TAMS 0x0000000727100000, 0x0000000727100000| Untracked 
|  84|0x0000000727200000, 0x0000000727200000, 0x0000000727300000|  0%| F|  |TAMS 0x0000000727200000, 0x0000000727200000| Untracked 
|  85|0x0000000727300000, 0x0000000727300000, 0x0000000727400000|  0%| F|  |TAMS 0x0000000727300000, 0x0000000727300000| Untracked 
|  86|0x0000000727400000, 0x0000000727400000, 0x0000000727500000|  0%| F|  |TAMS 0x0000000727400000, 0x0000000727400000| Untracked 
|  87|0x0000000727500000, 0x0000000727500000, 0x0000000727600000|  0%| F|  |TAMS 0x0000000727500000, 0x0000000727500000| Untracked 
|  88|0x0000000727600000, 0x0000000727600000, 0x0000000727700000|  0%| F|  |TAMS 0x0000000727600000, 0x0000000727600000| Untracked 
|  89|0x0000000727700000, 0x0000000727700000, 0x0000000727800000|  0%| F|  |TAMS 0x0000000727700000, 0x0000000727700000| Untracked 
|  90|0x0000000727800000, 0x0000000727800000, 0x0000000727900000|  0%| F|  |TAMS 0x0000000727800000, 0x0000000727800000| Untracked 
|  91|0x0000000727900000, 0x0000000727900000, 0x0000000727a00000|  0%| F|  |TAMS 0x0000000727900000, 0x0000000727900000| Untracked 
|  92|0x0000000727a00000, 0x0000000727a00000, 0x0000000727b00000|  0%| F|  |TAMS 0x0000000727a00000, 0x0000000727a00000| Untracked 
|  93|0x0000000727b00000, 0x0000000727b00000, 0x0000000727c00000|  0%| F|  |TAMS 0x0000000727b00000, 0x0000000727b00000| Untracked 
|  94|0x0000000727c00000, 0x0000000727c00000, 0x0000000727d00000|  0%| F|  |TAMS 0x0000000727c00000, 0x0000000727c00000| Untracked 
|  95|0x0000000727d00000, 0x0000000727d00000, 0x0000000727e00000|  0%| F|  |TAMS 0x0000000727d00000, 0x0000000727d00000| Untracked 
|  96|0x0000000727e00000, 0x0000000727e00000, 0x0000000727f00000|  0%| F|  |TAMS 0x0000000727e00000, 0x0000000727e00000| Untracked 
|  97|0x0000000727f00000, 0x0000000727f00000, 0x0000000728000000|  0%| F|  |TAMS 0x0000000727f00000, 0x0000000727f00000| Untracked 
|  98|0x0000000728000000, 0x0000000728000000, 0x0000000728100000|  0%| F|  |TAMS 0x0000000728000000, 0x0000000728000000| Untracked 
|  99|0x0000000728100000, 0x0000000728100000, 0x0000000728200000|  0%| F|  |TAMS 0x0000000728100000, 0x0000000728100000| Untracked 
| 100|0x0000000728200000, 0x0000000728200000, 0x0000000728300000|  0%| F|  |TAMS 0x0000000728200000, 0x0000000728200000| Untracked 
| 101|0x0000000728300000, 0x0000000728300000, 0x0000000728400000|  0%| F|  |TAMS 0x0000000728300000, 0x0000000728300000| Untracked 
| 102|0x0000000728400000, 0x0000000728400000, 0x0000000728500000|  0%| F|  |TAMS 0x0000000728400000, 0x0000000728400000| Untracked 
| 103|0x0000000728500000, 0x0000000728500000, 0x0000000728600000|  0%| F|  |TAMS 0x0000000728500000, 0x0000000728500000| Untracked 
| 104|0x0000000728600000, 0x0000000728600000, 0x0000000728700000|  0%| F|  |TAMS 0x0000000728600000, 0x0000000728600000| Untracked 
| 105|0x0000000728700000, 0x0000000728700000, 0x0000000728800000|  0%| F|  |TAMS 0x0000000728700000, 0x0000000728700000| Untracked 
| 106|0x0000000728800000, 0x0000000728800000, 0x0000000728900000|  0%| F|  |TAMS 0x0000000728800000, 0x0000000728800000| Untracked 
| 107|0x0000000728900000, 0x0000000728900000, 0x0000000728a00000|  0%| F|  |TAMS 0x0000000728900000, 0x0000000728900000| Untracked 
| 108|0x0000000728a00000, 0x0000000728a00000, 0x0000000728b00000|  0%| F|  |TAMS 0x0000000728a00000, 0x0000000728a00000| Untracked 
| 109|0x0000000728b00000, 0x0000000728b00000, 0x0000000728c00000|  0%| F|  |TAMS 0x0000000728b00000, 0x0000000728b00000| Untracked 
| 110|0x0000000728c00000, 0x0000000728c00000, 0x0000000728d00000|  0%| F|  |TAMS 0x0000000728c00000, 0x0000000728c00000| Untracked 
| 111|0x0000000728d00000, 0x0000000728d00000, 0x0000000728e00000|  0%| F|  |TAMS 0x0000000728d00000, 0x0000000728d00000| Untracked 
| 112|0x0000000728e00000, 0x0000000728e00000, 0x0000000728f00000|  0%| F|  |TAMS 0x0000000728e00000, 0x0000000728e00000| Untracked 
| 113|0x0000000728f00000, 0x0000000728f00000, 0x0000000729000000|  0%| F|  |TAMS 0x0000000728f00000, 0x0000000728f00000| Untracked 
| 114|0x0000000729000000, 0x0000000729000000, 0x0000000729100000|  0%| F|  |TAMS 0x0000000729000000, 0x0000000729000000| Untracked 
| 115|0x0000000729100000, 0x0000000729100000, 0x0000000729200000|  0%| F|  |TAMS 0x0000000729100000, 0x0000000729100000| Untracked 
| 116|0x0000000729200000, 0x0000000729200000, 0x0000000729300000|  0%| F|  |TAMS 0x0000000729200000, 0x0000000729200000| Untracked 
| 117|0x0000000729300000, 0x0000000729300000, 0x0000000729400000|  0%| F|  |TAMS 0x0000000729300000, 0x0000000729300000| Untracked 
| 118|0x0000000729400000, 0x0000000729400000, 0x0000000729500000|  0%| F|  |TAMS 0x0000000729400000, 0x0000000729400000| Untracked 
| 119|0x0000000729500000, 0x0000000729500000, 0x0000000729600000|  0%| F|  |TAMS 0x0000000729500000, 0x0000000729500000| Untracked 
| 120|0x0000000729600000, 0x0000000729600000, 0x0000000729700000|  0%| F|  |TAMS 0x0000000729600000, 0x0000000729600000| Untracked 
| 121|0x0000000729700000, 0x0000000729700000, 0x0000000729800000|  0%| F|  |TAMS 0x0000000729700000, 0x0000000729700000| Untracked 
| 122|0x0000000729800000, 0x0000000729800000, 0x0000000729900000|  0%| F|  |TAMS 0x0000000729800000, 0x0000000729800000| Untracked 
| 123|0x0000000729900000, 0x0000000729900000, 0x0000000729a00000|  0%| F|  |TAMS 0x0000000729900000, 0x0000000729900000| Untracked 
| 124|0x0000000729a00000, 0x0000000729a00000, 0x0000000729b00000|  0%| F|  |TAMS 0x0000000729a00000, 0x0000000729a00000| Untracked 
| 125|0x0000000729b00000, 0x0000000729b00000, 0x0000000729c00000|  0%| F|  |TAMS 0x0000000729b00000, 0x0000000729b00000| Untracked 
| 126|0x0000000729c00000, 0x0000000729c00000, 0x0000000729d00000|  0%| F|  |TAMS 0x0000000729c00000, 0x0000000729c00000| Untracked 
| 127|0x0000000729d00000, 0x0000000729d00000, 0x0000000729e00000|  0%| F|  |TAMS 0x0000000729d00000, 0x0000000729d00000| Untracked 
| 128|0x0000000729e00000, 0x0000000729e00000, 0x0000000729f00000|  0%| F|  |TAMS 0x0000000729e00000, 0x0000000729e00000| Untracked 
| 129|0x0000000729f00000, 0x0000000729f00000, 0x000000072a000000|  0%| F|  |TAMS 0x0000000729f00000, 0x0000000729f00000| Untracked 
| 130|0x000000072a000000, 0x000000072a000000, 0x000000072a100000|  0%| F|  |TAMS 0x000000072a000000, 0x000000072a000000| Untracked 
| 131|0x000000072a100000, 0x000000072a100000, 0x000000072a200000|  0%| F|  |TAMS 0x000000072a100000, 0x000000072a100000| Untracked 
| 132|0x000000072a200000, 0x000000072a200000, 0x000000072a300000|  0%| F|  |TAMS 0x000000072a200000, 0x000000072a200000| Untracked 
| 133|0x000000072a300000, 0x000000072a300000, 0x000000072a400000|  0%| F|  |TAMS 0x000000072a300000, 0x000000072a300000| Untracked 
| 134|0x000000072a400000, 0x000000072a400000, 0x000000072a500000|  0%| F|  |TAMS 0x000000072a400000, 0x000000072a400000| Untracked 
| 135|0x000000072a500000, 0x000000072a500000, 0x000000072a600000|  0%| F|  |TAMS 0x000000072a500000, 0x000000072a500000| Untracked 
| 136|0x000000072a600000, 0x000000072a600000, 0x000000072a700000|  0%| F|  |TAMS 0x000000072a600000, 0x000000072a600000| Untracked 
| 137|0x000000072a700000, 0x000000072a700000, 0x000000072a800000|  0%| F|  |TAMS 0x000000072a700000, 0x000000072a700000| Untracked 
| 138|0x000000072a800000, 0x000000072a800000, 0x000000072a900000|  0%| F|  |TAMS 0x000000072a800000, 0x000000072a800000| Untracked 
| 139|0x000000072a900000, 0x000000072a900000, 0x000000072aa00000|  0%| F|  |TAMS 0x000000072a900000, 0x000000072a900000| Untracked 
| 140|0x000000072aa00000, 0x000000072aa00000, 0x000000072ab00000|  0%| F|  |TAMS 0x000000072aa00000, 0x000000072aa00000| Untracked 
| 141|0x000000072ab00000, 0x000000072ab00000, 0x000000072ac00000|  0%| F|  |TAMS 0x000000072ab00000, 0x000000072ab00000| Untracked 
| 142|0x000000072ac00000, 0x000000072ac00000, 0x000000072ad00000|  0%| F|  |TAMS 0x000000072ac00000, 0x000000072ac00000| Untracked 
| 143|0x000000072ad00000, 0x000000072ad00000, 0x000000072ae00000|  0%| F|  |TAMS 0x000000072ad00000, 0x000000072ad00000| Untracked 
| 144|0x000000072ae00000, 0x000000072ae00000, 0x000000072af00000|  0%| F|  |TAMS 0x000000072ae00000, 0x000000072ae00000| Untracked 
| 145|0x000000072af00000, 0x000000072af00000, 0x000000072b000000|  0%| F|  |TAMS 0x000000072af00000, 0x000000072af00000| Untracked 
| 146|0x000000072b000000, 0x000000072b000000, 0x000000072b100000|  0%| F|  |TAMS 0x000000072b000000, 0x000000072b000000| Untracked 
| 147|0x000000072b100000, 0x000000072b100000, 0x000000072b200000|  0%| F|  |TAMS 0x000000072b100000, 0x000000072b100000| Untracked 
| 148|0x000000072b200000, 0x000000072b200000, 0x000000072b300000|  0%| F|  |TAMS 0x000000072b200000, 0x000000072b200000| Untracked 
| 149|0x000000072b300000, 0x000000072b300000, 0x000000072b400000|  0%| F|  |TAMS 0x000000072b300000, 0x000000072b300000| Untracked 
| 150|0x000000072b400000, 0x000000072b400000, 0x000000072b500000|  0%| F|  |TAMS 0x000000072b400000, 0x000000072b400000| Untracked 
| 151|0x000000072b500000, 0x000000072b500000, 0x000000072b600000|  0%| F|  |TAMS 0x000000072b500000, 0x000000072b500000| Untracked 
| 152|0x000000072b600000, 0x000000072b600000, 0x000000072b700000|  0%| F|  |TAMS 0x000000072b600000, 0x000000072b600000| Untracked 
| 153|0x000000072b700000, 0x000000072b700000, 0x000000072b800000|  0%| F|  |TAMS 0x000000072b700000, 0x000000072b700000| Untracked 
| 154|0x000000072b800000, 0x000000072b800000, 0x000000072b900000|  0%| F|  |TAMS 0x000000072b800000, 0x000000072b800000| Untracked 
| 155|0x000000072b900000, 0x000000072b900000, 0x000000072ba00000|  0%| F|  |TAMS 0x000000072b900000, 0x000000072b900000| Untracked 
| 156|0x000000072ba00000, 0x000000072ba00000, 0x000000072bb00000|  0%| F|  |TAMS 0x000000072ba00000, 0x000000072ba00000| Untracked 
| 157|0x000000072bb00000, 0x000000072bb00000, 0x000000072bc00000|  0%| F|  |TAMS 0x000000072bb00000, 0x000000072bb00000| Untracked 
| 158|0x000000072bc00000, 0x000000072bc00000, 0x000000072bd00000|  0%| F|  |TAMS 0x000000072bc00000, 0x000000072bc00000| Untracked 
| 159|0x000000072bd00000, 0x000000072bd00000, 0x000000072be00000|  0%| F|  |TAMS 0x000000072bd00000, 0x000000072bd00000| Untracked 
| 160|0x000000072be00000, 0x000000072be00000, 0x000000072bf00000|  0%| F|  |TAMS 0x000000072be00000, 0x000000072be00000| Untracked 
| 161|0x000000072bf00000, 0x000000072bf00000, 0x000000072c000000|  0%| F|  |TAMS 0x000000072bf00000, 0x000000072bf00000| Untracked 
| 162|0x000000072c000000, 0x000000072c000000, 0x000000072c100000|  0%| F|  |TAMS 0x000000072c000000, 0x000000072c000000| Untracked 
| 163|0x000000072c100000, 0x000000072c100000, 0x000000072c200000|  0%| F|  |TAMS 0x000000072c100000, 0x000000072c100000| Untracked 
| 164|0x000000072c200000, 0x000000072c200000, 0x000000072c300000|  0%| F|  |TAMS 0x000000072c200000, 0x000000072c200000| Untracked 
| 165|0x000000072c300000, 0x000000072c300000, 0x000000072c400000|  0%| F|  |TAMS 0x000000072c300000, 0x000000072c300000| Untracked 
| 166|0x000000072c400000, 0x000000072c400000, 0x000000072c500000|  0%| F|  |TAMS 0x000000072c400000, 0x000000072c400000| Untracked 
| 167|0x000000072c500000, 0x000000072c500000, 0x000000072c600000|  0%| F|  |TAMS 0x000000072c500000, 0x000000072c500000| Untracked 
| 168|0x000000072c600000, 0x000000072c600000, 0x000000072c700000|  0%| F|  |TAMS 0x000000072c600000, 0x000000072c600000| Untracked 
| 169|0x000000072c700000, 0x000000072c700000, 0x000000072c800000|  0%| F|  |TAMS 0x000000072c700000, 0x000000072c700000| Untracked 
| 170|0x000000072c800000, 0x000000072c800000, 0x000000072c900000|  0%| F|  |TAMS 0x000000072c800000, 0x000000072c800000| Untracked 
| 171|0x000000072c900000, 0x000000072c900000, 0x000000072ca00000|  0%| F|  |TAMS 0x000000072c900000, 0x000000072c900000| Untracked 
| 172|0x000000072ca00000, 0x000000072ca00000, 0x000000072cb00000|  0%| F|  |TAMS 0x000000072ca00000, 0x000000072ca00000| Untracked 
| 173|0x000000072cb00000, 0x000000072cb00000, 0x000000072cc00000|  0%| F|  |TAMS 0x000000072cb00000, 0x000000072cb00000| Untracked 
| 174|0x000000072cc00000, 0x000000072cc00000, 0x000000072cd00000|  0%| F|  |TAMS 0x000000072cc00000, 0x000000072cc00000| Untracked 
| 175|0x000000072cd00000, 0x000000072cd00000, 0x000000072ce00000|  0%| F|  |TAMS 0x000000072cd00000, 0x000000072cd00000| Untracked 
| 176|0x000000072ce00000, 0x000000072ce00000, 0x000000072cf00000|  0%| F|  |TAMS 0x000000072ce00000, 0x000000072ce00000| Untracked 
| 177|0x000000072cf00000, 0x000000072cf00000, 0x000000072d000000|  0%| F|  |TAMS 0x000000072cf00000, 0x000000072cf00000| Untracked 
| 178|0x000000072d000000, 0x000000072d000000, 0x000000072d100000|  0%| F|  |TAMS 0x000000072d000000, 0x000000072d000000| Untracked 
| 179|0x000000072d100000, 0x000000072d100000, 0x000000072d200000|  0%| F|  |TAMS 0x000000072d100000, 0x000000072d100000| Untracked 
| 180|0x000000072d200000, 0x000000072d200000, 0x000000072d300000|  0%| F|  |TAMS 0x000000072d200000, 0x000000072d200000| Untracked 
| 181|0x000000072d300000, 0x000000072d300000, 0x000000072d400000|  0%| F|  |TAMS 0x000000072d300000, 0x000000072d300000| Untracked 
| 182|0x000000072d400000, 0x000000072d400000, 0x000000072d500000|  0%| F|  |TAMS 0x000000072d400000, 0x000000072d400000| Untracked 
| 183|0x000000072d500000, 0x000000072d500000, 0x000000072d600000|  0%| F|  |TAMS 0x000000072d500000, 0x000000072d500000| Untracked 
| 184|0x000000072d600000, 0x000000072d600000, 0x000000072d700000|  0%| F|  |TAMS 0x000000072d600000, 0x000000072d600000| Untracked 
| 185|0x000000072d700000, 0x000000072d700000, 0x000000072d800000|  0%| F|  |TAMS 0x000000072d700000, 0x000000072d700000| Untracked 
| 186|0x000000072d800000, 0x000000072d800000, 0x000000072d900000|  0%| F|  |TAMS 0x000000072d800000, 0x000000072d800000| Untracked 
| 187|0x000000072d900000, 0x000000072d900000, 0x000000072da00000|  0%| F|  |TAMS 0x000000072d900000, 0x000000072d900000| Untracked 
| 188|0x000000072da00000, 0x000000072da00000, 0x000000072db00000|  0%| F|  |TAMS 0x000000072da00000, 0x000000072da00000| Untracked 
| 189|0x000000072db00000, 0x000000072db00000, 0x000000072dc00000|  0%| F|  |TAMS 0x000000072db00000, 0x000000072db00000| Untracked 
| 190|0x000000072dc00000, 0x000000072dc00000, 0x000000072dd00000|  0%| F|  |TAMS 0x000000072dc00000, 0x000000072dc00000| Untracked 
| 191|0x000000072dd00000, 0x000000072dd00000, 0x000000072de00000|  0%| F|  |TAMS 0x000000072dd00000, 0x000000072dd00000| Untracked 
| 192|0x000000072de00000, 0x000000072de00000, 0x000000072df00000|  0%| F|  |TAMS 0x000000072de00000, 0x000000072de00000| Untracked 
| 193|0x000000072df00000, 0x000000072df00000, 0x000000072e000000|  0%| F|  |TAMS 0x000000072df00000, 0x000000072df00000| Untracked 
| 194|0x000000072e000000, 0x000000072e000000, 0x000000072e100000|  0%| F|  |TAMS 0x000000072e000000, 0x000000072e000000| Untracked 
| 195|0x000000072e100000, 0x000000072e100000, 0x000000072e200000|  0%| F|  |TAMS 0x000000072e100000, 0x000000072e100000| Untracked 
| 196|0x000000072e200000, 0x000000072e200000, 0x000000072e300000|  0%| F|  |TAMS 0x000000072e200000, 0x000000072e200000| Untracked 
| 197|0x000000072e300000, 0x000000072e300000, 0x000000072e400000|  0%| F|  |TAMS 0x000000072e300000, 0x000000072e300000| Untracked 
| 198|0x000000072e400000, 0x000000072e400000, 0x000000072e500000|  0%| F|  |TAMS 0x000000072e400000, 0x000000072e400000| Untracked 
| 199|0x000000072e500000, 0x000000072e500000, 0x000000072e600000|  0%| F|  |TAMS 0x000000072e500000, 0x000000072e500000| Untracked 
| 200|0x000000072e600000, 0x000000072e600000, 0x000000072e700000|  0%| F|  |TAMS 0x000000072e600000, 0x000000072e600000| Untracked 
| 201|0x000000072e700000, 0x000000072e700000, 0x000000072e800000|  0%| F|  |TAMS 0x000000072e700000, 0x000000072e700000| Untracked 
| 202|0x000000072e800000, 0x000000072e800000, 0x000000072e900000|  0%| F|  |TAMS 0x000000072e800000, 0x000000072e800000| Untracked 
| 203|0x000000072e900000, 0x000000072e900000, 0x000000072ea00000|  0%| F|  |TAMS 0x000000072e900000, 0x000000072e900000| Untracked 
| 204|0x000000072ea00000, 0x000000072ea00000, 0x000000072eb00000|  0%| F|  |TAMS 0x000000072ea00000, 0x000000072ea00000| Untracked 
| 205|0x000000072eb00000, 0x000000072eb00000, 0x000000072ec00000|  0%| F|  |TAMS 0x000000072eb00000, 0x000000072eb00000| Untracked 
| 206|0x000000072ec00000, 0x000000072ec00000, 0x000000072ed00000|  0%| F|  |TAMS 0x000000072ec00000, 0x000000072ec00000| Untracked 
| 207|0x000000072ed00000, 0x000000072ed00000, 0x000000072ee00000|  0%| F|  |TAMS 0x000000072ed00000, 0x000000072ed00000| Untracked 
| 208|0x000000072ee00000, 0x000000072ee00000, 0x000000072ef00000|  0%| F|  |TAMS 0x000000072ee00000, 0x000000072ee00000| Untracked 
| 209|0x000000072ef00000, 0x000000072ef00000, 0x000000072f000000|  0%| F|  |TAMS 0x000000072ef00000, 0x000000072ef00000| Untracked 
| 210|0x000000072f000000, 0x000000072f000000, 0x000000072f100000|  0%| F|  |TAMS 0x000000072f000000, 0x000000072f000000| Untracked 
| 211|0x000000072f100000, 0x000000072f100000, 0x000000072f200000|  0%| F|  |TAMS 0x000000072f100000, 0x000000072f100000| Untracked 
| 212|0x000000072f200000, 0x000000072f200000, 0x000000072f300000|  0%| F|  |TAMS 0x000000072f200000, 0x000000072f200000| Untracked 
| 213|0x000000072f300000, 0x000000072f300000, 0x000000072f400000|  0%| F|  |TAMS 0x000000072f300000, 0x000000072f300000| Untracked 
| 214|0x000000072f400000, 0x000000072f400000, 0x000000072f500000|  0%| F|  |TAMS 0x000000072f400000, 0x000000072f400000| Untracked 
| 215|0x000000072f500000, 0x000000072f500000, 0x000000072f600000|  0%| F|  |TAMS 0x000000072f500000, 0x000000072f500000| Untracked 
| 216|0x000000072f600000, 0x000000072f600000, 0x000000072f700000|  0%| F|  |TAMS 0x000000072f600000, 0x000000072f600000| Untracked 
| 217|0x000000072f700000, 0x000000072f700000, 0x000000072f800000|  0%| F|  |TAMS 0x000000072f700000, 0x000000072f700000| Untracked 
| 218|0x000000072f800000, 0x000000072f880800, 0x000000072f900000| 50%| E|  |TAMS 0x000000072f800000, 0x000000072f800000| Complete 
| 219|0x000000072f900000, 0x000000072f9e4de0, 0x000000072fa00000| 89%| S|CS|TAMS 0x000000072f900000, 0x000000072f900000| Complete 
| 220|0x000000072fa00000, 0x000000072fb00000, 0x000000072fb00000|100%| S|CS|TAMS 0x000000072fa00000, 0x000000072fa00000| Complete 
| 221|0x000000072fb00000, 0x000000072fc00000, 0x000000072fc00000|100%| E|CS|TAMS 0x000000072fb00000, 0x000000072fb00000| Complete 
| 222|0x000000072fc00000, 0x000000072fd00000, 0x000000072fd00000|100%| E|CS|TAMS 0x000000072fc00000, 0x000000072fc00000| Complete 
| 223|0x000000072fd00000, 0x000000072fe00000, 0x000000072fe00000|100%| E|CS|TAMS 0x000000072fd00000, 0x000000072fd00000| Complete 

Card table byte_map: [0x000001bdc47b0000,0x000001bdc4eb0000] _byte_map_base: 0x000001bdc0ea1000

Marking Bits (Prev, Next): (CMBitMap*) 0x000001bdac76d970, (CMBitMap*) 0x000001bdac76d938
 Prev Bits: [0x000001bdc8d40000, 0x000001bdcc4c8000)
 Next Bits: [0x000001bdc55b0000, 0x000001bdc8d38000)

Polling page: 0x000001bdaa880000

Metaspace:

Usage:
  Non-class:     20.01 MB capacity,    19.67 MB ( 98%) used,   295.34 KB (  1%) free+waste,    58.38 KB ( <1%) overhead. 
      Class:      2.32 MB capacity,     2.12 MB ( 91%) used,   178.88 KB (  8%) free+waste,    29.31 KB (  1%) overhead. 
       Both:     22.33 MB capacity,    21.78 MB ( 98%) used,   474.21 KB (  2%) free+waste,    87.69 KB ( <1%) overhead. 

Virtual space:
  Non-class space:       22.00 MB reserved,      20.25 MB ( 92%) committed 
      Class space:        1.00 GB reserved,       2.38 MB ( <1%) committed 
             Both:        1.02 GB reserved,      22.63 MB (  2%) committed 

Chunk freelists:
   Non-Class:  52.00 KB
       Class:  0 bytes
        Both:  52.00 KB

MaxMetaspaceSize: 17179869184.00 GB
CompressedClassSpaceSize: 1.00 GB

CodeHeap 'non-profiled nmethods': size=120000Kb used=619Kb max_used=619Kb free=119380Kb
 bounds [0x000001bdbc840000, 0x000001bdbcab0000, 0x000001bdc3d70000]
CodeHeap 'profiled nmethods': size=120000Kb used=2878Kb max_used=2878Kb free=117122Kb
 bounds [0x000001bdb5310000, 0x000001bdb55e0000, 0x000001bdbc840000]
CodeHeap 'non-nmethods': size=5760Kb used=1454Kb max_used=1477Kb free=4305Kb
 bounds [0x000001bdb4d70000, 0x000001bdb4fe0000, 0x000001bdb5310000]
 total_blobs=2537 nmethods=1592 adapters=856
 compilation: enabled
              stopped_count=0, restarted_count=0
 full_count=0

Compilation events (20 events):
Event: 4.183 Thread 0x000001bdcf8fe000 nmethod 1574 0x000001bdbc8d9e90 code [0x000001bdbc8da020, 0x000001bdbc8da078]
Event: 8.178 Thread 0x000001bdcf909000 1581       1       sun.java2d.SurfaceData::isValid (5 bytes)
Event: 8.178 Thread 0x000001bdcf909000 nmethod 1581 0x000001bdbc8da110 code [0x000001bdbc8da2c0, 0x000001bdbc8da378]
Event: 8.580 Thread 0x000001bdcf909000 1582       1       sun.java2d.SurfaceData::isSurfaceLost (5 bytes)
Event: 8.580 Thread 0x000001bdcf909000 nmethod 1582 0x000001bdbc8da410 code [0x000001bdbc8da5c0, 0x000001bdbc8da678]
Event: 11.188 Thread 0x000001bdcf909000 1583       3       java.util.ArrayList::toArray (57 bytes)
Event: 11.189 Thread 0x000001bdcf909000 nmethod 1583 0x000001bdb55dab90 code [0x000001bdb55dad80, 0x000001bdb55db2f8]
Event: 14.860 Thread 0x000001bdcf909000 1584       3       java.lang.invoke.VarForm::getMemberName (21 bytes)
Event: 14.861 Thread 0x000001bdcf909000 nmethod 1584 0x000001bdb55db410 code [0x000001bdb55db5e0, 0x000001bdb55db828]
Event: 14.861 Thread 0x000001bdcf909000 1585       1       java.beans.PropertyChangeEvent::getNewValue (5 bytes)
Event: 14.861 Thread 0x000001bdcf909000 nmethod 1585 0x000001bdbc8da710 code [0x000001bdbc8da8c0, 0x000001bdbc8da978]
Event: 14.861 Thread 0x000001bdcf909000 1586       3       java.lang.invoke.VarHandleGuards::guard_LII_Z (70 bytes)
Event: 14.862 Thread 0x000001bdcf909000 nmethod 1586 0x000001bdb55db990 code [0x000001bdb55dbc40, 0x000001bdb55dcd08]
Event: 14.862 Thread 0x000001bdcf909000 1587       3       java.lang.invoke.VarHandleInts$FieldInstanceReadWrite::compareAndSet (24 bytes)
Event: 14.862 Thread 0x000001bdcf909000 nmethod 1587 0x000001bdb55dd290 code [0x000001bdb55dd4a0, 0x000001bdb55dd968]
Event: 14.863 Thread 0x000001bdcf909000 1589       1       sun.util.locale.StringTokenIterator::isDone (5 bytes)
Event: 14.863 Thread 0x000001bdcf909000 nmethod 1589 0x000001bdbc8dac10 code [0x000001bdbc8dadc0, 0x000001bdbc8dae78]
Event: 14.942 Thread 0x000001bdcf909000 1590       3       java.util.concurrent.locks.AbstractQueuedSynchronizer::compareAndSetState (10 bytes)
Event: 14.942 Thread 0x000001bdcf909000 nmethod 1590 0x000001bdb55ddb90 code [0x000001bdb55ddda0, 0x000001bdb55de398]
Event: 14.944 Thread 0x000001bdcf909000 1591   !   3       java.io.BufferedWriter::flushBuffer (53 bytes)

GC Heap History (6 events):
Event: 2.367 GC heap before
{Heap before GC invocations=0 (full 0):
 garbage-first heap   total 229376K, used 24576K [0x0000000721e00000, 0x0000000800000000)
  region size 1024K, 24 young (24576K), 0 survivors (0K)
 Metaspace       used 18379K, capacity 18869K, committed 19072K, reserved 1067008K
  class space    used 1698K, capacity 1916K, committed 1920K, reserved 1048576K
}
Event: 2.376 GC heap after
{Heap after GC invocations=1 (full 0):
 garbage-first heap   total 229376K, used 4695K [0x0000000721e00000, 0x0000000800000000)
  region size 1024K, 3 young (3072K), 3 survivors (3072K)
 Metaspace       used 18379K, capacity 18869K, committed 19072K, reserved 1067008K
  class space    used 1698K, capacity 1916K, committed 1920K, reserved 1048576K
}
Event: 3.600 GC heap before
{Heap before GC invocations=1 (full 0):
 garbage-first heap   total 229376K, used 18007K [0x0000000721e00000, 0x0000000800000000)
  region size 1024K, 16 young (16384K), 3 survivors (3072K)
 Metaspace       used 20304K, capacity 20805K, committed 21120K, reserved 1069056K
  class space    used 1892K, capacity 2114K, committed 2176K, reserved 1048576K
}
Event: 3.605 GC heap after
{Heap after GC invocations=2 (full 0):
 garbage-first heap   total 229376K, used 6706K [0x0000000721e00000, 0x0000000800000000)
  region size 1024K, 2 young (2048K), 2 survivors (2048K)
 Metaspace       used 20304K, capacity 20805K, committed 21120K, reserved 1069056K
  class space    used 1892K, capacity 2114K, committed 2176K, reserved 1048576K
}
Event: 3.658 GC heap before
{Heap before GC invocations=2 (full 0):
 garbage-first heap   total 229376K, used 8754K [0x0000000721e00000, 0x0000000800000000)
  region size 1024K, 5 young (5120K), 2 survivors (2048K)
 Metaspace       used 20698K, capacity 21200K, committed 21296K, reserved 1069056K
  class space    used 1946K, capacity 2162K, committed 2176K, reserved 1048576K
}
Event: 3.661 GC heap after
{Heap after GC invocations=3 (full 0):
 garbage-first heap   total 229376K, used 6900K [0x0000000721e00000, 0x0000000800000000)
  region size 1024K, 2 young (2048K), 2 survivors (2048K)
 Metaspace       used 20698K, capacity 21200K, committed 21296K, reserved 1069056K
  class space    used 1946K, capacity 2162K, committed 2176K, reserved 1048576K
}

Deoptimization events (20 events):
Event: 3.554 Thread 0x000001bdcfa8a800 Uncommon trap: trap_request=0xffffffde fr.pc=0x000001bdbc888e30 relative=0x00000000000015f0
Event: 3.554 Thread 0x000001bdcfa8a800 Uncommon trap: reason=class_check action=maybe_recompile pc=0x000001bdbc888e30 method=java.util.HashMap.putVal(ILjava/lang/Object;Ljava/lang/Object;ZZ)Ljava/lang/Object; @ 91 c2
Event: 3.554 Thread 0x000001bdcfa8a800 DEOPT PACKING pc=0x000001bdbc888e30 sp=0x0000001ed7cfdd10
Event: 3.554 Thread 0x000001bdcfa8a800 DEOPT UNPACKING pc=0x000001bdb4d9772f sp=0x0000001ed7cfdbc8 mode 2
Event: 3.554 Thread 0x000001bdcfa8a800 Uncommon trap: trap_request=0xffffffde fr.pc=0x000001bdbc888e94 relative=0x0000000000001654
Event: 3.554 Thread 0x000001bdcfa8a800 Uncommon trap: reason=class_check action=maybe_recompile pc=0x000001bdbc888e94 method=java.util.HashMap.putVal(ILjava/lang/Object;Ljava/lang/Object;ZZ)Ljava/lang/Object; @ 203 c2
Event: 3.554 Thread 0x000001bdcfa8a800 DEOPT PACKING pc=0x000001bdbc888e94 sp=0x0000001ed7cfdd10
Event: 3.554 Thread 0x000001bdcfa8a800 DEOPT UNPACKING pc=0x000001bdb4d9772f sp=0x0000001ed7cfdbc8 mode 2
Event: 3.554 Thread 0x000001bdcfa8a800 Uncommon trap: trap_request=0xffffffde fr.pc=0x000001bdbc888e94 relative=0x0000000000001654
Event: 3.554 Thread 0x000001bdcfa8a800 Uncommon trap: reason=class_check action=maybe_recompile pc=0x000001bdbc888e94 method=java.util.HashMap.putVal(ILjava/lang/Object;Ljava/lang/Object;ZZ)Ljava/lang/Object; @ 203 c2
Event: 3.554 Thread 0x000001bdcfa8a800 DEOPT PACKING pc=0x000001bdbc888e94 sp=0x0000001ed7cfdd10
Event: 3.554 Thread 0x000001bdcfa8a800 DEOPT UNPACKING pc=0x000001bdb4d9772f sp=0x0000001ed7cfdbc8 mode 2
Event: 3.612 Thread 0x000001bdcfa8f000 Uncommon trap: trap_request=0xffffff4d fr.pc=0x000001bdbc89d838 relative=0x0000000000000298
Event: 3.612 Thread 0x000001bdcfa8f000 Uncommon trap: reason=unstable_if action=reinterpret pc=0x000001bdbc89d838 method=java.lang.StringUTF16.compress([CI[BII)I @ 20 c2
Event: 3.612 Thread 0x000001bdcfa8f000 DEOPT PACKING pc=0x000001bdbc89d838 sp=0x0000001ed7df7c50
Event: 3.612 Thread 0x000001bdcfa8f000 DEOPT UNPACKING pc=0x000001bdb4d9772f sp=0x0000001ed7df7bd0 mode 2
Event: 3.967 Thread 0x000001bdcfa8f000 Uncommon trap: trap_request=0xffffff4d fr.pc=0x000001bdbc898618 relative=0x00000000000005d8
Event: 3.967 Thread 0x000001bdcfa8f000 Uncommon trap: reason=unstable_if action=reinterpret pc=0x000001bdbc898618 method=java.lang.AbstractStringBuilder.append(Ljava/lang/String;)Ljava/lang/AbstractStringBuilder; @ 1 c2
Event: 3.967 Thread 0x000001bdcfa8f000 DEOPT PACKING pc=0x000001bdbc898618 sp=0x0000001ed7dfaec0
Event: 3.967 Thread 0x000001bdcfa8f000 DEOPT UNPACKING pc=0x000001bdb4d9772f sp=0x0000001ed7dfae40 mode 2

Classes redefined (0 events):
No events

Internal exceptions (20 events):
Event: 1.683 Thread 0x000001bdcfa8f000 Exception <a 'java/lang/NoSuchMethodError'{0x000000072ec75da0}: 'java.lang.Object java.lang.invoke.DirectMethodHandle$Holder.invokeStatic(java.lang.Object, java.lang.Object, int, int, int, int)'> (0x000000072ec75da0) thrown at [./src/hotspot/share/interpreter/linkResolver.cpp, line 773]
Event: 1.683 Thread 0x000001bdcfa8f000 Exception <a 'java/lang/NoSuchMethodError'{0x000000072ec790f8}: 'java.lang.Object java.lang.invoke.DirectMethodHandle$Holder.invokeStaticInit(java.lang.Object, java.lang.Object, int, int, int, int)'> (0x000000072ec790f8) thrown at [./src/hotspot/share/interpreter/linkResolver.cpp, line 773]
Event: 1.736 Thread 0x000001bdcfa8f000 Exception <a 'java/lang/NoSuchMethodError'{0x000000072ec98e28}: 'void java.lang.invoke.DirectMethodHandle$Holder.invokeStatic(java.lang.Object, long)'> (0x000000072ec98e28) thrown at [./src/hotspot/share/interpreter/linkResolver.cpp, line 773]
Event: 1.737 Thread 0x000001bdcfa8f000 Exception <a 'java/lang/NoSuchMethodError'{0x000000072ec9e040}: 'java.lang.Object java.lang.invoke.DirectMethodHandle$Holder.invokeStatic(java.lang.Object, long)'> (0x000000072ec9e040) thrown at [./src/hotspot/share/interpreter/linkResolver.cpp, line 773]
Event: 1.742 Thread 0x000001bdcfa8f000 Exception <a 'java/lang/NoSuchMethodError'{0x000000072ecaf290}: 'java.lang.Object java.lang.invoke.DirectMethodHandle$Holder.invokeStaticInit(java.lang.Object, java.lang.Object, long, java.lang.Object)'> (0x000000072ecaf290) thrown at [./src/hotspot/share/interpreter/linkResolver.cpp, line 773]
Event: 1.743 Thread 0x000001bdcfa8f000 Exception <a 'java/lang/NoSuchMethodError'{0x000000072ecb5140}: 'java.lang.Object java.lang.invoke.DirectMethodHandle$Holder.invokeStatic(java.lang.Object, java.lang.Object, long)'> (0x000000072ecb5140) thrown at [./src/hotspot/share/interpreter/linkResolver.cpp, line 773]
Event: 1.743 Thread 0x000001bdcfa8f000 Exception <a 'java/lang/NoSuchMethodError'{0x000000072ecbb410}: 'java.lang.Object java.lang.invoke.Invokers$Holder.linkToTargetMethod(java.lang.Object, long, java.lang.Object)'> (0x000000072ecbb410) thrown at [./src/hotspot/share/interpreter/linkResolver.cpp, line 773]
Event: 3.582 Thread 0x000001bdcfa8f000 Exception <a 'java/lang/NoSuchMethodError'{0x000000072f15f210}: 'void java.lang.invoke.DirectMethodHandle$Holder.invokeStaticInit(java.lang.Object)'> (0x000000072f15f210) thrown at [./src/hotspot/share/interpreter/linkResolver.cpp, line 773]
Event: 3.639 Thread 0x000001bdcfa8f000 Exception <a 'java/lang/NoSuchMethodError'{0x000000072fcef8f8}: 'java.lang.Object java.lang.invoke.DirectMethodHandle$Holder.invokeStatic(java.lang.Object, java.lang.Object, java.lang.Object, java.lang.Object, java.lang.Object, java.lang.Object, java.lang.Object, java.lang.Object, java.lang.Object, java.lang.Object, java.lang.Object, int)'> (0x000000072fcef8f8) thrown at [./src/hotspot/share/interpreter/linkResolver.cpp, line 773]
Event: 3.642 Thread 0x000001bdcfa8f000 Exception <a 'java/lang/NoSuchMethodError'{0x000000072fb0e0a0}: 'java.lang.Object java.lang.invoke.DirectMethodHandle$Holder.invokeStatic(java.lang.Object, java.lang.Object, java.lang.Object, java.lang.Object, java.lang.Object, java.lang.Object, java.lang.Object, java.lang.Object, java.lang.Object, java.lang.Object, java.lang.Object, int, int)'> (0x000000072fb0e0a0) thrown at [./src/hotspot/share/interpreter/linkResolver.cpp, line 773]
Event: 3.644 Thread 0x000001bdcfa8f000 Exception <a 'java/lang/NoSuchMethodError'{0x000000072fb2d038}: 'java.lang.Object java.lang.invoke.DirectMethodHandle$Holder.invokeStatic(java.lang.Object, java.lang.Object, java.lang.Object, java.lang.Object, java.lang.Object, java.lang.Object, java.lang.Object, java.lang.Object, java.lang.Object, java.lang.Object, java.lang.Object, int, int, java.lang.Object)'> (0x000000072fb2d038) thrown at [./src/hotspot/share/interpreter/linkResolver.cpp, line 773]
Event: 3.645 Thread 0x000001bdcfa8f000 Exception <a 'java/lang/NoSuchMethodError'{0x000000072fb38a88}: 'java.lang.Object java.lang.invoke.Invokers$Holder.linkToTargetMethod(java.lang.Object, int, java.lang.Object)'> (0x000000072fb38a88) thrown at [./src/hotspot/share/interpreter/linkResolver.cpp, line 773]
Event: 3.669 Thread 0x000001bdcfa8f000 Exception <a 'java/lang/reflect/InvocationTargetException'{0x000000072fd04c70}> (0x000000072fd04c70) thrown at [./src/hotspot/share/runtime/reflection.cpp, line 1247]
Event: 3.885 Thread 0x000001bdcfa8f000 Exception <a 'java/lang/NoSuchMethodError'{0x000000072fc8eec0}: 'java.lang.Object java.lang.invoke.DirectMethodHandle$Holder.invokeStatic(java.lang.Object, java.lang.Object, java.lang.Object, java.lang.Object, java.lang.Object, java.lang.Object, java.lang.Object, java.lang.Object, java.lang.Object, java.lang.Object, java.lang.Object, int, int, java.lang.Object, java.lang.Object)'> (0x000000072fc8eec0) thrown at [./src/hotspot/share/interpreter/linkResolver.cpp, line 773]
Event: 3.938 Thread 0x000001bdcfa8f000 Exception <a 'java/lang/IllegalAccessError'{0x000000072fb1f880}: class ReadOBJ (in unnamed module @0xbffd2f2) cannot access class com.sun.javafx.geom.Vec3f (in module javafx.graphics) because module javafx.graphics does not export com.sun.javafx.geom to unnamed module @0xbffd2f2> (0x000000072fb1f880) thrown at [./src/hotspot/share/interpreter/linkResolver.cpp, line 319]
Event: 3.967 Thread 0x000001bdcfa8f000 Implicit null exception at 0x000001bdbc898074 to 0x000001bdbc898600
Event: 3.967 Thread 0x000001bdcfa8f000 Exception <a 'com/jogamp/opengl/GLException'{0x000000072fb2e468}> (0x000000072fb2e468) thrown at [./src/hotspot/share/prims/jvm.cpp, line 1301]
Event: 3.967 Thread 0x000001bdcfa8f000 Exception <a 'com/jogamp/opengl/GLException'{0x000000072fb2e468}> (0x000000072fb2e468) thrown at [./src/hotspot/share/prims/jvm.cpp, line 1301]
Event: 3.973 Thread 0x000001bdcfa8f000 Exception <a 'com/jogamp/opengl/GLException'{0x000000072fb39950}> (0x000000072fb39950) thrown at [./src/hotspot/share/prims/jvm.cpp, line 1301]
Event: 3.973 Thread 0x000001bdcfa8f000 Exception <a 'com/jogamp/opengl/GLException'{0x000000072fb39950}> (0x000000072fb39950) thrown at [./src/hotspot/share/prims/jvm.cpp, line 1301]

Events (20 events):
Event: 3.957 loading class java/text/AttributedString done
Event: 3.957 loading class java/text/AttributedString$AttributedStringIterator
Event: 3.957 loading class java/text/AttributedCharacterIterator
Event: 3.957 loading class java/text/CharacterIterator
Event: 3.957 loading class java/text/CharacterIterator done
Event: 3.957 loading class java/text/AttributedCharacterIterator done
Event: 3.957 loading class java/text/AttributedString$AttributedStringIterator done
Event: 3.958 loading class javax/swing/text/JTextComponent
Event: 3.959 loading class javax/swing/Scrollable
Event: 3.960 loading class javax/swing/Scrollable done
Event: 3.960 loading class javax/swing/text/JTextComponent done
Event: 3.964 loading class com/jogamp/opengl/math/VectorUtil
Event: 3.964 loading class com/jogamp/opengl/math/VectorUtil done
Event: 14.942 loading class StartCodeMainWindowPP$1$1
Event: 14.942 loading class StartCodeMainWindowPP$1$1 done
Event: 14.943 Thread 0x000001bdd21ad800 Thread added: 0x000001bdd21ad800
Event: 14.943 Executing VM operation: RevokeBias
Event: 14.944 Executing VM operation: RevokeBias done
Event: 14.944 Thread 0x000001bdd21ae800 Thread added: 0x000001bdd21ae800
Event: 14.944 Thread 0x000001bdd21af800 Thread added: 0x000001bdd21af800


Dynamic libraries:
0x00007ff6ce570000 - 0x00007ff6ce57d000 	C:\Program Files\AdoptOpenJDK\jdk-11.0.8.10-hotspot\bin\java.exe
0x00007ffca9ec0000 - 0x00007ffcaa0b0000 	C:\WINDOWS\SYSTEM32\ntdll.dll
0x00007ffca9cf0000 - 0x00007ffca9da2000 	C:\WINDOWS\System32\KERNEL32.DLL
0x00007ffca7330000 - 0x00007ffca75d5000 	C:\WINDOWS\System32\KERNELBASE.dll
0x00007ffca7e70000 - 0x00007ffca7f6a000 	C:\WINDOWS\System32\ucrtbase.dll
0x00007ffc9cdb0000 - 0x00007ffc9cdc7000 	C:\Program Files\AdoptOpenJDK\jdk-11.0.8.10-hotspot\bin\jli.dll
0x00007ffc9cdd0000 - 0x00007ffc9cde5000 	C:\Program Files\AdoptOpenJDK\jdk-11.0.8.10-hotspot\bin\VCRUNTIME140.dll
0x00007ffca82b0000 - 0x00007ffca8444000 	C:\WINDOWS\System32\USER32.dll
0x00007ffca75e0000 - 0x00007ffca7601000 	C:\WINDOWS\System32\win32u.dll
0x00007ffc88580000 - 0x00007ffc88804000 	C:\WINDOWS\WinSxS\amd64_microsoft.windows.common-controls_6595b64144ccf1df_6.0.18362.1198_none_9e820b57e45ad92f\COMCTL32.dll
0x00007ffca9dc0000 - 0x00007ffca9e5e000 	C:\WINDOWS\System32\msvcrt.dll
0x00007ffca9cc0000 - 0x00007ffca9ce6000 	C:\WINDOWS\System32\GDI32.dll
0x00007ffca8520000 - 0x00007ffca8855000 	C:\WINDOWS\System32\combase.dll
0x00007ffca6f90000 - 0x00007ffca7126000 	C:\WINDOWS\System32\gdi32full.dll
0x00007ffca8ae0000 - 0x00007ffca8c00000 	C:\WINDOWS\System32\RPCRT4.dll
0x00007ffca71e0000 - 0x00007ffca727e000 	C:\WINDOWS\System32\msvcp_win.dll
0x00007ffca7660000 - 0x00007ffca76e0000 	C:\WINDOWS\System32\bcryptPrimitives.dll
0x00007ffca8280000 - 0x00007ffca82ae000 	C:\WINDOWS\System32\IMM32.DLL
0x00007ffc77ed0000 - 0x00007ffc77f6b000 	C:\Program Files\AdoptOpenJDK\jdk-11.0.8.10-hotspot\bin\msvcp140.dll
0x00007ffc388f0000 - 0x00007ffc393ad000 	C:\Program Files\AdoptOpenJDK\jdk-11.0.8.10-hotspot\bin\server\jvm.dll
0x00007ffca88d0000 - 0x00007ffca8973000 	C:\WINDOWS\System32\ADVAPI32.dll
0x00007ffca8c00000 - 0x00007ffca8c97000 	C:\WINDOWS\System32\sechost.dll
0x00007ffca9db0000 - 0x00007ffca9db8000 	C:\WINDOWS\System32\PSAPI.DLL
0x00007ffca4a90000 - 0x00007ffca4ab4000 	C:\WINDOWS\SYSTEM32\WINMM.dll
0x00007ffc9e650000 - 0x00007ffc9e65a000 	C:\WINDOWS\SYSTEM32\VERSION.dll
0x00007ffca4a60000 - 0x00007ffca4a8d000 	C:\WINDOWS\SYSTEM32\winmmbase.dll
0x00007ffca7280000 - 0x00007ffca72ca000 	C:\WINDOWS\System32\cfgmgr32.dll
0x00007ffc9ce00000 - 0x00007ffc9ce09000 	C:\WINDOWS\SYSTEM32\WSOCK32.dll
0x00007ffca8860000 - 0x00007ffca88cf000 	C:\WINDOWS\System32\ws2_32.DLL
0x00007ffca6d80000 - 0x00007ffca6d91000 	C:\WINDOWS\System32\kernel.appcore.dll
0x00007ffca32c0000 - 0x00007ffca32d0000 	C:\Program Files\AdoptOpenJDK\jdk-11.0.8.10-hotspot\bin\verify.dll
0x00007ffca5730000 - 0x00007ffca5924000 	C:\WINDOWS\SYSTEM32\DBGHELP.DLL
0x00007ffc96690000 - 0x00007ffc966ba000 	C:\WINDOWS\SYSTEM32\dbgcore.DLL
0x00007ffc823b0000 - 0x00007ffc823d8000 	C:\Program Files\AdoptOpenJDK\jdk-11.0.8.10-hotspot\bin\java.dll
0x00007ffc9d3e0000 - 0x00007ffc9d3ea000 	C:\Program Files\AdoptOpenJDK\jdk-11.0.8.10-hotspot\bin\jimage.dll
0x00007ffc9ca40000 - 0x00007ffc9ca4e000 	C:\Program Files\AdoptOpenJDK\jdk-11.0.8.10-hotspot\bin\instrument.dll
0x00007ffc814e0000 - 0x00007ffc814f7000 	C:\Program Files\AdoptOpenJDK\jdk-11.0.8.10-hotspot\bin\zip.dll
0x00007ffca8f10000 - 0x00007ffca95f7000 	C:\WINDOWS\System32\SHELL32.dll
0x00007ffca9c10000 - 0x00007ffca9cb9000 	C:\WINDOWS\System32\shcore.dll
0x00007ffca76e0000 - 0x00007ffca7e61000 	C:\WINDOWS\System32\windows.storage.dll
0x00007ffca6da0000 - 0x00007ffca6dc3000 	C:\WINDOWS\System32\profapi.dll
0x00007ffca6df0000 - 0x00007ffca6e3a000 	C:\WINDOWS\System32\powrprof.dll
0x00007ffca6d70000 - 0x00007ffca6d80000 	C:\WINDOWS\System32\UMPDC.dll
0x00007ffca8d50000 - 0x00007ffca8da2000 	C:\WINDOWS\System32\shlwapi.dll
0x00007ffca7610000 - 0x00007ffca7627000 	C:\WINDOWS\System32\cryptsp.dll
0x00007ffc814c0000 - 0x00007ffc814d9000 	C:\Program Files\AdoptOpenJDK\jdk-11.0.8.10-hotspot\bin\net.dll
0x00007ffc97a90000 - 0x00007ffc97b80000 	C:\WINDOWS\SYSTEM32\WINHTTP.dll
0x00007ffca65c0000 - 0x00007ffca6627000 	C:\WINDOWS\system32\mswsock.dll
0x00007ffc7f8d0000 - 0x00007ffc7f8e2000 	C:\Program Files\AdoptOpenJDK\jdk-11.0.8.10-hotspot\bin\nio.dll
0x00007ffc7de80000 - 0x00007ffc7de9a000 	C:\Program Files\JetBrains\IntelliJ IDEA Community Edition 2020.2.2\bin\breakgen64.dll
0x00007ffc423a0000 - 0x00007ffc42539000 	C:\Program Files\AdoptOpenJDK\jdk-11.0.8.10-hotspot\bin\awt.dll
0x00007ffca8450000 - 0x00007ffca8515000 	C:\WINDOWS\System32\OLEAUT32.dll
0x00007ffca4ac0000 - 0x00007ffca4b4f000 	C:\WINDOWS\SYSTEM32\apphelp.dll
0x00007ffca4d70000 - 0x00007ffca4e09000 	C:\WINDOWS\system32\uxtheme.dll
0x00007ffca9600000 - 0x00007ffca9735000 	C:\WINDOWS\System32\MSCTF.dll
0x00007ffca8980000 - 0x00007ffca8ad7000 	C:\WINDOWS\System32\ole32.dll
0x00007ffca51a0000 - 0x00007ffca51cd000 	C:\WINDOWS\system32\DWMAPI.DLL
0x00007ffc6c8a0000 - 0x00007ffc6c9f6000 	C:\WINDOWS\system32\opengl32.dll
0x00007ffc7ed70000 - 0x00007ffc7ed9c000 	C:\WINDOWS\SYSTEM32\GLU32.dll
0x00007ffca59b0000 - 0x00007ffca59d0000 	C:\WINDOWS\SYSTEM32\dxcore.dll
0x00007ffc6ebe0000 - 0x00007ffc6eda7000 	C:\WINDOWS\system32\d3d9.dll
0x00007ffca6130000 - 0x00007ffca6163000 	C:\WINDOWS\system32\rsaenh.dll
0x00007ffca7630000 - 0x00007ffca7656000 	C:\WINDOWS\System32\bcrypt.dll
0x00007ffca6c90000 - 0x00007ffca6cb5000 	C:\WINDOWS\SYSTEM32\USERENV.dll
0x00007ffca6790000 - 0x00007ffca679c000 	C:\WINDOWS\SYSTEM32\CRYPTBASE.dll
0x00007ffca62d0000 - 0x00007ffca630a000 	C:\WINDOWS\SYSTEM32\IPHLPAPI.DLL
0x00007ffca80c0000 - 0x00007ffca80c8000 	C:\WINDOWS\System32\NSI.dll
0x00007ffc9beb0000 - 0x00007ffc9bec6000 	C:\WINDOWS\SYSTEM32\dhcpcsvc6.DLL
0x00007ffc9c030000 - 0x00007ffc9c04c000 	C:\WINDOWS\SYSTEM32\dhcpcsvc.DLL
0x00007ffca6310000 - 0x00007ffca63db000 	C:\WINDOWS\SYSTEM32\DNSAPI.dll
0x00000000637c0000 - 0x00000000637cd000 	C:\Users\Hanna\AppData\Local\Temp\jogamp_0000\file_cache\jln14233819743252000764\jln8860875913395938713\natives\windows-amd64\gluegen-rt.dll
0x00007ffc97000000 - 0x00007ffc97007000 	C:\Program Files\AdoptOpenJDK\jdk-11.0.8.10-hotspot\bin\jawt.dll
0x000000006a440000 - 0x000000006a44d000 	C:\Users\Hanna\AppData\Local\Temp\jogamp_0000\file_cache\jln14233819743252000764\jln8860875913395938713\natives\windows-amd64\nativewindow_awt.dll
0x000000006c100000 - 0x000000006c10f000 	C:\Users\Hanna\AppData\Local\Temp\jogamp_0000\file_cache\jln14233819743252000764\jln8860875913395938713\natives\windows-amd64\nativewindow_win32.dll
0x0000000064500000 - 0x00000000645b1000 	C:\Users\Hanna\AppData\Local\Temp\jogamp_0000\file_cache\jln14233819743252000764\jln8860875913395938713\natives\windows-amd64\jogl_desktop.dll
0x00007ffc3d370000 - 0x00007ffc3d55f000 	C:\Program Files\Autodesk\AliasAutoStudio2021\bin\libGLESv2.dll
0x00007ffc93a50000 - 0x00007ffc93a59000 	C:\Program Files\Autodesk\AliasAutoStudio2021\bin\libEGL.dll
0x0000000064340000 - 0x00000000643a2000 	C:\Users\Hanna\AppData\Local\Temp\jogamp_0000\file_cache\jln14233819743252000764\jln8860875913395938713\natives\windows-amd64\jogl_mobile.dll
0x00007ffc7eab0000 - 0x00007ffc7eada000 	C:\WINDOWS\System32\DriverStore\FileRepository\u0359160.inf_amd64_2abe2598d9a3141f\B358802\atig6pxx.dll
0x00007ffc4cbf0000 - 0x00007ffc4f902000 	C:\WINDOWS\System32\DriverStore\FileRepository\u0359160.inf_amd64_2abe2598d9a3141f\B358802\atio6axx.dll
0x00007ffca9740000 - 0x00007ffca9bb0000 	C:\WINDOWS\System32\SETUPAPI.dll
0x00007ffc9ac30000 - 0x00007ffc9ac53000 	C:\WINDOWS\SYSTEM32\dxva2.dll
0x00007ffc76ad0000 - 0x00007ffc76b0c000 	C:\WINDOWS\System32\DriverStore\FileRepository\u0359160.inf_amd64_2abe2598d9a3141f\B358802\atig6txx.dll
0x00007ffc68f80000 - 0x00007ffc6913c000 	C:\WINDOWS\SYSTEM32\atiadlxx.dll
0x00007ffca33b0000 - 0x00007ffca34a0000 	C:\WINDOWS\SYSTEM32\PROPSYS.dll
0x00007ffca6b60000 - 0x00007ffca6b8a000 	C:\WINDOWS\SYSTEM32\DEVOBJ.dll
0x00007ffca72d0000 - 0x00007ffca732c000 	C:\WINDOWS\System32\WINTRUST.dll
0x00007ffca6dd0000 - 0x00007ffca6de2000 	C:\WINDOWS\System32\MSASN1.dll
0x00007ffca6e40000 - 0x00007ffca6f89000 	C:\WINDOWS\System32\CRYPT32.dll
0x00007ffc40d60000 - 0x00007ffc40de2000 	C:\Program Files\AdoptOpenJDK\jdk-11.0.8.10-hotspot\bin\freetype.dll
0x00007ffc40cb0000 - 0x00007ffc40d56000 	C:\Program Files\AdoptOpenJDK\jdk-11.0.8.10-hotspot\bin\fontmanager.dll
0x00007ffca4b70000 - 0x00007ffca4c0e000 	C:\WINDOWS\System32\TextInputFramework.dll
0x00007ffca1e80000 - 0x00007ffca21aa000 	C:\WINDOWS\System32\CoreUIComponents.dll
0x00007ffca44e0000 - 0x00007ffca45b4000 	C:\WINDOWS\System32\CoreMessaging.dll
0x00007ffca26f0000 - 0x00007ffca2843000 	C:\WINDOWS\SYSTEM32\wintypes.dll
0x00007ffca5db0000 - 0x00007ffca5de1000 	C:\WINDOWS\SYSTEM32\ntmarta.dll
0x00007ffc92980000 - 0x00007ffc929e5000 	C:\WINDOWS\system32\Oleacc.dll
0x00007ffc97c90000 - 0x00007ffc97f37000 	C:\WINDOWS\System32\iertutil.dll

dbghelp: loaded successfully - version: 4.0.5 - missing functions: none
symbol engine: initialized successfully - sym options: 0x614 - pdb path: .;C:\Program Files\AdoptOpenJDK\jdk-11.0.8.10-hotspot\bin;C:\WINDOWS\SYSTEM32;C:\WINDOWS\WinSxS\amd64_microsoft.windows.common-controls_6595b64144ccf1df_6.0.18362.1198_none_9e820b57e45ad92f;C:\Program Files\AdoptOpenJDK\jdk-11.0.8.10-hotspot\bin\server;C:\Program Files\JetBrains\IntelliJ IDEA Community Edition 2020.2.2\bin;C:\WINDOWS\System32\DriverStore\FileRepository\u0359160.inf_amd64_2abe2598d9a3141f\B358802;C:\Users\Hanna\AppData\Local\Temp\jogamp_0000\file_cache\jln14233819743252000764\jln8860875913395938713\natives\windows-amd64;C:\Program Files\Autodesk\AliasAutoStudio2021\bin

VM Arguments:
jvm_args: --module-path=C:\Users\Hanna\installs\javafx-sdk-11.0.2\lib --add-modules=javafx.controls,javafx.fxml,javafx.swing --add-exports=javafx.base/com.sun.javafx.event=ALL-UNNAMED -javaagent:C:\Program Files\JetBrains\IntelliJ IDEA Community Edition 2020.2.2\lib\idea_rt.jar=62503:C:\Program Files\JetBrains\IntelliJ IDEA Community Edition 2020.2.2\bin -Dfile.encoding=UTF-8 
java_command: StartCodeMainWindowPP
java_class_path (initial): C:\Users\Hanna\IdeaProjects\JoglModelLoadGeometryPP\out\production\JoglModelLoadGeometryPP;C:\Users\Hanna\IdeaProjects\JoglModelLoadGeometryPP\lib\OBJLoader-3.0.0.jar;C:\Program Files\Java\jogl\jogamp-all-platforms\jar\gluegen-rt.jar;C:\Program Files\Java\jogl\jogamp-all-platforms\jar\jogl-all.jar;C:\Users\Hanna\installs\javafx-sdk-14.0.1\lib\src.zip;C:\Users\Hanna\installs\javafx-sdk-14.0.1\lib\javafx-swt.jar;C:\Users\Hanna\installs\javafx-sdk-14.0.1\lib\javafx.web.jar;C:\Users\Hanna\installs\javafx-sdk-14.0.1\lib\javafx.base.jar;C:\Users\Hanna\installs\javafx-sdk-14.0.1\lib\javafx.fxml.jar;C:\Users\Hanna\installs\javafx-sdk-14.0.1\lib\javafx.media.jar;C:\Users\Hanna\installs\javafx-sdk-14.0.1\lib\javafx.swing.jar;C:\Users\Hanna\installs\javafx-sdk-14.0.1\lib\javafx.controls.jar;C:\Users\Hanna\installs\javafx-sdk-14.0.1\lib\javafx.graphics.jar
Launcher Type: SUN_STANDARD

[Global flags]
     intx CICompilerCount                          = 4                                         {product} {ergonomic}
     uint ConcGCThreads                            = 2                                         {product} {ergonomic}
     uint G1ConcRefinementThreads                  = 8                                         {product} {ergonomic}
   size_t G1HeapRegionSize                         = 1048576                                   {product} {ergonomic}
    uintx GCDrainStackTargetSize                   = 64                                        {product} {ergonomic}
   size_t InitialHeapSize                          = 234881024                                 {product} {ergonomic}
   size_t MarkStackSize                            = 4194304                                   {product} {ergonomic}
   size_t MaxHeapSize                              = 3726639104                                {product} {ergonomic}
   size_t MaxNewSize                               = 2235564032                                {product} {ergonomic}
   size_t MinHeapDeltaBytes                        = 1048576                                   {product} {ergonomic}
    uintx NonNMethodCodeHeapSize                   = 5836300                                {pd product} {ergonomic}
    uintx NonProfiledCodeHeapSize                  = 122910970                              {pd product} {ergonomic}
    uintx ProfiledCodeHeapSize                     = 122910970                              {pd product} {ergonomic}
    uintx ReservedCodeCacheSize                    = 251658240                              {pd product} {ergonomic}
     bool SegmentedCodeCache                       = true                                      {product} {ergonomic}
     bool UseCompressedClassPointers               = true                                 {lp64_product} {ergonomic}
     bool UseCompressedOops                        = true                                 {lp64_product} {ergonomic}
     bool UseG1GC                                  = true                                      {product} {ergonomic}
     bool UseLargePagesIndividualAllocation        = false                                  {pd product} {ergonomic}

Logging:
Log output configuration:
 #0: stdout all=warning uptime,level,tags
 #1: stderr all=off uptime,level,tags

Environment Variables:
JAVA_HOME=C:\Program Files\Java\jdk-13
JRE_HOME=C:\Program Files\Java\jdk-13
PATH=C:\Program Files\AdoptOpenJDK\jdk-11.0.8.10-hotspot\bin;C:\Program Files\Autodesk\AliasAutoStudio2021\bin;C:\Program Files (x86)\NVIDIA Corporation\PhysX\Common;C:\WINDOWS\system32;C:\WINDOWS;C:\WINDOWS\System32\Wbem;C:\WINDOWS\System32\WindowsPowerShell\v1.0\;C:\WINDOWS\System32\OpenSSH\;C:\Program Files\Java\jdk-13\bin;C:\Program Files\Microsoft SQL Server\Client SDK\ODBC\110\Tools\Binn\;C:\Program Files (x86)\Microsoft SQL Server\120\Tools\Binn\;C:\Program Files\Microsoft SQL Server\120\Tools\Binn\;C:\Program Files\Microsoft SQL Server\120\DTS\Binn\;C:\Program Files (x86)\Windows Kits\8.1\Windows Performance Toolkit\;C:\Users\Hanna\AppData\Local\Microsoft\WindowsApps;C:\Users\Hanna\AppData\Local\atom\bin;C:\Program Files\JetBrains\IntelliJ IDEA Community Edition 2020.2.2\bin;
USERNAME=Hanna
OS=Windows_NT
PROCESSOR_IDENTIFIER=AMD64 Family 23 Model 24 Stepping 1, AuthenticAMD



---------------  S Y S T E M  ---------------

OS: Windows 10 , 64 bit Build 18362 (10.0.18362.1110)
OS uptime: 18 days 10:08 hours

CPU:total 8 (initial active 8) (8 cores per cpu, 2 threads per core) family 23 model 24 stepping 1, cmov, cx8, fxsr, mmx, sse, sse2, sse3, ssse3, sse4.1, sse4.2, popcnt, avx, avx2, aes, clmul, mmxext, 3dnowpref, lzcnt, sse4a, ht, tsc, tscinvbit, tscinv, bmi1, bmi2, adx, sha, fma

Memory: 4k page, system-wide physical 14213M (5581M free)
TotalPageFile size 27013M (AvailPageFile size 10695M)
current process WorkingSet (physical memory assigned to process): 140M, peak: 169M
current process commit charge ("private bytes"): 434M, peak: 465M

vm_info: OpenJDK 64-Bit Server VM (11.0.8+10) for windows-amd64 JRE (11.0.8+10), built on Jul 15 2020 11:45:54 by "" with MS VC++ 15.9 (VS2017)

END.
