#
# A fatal error has been detected by the Java Runtime Environment:
#
#  EXCEPTION_ACCESS_VIOLATION (0xc0000005) at pc=0x00007ff9d9056100, pid=17308, tid=2868
#
# JRE version: OpenJDK Runtime Environment AdoptOpenJDK (11.0.8+10) (build 11.0.8+10)
# Java VM: OpenJDK 64-Bit Server VM AdoptOpenJDK (11.0.8+10, mixed mode, tiered, compressed oops, g1 gc, windows-amd64)
# Problematic frame:
# C  [atio6axx.dll+0xb06100]
#
# No core dump will be written. Minidumps are not enabled by default on client versions of Windows
#
# If you would like to submit a bug report, please visit:
#   https://github.com/AdoptOpenJDK/openjdk-support/issues
# The crash happened outside the Java Virtual Machine in native code.
# See problematic frame for where to report the bug.
#

---------------  S U M M A R Y ------------

Command Line: -javaagent:C:\Program Files\JetBrains\IntelliJ IDEA Community Edition 2020.2.2\lib\idea_rt.jar=51656:C:\Program Files\JetBrains\IntelliJ IDEA Community Edition 2020.2.2\bin -Dfile.encoding=UTF-8 StartCodeMainWindowPP

Host: AMD Ryzen 7 3700U with Radeon Vega Mobile Gfx  , 8 cores, 13G,  Windows 10 , 64 bit Build 18362 (10.0.18362.1110)
Time: Wed Nov 18 09:29:38 2020 Mitteleuropäische Zeit elapsed time: 9 seconds (0d 0h 0m 9s)

---------------  T H R E A D  ---------------

Current thread (0x00000291c980a000):  JavaThread "AWT-EventQueue-0" [_thread_in_native, id=2868, stack(0x000000ddc2100000,0x000000ddc2200000)]

Stack: [0x000000ddc2100000,0x000000ddc2200000],  sp=0x000000ddc21fb280,  free space=1004k
Native frames: (J=compiled Java code, j=interpreted, Vv=VM code, C=native code)
C  [atio6axx.dll+0xb06100]

Java frames: (J=compiled Java code, j=interpreted, Vv=VM code)
j  jogamp.opengl.gl4.GL4bcImpl.dispatch_glDeleteVertexArrays1(ILjava/lang/Object;IZJ)V+0
j  jogamp.opengl.gl4.GL4bcImpl.glDeleteVertexArrays(I[II)V+101
j  StartRendererPP.dispose(Lcom/jogamp/opengl/GLAutoDrawable;)V+62
j  jogamp.opengl.GLDrawableHelper.disposeAllGLEventListener(Lcom/jogamp/opengl/GLAutoDrawable;Z)I+155
j  jogamp.opengl.GLDrawableHelper.disposeGL(Lcom/jogamp/opengl/GLAutoDrawable;Lcom/jogamp/opengl/GLContext;Z)V+119
j  com.jogamp.opengl.awt.GLCanvas$8.run()V+170
j  com.jogamp.opengl.Threading.invoke(ZLjava/lang/Runnable;Ljava/lang/Object;)V+27
j  com.jogamp.opengl.awt.GLCanvas.destroyImpl(Z)V+9
j  com.jogamp.opengl.awt.GLCanvas$2.run()V+5
j  com.jogamp.nativewindow.awt.AWTWindowClosingProtocol$WindowClosingAdapter.windowClosing(Ljava/awt/event/WindowEvent;)V+22
j  java.awt.AWTEventMulticaster.windowClosing(Ljava/awt/event/WindowEvent;)V+21 java.desktop@11.0.8
j  java.awt.Window.processWindowEvent(Ljava/awt/event/WindowEvent;)V+68 java.desktop@11.0.8
j  javax.swing.JFrame.processWindowEvent(Ljava/awt/event/WindowEvent;)V+2 java.desktop@11.0.8
j  java.awt.Window.processEvent(Ljava/awt/AWTEvent;)V+69 java.desktop@11.0.8
j  java.awt.Component.dispatchEventImpl(Ljava/awt/AWTEvent;)V+496 java.desktop@11.0.8
j  java.awt.Container.dispatchEventImpl(Ljava/awt/AWTEvent;)V+42 java.desktop@11.0.8
j  java.awt.Window.dispatchEventImpl(Ljava/awt/AWTEvent;)V+19 java.desktop@11.0.8
j  java.awt.Component.dispatchEvent(Ljava/awt/AWTEvent;)V+2 java.desktop@11.0.8
j  java.awt.EventQueue.dispatchEventImpl(Ljava/awt/AWTEvent;Ljava/lang/Object;)V+41 java.desktop@11.0.8
j  java.awt.EventQueue$4.run()Ljava/lang/Void;+32 java.desktop@11.0.8
j  java.awt.EventQueue$4.run()Ljava/lang/Object;+1 java.desktop@11.0.8
v  ~StubRoutines::call_stub
j  java.security.AccessController.doPrivileged(Ljava/security/PrivilegedAction;Ljava/security/AccessControlContext;)Ljava/lang/Object;+0 java.base@11.0.8
j  java.security.ProtectionDomain$JavaSecurityAccessImpl.doIntersectionPrivilege(Ljava/security/PrivilegedAction;Ljava/security/AccessControlContext;Ljava/security/AccessControlContext;)Ljava/lang/Object;+18 java.base@11.0.8
j  java.security.ProtectionDomain$JavaSecurityAccessImpl.doIntersectionPrivilege(Ljava/security/PrivilegedAction;Ljava/security/AccessControlContext;)Ljava/lang/Object;+6 java.base@11.0.8
j  java.awt.EventQueue$5.run()Ljava/lang/Void;+11 java.desktop@11.0.8
j  java.awt.EventQueue$5.run()Ljava/lang/Object;+1 java.desktop@11.0.8
v  ~StubRoutines::call_stub
j  java.security.AccessController.doPrivileged(Ljava/security/PrivilegedAction;Ljava/security/AccessControlContext;)Ljava/lang/Object;+0 java.base@11.0.8
j  java.security.ProtectionDomain$JavaSecurityAccessImpl.doIntersectionPrivilege(Ljava/security/PrivilegedAction;Ljava/security/AccessControlContext;Ljava/security/AccessControlContext;)Ljava/lang/Object;+18 java.base@11.0.8
j  java.awt.EventQueue.dispatchEvent(Ljava/awt/AWTEvent;)V+73 java.desktop@11.0.8
j  java.awt.EventDispatchThread.pumpOneEventForFilters(I)V+78 java.desktop@11.0.8
j  java.awt.EventDispatchThread.pumpEventsForFilter(ILjava/awt/Conditional;Ljava/awt/EventFilter;)V+35 java.desktop@11.0.8
j  java.awt.EventDispatchThread.pumpEventsForHierarchy(ILjava/awt/Conditional;Ljava/awt/Component;)V+11 java.desktop@11.0.8
j  java.awt.EventDispatchThread.pumpEvents(ILjava/awt/Conditional;)V+4 java.desktop@11.0.8
j  java.awt.EventDispatchThread.pumpEvents(Ljava/awt/Conditional;)V+3 java.desktop@11.0.8
j  java.awt.EventDispatchThread.run()V+9 java.desktop@11.0.8
v  ~StubRoutines::call_stub

siginfo: EXCEPTION_ACCESS_VIOLATION (0xc0000005), reading address 0x0000000000000000


Register to memory mapping:

RIP=0x00007ff9d9056100 atio6axx.dll
RAX=0x0000000000000001 is an unknown value
RBX=0x00000291d3d6fb30 points into unknown readable memory: 00 02 00 00 01 00 00 00
RCX=0x00000291d36c2c80 points into unknown readable memory: 00 01 6a d3 91 02 00 00
RDX=0x0000000000000001 is an unknown value
RSP=0x000000ddc21fb280 is pointing into the stack for thread: 0x00000291c980a000
RBP=0x0000000000000001 is an unknown value
RSI=0x00000291d3b11ea0 points into unknown readable memory: 80 d1 c6 da f9 7f 00 00
RDI=0x0 is NULL
R8 =0x0 is NULL
R9 =0x0 is NULL
R10=0x00000291ae58ef68 is at code_begin+1000 in an Interpreter codelet
method entry point (kind = native)  [0x00000291ae58eb80, 0x00000291ae58f620]  2720 bytes
R11=0x0000000000000102 is an unknown value
R12=0x0 is NULL
R13={method} {0x00000291d12bf920} 'dispatch_glDeleteVertexArrays1' '(ILjava/lang/Object;IZJ)V' in 'jogamp/opengl/gl4/GL4bcImpl'
R14=0x00000291d36c2c80 points into unknown readable memory: 00 01 6a d3 91 02 00 00
R15=0x0000000000000001 is an unknown value


Registers:
RAX=0x0000000000000001, RBX=0x00000291d3d6fb30, RCX=0x00000291d36c2c80, RDX=0x0000000000000001
RSP=0x000000ddc21fb280, RBP=0x0000000000000001, RSI=0x00000291d3b11ea0, RDI=0x0000000000000000
R8 =0x0000000000000000, R9 =0x0000000000000000, R10=0x00000291ae58ef68, R11=0x0000000000000102
R12=0x0000000000000000, R13=0x00000291d12bf918, R14=0x00000291d36c2c80, R15=0x0000000000000001
RIP=0x00007ff9d9056100, EFLAGS=0x0000000000010202

Top of Stack: (sp=0x000000ddc21fb280)
0x000000ddc21fb280:   00000291d12bf918 00000000000085b5
0x000000ddc21fb290:   00000291ae589da7 000000ddc21fb360
0x000000ddc21fb2a0:   00000291c980a000 000000ddc21fb3b0
0x000000ddc21fb2b0:   00000291ae589da7 00000291ae58ef97
0x000000ddc21fb2c0:   00000291d12bf918 00000291c980a000
0x000000ddc21fb2d0:   000000ddc21fb360 00000000000085b5
0x000000ddc21fb2e0:   0000029100000000 0000029100000000
0x000000ddc21fb2f0:   00007ff9dafe3190 00000291d12bf918
0x000000ddc21fb300:   000000ddc21fb360 00000000000085b5
0x000000ddc21fb310:   00000291ae58ec36 000000ddc21fb318
0x000000ddc21fb320:   00000291d12bf918 000000ddc21fb3b0
0x000000ddc21fb330:   00000291d1390040 0000000000000000
0x000000ddc21fb340:   000000072f2f8410 00000291d12bf918
0x000000ddc21fb350:   0000000000000000 000000ddc21fb380
0x000000ddc21fb360:   000000ddc21fb400 00000291ae589da7
0x000000ddc21fb370:   0000000000000000 00000291ae58bf38 

Instructions: (pc=0x00007ff9d9056100)
0x00007ff9d9056000:   0a 00 00 10 89 4b 58 4c 8b 87 10 03 00 00 49 8b
0x00007ff9d9056010:   80 b0 29 00 00 48 0f ba e0 17 73 1b 40 f6 c6 01
0x00007ff9d9056020:   74 15 48 83 63 78 fe 48 8b 5c 24 30 48 8b 74 24
0x00007ff9d9056030:   38 48 83 c4 20 5f c3 a8 01 74 1f 48 0f ba e6 17
0x00007ff9d9056040:   73 18 48 81 63 78 ff ff 7f ff 48 8b 5c 24 30 48
0x00007ff9d9056050:   8b 74 24 38 48 83 c4 20 5f c3 48 a9 01 00 80 00
0x00007ff9d9056060:   75 11 48 f7 c6 01 00 80 00 74 08 48 81 63 78 fe
0x00007ff9d9056070:   ff 7f ff 48 8b 5c 24 30 48 8b 74 24 38 48 83 c4
0x00007ff9d9056080:   20 5f c3 cc cc cc cc cc cc cc cc cc cc cc cc cc
0x00007ff9d9056090:   48 89 5c 24 08 48 89 6c 24 18 48 89 74 24 20 57
0x00007ff9d90560a0:   41 56 41 57 48 83 ec 20 65 48 8b 04 25 30 00 00
0x00007ff9d90560b0:   00 49 8b f8 48 8b 19 4c 8b f1 44 8b fa 8b 68 48
0x00007ff9d90560c0:   b8 01 00 00 00 48 8b 5b 20 48 8b 73 08 f0 0f c1
0x00007ff9d90560d0:   46 10 ff c0 83 f8 01 7e 14 39 6e 14 74 0f 48 8b
0x00007ff9d90560e0:   4e 20 ba ff ff ff ff ff 15 b3 1f 18 01 ff 46 18
0x00007ff9d90560f0:   89 6e 14 45 85 ff 0f 84 91 00 00 00 49 8b ef 90
0x00007ff9d9056100:   44 8b 07 45 85 c0 74 77 49 8b 56 08 41 8b c8 c1
0x00007ff9d9056110:   e9 0c 48 8b 82 b8 00 00 00 3b 48 18 73 61 48 8b
0x00007ff9d9056120:   40 10 4c 8b 0c c8 4d 85 c9 74 54 41 8b c0 41 2b
0x00007ff9d9056130:   01 66 41 83 bc 41 10 80 00 00 00 75 42 45 3b 46
0x00007ff9d9056140:   10 75 11 33 d2 49 8b ce e8 13 fe ff ff 49 8b 56
0x00007ff9d9056150:   08 44 8b 07 48 8d 4a 48 48 8d b2 88 01 00 00 45
0x00007ff9d9056160:   85 c0 74 1b 41 b9 0f 00 00 00 e8 91 a1 ac 00 48
0x00007ff9d9056170:   85 c0 74 0b 4c 8b c0 48 8b ce e8 a1 ec ac 00 48
0x00007ff9d9056180:   83 c7 04 48 83 ed 01 0f 85 73 ff ff ff 48 8b 4b
0x00007ff9d9056190:   08 b8 ff ff ff ff 83 41 18 ff 44 8b 41 18 89 41
0x00007ff9d90561a0:   1c 75 07 c7 41 14 00 00 00 00 f0 0f c1 41 10 83
0x00007ff9d90561b0:   f8 01 74 16 45 85 c0 75 11 48 8b 49 20 45 33 c0
0x00007ff9d90561c0:   41 8d 50 01 ff 15 3e 22 18 01 48 8b 5c 24 40 48
0x00007ff9d90561d0:   8b 6c 24 50 48 8b 74 24 58 48 83 c4 20 41 5f 41
0x00007ff9d90561e0:   5e 5f c3 cc cc cc cc cc cc cc cc cc cc cc cc cc
0x00007ff9d90561f0:   48 89 5c 24 08 48 89 74 24 10 57 48 83 ec 20 48 


Stack slot to memory mapping:
stack at sp + 0 slots: {method} {0x00000291d12bf920} 'dispatch_glDeleteVertexArrays1' '(ILjava/lang/Object;IZJ)V' in 'jogamp/opengl/gl4/GL4bcImpl'
stack at sp + 1 slots: 0x00000000000085b5 is an unknown value
stack at sp + 2 slots: 0x00000291ae589da7 is at code_begin+2343 in an Interpreter codelet
invoke return entry points  [0x00000291ae589480, 0x00000291ae589e80]  2560 bytes
stack at sp + 3 slots: 0x000000ddc21fb360 is pointing into the stack for thread: 0x00000291c980a000
stack at sp + 4 slots: 0x00000291c980a000 is a thread
stack at sp + 5 slots: 0x000000ddc21fb3b0 is pointing into the stack for thread: 0x00000291c980a000
stack at sp + 6 slots: 0x00000291ae589da7 is at code_begin+2343 in an Interpreter codelet
invoke return entry points  [0x00000291ae589480, 0x00000291ae589e80]  2560 bytes
stack at sp + 7 slots: 0x00000291ae58ef97 is at code_begin+1047 in an Interpreter codelet
method entry point (kind = native)  [0x00000291ae58eb80, 0x00000291ae58f620]  2720 bytes


---------------  P R O C E S S  ---------------

Threads class SMR info:
_java_thread_list=0x00000291d4361b20, length=17, elements={
0x00000291c90ae800, 0x00000291c90af800, 0x00000291c90a9000, 0x00000291c90aa000,
0x00000291c90fc800, 0x00000291c9105800, 0x00000291c9110800, 0x00000291c9270800,
0x00000291c93e1800, 0x00000291c93e3800, 0x00000291c97a1000, 0x00000291c97a6000,
0x00000291c980a000, 0x00000291a5f20800, 0x00000291c9c54800, 0x00000291d3812800,
0x00000291d03e6000
}

Java Threads: ( => current thread )
  0x00000291c90ae800 JavaThread "Reference Handler" daemon [_thread_blocked, id=15380, stack(0x000000ddc1200000,0x000000ddc1300000)]
  0x00000291c90af800 JavaThread "Finalizer" daemon [_thread_blocked, id=15208, stack(0x000000ddc1300000,0x000000ddc1400000)]
  0x00000291c90a9000 JavaThread "Signal Dispatcher" daemon [_thread_blocked, id=12152, stack(0x000000ddc1400000,0x000000ddc1500000)]
  0x00000291c90aa000 JavaThread "Attach Listener" daemon [_thread_blocked, id=14492, stack(0x000000ddc1500000,0x000000ddc1600000)]
  0x00000291c90fc800 JavaThread "C2 CompilerThread0" daemon [_thread_blocked, id=8480, stack(0x000000ddc1600000,0x000000ddc1700000)]
  0x00000291c9105800 JavaThread "C1 CompilerThread0" daemon [_thread_blocked, id=11508, stack(0x000000ddc1700000,0x000000ddc1800000)]
  0x00000291c9110800 JavaThread "Sweeper thread" daemon [_thread_blocked, id=9316, stack(0x000000ddc1800000,0x000000ddc1900000)]
  0x00000291c9270800 JavaThread "Common-Cleaner" daemon [_thread_blocked, id=4032, stack(0x000000ddc1900000,0x000000ddc1a00000)]
  0x00000291c93e1800 JavaThread "Monitor Ctrl-Break" daemon [_thread_in_native, id=5748, stack(0x000000ddc1b00000,0x000000ddc1c00000)]
  0x00000291c93e3800 JavaThread "Service Thread" daemon [_thread_blocked, id=14548, stack(0x000000ddc1c00000,0x000000ddc1d00000)]
  0x00000291c97a1000 JavaThread "Java2D Disposer" daemon [_thread_blocked, id=7472, stack(0x000000ddc1e00000,0x000000ddc1f00000)]
  0x00000291c97a6000 JavaThread "AWT-Shutdown" [_thread_blocked, id=13960, stack(0x000000ddc1f00000,0x000000ddc2000000)]
=>0x00000291c980a000 JavaThread "AWT-EventQueue-0" [_thread_in_native, id=2868, stack(0x000000ddc2100000,0x000000ddc2200000)]
  0x00000291a5f20800 JavaThread "DestroyJavaVM" [_thread_blocked, id=8188, stack(0x000000ddc0b00000,0x000000ddc0c00000)]
  0x00000291c9c54800 JavaThread "AWT-EventQueue-0-SharedResourceRunner" daemon [_thread_in_native, id=11816, stack(0x000000ddc1a00000,0x000000ddc1b00000)]
  0x00000291d3812800 JavaThread "Thread-3" [_thread_blocked, id=8448, stack(0x000000ddc3800000,0x000000ddc3900000)]
  0x00000291d03e6000 JavaThread "NativeWindowFactory_ShutdownHook" [_thread_blocked, id=852, stack(0x000000ddc3b00000,0x000000ddc3c00000)]

Other Threads:
  0x00000291c909a000 VMThread "VM Thread" [stack: 0x000000ddc1100000,0x000000ddc1200000] [id=14808]
  0x00000291c93e9000 WatcherThread [stack: 0x000000ddc1d00000,0x000000ddc1e00000] [id=4840]
  0x00000291a5f37000 GCTaskThread "GC Thread#0" [stack: 0x000000ddc0c00000,0x000000ddc0d00000] [id=13280]
  0x00000291d3ab4800 GCTaskThread "GC Thread#1" [stack: 0x000000ddc3000000,0x000000ddc3100000] [id=14672]
  0x00000291d3acb000 GCTaskThread "GC Thread#2" [stack: 0x000000ddc3100000,0x000000ddc3200000] [id=9240]
  0x00000291d3ace000 GCTaskThread "GC Thread#3" [stack: 0x000000ddc3200000,0x000000ddc3300000] [id=4552]
  0x00000291d3ad2800 GCTaskThread "GC Thread#4" [stack: 0x000000ddc3300000,0x000000ddc3400000] [id=1928]
  0x00000291d3ad3800 GCTaskThread "GC Thread#5" [stack: 0x000000ddc3400000,0x000000ddc3500000] [id=9928]
  0x00000291a5f84000 ConcurrentGCThread "G1 Main Marker" [stack: 0x000000ddc0d00000,0x000000ddc0e00000] [id=11356]
  0x00000291a5f85800 ConcurrentGCThread "G1 Conc#0" [stack: 0x000000ddc0e00000,0x000000ddc0f00000] [id=7484]
  0x00000291d3852800 ConcurrentGCThread "G1 Conc#1" [stack: 0x000000ddc3500000,0x000000ddc3600000] [id=1084]
  0x00000291c86d9800 ConcurrentGCThread "G1 Refine#0" [stack: 0x000000ddc0f00000,0x000000ddc1000000] [id=11272]
  0x00000291c86db800 ConcurrentGCThread "G1 Young RemSet Sampling" [stack: 0x000000ddc1000000,0x000000ddc1100000] [id=14992]

Threads with active compile tasks:

VM state:not at safepoint (normal execution)

VM Mutex/Monitor currently owned by a thread: None

Heap address: 0x0000000721e00000, size: 3554 MB, Compressed Oops mode: Zero based, Oop shift amount: 3
Narrow klass base: 0x0000000800000000, Narrow klass shift: 0
Compressed class space size: 1073741824 Address: 0x0000000800000000

Heap:
 garbage-first heap   total 229376K, used 11143K [0x0000000721e00000, 0x0000000800000000)
  region size 1024K, 12 young (12288K), 5 survivors (5120K)
 Metaspace       used 22389K, capacity 23000K, committed 23168K, reserved 1071104K
  class space    used 2175K, capacity 2412K, committed 2432K, reserved 1048576K
Heap Regions: E=young(eden), S=young(survivor), O=old, HS=humongous(starts), HC=humongous(continues), CS=collection set, F=free, A=archive, TAMS=top-at-mark-start (previous, next)
|   0|0x0000000721e00000, 0x0000000721e00000, 0x0000000721f00000|  0%| F|  |TAMS 0x0000000721e00000, 0x0000000721e00000| Untracked 
|   1|0x0000000721f00000, 0x0000000721f5a000, 0x0000000722000000| 35%| O|  |TAMS 0x0000000721f5a000, 0x0000000721f00000| Untracked 
|   2|0x0000000722000000, 0x0000000722000000, 0x0000000722100000|  0%| F|  |TAMS 0x0000000722000000, 0x0000000722000000| Untracked 
|   3|0x0000000722100000, 0x0000000722100000, 0x0000000722200000|  0%| F|  |TAMS 0x0000000722100000, 0x0000000722100000| Untracked 
|   4|0x0000000722200000, 0x0000000722200000, 0x0000000722300000|  0%| F|  |TAMS 0x0000000722200000, 0x0000000722200000| Untracked 
|   5|0x0000000722300000, 0x0000000722300000, 0x0000000722400000|  0%| F|  |TAMS 0x0000000722300000, 0x0000000722300000| Untracked 
|   6|0x0000000722400000, 0x0000000722400000, 0x0000000722500000|  0%| F|  |TAMS 0x0000000722400000, 0x0000000722400000| Untracked 
|   7|0x0000000722500000, 0x0000000722500000, 0x0000000722600000|  0%| F|  |TAMS 0x0000000722500000, 0x0000000722500000| Untracked 
|   8|0x0000000722600000, 0x0000000722600000, 0x0000000722700000|  0%| F|  |TAMS 0x0000000722600000, 0x0000000722600000| Untracked 
|   9|0x0000000722700000, 0x0000000722700000, 0x0000000722800000|  0%| F|  |TAMS 0x0000000722700000, 0x0000000722700000| Untracked 
|  10|0x0000000722800000, 0x0000000722800000, 0x0000000722900000|  0%| F|  |TAMS 0x0000000722800000, 0x0000000722800000| Untracked 
|  11|0x0000000722900000, 0x0000000722900000, 0x0000000722a00000|  0%| F|  |TAMS 0x0000000722900000, 0x0000000722900000| Untracked 
|  12|0x0000000722a00000, 0x0000000722a00000, 0x0000000722b00000|  0%| F|  |TAMS 0x0000000722a00000, 0x0000000722a00000| Untracked 
|  13|0x0000000722b00000, 0x0000000722b00000, 0x0000000722c00000|  0%| F|  |TAMS 0x0000000722b00000, 0x0000000722b00000| Untracked 
|  14|0x0000000722c00000, 0x0000000722c00000, 0x0000000722d00000|  0%| F|  |TAMS 0x0000000722c00000, 0x0000000722c00000| Untracked 
|  15|0x0000000722d00000, 0x0000000722d00000, 0x0000000722e00000|  0%| F|  |TAMS 0x0000000722d00000, 0x0000000722d00000| Untracked 
|  16|0x0000000722e00000, 0x0000000722e00000, 0x0000000722f00000|  0%| F|  |TAMS 0x0000000722e00000, 0x0000000722e00000| Untracked 
|  17|0x0000000722f00000, 0x0000000722f00000, 0x0000000723000000|  0%| F|  |TAMS 0x0000000722f00000, 0x0000000722f00000| Untracked 
|  18|0x0000000723000000, 0x0000000723000000, 0x0000000723100000|  0%| F|  |TAMS 0x0000000723000000, 0x0000000723000000| Untracked 
|  19|0x0000000723100000, 0x0000000723100000, 0x0000000723200000|  0%| F|  |TAMS 0x0000000723100000, 0x0000000723100000| Untracked 
|  20|0x0000000723200000, 0x0000000723200000, 0x0000000723300000|  0%| F|  |TAMS 0x0000000723200000, 0x0000000723200000| Untracked 
|  21|0x0000000723300000, 0x0000000723300000, 0x0000000723400000|  0%| F|  |TAMS 0x0000000723300000, 0x0000000723300000| Untracked 
|  22|0x0000000723400000, 0x0000000723400000, 0x0000000723500000|  0%| F|  |TAMS 0x0000000723400000, 0x0000000723400000| Untracked 
|  23|0x0000000723500000, 0x0000000723500000, 0x0000000723600000|  0%| F|  |TAMS 0x0000000723500000, 0x0000000723500000| Untracked 
|  24|0x0000000723600000, 0x0000000723600000, 0x0000000723700000|  0%| F|  |TAMS 0x0000000723600000, 0x0000000723600000| Untracked 
|  25|0x0000000723700000, 0x0000000723700000, 0x0000000723800000|  0%| F|  |TAMS 0x0000000723700000, 0x0000000723700000| Untracked 
|  26|0x0000000723800000, 0x0000000723800000, 0x0000000723900000|  0%| F|  |TAMS 0x0000000723800000, 0x0000000723800000| Untracked 
|  27|0x0000000723900000, 0x0000000723900000, 0x0000000723a00000|  0%| F|  |TAMS 0x0000000723900000, 0x0000000723900000| Untracked 
|  28|0x0000000723a00000, 0x0000000723a00000, 0x0000000723b00000|  0%| F|  |TAMS 0x0000000723a00000, 0x0000000723a00000| Untracked 
|  29|0x0000000723b00000, 0x0000000723b00000, 0x0000000723c00000|  0%| F|  |TAMS 0x0000000723b00000, 0x0000000723b00000| Untracked 
|  30|0x0000000723c00000, 0x0000000723c00000, 0x0000000723d00000|  0%| F|  |TAMS 0x0000000723c00000, 0x0000000723c00000| Untracked 
|  31|0x0000000723d00000, 0x0000000723d00000, 0x0000000723e00000|  0%| F|  |TAMS 0x0000000723d00000, 0x0000000723d00000| Untracked 
|  32|0x0000000723e00000, 0x0000000723e00000, 0x0000000723f00000|  0%| F|  |TAMS 0x0000000723e00000, 0x0000000723e00000| Untracked 
|  33|0x0000000723f00000, 0x0000000723f00000, 0x0000000724000000|  0%| F|  |TAMS 0x0000000723f00000, 0x0000000723f00000| Untracked 
|  34|0x0000000724000000, 0x0000000724000000, 0x0000000724100000|  0%| F|  |TAMS 0x0000000724000000, 0x0000000724000000| Untracked 
|  35|0x0000000724100000, 0x0000000724100000, 0x0000000724200000|  0%| F|  |TAMS 0x0000000724100000, 0x0000000724100000| Untracked 
|  36|0x0000000724200000, 0x0000000724200000, 0x0000000724300000|  0%| F|  |TAMS 0x0000000724200000, 0x0000000724200000| Untracked 
|  37|0x0000000724300000, 0x0000000724300000, 0x0000000724400000|  0%| F|  |TAMS 0x0000000724300000, 0x0000000724300000| Untracked 
|  38|0x0000000724400000, 0x0000000724400000, 0x0000000724500000|  0%| F|  |TAMS 0x0000000724400000, 0x0000000724400000| Untracked 
|  39|0x0000000724500000, 0x0000000724500000, 0x0000000724600000|  0%| F|  |TAMS 0x0000000724500000, 0x0000000724500000| Untracked 
|  40|0x0000000724600000, 0x0000000724600000, 0x0000000724700000|  0%| F|  |TAMS 0x0000000724600000, 0x0000000724600000| Untracked 
|  41|0x0000000724700000, 0x0000000724700000, 0x0000000724800000|  0%| F|  |TAMS 0x0000000724700000, 0x0000000724700000| Untracked 
|  42|0x0000000724800000, 0x0000000724800000, 0x0000000724900000|  0%| F|  |TAMS 0x0000000724800000, 0x0000000724800000| Untracked 
|  43|0x0000000724900000, 0x0000000724900000, 0x0000000724a00000|  0%| F|  |TAMS 0x0000000724900000, 0x0000000724900000| Untracked 
|  44|0x0000000724a00000, 0x0000000724a00000, 0x0000000724b00000|  0%| F|  |TAMS 0x0000000724a00000, 0x0000000724a00000| Untracked 
|  45|0x0000000724b00000, 0x0000000724b00000, 0x0000000724c00000|  0%| F|  |TAMS 0x0000000724b00000, 0x0000000724b00000| Untracked 
|  46|0x0000000724c00000, 0x0000000724c00000, 0x0000000724d00000|  0%| F|  |TAMS 0x0000000724c00000, 0x0000000724c00000| Untracked 
|  47|0x0000000724d00000, 0x0000000724d00000, 0x0000000724e00000|  0%| F|  |TAMS 0x0000000724d00000, 0x0000000724d00000| Untracked 
|  48|0x0000000724e00000, 0x0000000724e00000, 0x0000000724f00000|  0%| F|  |TAMS 0x0000000724e00000, 0x0000000724e00000| Untracked 
|  49|0x0000000724f00000, 0x0000000724f00000, 0x0000000725000000|  0%| F|  |TAMS 0x0000000724f00000, 0x0000000724f00000| Untracked 
|  50|0x0000000725000000, 0x0000000725000000, 0x0000000725100000|  0%| F|  |TAMS 0x0000000725000000, 0x0000000725000000| Untracked 
|  51|0x0000000725100000, 0x0000000725100000, 0x0000000725200000|  0%| F|  |TAMS 0x0000000725100000, 0x0000000725100000| Untracked 
|  52|0x0000000725200000, 0x0000000725200000, 0x0000000725300000|  0%| F|  |TAMS 0x0000000725200000, 0x0000000725200000| Untracked 
|  53|0x0000000725300000, 0x0000000725300000, 0x0000000725400000|  0%| F|  |TAMS 0x0000000725300000, 0x0000000725300000| Untracked 
|  54|0x0000000725400000, 0x0000000725400000, 0x0000000725500000|  0%| F|  |TAMS 0x0000000725400000, 0x0000000725400000| Untracked 
|  55|0x0000000725500000, 0x0000000725500000, 0x0000000725600000|  0%| F|  |TAMS 0x0000000725500000, 0x0000000725500000| Untracked 
|  56|0x0000000725600000, 0x0000000725600000, 0x0000000725700000|  0%| F|  |TAMS 0x0000000725600000, 0x0000000725600000| Untracked 
|  57|0x0000000725700000, 0x0000000725700000, 0x0000000725800000|  0%| F|  |TAMS 0x0000000725700000, 0x0000000725700000| Untracked 
|  58|0x0000000725800000, 0x0000000725800000, 0x0000000725900000|  0%| F|  |TAMS 0x0000000725800000, 0x0000000725800000| Untracked 
|  59|0x0000000725900000, 0x0000000725900000, 0x0000000725a00000|  0%| F|  |TAMS 0x0000000725900000, 0x0000000725900000| Untracked 
|  60|0x0000000725a00000, 0x0000000725a00000, 0x0000000725b00000|  0%| F|  |TAMS 0x0000000725a00000, 0x0000000725a00000| Untracked 
|  61|0x0000000725b00000, 0x0000000725b00000, 0x0000000725c00000|  0%| F|  |TAMS 0x0000000725b00000, 0x0000000725b00000| Untracked 
|  62|0x0000000725c00000, 0x0000000725c00000, 0x0000000725d00000|  0%| F|  |TAMS 0x0000000725c00000, 0x0000000725c00000| Untracked 
|  63|0x0000000725d00000, 0x0000000725d00000, 0x0000000725e00000|  0%| F|  |TAMS 0x0000000725d00000, 0x0000000725d00000| Untracked 
|  64|0x0000000725e00000, 0x0000000725e00000, 0x0000000725f00000|  0%| F|  |TAMS 0x0000000725e00000, 0x0000000725e00000| Untracked 
|  65|0x0000000725f00000, 0x0000000725f00000, 0x0000000726000000|  0%| F|  |TAMS 0x0000000725f00000, 0x0000000725f00000| Untracked 
|  66|0x0000000726000000, 0x0000000726000000, 0x0000000726100000|  0%| F|  |TAMS 0x0000000726000000, 0x0000000726000000| Untracked 
|  67|0x0000000726100000, 0x0000000726100000, 0x0000000726200000|  0%| F|  |TAMS 0x0000000726100000, 0x0000000726100000| Untracked 
|  68|0x0000000726200000, 0x0000000726200000, 0x0000000726300000|  0%| F|  |TAMS 0x0000000726200000, 0x0000000726200000| Untracked 
|  69|0x0000000726300000, 0x0000000726300000, 0x0000000726400000|  0%| F|  |TAMS 0x0000000726300000, 0x0000000726300000| Untracked 
|  70|0x0000000726400000, 0x0000000726400000, 0x0000000726500000|  0%| F|  |TAMS 0x0000000726400000, 0x0000000726400000| Untracked 
|  71|0x0000000726500000, 0x0000000726500000, 0x0000000726600000|  0%| F|  |TAMS 0x0000000726500000, 0x0000000726500000| Untracked 
|  72|0x0000000726600000, 0x0000000726600000, 0x0000000726700000|  0%| F|  |TAMS 0x0000000726600000, 0x0000000726600000| Untracked 
|  73|0x0000000726700000, 0x0000000726700000, 0x0000000726800000|  0%| F|  |TAMS 0x0000000726700000, 0x0000000726700000| Untracked 
|  74|0x0000000726800000, 0x0000000726800000, 0x0000000726900000|  0%| F|  |TAMS 0x0000000726800000, 0x0000000726800000| Untracked 
|  75|0x0000000726900000, 0x0000000726900000, 0x0000000726a00000|  0%| F|  |TAMS 0x0000000726900000, 0x0000000726900000| Untracked 
|  76|0x0000000726a00000, 0x0000000726a00000, 0x0000000726b00000|  0%| F|  |TAMS 0x0000000726a00000, 0x0000000726a00000| Untracked 
|  77|0x0000000726b00000, 0x0000000726b00000, 0x0000000726c00000|  0%| F|  |TAMS 0x0000000726b00000, 0x0000000726b00000| Untracked 
|  78|0x0000000726c00000, 0x0000000726c00000, 0x0000000726d00000|  0%| F|  |TAMS 0x0000000726c00000, 0x0000000726c00000| Untracked 
|  79|0x0000000726d00000, 0x0000000726d00000, 0x0000000726e00000|  0%| F|  |TAMS 0x0000000726d00000, 0x0000000726d00000| Untracked 
|  80|0x0000000726e00000, 0x0000000726e00000, 0x0000000726f00000|  0%| F|  |TAMS 0x0000000726e00000, 0x0000000726e00000| Untracked 
|  81|0x0000000726f00000, 0x0000000726f00000, 0x0000000727000000|  0%| F|  |TAMS 0x0000000726f00000, 0x0000000726f00000| Untracked 
|  82|0x0000000727000000, 0x0000000727000000, 0x0000000727100000|  0%| F|  |TAMS 0x0000000727000000, 0x0000000727000000| Untracked 
|  83|0x0000000727100000, 0x0000000727100000, 0x0000000727200000|  0%| F|  |TAMS 0x0000000727100000, 0x0000000727100000| Untracked 
|  84|0x0000000727200000, 0x0000000727200000, 0x0000000727300000|  0%| F|  |TAMS 0x0000000727200000, 0x0000000727200000| Untracked 
|  85|0x0000000727300000, 0x0000000727300000, 0x0000000727400000|  0%| F|  |TAMS 0x0000000727300000, 0x0000000727300000| Untracked 
|  86|0x0000000727400000, 0x0000000727400000, 0x0000000727500000|  0%| F|  |TAMS 0x0000000727400000, 0x0000000727400000| Untracked 
|  87|0x0000000727500000, 0x0000000727500000, 0x0000000727600000|  0%| F|  |TAMS 0x0000000727500000, 0x0000000727500000| Untracked 
|  88|0x0000000727600000, 0x0000000727600000, 0x0000000727700000|  0%| F|  |TAMS 0x0000000727600000, 0x0000000727600000| Untracked 
|  89|0x0000000727700000, 0x0000000727700000, 0x0000000727800000|  0%| F|  |TAMS 0x0000000727700000, 0x0000000727700000| Untracked 
|  90|0x0000000727800000, 0x0000000727800000, 0x0000000727900000|  0%| F|  |TAMS 0x0000000727800000, 0x0000000727800000| Untracked 
|  91|0x0000000727900000, 0x0000000727900000, 0x0000000727a00000|  0%| F|  |TAMS 0x0000000727900000, 0x0000000727900000| Untracked 
|  92|0x0000000727a00000, 0x0000000727a00000, 0x0000000727b00000|  0%| F|  |TAMS 0x0000000727a00000, 0x0000000727a00000| Untracked 
|  93|0x0000000727b00000, 0x0000000727b00000, 0x0000000727c00000|  0%| F|  |TAMS 0x0000000727b00000, 0x0000000727b00000| Untracked 
|  94|0x0000000727c00000, 0x0000000727c00000, 0x0000000727d00000|  0%| F|  |TAMS 0x0000000727c00000, 0x0000000727c00000| Untracked 
|  95|0x0000000727d00000, 0x0000000727d00000, 0x0000000727e00000|  0%| F|  |TAMS 0x0000000727d00000, 0x0000000727d00000| Untracked 
|  96|0x0000000727e00000, 0x0000000727e00000, 0x0000000727f00000|  0%| F|  |TAMS 0x0000000727e00000, 0x0000000727e00000| Untracked 
|  97|0x0000000727f00000, 0x0000000727f00000, 0x0000000728000000|  0%| F|  |TAMS 0x0000000727f00000, 0x0000000727f00000| Untracked 
|  98|0x0000000728000000, 0x0000000728000000, 0x0000000728100000|  0%| F|  |TAMS 0x0000000728000000, 0x0000000728000000| Untracked 
|  99|0x0000000728100000, 0x0000000728100000, 0x0000000728200000|  0%| F|  |TAMS 0x0000000728100000, 0x0000000728100000| Untracked 
| 100|0x0000000728200000, 0x0000000728200000, 0x0000000728300000|  0%| F|  |TAMS 0x0000000728200000, 0x0000000728200000| Untracked 
| 101|0x0000000728300000, 0x0000000728300000, 0x0000000728400000|  0%| F|  |TAMS 0x0000000728300000, 0x0000000728300000| Untracked 
| 102|0x0000000728400000, 0x0000000728400000, 0x0000000728500000|  0%| F|  |TAMS 0x0000000728400000, 0x0000000728400000| Untracked 
| 103|0x0000000728500000, 0x0000000728500000, 0x0000000728600000|  0%| F|  |TAMS 0x0000000728500000, 0x0000000728500000| Untracked 
| 104|0x0000000728600000, 0x0000000728600000, 0x0000000728700000|  0%| F|  |TAMS 0x0000000728600000, 0x0000000728600000| Untracked 
| 105|0x0000000728700000, 0x0000000728700000, 0x0000000728800000|  0%| F|  |TAMS 0x0000000728700000, 0x0000000728700000| Untracked 
| 106|0x0000000728800000, 0x0000000728800000, 0x0000000728900000|  0%| F|  |TAMS 0x0000000728800000, 0x0000000728800000| Untracked 
| 107|0x0000000728900000, 0x0000000728900000, 0x0000000728a00000|  0%| F|  |TAMS 0x0000000728900000, 0x0000000728900000| Untracked 
| 108|0x0000000728a00000, 0x0000000728a00000, 0x0000000728b00000|  0%| F|  |TAMS 0x0000000728a00000, 0x0000000728a00000| Untracked 
| 109|0x0000000728b00000, 0x0000000728b00000, 0x0000000728c00000|  0%| F|  |TAMS 0x0000000728b00000, 0x0000000728b00000| Untracked 
| 110|0x0000000728c00000, 0x0000000728c00000, 0x0000000728d00000|  0%| F|  |TAMS 0x0000000728c00000, 0x0000000728c00000| Untracked 
| 111|0x0000000728d00000, 0x0000000728d00000, 0x0000000728e00000|  0%| F|  |TAMS 0x0000000728d00000, 0x0000000728d00000| Untracked 
| 112|0x0000000728e00000, 0x0000000728e00000, 0x0000000728f00000|  0%| F|  |TAMS 0x0000000728e00000, 0x0000000728e00000| Untracked 
| 113|0x0000000728f00000, 0x0000000728f00000, 0x0000000729000000|  0%| F|  |TAMS 0x0000000728f00000, 0x0000000728f00000| Untracked 
| 114|0x0000000729000000, 0x0000000729000000, 0x0000000729100000|  0%| F|  |TAMS 0x0000000729000000, 0x0000000729000000| Untracked 
| 115|0x0000000729100000, 0x0000000729100000, 0x0000000729200000|  0%| F|  |TAMS 0x0000000729100000, 0x0000000729100000| Untracked 
| 116|0x0000000729200000, 0x0000000729200000, 0x0000000729300000|  0%| F|  |TAMS 0x0000000729200000, 0x0000000729200000| Untracked 
| 117|0x0000000729300000, 0x0000000729300000, 0x0000000729400000|  0%| F|  |TAMS 0x0000000729300000, 0x0000000729300000| Untracked 
| 118|0x0000000729400000, 0x0000000729400000, 0x0000000729500000|  0%| F|  |TAMS 0x0000000729400000, 0x0000000729400000| Untracked 
| 119|0x0000000729500000, 0x0000000729500000, 0x0000000729600000|  0%| F|  |TAMS 0x0000000729500000, 0x0000000729500000| Untracked 
| 120|0x0000000729600000, 0x0000000729600000, 0x0000000729700000|  0%| F|  |TAMS 0x0000000729600000, 0x0000000729600000| Untracked 
| 121|0x0000000729700000, 0x0000000729700000, 0x0000000729800000|  0%| F|  |TAMS 0x0000000729700000, 0x0000000729700000| Untracked 
| 122|0x0000000729800000, 0x0000000729800000, 0x0000000729900000|  0%| F|  |TAMS 0x0000000729800000, 0x0000000729800000| Untracked 
| 123|0x0000000729900000, 0x0000000729900000, 0x0000000729a00000|  0%| F|  |TAMS 0x0000000729900000, 0x0000000729900000| Untracked 
| 124|0x0000000729a00000, 0x0000000729a00000, 0x0000000729b00000|  0%| F|  |TAMS 0x0000000729a00000, 0x0000000729a00000| Untracked 
| 125|0x0000000729b00000, 0x0000000729b00000, 0x0000000729c00000|  0%| F|  |TAMS 0x0000000729b00000, 0x0000000729b00000| Untracked 
| 126|0x0000000729c00000, 0x0000000729c00000, 0x0000000729d00000|  0%| F|  |TAMS 0x0000000729c00000, 0x0000000729c00000| Untracked 
| 127|0x0000000729d00000, 0x0000000729d00000, 0x0000000729e00000|  0%| F|  |TAMS 0x0000000729d00000, 0x0000000729d00000| Untracked 
| 128|0x0000000729e00000, 0x0000000729e00000, 0x0000000729f00000|  0%| F|  |TAMS 0x0000000729e00000, 0x0000000729e00000| Untracked 
| 129|0x0000000729f00000, 0x0000000729f00000, 0x000000072a000000|  0%| F|  |TAMS 0x0000000729f00000, 0x0000000729f00000| Untracked 
| 130|0x000000072a000000, 0x000000072a000000, 0x000000072a100000|  0%| F|  |TAMS 0x000000072a000000, 0x000000072a000000| Untracked 
| 131|0x000000072a100000, 0x000000072a100000, 0x000000072a200000|  0%| F|  |TAMS 0x000000072a100000, 0x000000072a100000| Untracked 
| 132|0x000000072a200000, 0x000000072a200000, 0x000000072a300000|  0%| F|  |TAMS 0x000000072a200000, 0x000000072a200000| Untracked 
| 133|0x000000072a300000, 0x000000072a300000, 0x000000072a400000|  0%| F|  |TAMS 0x000000072a300000, 0x000000072a300000| Untracked 
| 134|0x000000072a400000, 0x000000072a400000, 0x000000072a500000|  0%| F|  |TAMS 0x000000072a400000, 0x000000072a400000| Untracked 
| 135|0x000000072a500000, 0x000000072a500000, 0x000000072a600000|  0%| F|  |TAMS 0x000000072a500000, 0x000000072a500000| Untracked 
| 136|0x000000072a600000, 0x000000072a600000, 0x000000072a700000|  0%| F|  |TAMS 0x000000072a600000, 0x000000072a600000| Untracked 
| 137|0x000000072a700000, 0x000000072a700000, 0x000000072a800000|  0%| F|  |TAMS 0x000000072a700000, 0x000000072a700000| Untracked 
| 138|0x000000072a800000, 0x000000072a800000, 0x000000072a900000|  0%| F|  |TAMS 0x000000072a800000, 0x000000072a800000| Untracked 
| 139|0x000000072a900000, 0x000000072a900000, 0x000000072aa00000|  0%| F|  |TAMS 0x000000072a900000, 0x000000072a900000| Untracked 
| 140|0x000000072aa00000, 0x000000072aa00000, 0x000000072ab00000|  0%| F|  |TAMS 0x000000072aa00000, 0x000000072aa00000| Untracked 
| 141|0x000000072ab00000, 0x000000072ab00000, 0x000000072ac00000|  0%| F|  |TAMS 0x000000072ab00000, 0x000000072ab00000| Untracked 
| 142|0x000000072ac00000, 0x000000072ac00000, 0x000000072ad00000|  0%| F|  |TAMS 0x000000072ac00000, 0x000000072ac00000| Untracked 
| 143|0x000000072ad00000, 0x000000072ad00000, 0x000000072ae00000|  0%| F|  |TAMS 0x000000072ad00000, 0x000000072ad00000| Untracked 
| 144|0x000000072ae00000, 0x000000072ae00000, 0x000000072af00000|  0%| F|  |TAMS 0x000000072ae00000, 0x000000072ae00000| Untracked 
| 145|0x000000072af00000, 0x000000072af00000, 0x000000072b000000|  0%| F|  |TAMS 0x000000072af00000, 0x000000072af00000| Untracked 
| 146|0x000000072b000000, 0x000000072b000000, 0x000000072b100000|  0%| F|  |TAMS 0x000000072b000000, 0x000000072b000000| Untracked 
| 147|0x000000072b100000, 0x000000072b100000, 0x000000072b200000|  0%| F|  |TAMS 0x000000072b100000, 0x000000072b100000| Untracked 
| 148|0x000000072b200000, 0x000000072b200000, 0x000000072b300000|  0%| F|  |TAMS 0x000000072b200000, 0x000000072b200000| Untracked 
| 149|0x000000072b300000, 0x000000072b300000, 0x000000072b400000|  0%| F|  |TAMS 0x000000072b300000, 0x000000072b300000| Untracked 
| 150|0x000000072b400000, 0x000000072b400000, 0x000000072b500000|  0%| F|  |TAMS 0x000000072b400000, 0x000000072b400000| Untracked 
| 151|0x000000072b500000, 0x000000072b500000, 0x000000072b600000|  0%| F|  |TAMS 0x000000072b500000, 0x000000072b500000| Untracked 
| 152|0x000000072b600000, 0x000000072b600000, 0x000000072b700000|  0%| F|  |TAMS 0x000000072b600000, 0x000000072b600000| Untracked 
| 153|0x000000072b700000, 0x000000072b700000, 0x000000072b800000|  0%| F|  |TAMS 0x000000072b700000, 0x000000072b700000| Untracked 
| 154|0x000000072b800000, 0x000000072b800000, 0x000000072b900000|  0%| F|  |TAMS 0x000000072b800000, 0x000000072b800000| Untracked 
| 155|0x000000072b900000, 0x000000072b900000, 0x000000072ba00000|  0%| F|  |TAMS 0x000000072b900000, 0x000000072b900000| Untracked 
| 156|0x000000072ba00000, 0x000000072ba00000, 0x000000072bb00000|  0%| F|  |TAMS 0x000000072ba00000, 0x000000072ba00000| Untracked 
| 157|0x000000072bb00000, 0x000000072bb00000, 0x000000072bc00000|  0%| F|  |TAMS 0x000000072bb00000, 0x000000072bb00000| Untracked 
| 158|0x000000072bc00000, 0x000000072bc00000, 0x000000072bd00000|  0%| F|  |TAMS 0x000000072bc00000, 0x000000072bc00000| Untracked 
| 159|0x000000072bd00000, 0x000000072bd00000, 0x000000072be00000|  0%| F|  |TAMS 0x000000072bd00000, 0x000000072bd00000| Untracked 
| 160|0x000000072be00000, 0x000000072be00000, 0x000000072bf00000|  0%| F|  |TAMS 0x000000072be00000, 0x000000072be00000| Untracked 
| 161|0x000000072bf00000, 0x000000072bf00000, 0x000000072c000000|  0%| F|  |TAMS 0x000000072bf00000, 0x000000072bf00000| Untracked 
| 162|0x000000072c000000, 0x000000072c000000, 0x000000072c100000|  0%| F|  |TAMS 0x000000072c000000, 0x000000072c000000| Untracked 
| 163|0x000000072c100000, 0x000000072c100000, 0x000000072c200000|  0%| F|  |TAMS 0x000000072c100000, 0x000000072c100000| Untracked 
| 164|0x000000072c200000, 0x000000072c200000, 0x000000072c300000|  0%| F|  |TAMS 0x000000072c200000, 0x000000072c200000| Untracked 
| 165|0x000000072c300000, 0x000000072c300000, 0x000000072c400000|  0%| F|  |TAMS 0x000000072c300000, 0x000000072c300000| Untracked 
| 166|0x000000072c400000, 0x000000072c400000, 0x000000072c500000|  0%| F|  |TAMS 0x000000072c400000, 0x000000072c400000| Untracked 
| 167|0x000000072c500000, 0x000000072c500000, 0x000000072c600000|  0%| F|  |TAMS 0x000000072c500000, 0x000000072c500000| Untracked 
| 168|0x000000072c600000, 0x000000072c600000, 0x000000072c700000|  0%| F|  |TAMS 0x000000072c600000, 0x000000072c600000| Untracked 
| 169|0x000000072c700000, 0x000000072c700000, 0x000000072c800000|  0%| F|  |TAMS 0x000000072c700000, 0x000000072c700000| Untracked 
| 170|0x000000072c800000, 0x000000072c800000, 0x000000072c900000|  0%| F|  |TAMS 0x000000072c800000, 0x000000072c800000| Untracked 
| 171|0x000000072c900000, 0x000000072c900000, 0x000000072ca00000|  0%| F|  |TAMS 0x000000072c900000, 0x000000072c900000| Untracked 
| 172|0x000000072ca00000, 0x000000072ca00000, 0x000000072cb00000|  0%| F|  |TAMS 0x000000072ca00000, 0x000000072ca00000| Untracked 
| 173|0x000000072cb00000, 0x000000072cb00000, 0x000000072cc00000|  0%| F|  |TAMS 0x000000072cb00000, 0x000000072cb00000| Untracked 
| 174|0x000000072cc00000, 0x000000072cc00000, 0x000000072cd00000|  0%| F|  |TAMS 0x000000072cc00000, 0x000000072cc00000| Untracked 
| 175|0x000000072cd00000, 0x000000072cd00000, 0x000000072ce00000|  0%| F|  |TAMS 0x000000072cd00000, 0x000000072cd00000| Untracked 
| 176|0x000000072ce00000, 0x000000072ce00000, 0x000000072cf00000|  0%| F|  |TAMS 0x000000072ce00000, 0x000000072ce00000| Untracked 
| 177|0x000000072cf00000, 0x000000072cf00000, 0x000000072d000000|  0%| F|  |TAMS 0x000000072cf00000, 0x000000072cf00000| Untracked 
| 178|0x000000072d000000, 0x000000072d000000, 0x000000072d100000|  0%| F|  |TAMS 0x000000072d000000, 0x000000072d000000| Untracked 
| 179|0x000000072d100000, 0x000000072d100000, 0x000000072d200000|  0%| F|  |TAMS 0x000000072d100000, 0x000000072d100000| Untracked 
| 180|0x000000072d200000, 0x000000072d200000, 0x000000072d300000|  0%| F|  |TAMS 0x000000072d200000, 0x000000072d200000| Untracked 
| 181|0x000000072d300000, 0x000000072d300000, 0x000000072d400000|  0%| F|  |TAMS 0x000000072d300000, 0x000000072d300000| Untracked 
| 182|0x000000072d400000, 0x000000072d400000, 0x000000072d500000|  0%| F|  |TAMS 0x000000072d400000, 0x000000072d400000| Untracked 
| 183|0x000000072d500000, 0x000000072d500000, 0x000000072d600000|  0%| F|  |TAMS 0x000000072d500000, 0x000000072d500000| Untracked 
| 184|0x000000072d600000, 0x000000072d600000, 0x000000072d700000|  0%| F|  |TAMS 0x000000072d600000, 0x000000072d600000| Untracked 
| 185|0x000000072d700000, 0x000000072d700000, 0x000000072d800000|  0%| F|  |TAMS 0x000000072d700000, 0x000000072d700000| Untracked 
| 186|0x000000072d800000, 0x000000072d800000, 0x000000072d900000|  0%| F|  |TAMS 0x000000072d800000, 0x000000072d800000| Untracked 
| 187|0x000000072d900000, 0x000000072d900000, 0x000000072da00000|  0%| F|  |TAMS 0x000000072d900000, 0x000000072d900000| Untracked 
| 188|0x000000072da00000, 0x000000072da00000, 0x000000072db00000|  0%| F|  |TAMS 0x000000072da00000, 0x000000072da00000| Untracked 
| 189|0x000000072db00000, 0x000000072db00000, 0x000000072dc00000|  0%| F|  |TAMS 0x000000072db00000, 0x000000072db00000| Untracked 
| 190|0x000000072dc00000, 0x000000072dc00000, 0x000000072dd00000|  0%| F|  |TAMS 0x000000072dc00000, 0x000000072dc00000| Untracked 
| 191|0x000000072dd00000, 0x000000072dd00000, 0x000000072de00000|  0%| F|  |TAMS 0x000000072dd00000, 0x000000072dd00000| Untracked 
| 192|0x000000072de00000, 0x000000072de00000, 0x000000072df00000|  0%| F|  |TAMS 0x000000072de00000, 0x000000072de00000| Untracked 
| 193|0x000000072df00000, 0x000000072df00000, 0x000000072e000000|  0%| F|  |TAMS 0x000000072df00000, 0x000000072df00000| Untracked 
| 194|0x000000072e000000, 0x000000072e000000, 0x000000072e100000|  0%| F|  |TAMS 0x000000072e000000, 0x000000072e000000| Untracked 
| 195|0x000000072e100000, 0x000000072e100000, 0x000000072e200000|  0%| F|  |TAMS 0x000000072e100000, 0x000000072e100000| Untracked 
| 196|0x000000072e200000, 0x000000072e200000, 0x000000072e300000|  0%| F|  |TAMS 0x000000072e200000, 0x000000072e200000| Untracked 
| 197|0x000000072e300000, 0x000000072e300000, 0x000000072e400000|  0%| F|  |TAMS 0x000000072e300000, 0x000000072e300000| Untracked 
| 198|0x000000072e400000, 0x000000072e400000, 0x000000072e500000|  0%| F|  |TAMS 0x000000072e400000, 0x000000072e400000| Untracked 
| 199|0x000000072e500000, 0x000000072e500000, 0x000000072e600000|  0%| F|  |TAMS 0x000000072e500000, 0x000000072e500000| Untracked 
| 200|0x000000072e600000, 0x000000072e600000, 0x000000072e700000|  0%| F|  |TAMS 0x000000072e600000, 0x000000072e600000| Untracked 
| 201|0x000000072e700000, 0x000000072e700000, 0x000000072e800000|  0%| F|  |TAMS 0x000000072e700000, 0x000000072e700000| Untracked 
| 202|0x000000072e800000, 0x000000072e800000, 0x000000072e900000|  0%| F|  |TAMS 0x000000072e800000, 0x000000072e800000| Untracked 
| 203|0x000000072e900000, 0x000000072e900000, 0x000000072ea00000|  0%| F|  |TAMS 0x000000072e900000, 0x000000072e900000| Untracked 
| 204|0x000000072ea00000, 0x000000072ea00000, 0x000000072eb00000|  0%| F|  |TAMS 0x000000072ea00000, 0x000000072ea00000| Untracked 
| 205|0x000000072eb00000, 0x000000072eb00000, 0x000000072ec00000|  0%| F|  |TAMS 0x000000072eb00000, 0x000000072eb00000| Untracked 
| 206|0x000000072ec00000, 0x000000072ec00000, 0x000000072ed00000|  0%| F|  |TAMS 0x000000072ec00000, 0x000000072ec00000| Untracked 
| 207|0x000000072ed00000, 0x000000072ed00000, 0x000000072ee00000|  0%| F|  |TAMS 0x000000072ed00000, 0x000000072ed00000| Untracked 
| 208|0x000000072ee00000, 0x000000072ee00000, 0x000000072ef00000|  0%| F|  |TAMS 0x000000072ee00000, 0x000000072ee00000| Untracked 
| 209|0x000000072ef00000, 0x000000072ef00000, 0x000000072f000000|  0%| F|  |TAMS 0x000000072ef00000, 0x000000072ef00000| Untracked 
| 210|0x000000072f000000, 0x000000072f087d20, 0x000000072f100000| 53%| S|CS|TAMS 0x000000072f000000, 0x000000072f000000| Complete 
| 211|0x000000072f100000, 0x000000072f200000, 0x000000072f200000|100%| S|CS|TAMS 0x000000072f100000, 0x000000072f100000| Complete 
| 212|0x000000072f200000, 0x000000072f300000, 0x000000072f300000|100%| S|CS|TAMS 0x000000072f200000, 0x000000072f200000| Complete 
| 213|0x000000072f300000, 0x000000072f400000, 0x000000072f400000|100%| S|CS|TAMS 0x000000072f300000, 0x000000072f300000| Complete 
| 214|0x000000072f400000, 0x000000072f500000, 0x000000072f500000|100%| S|CS|TAMS 0x000000072f400000, 0x000000072f400000| Complete 
| 215|0x000000072f500000, 0x000000072f500000, 0x000000072f600000|  0%| F|  |TAMS 0x000000072f500000, 0x000000072f500000| Untracked 
| 216|0x000000072f600000, 0x000000072f600000, 0x000000072f700000|  0%| F|  |TAMS 0x000000072f600000, 0x000000072f600000| Untracked 
| 217|0x000000072f700000, 0x000000072f77e5c0, 0x000000072f800000| 49%| E|  |TAMS 0x000000072f700000, 0x000000072f700000| Complete 
| 218|0x000000072f800000, 0x000000072f900000, 0x000000072f900000|100%| E|CS|TAMS 0x000000072f800000, 0x000000072f800000| Complete 
| 219|0x000000072f900000, 0x000000072fa00000, 0x000000072fa00000|100%| E|CS|TAMS 0x000000072f900000, 0x000000072f900000| Complete 
| 220|0x000000072fa00000, 0x000000072fb00000, 0x000000072fb00000|100%| E|CS|TAMS 0x000000072fa00000, 0x000000072fa00000| Complete 
| 221|0x000000072fb00000, 0x000000072fc00000, 0x000000072fc00000|100%| E|CS|TAMS 0x000000072fb00000, 0x000000072fb00000| Complete 
| 222|0x000000072fc00000, 0x000000072fd00000, 0x000000072fd00000|100%| E|CS|TAMS 0x000000072fc00000, 0x000000072fc00000| Complete 
| 223|0x000000072fd00000, 0x000000072fe00000, 0x000000072fe00000|100%| E|CS|TAMS 0x000000072fd00000, 0x000000072fd00000| Complete 

Card table byte_map: [0x00000291bdfb0000,0x00000291be6b0000] _byte_map_base: 0x00000291ba6a1000

Marking Bits (Prev, Next): (CMBitMap*) 0x00000291a3e4e550, (CMBitMap*) 0x00000291a3e4e518
 Prev Bits: [0x00000291c2540000, 0x00000291c5cc8000)
 Next Bits: [0x00000291bedb0000, 0x00000291c2538000)

Polling page: 0x00000291a40b0000

Metaspace:

Usage:
  Non-class:     20.11 MB capacity,    19.74 MB ( 98%) used,   314.10 KB (  2%) free+waste,    59.69 KB ( <1%) overhead. 
      Class:      2.36 MB capacity,     2.12 MB ( 90%) used,   204.76 KB (  8%) free+waste,    31.50 KB (  1%) overhead. 
       Both:     22.46 MB capacity,    21.87 MB ( 97%) used,   518.86 KB (  2%) free+waste,    91.19 KB ( <1%) overhead. 

Virtual space:
  Non-class space:       22.00 MB reserved,      20.25 MB ( 92%) committed 
      Class space:        1.00 GB reserved,       2.38 MB ( <1%) committed 
             Both:        1.02 GB reserved,      22.63 MB (  2%) committed 

Chunk freelists:
   Non-Class:  20.00 KB
       Class:  0 bytes
        Both:  20.00 KB

MaxMetaspaceSize: 17179869184.00 GB
CompressedClassSpaceSize: 1.00 GB

CodeHeap 'non-profiled nmethods': size=120000Kb used=537Kb max_used=537Kb free=119462Kb
 bounds [0x00000291b6050000, 0x00000291b62c0000, 0x00000291bd580000]
CodeHeap 'profiled nmethods': size=120000Kb used=2878Kb max_used=2878Kb free=117121Kb
 bounds [0x00000291aeb20000, 0x00000291aedf0000, 0x00000291b6050000]
CodeHeap 'non-nmethods': size=5760Kb used=1454Kb max_used=1480Kb free=4305Kb
 bounds [0x00000291ae580000, 0x00000291ae7f0000, 0x00000291aeb20000]
 total_blobs=2479 nmethods=1534 adapters=856
 compilation: enabled
              stopped_count=0, restarted_count=0
 full_count=0

Compilation events (20 events):
Event: 4.507 Thread 0x00000291c9105800 nmethod 1527 0x00000291aedee490 code [0x00000291aedee660, 0x00000291aedee868]
Event: 4.507 Thread 0x00000291c9105800 1526       3       java.nio.Buffer::flip (20 bytes)
Event: 4.507 Thread 0x00000291c9105800 nmethod 1526 0x00000291aedee910 code [0x00000291aedeeac0, 0x00000291aedeebd8]
Event: 4.507 Thread 0x00000291c9105800 1528       3       java.io.FileOutputStream::write (20 bytes)
Event: 4.508 Thread 0x00000291c9105800 nmethod 1528 0x00000291aedeec90 code [0x00000291aedeee60, 0x00000291aedef008]
Event: 4.508 Thread 0x00000291c9105800 1529       3       java.io.FileDescriptor$1::getAppend (5 bytes)
Event: 4.508 Thread 0x00000291c9105800 nmethod 1529 0x00000291aedef110 code [0x00000291aedef2c0, 0x00000291aedef3d8]
Event: 4.508 Thread 0x00000291c9105800 1531       1       java.util.EventObject::getSource (5 bytes)
Event: 4.508 Thread 0x00000291d3861000 nmethod 1508 0x00000291b60ceb90 code [0x00000291b60ced20, 0x00000291b60ced98]
Event: 4.508 Thread 0x00000291d3861000 1516       4       java.lang.String::toString (2 bytes)
Event: 4.508 Thread 0x00000291c9105800 nmethod 1531 0x00000291b60cee90 code [0x00000291b60cf040, 0x00000291b60cf0f8]
Event: 4.509 Thread 0x00000291d3861000 nmethod 1516 0x00000291b60cf190 code [0x00000291b60cf320, 0x00000291b60cf378]
Event: 4.512 Thread 0x00000291d37e7800 nmethod 1488 0x00000291b60cf410 code [0x00000291b60cf660, 0x00000291b60d0850]
Event: 4.565 Thread 0x00000291c90fc800 nmethod 1395 0x00000291b60d1190 code [0x00000291b60d1560, 0x00000291b60d4c38]
Event: 8.608 Thread 0x00000291c9105800 1533       1       sun.java2d.SurfaceData::isValid (5 bytes)
Event: 8.608 Thread 0x00000291c9105800 nmethod 1533 0x00000291b60d5f90 code [0x00000291b60d6140, 0x00000291b60d61f8]
Event: 9.108 Thread 0x00000291c9105800 1534       1       sun.java2d.SurfaceData::isSurfaceLost (5 bytes)
Event: 9.109 Thread 0x00000291c9105800 nmethod 1534 0x00000291b60d6290 code [0x00000291b60d6440, 0x00000291b60d64f8]
Event: 9.780 Thread 0x00000291c9105800 1535       3       java.lang.ThreadLocal::get (38 bytes)
Event: 9.781 Thread 0x00000291c9105800 nmethod 1535 0x00000291aedef490 code [0x00000291aedef680, 0x00000291aedef968]

GC Heap History (4 events):
Event: 3.170 GC heap before
{Heap before GC invocations=0 (full 0):
 garbage-first heap   total 229376K, used 24576K [0x0000000721e00000, 0x0000000800000000)
  region size 1024K, 24 young (24576K), 0 survivors (0K)
 Metaspace       used 18572K, capacity 19048K, committed 19328K, reserved 1067008K
  class space    used 1684K, capacity 1886K, committed 1920K, reserved 1048576K
}
Event: 3.643 GC heap after
{Heap after GC invocations=1 (full 0):
 garbage-first heap   total 229376K, used 3432K [0x0000000721e00000, 0x0000000800000000)
  region size 1024K, 3 young (3072K), 3 survivors (3072K)
 Metaspace       used 18572K, capacity 19048K, committed 19328K, reserved 1067008K
  class space    used 1684K, capacity 1886K, committed 1920K, reserved 1048576K
}
Event: 4.132 GC heap before
{Heap before GC invocations=1 (full 0):
 garbage-first heap   total 229376K, used 11624K [0x0000000721e00000, 0x0000000800000000)
  region size 1024K, 12 young (12288K), 3 survivors (3072K)
 Metaspace       used 20627K, capacity 21120K, committed 21248K, reserved 1069056K
  class space    used 1967K, capacity 2195K, committed 2304K, reserved 1048576K
}
Event: 4.140 GC heap after
{Heap after GC invocations=2 (full 0):
 garbage-first heap   total 229376K, used 4999K [0x0000000721e00000, 0x0000000800000000)
  region size 1024K, 5 young (5120K), 5 survivors (5120K)
 Metaspace       used 20627K, capacity 21120K, committed 21248K, reserved 1069056K
  class space    used 1967K, capacity 2195K, committed 2304K, reserved 1048576K
}

Deoptimization events (20 events):
Event: 3.962 Thread 0x00000291c9c54800 DEOPT PACKING pc=0x00000291aed1f856 sp=0x000000ddc1afd230
Event: 3.962 Thread 0x00000291c9c54800 DEOPT UNPACKING pc=0x00000291ae5a754e sp=0x000000ddc1afc6d8 mode 0
Event: 3.996 Thread 0x00000291c980a000 Uncommon trap: trap_request=0xffffff4d fr.pc=0x00000291b60b2aa4 relative=0x0000000000000084
Event: 3.996 Thread 0x00000291c980a000 Uncommon trap: reason=unstable_if action=reinterpret pc=0x00000291b60b2aa4 method=java.lang.reflect.AccessibleObject.checkCanSetAccessible(Ljava/lang/Class;Ljava/lang/Class;Z)Z @ 30 c2
Event: 3.996 Thread 0x00000291c980a000 DEOPT PACKING pc=0x00000291b60b2aa4 sp=0x000000ddc21fb800
Event: 3.996 Thread 0x00000291c980a000 DEOPT UNPACKING pc=0x00000291ae5a772f sp=0x000000ddc21fb760 mode 2
Event: 4.060 Thread 0x00000291c980a000 Uncommon trap: trap_request=0xffffff4d fr.pc=0x00000291b608dbb8 relative=0x0000000000000298
Event: 4.060 Thread 0x00000291c980a000 Uncommon trap: reason=unstable_if action=reinterpret pc=0x00000291b608dbb8 method=java.lang.StringUTF16.compress([CI[BII)I @ 20 c2
Event: 4.060 Thread 0x00000291c980a000 DEOPT PACKING pc=0x00000291b608dbb8 sp=0x000000ddc21f82c0
Event: 4.060 Thread 0x00000291c980a000 DEOPT UNPACKING pc=0x00000291ae5a772f sp=0x000000ddc21f8240 mode 2
Event: 4.142 Thread 0x00000291c980a000 DEOPT PACKING pc=0x00000291aec239d0 sp=0x000000ddc21fb520
Event: 4.142 Thread 0x00000291c980a000 DEOPT UNPACKING pc=0x00000291ae5a754e sp=0x000000ddc21fa9a8 mode 0
Event: 4.390 Thread 0x00000291c980a000 Uncommon trap: trap_request=0xffffff4d fr.pc=0x00000291b60c33bc relative=0x000000000000045c
Event: 4.390 Thread 0x00000291c980a000 Uncommon trap: reason=unstable_if action=reinterpret pc=0x00000291b60c33bc method=jdk.internal.org.objectweb.asm.Type.getArgumentsAndReturnSizes(Ljava/lang/String;)I @ 41 c2
Event: 4.390 Thread 0x00000291c980a000 DEOPT PACKING pc=0x00000291b60c33bc sp=0x000000ddc21fb750
Event: 4.390 Thread 0x00000291c980a000 DEOPT UNPACKING pc=0x00000291ae5a772f sp=0x000000ddc21fb6e0 mode 2
Event: 4.390 Thread 0x00000291c980a000 Uncommon trap: trap_request=0xffffff4d fr.pc=0x00000291b6086b50 relative=0x0000000000000630
Event: 4.390 Thread 0x00000291c980a000 Uncommon trap: reason=unstable_if action=reinterpret pc=0x00000291b6086b50 method=jdk.internal.org.objectweb.asm.Frame.push(Ljdk/internal/org/objectweb/asm/ClassWriter;Ljava/lang/String;)V @ 24 c2
Event: 4.390 Thread 0x00000291c980a000 DEOPT PACKING pc=0x00000291b6086b50 sp=0x000000ddc21fb740
Event: 4.390 Thread 0x00000291c980a000 DEOPT UNPACKING pc=0x00000291ae5a772f sp=0x000000ddc21fb660 mode 2

Classes redefined (0 events):
No events

Internal exceptions (20 events):
Event: 1.750 Thread 0x00000291c980a000 Exception <a 'java/lang/NoSuchMethodError'{0x000000072f233318}: 'java.lang.Object java.lang.invoke.DirectMethodHandle$Holder.invokeStatic(java.lang.Object, long)'> (0x000000072f233318) thrown at [./src/hotspot/share/interpreter/linkResolver.cpp, line 773]
Event: 1.752 Thread 0x00000291c980a000 Exception <a 'java/lang/NoSuchMethodError'{0x000000072f241438}: 'java.lang.Object java.lang.invoke.DirectMethodHandle$Holder.invokeStaticInit(java.lang.Object, java.lang.Object, long, java.lang.Object)'> (0x000000072f241438) thrown at [./src/hotspot/share/interpreter/linkResolver.cpp, line 773]
Event: 1.753 Thread 0x00000291c980a000 Exception <a 'java/lang/NoSuchMethodError'{0x000000072f2472e8}: 'java.lang.Object java.lang.invoke.DirectMethodHandle$Holder.invokeStatic(java.lang.Object, java.lang.Object, long)'> (0x000000072f2472e8) thrown at [./src/hotspot/share/interpreter/linkResolver.cpp, line 773]
Event: 1.754 Thread 0x00000291c980a000 Exception <a 'java/lang/NoSuchMethodError'{0x000000072f24d5b8}: 'java.lang.Object java.lang.invoke.Invokers$Holder.linkToTargetMethod(java.lang.Object, long, java.lang.Object)'> (0x000000072f24d5b8) thrown at [./src/hotspot/share/interpreter/linkResolver.cpp, line 773]
Event: 4.030 Thread 0x00000291c980a000 Exception <a 'java/lang/NoSuchMethodError'{0x000000072f8cab60}: 'void java.lang.invoke.DirectMethodHandle$Holder.invokeStaticInit(java.lang.Object)'> (0x000000072f8cab60) thrown at [./src/hotspot/share/interpreter/linkResolver.cpp, line 773]
Event: 4.086 Thread 0x00000291c980a000 Exception <a 'java/lang/NoSuchMethodError'{0x000000072f512958}: 'java.lang.Object java.lang.invoke.DirectMethodHandle$Holder.invokeStatic(java.lang.Object, java.lang.Object, java.lang.Object, java.lang.Object, java.lang.Object, java.lang.Object, java.lang.Object, java.lang.Object, java.lang.Object, java.lang.Object, java.lang.Object, int)'> (0x000000072f512958) thrown at [./src/hotspot/share/interpreter/linkResolver.cpp, line 773]
Event: 4.090 Thread 0x00000291c980a000 Exception <a 'java/lang/NoSuchMethodError'{0x000000072f530b60}: 'java.lang.Object java.lang.invoke.DirectMethodHandle$Holder.invokeStatic(java.lang.Object, java.lang.Object, java.lang.Object, java.lang.Object, java.lang.Object, java.lang.Object, java.lang.Object, java.lang.Object, java.lang.Object, java.lang.Object, java.lang.Object, int, int)'> (0x000000072f530b60) thrown at [./src/hotspot/share/interpreter/linkResolver.cpp, line 773]
Event: 4.093 Thread 0x00000291c980a000 Exception <a 'java/lang/NoSuchMethodError'{0x000000072f54faf8}: 'java.lang.Object java.lang.invoke.DirectMethodHandle$Holder.invokeStatic(java.lang.Object, java.lang.Object, java.lang.Object, java.lang.Object, java.lang.Object, java.lang.Object, java.lang.Object, java.lang.Object, java.lang.Object, java.lang.Object, java.lang.Object, int, int, java.lang.Object)'> (0x000000072f54faf8) thrown at [./src/hotspot/share/interpreter/linkResolver.cpp, line 773]
Event: 4.095 Thread 0x00000291c980a000 Exception <a 'java/lang/NoSuchMethodError'{0x000000072f55bb50}: 'java.lang.Object java.lang.invoke.Invokers$Holder.linkToTargetMethod(java.lang.Object, int, java.lang.Object)'> (0x000000072f55bb50) thrown at [./src/hotspot/share/interpreter/linkResolver.cpp, line 773]
Event: 4.115 Thread 0x00000291c980a000 Exception <a 'java/lang/reflect/InvocationTargetException'{0x000000072f56d198}> (0x000000072f56d198) thrown at [./src/hotspot/share/runtime/reflection.cpp, line 1247]
Event: 4.316 Thread 0x00000291c980a000 Exception <a 'java/lang/NoSuchMethodError'{0x000000072fb00358}: 'java.lang.Object java.lang.invoke.DirectMethodHandle$Holder.invokeStatic(java.lang.Object, java.lang.Object, java.lang.Object, java.lang.Object, java.lang.Object, java.lang.Object, java.lang.Object, java.lang.Object, java.lang.Object, java.lang.Object, java.lang.Object, int, int, java.lang.Object, java.lang.Object)'> (0x000000072fb00358) thrown at [./src/hotspot/share/interpreter/linkResolver.cpp, line 773]
Event: 4.344 Thread 0x00000291c980a000 Exception <a 'java/lang/NoSuchMethodError'{0x000000072fb644b0}: 'java.lang.Object java.lang.invoke.DirectMethodHandle$Holder.invokeStaticInit(java.lang.Object, java.lang.Object, java.lang.Object)'> (0x000000072fb644b0) thrown at [./src/hotspot/share/interpreter/linkResolver.cpp, line 773]
Event: 4.379 Thread 0x00000291c980a000 Exception <a 'java/lang/NoSuchMethodError'{0x000000072fa19438}: 'void java.lang.invoke.DirectMethodHandle$Holder.invokeStaticInit(java.lang.Object, java.lang.Object, java.lang.Object)'> (0x000000072fa19438) thrown at [./src/hotspot/share/interpreter/linkResolver.cpp, line 773]
Event: 4.390 Thread 0x00000291c980a000 Exception <a 'java/lang/NoSuchMethodError'{0x000000072fa54458}: 'double java.lang.invoke.DirectMethodHandle$Holder.invokeStatic(java.lang.Object, java.lang.Object)'> (0x000000072fa54458) thrown at [./src/hotspot/share/interpreter/linkResolver.cpp, line 773]
Event: 4.391 Thread 0x00000291c980a000 Exception <a 'java/lang/NoSuchMethodError'{0x000000072fa57508}: 'double java.lang.invoke.DirectMethodHandle$Holder.invokeStaticInit(java.lang.Object, java.lang.Object)'> (0x000000072fa57508) thrown at [./src/hotspot/share/interpreter/linkResolver.cpp, line 773]
Event: 4.394 Thread 0x00000291c980a000 Exception <a 'java/lang/NoSuchMethodError'{0x000000072fa5d8a8}: 'void java.lang.invoke.DirectMethodHandle$Holder.invokeSpecial(java.lang.Object, java.lang.Object, double)'> (0x000000072fa5d8a8) thrown at [./src/hotspot/share/interpreter/linkResolver.cpp, line 773]
Event: 4.498 Thread 0x00000291c980a000 Exception <a 'com/jogamp/opengl/GLException'{0x000000072f81a578}> (0x000000072f81a578) thrown at [./src/hotspot/share/prims/jvm.cpp, line 1301]
Event: 4.498 Thread 0x00000291c980a000 Exception <a 'com/jogamp/opengl/GLException'{0x000000072f81a578}> (0x000000072f81a578) thrown at [./src/hotspot/share/prims/jvm.cpp, line 1301]
Event: 4.504 Thread 0x00000291c980a000 Exception <a 'com/jogamp/opengl/GLException'{0x000000072f825a40}> (0x000000072f825a40) thrown at [./src/hotspot/share/prims/jvm.cpp, line 1301]
Event: 4.504 Thread 0x00000291c980a000 Exception <a 'com/jogamp/opengl/GLException'{0x000000072f825a40}> (0x000000072f825a40) thrown at [./src/hotspot/share/prims/jvm.cpp, line 1301]

Events (20 events):
Event: 9.781 Thread 0x00000291d03e6000 Thread added: 0x00000291d03e6000
Event: 9.781 Thread 0x00000291c9c1a800 Thread added: 0x00000291c9c1a800
Event: 9.782 Thread 0x00000291c9c19000 Thread added: 0x00000291c9c19000
Event: 9.782 Executing VM operation: RevokeBias
Event: 9.782 Executing VM operation: RevokeBias done
Event: 9.783 Executing VM operation: RevokeBias
Event: 9.783 Executing VM operation: RevokeBias done
Event: 9.783 Executing VM operation: RevokeBias
Event: 9.783 Executing VM operation: RevokeBias done
Event: 9.783 Thread 0x00000291c9c19000 Thread exited: 0x00000291c9c19000
Event: 9.783 Executing VM operation: RevokeBias
Event: 9.783 Executing VM operation: RevokeBias done
Event: 9.783 Executing VM operation: RevokeBias
Event: 9.784 Executing coalesced safepoint VM operation: RevokeBias
Event: 9.784 Executing coalesced safepoint VM operation: RevokeBias done
Event: 9.784 Executing VM operation: RevokeBias done
Event: 9.784 loading class java/nio/channels/ClosedChannelException
Event: 9.784 Thread 0x00000291d0e86800 Thread exited: 0x00000291d0e86800
Event: 9.784 loading class java/nio/channels/ClosedChannelException done
Event: 9.784 Thread 0x00000291d37e7800 Thread exited: 0x00000291d37e7800


Dynamic libraries:
0x00007ff681de0000 - 0x00007ff681ded000 	C:\Program Files\AdoptOpenJDK\jdk-11.0.8.10-hotspot\bin\java.exe
0x00007ffa34280000 - 0x00007ffa34470000 	C:\WINDOWS\SYSTEM32\ntdll.dll
0x00007ffa32e40000 - 0x00007ffa32ef2000 	C:\WINDOWS\System32\KERNEL32.DLL
0x00007ffa31bb0000 - 0x00007ffa31e55000 	C:\WINDOWS\System32\KERNELBASE.dll
0x00007ffa32090000 - 0x00007ffa3218a000 	C:\WINDOWS\System32\ucrtbase.dll
0x00007ffa291c0000 - 0x00007ffa291d5000 	C:\Program Files\AdoptOpenJDK\jdk-11.0.8.10-hotspot\bin\VCRUNTIME140.dll
0x00007ffa1e180000 - 0x00007ffa1e197000 	C:\Program Files\AdoptOpenJDK\jdk-11.0.8.10-hotspot\bin\jli.dll
0x00007ffa33400000 - 0x00007ffa33594000 	C:\WINDOWS\System32\USER32.dll
0x00007ffa32260000 - 0x00007ffa32281000 	C:\WINDOWS\System32\win32u.dll
0x00007ffa13220000 - 0x00007ffa134a4000 	C:\WINDOWS\WinSxS\amd64_microsoft.windows.common-controls_6595b64144ccf1df_6.0.18362.1198_none_9e820b57e45ad92f\COMCTL32.dll
0x00007ffa32d60000 - 0x00007ffa32d86000 	C:\WINDOWS\System32\GDI32.dll
0x00007ffa31ef0000 - 0x00007ffa32086000 	C:\WINDOWS\System32\gdi32full.dll
0x00007ffa33c10000 - 0x00007ffa33cae000 	C:\WINDOWS\System32\msvcrt.dll
0x00007ffa32290000 - 0x00007ffa3232e000 	C:\WINDOWS\System32\msvcp_win.dll
0x00007ffa33e90000 - 0x00007ffa341c5000 	C:\WINDOWS\System32\combase.dll
0x00007ffa332e0000 - 0x00007ffa33400000 	C:\WINDOWS\System32\RPCRT4.dll
0x00007ffa32190000 - 0x00007ffa32210000 	C:\WINDOWS\System32\bcryptPrimitives.dll
0x00007ffa33de0000 - 0x00007ffa33e0e000 	C:\WINDOWS\System32\IMM32.DLL
0x00007ff9fc390000 - 0x00007ff9fc42b000 	C:\Program Files\AdoptOpenJDK\jdk-11.0.8.10-hotspot\bin\msvcp140.dll
0x00007ff9b37e0000 - 0x00007ff9b429d000 	C:\Program Files\AdoptOpenJDK\jdk-11.0.8.10-hotspot\bin\server\jvm.dll
0x00007ffa32d90000 - 0x00007ffa32e33000 	C:\WINDOWS\System32\ADVAPI32.dll
0x00007ffa336f0000 - 0x00007ffa33787000 	C:\WINDOWS\System32\sechost.dll
0x00007ffa32c20000 - 0x00007ffa32c28000 	C:\WINDOWS\System32\PSAPI.DLL
0x00007ffa2e8d0000 - 0x00007ffa2e8f4000 	C:\WINDOWS\SYSTEM32\WINMM.dll
0x00007ffa28d10000 - 0x00007ffa28d1a000 	C:\WINDOWS\SYSTEM32\VERSION.dll
0x00007ffa2e8a0000 - 0x00007ffa2e8cd000 	C:\WINDOWS\SYSTEM32\winmmbase.dll
0x00007ffa32210000 - 0x00007ffa3225a000 	C:\WINDOWS\System32\cfgmgr32.dll
0x00007ffa20b20000 - 0x00007ffa20b29000 	C:\WINDOWS\SYSTEM32\WSOCK32.dll
0x00007ffa330c0000 - 0x00007ffa3312f000 	C:\WINDOWS\System32\WS2_32.dll
0x00007ffa311c0000 - 0x00007ffa311d1000 	C:\WINDOWS\System32\kernel.appcore.dll
0x00007ffa2aae0000 - 0x00007ffa2aaf0000 	C:\Program Files\AdoptOpenJDK\jdk-11.0.8.10-hotspot\bin\verify.dll
0x00007ffa2fb00000 - 0x00007ffa2fcf4000 	C:\WINDOWS\SYSTEM32\DBGHELP.DLL
0x00007ffa21940000 - 0x00007ffa2196a000 	C:\WINDOWS\SYSTEM32\dbgcore.DLL
0x00007ffa1e150000 - 0x00007ffa1e178000 	C:\Program Files\AdoptOpenJDK\jdk-11.0.8.10-hotspot\bin\java.dll
0x00007ffa2a9f0000 - 0x00007ffa2a9fa000 	C:\Program Files\AdoptOpenJDK\jdk-11.0.8.10-hotspot\bin\jimage.dll
0x00007ffa29260000 - 0x00007ffa2926e000 	C:\Program Files\AdoptOpenJDK\jdk-11.0.8.10-hotspot\bin\instrument.dll
0x00007ffa1e130000 - 0x00007ffa1e147000 	C:\Program Files\AdoptOpenJDK\jdk-11.0.8.10-hotspot\bin\zip.dll
0x00007ffa32480000 - 0x00007ffa32b67000 	C:\WINDOWS\System32\SHELL32.dll
0x00007ffa32b70000 - 0x00007ffa32c19000 	C:\WINDOWS\System32\shcore.dll
0x00007ffa31420000 - 0x00007ffa31ba1000 	C:\WINDOWS\System32\windows.storage.dll
0x00007ffa31190000 - 0x00007ffa311b3000 	C:\WINDOWS\System32\profapi.dll
0x00007ffa31140000 - 0x00007ffa3118a000 	C:\WINDOWS\System32\powrprof.dll
0x00007ffa31130000 - 0x00007ffa31140000 	C:\WINDOWS\System32\UMPDC.dll
0x00007ffa33cb0000 - 0x00007ffa33d02000 	C:\WINDOWS\System32\shlwapi.dll
0x00007ffa31400000 - 0x00007ffa31417000 	C:\WINDOWS\System32\cryptsp.dll
0x00007ffa1e110000 - 0x00007ffa1e129000 	C:\Program Files\AdoptOpenJDK\jdk-11.0.8.10-hotspot\bin\net.dll
0x00007ffa215b0000 - 0x00007ffa216a0000 	C:\WINDOWS\SYSTEM32\WINHTTP.dll
0x00007ffa30980000 - 0x00007ffa309e7000 	C:\WINDOWS\system32\mswsock.dll
0x00007ffa1e0f0000 - 0x00007ffa1e102000 	C:\Program Files\AdoptOpenJDK\jdk-11.0.8.10-hotspot\bin\nio.dll
0x00007ffa1e070000 - 0x00007ffa1e08a000 	C:\Program Files\JetBrains\IntelliJ IDEA Community Edition 2020.2.2\bin\breakgen64.dll
0x00007ff9bf7d0000 - 0x00007ff9bf969000 	C:\Program Files\AdoptOpenJDK\jdk-11.0.8.10-hotspot\bin\awt.dll
0x00007ffa33d10000 - 0x00007ffa33dd5000 	C:\WINDOWS\System32\OLEAUT32.dll
0x00007ffa2ef50000 - 0x00007ffa2efdf000 	C:\WINDOWS\SYSTEM32\apphelp.dll
0x00007ffa2f130000 - 0x00007ffa2f1c9000 	C:\WINDOWS\system32\uxtheme.dll
0x00007ffa335b0000 - 0x00007ffa336e5000 	C:\WINDOWS\System32\MSCTF.dll
0x00007ffa32f60000 - 0x00007ffa330b7000 	C:\WINDOWS\System32\ole32.dll
0x00007ffa2f560000 - 0x00007ffa2f58d000 	C:\WINDOWS\system32\DWMAPI.DLL
0x00007ff9f7400000 - 0x00007ff9f7556000 	C:\WINDOWS\system32\opengl32.dll
0x00007ffa09aa0000 - 0x00007ffa09acc000 	C:\WINDOWS\SYSTEM32\GLU32.dll
0x00007ffa2fd70000 - 0x00007ffa2fd90000 	C:\WINDOWS\SYSTEM32\dxcore.dll
0x00007ff9fa0c0000 - 0x00007ff9fa287000 	C:\WINDOWS\system32\d3d9.dll
0x00007ffa304f0000 - 0x00007ffa30523000 	C:\WINDOWS\system32\rsaenh.dll
0x00007ffa31ec0000 - 0x00007ffa31ee6000 	C:\WINDOWS\System32\bcrypt.dll
0x00007ffa31050000 - 0x00007ffa31075000 	C:\WINDOWS\SYSTEM32\USERENV.dll
0x00007ffa30b50000 - 0x00007ffa30b5c000 	C:\WINDOWS\SYSTEM32\CRYPTBASE.dll
0x00007ffa30690000 - 0x00007ffa306ca000 	C:\WINDOWS\SYSTEM32\IPHLPAPI.DLL
0x00007ffa33790000 - 0x00007ffa33798000 	C:\WINDOWS\System32\NSI.dll
0x00007ffa262b0000 - 0x00007ffa262c6000 	C:\WINDOWS\SYSTEM32\dhcpcsvc6.DLL
0x00007ffa262f0000 - 0x00007ffa2630c000 	C:\WINDOWS\SYSTEM32\dhcpcsvc.DLL
0x00007ffa306d0000 - 0x00007ffa3079b000 	C:\WINDOWS\SYSTEM32\DNSAPI.dll
0x0000000000c40000 - 0x0000000000c4d000 	C:\Users\Hanna\AppData\Local\Temp\jogamp_0000\file_cache\jln16011524198804721536\jln12038219853246982993\natives\windows-amd64\gluegen-rt.dll
0x00007ffa23a50000 - 0x00007ffa23a57000 	C:\Program Files\AdoptOpenJDK\jdk-11.0.8.10-hotspot\bin\jawt.dll
0x000000006a440000 - 0x000000006a44d000 	C:\Users\Hanna\AppData\Local\Temp\jogamp_0000\file_cache\jln16011524198804721536\jln12038219853246982993\natives\windows-amd64\nativewindow_awt.dll
0x000000006c100000 - 0x000000006c10f000 	C:\Users\Hanna\AppData\Local\Temp\jogamp_0000\file_cache\jln16011524198804721536\jln12038219853246982993\natives\windows-amd64\nativewindow_win32.dll
0x0000000064500000 - 0x00000000645b1000 	C:\Users\Hanna\AppData\Local\Temp\jogamp_0000\file_cache\jln16011524198804721536\jln12038219853246982993\natives\windows-amd64\jogl_desktop.dll
0x00007ff9addf0000 - 0x00007ff9adfdf000 	C:\Program Files\Autodesk\AliasAutoStudio2021\bin\libGLESv2.dll
0x00007ffa210b0000 - 0x00007ffa210b9000 	C:\Program Files\Autodesk\AliasAutoStudio2021\bin\libEGL.dll
0x0000000064340000 - 0x00000000643a2000 	C:\Users\Hanna\AppData\Local\Temp\jogamp_0000\file_cache\jln16011524198804721536\jln12038219853246982993\natives\windows-amd64\jogl_mobile.dll
0x00007ff9fb8b0000 - 0x00007ff9fb8da000 	C:\WINDOWS\System32\DriverStore\FileRepository\u0359160.inf_amd64_2abe2598d9a3141f\B358802\atig6pxx.dll
0x00007ff9d8550000 - 0x00007ff9db262000 	C:\WINDOWS\System32\DriverStore\FileRepository\u0359160.inf_amd64_2abe2598d9a3141f\B358802\atio6axx.dll
0x00007ffa337a0000 - 0x00007ffa33c10000 	C:\WINDOWS\System32\SETUPAPI.dll
0x00007ffa1d3e0000 - 0x00007ffa1d403000 	C:\WINDOWS\SYSTEM32\dxva2.dll
0x00007ff9fc4f0000 - 0x00007ff9fc52c000 	C:\WINDOWS\System32\DriverStore\FileRepository\u0359160.inf_amd64_2abe2598d9a3141f\B358802\atig6txx.dll
0x00007ff9f4550000 - 0x00007ff9f470c000 	C:\WINDOWS\SYSTEM32\atiadlxx.dll
0x00007ffa2d770000 - 0x00007ffa2d860000 	C:\WINDOWS\SYSTEM32\PROPSYS.dll
0x00007ffa30f20000 - 0x00007ffa30f4a000 	C:\WINDOWS\SYSTEM32\DEVOBJ.dll
0x00007ffa31e60000 - 0x00007ffa31ebc000 	C:\WINDOWS\System32\WINTRUST.dll
0x00007ffa311e0000 - 0x00007ffa311f2000 	C:\WINDOWS\System32\MSASN1.dll
0x00007ffa31200000 - 0x00007ffa31349000 	C:\WINDOWS\System32\CRYPT32.dll
0x00007ff9d8040000 - 0x00007ff9d80c2000 	C:\Program Files\AdoptOpenJDK\jdk-11.0.8.10-hotspot\bin\freetype.dll
0x00007ff9bdac0000 - 0x00007ff9bdb66000 	C:\Program Files\AdoptOpenJDK\jdk-11.0.8.10-hotspot\bin\fontmanager.dll
0x00007ffa1d870000 - 0x00007ffa1d90e000 	C:\WINDOWS\System32\TextInputFramework.dll
0x00007ffa2c290000 - 0x00007ffa2c5ba000 	C:\WINDOWS\System32\CoreUIComponents.dll
0x00007ffa2e900000 - 0x00007ffa2e9d4000 	C:\WINDOWS\System32\CoreMessaging.dll
0x00007ffa30170000 - 0x00007ffa301a1000 	C:\WINDOWS\SYSTEM32\ntmarta.dll
0x00007ffa2cb90000 - 0x00007ffa2cce3000 	C:\WINDOWS\SYSTEM32\wintypes.dll
0x00007ffa1af90000 - 0x00007ffa1aff5000 	C:\WINDOWS\system32\Oleacc.dll
0x00007ffa23b80000 - 0x00007ffa23e27000 	C:\WINDOWS\System32\iertutil.dll

dbghelp: loaded successfully - version: 4.0.5 - missing functions: none
symbol engine: initialized successfully - sym options: 0x614 - pdb path: .;C:\Program Files\AdoptOpenJDK\jdk-11.0.8.10-hotspot\bin;C:\WINDOWS\SYSTEM32;C:\WINDOWS\WinSxS\amd64_microsoft.windows.common-controls_6595b64144ccf1df_6.0.18362.1198_none_9e820b57e45ad92f;C:\Program Files\AdoptOpenJDK\jdk-11.0.8.10-hotspot\bin\server;C:\Program Files\JetBrains\IntelliJ IDEA Community Edition 2020.2.2\bin;C:\WINDOWS\System32\DriverStore\FileRepository\u0359160.inf_amd64_2abe2598d9a3141f\B358802;C:\Users\Hanna\AppData\Local\Temp\jogamp_0000\file_cache\jln16011524198804721536\jln12038219853246982993\natives\windows-amd64;C:\Program Files\Autodesk\AliasAutoStudio2021\bin

VM Arguments:
jvm_args: -javaagent:C:\Program Files\JetBrains\IntelliJ IDEA Community Edition 2020.2.2\lib\idea_rt.jar=51656:C:\Program Files\JetBrains\IntelliJ IDEA Community Edition 2020.2.2\bin -Dfile.encoding=UTF-8 
java_command: StartCodeMainWindowPP
java_class_path (initial): C:\Users\Hanna\IdeaProjects\JoglModelLoadGeometryPP\out\production\JoglModelLoadGeometryPP;C:\Users\Hanna\IdeaProjects\JoglModelLoadGeometryPP\lib\OBJLoader-3.0.0.jar;C:\Program Files\Java\jogl\jogamp-all-platforms\jar\gluegen-rt.jar;C:\Program Files\Java\jogl\jogamp-all-platforms\jar\jogl-all.jar
Launcher Type: SUN_STANDARD

[Global flags]
     intx CICompilerCount                          = 4                                         {product} {ergonomic}
     uint ConcGCThreads                            = 2                                         {product} {ergonomic}
     uint G1ConcRefinementThreads                  = 8                                         {product} {ergonomic}
   size_t G1HeapRegionSize                         = 1048576                                   {product} {ergonomic}
    uintx GCDrainStackTargetSize                   = 64                                        {product} {ergonomic}
   size_t InitialHeapSize                          = 234881024                                 {product} {ergonomic}
   size_t MarkStackSize                            = 4194304                                   {product} {ergonomic}
   size_t MaxHeapSize                              = 3726639104                                {product} {ergonomic}
   size_t MaxNewSize                               = 2235564032                                {product} {ergonomic}
   size_t MinHeapDeltaBytes                        = 1048576                                   {product} {ergonomic}
    uintx NonNMethodCodeHeapSize                   = 5836300                                {pd product} {ergonomic}
    uintx NonProfiledCodeHeapSize                  = 122910970                              {pd product} {ergonomic}
    uintx ProfiledCodeHeapSize                     = 122910970                              {pd product} {ergonomic}
    uintx ReservedCodeCacheSize                    = 251658240                              {pd product} {ergonomic}
     bool SegmentedCodeCache                       = true                                      {product} {ergonomic}
     bool UseCompressedClassPointers               = true                                 {lp64_product} {ergonomic}
     bool UseCompressedOops                        = true                                 {lp64_product} {ergonomic}
     bool UseG1GC                                  = true                                      {product} {ergonomic}
     bool UseLargePagesIndividualAllocation        = false                                  {pd product} {ergonomic}

Logging:
Log output configuration:
 #0: stdout all=warning uptime,level,tags
 #1: stderr all=off uptime,level,tags

Environment Variables:
JAVA_HOME=C:\Program Files\Java\jdk-13
JRE_HOME=C:\Program Files\Java\jdk-13
PATH=C:\Program Files\AdoptOpenJDK\jdk-11.0.8.10-hotspot\bin;C:\Program Files\Autodesk\AliasAutoStudio2021\bin;C:\Program Files (x86)\NVIDIA Corporation\PhysX\Common;C:\WINDOWS\system32;C:\WINDOWS;C:\WINDOWS\System32\Wbem;C:\WINDOWS\System32\WindowsPowerShell\v1.0\;C:\WINDOWS\System32\OpenSSH\;C:\Program Files\Java\jdk-13\bin;C:\Program Files\Microsoft SQL Server\Client SDK\ODBC\110\Tools\Binn\;C:\Program Files (x86)\Microsoft SQL Server\120\Tools\Binn\;C:\Program Files\Microsoft SQL Server\120\Tools\Binn\;C:\Program Files\Microsoft SQL Server\120\DTS\Binn\;C:\Program Files (x86)\Windows Kits\8.1\Windows Performance Toolkit\;C:\Users\Hanna\AppData\Local\Microsoft\WindowsApps;C:\Users\Hanna\AppData\Local\atom\bin;C:\Program Files\JetBrains\IntelliJ IDEA Community Edition 2020.2.2\bin;
USERNAME=Hanna
OS=Windows_NT
PROCESSOR_IDENTIFIER=AMD64 Family 23 Model 24 Stepping 1, AuthenticAMD



---------------  S Y S T E M  ---------------

OS: Windows 10 , 64 bit Build 18362 (10.0.18362.1110)
OS uptime: 0 days 10:20 hours

CPU:total 8 (initial active 8) (8 cores per cpu, 2 threads per core) family 23 model 24 stepping 1, cmov, cx8, fxsr, mmx, sse, sse2, sse3, ssse3, sse4.1, sse4.2, popcnt, avx, avx2, aes, clmul, mmxext, 3dnowpref, lzcnt, sse4a, ht, tsc, tscinvbit, tscinv, bmi1, bmi2, adx, sha, fma

Memory: 4k page, system-wide physical 14213M (6843M free)
TotalPageFile size 29573M (AvailPageFile size 15492M)
current process WorkingSet (physical memory assigned to process): 137M, peak: 158M
current process commit charge ("private bytes"): 433M, peak: 457M

vm_info: OpenJDK 64-Bit Server VM (11.0.8+10) for windows-amd64 JRE (11.0.8+10), built on Jul 15 2020 11:45:54 by "" with MS VC++ 15.9 (VS2017)

END.
